#
# A fatal error has been detected by the Java Runtime Environment:
#
#  SIGSEGV (0xb) at pc=0x00007fff8fc160dd, pid=31130, tid=1835
#
# JRE version: Java(TM) SE Runtime Environment (8.0_51-b16) (build 1.8.0_51-b16)
# Java VM: Java HotSpot(TM) 64-Bit Server VM (25.51-b03 mixed mode bsd-amd64 compressed oops)
# Problematic frame:
# C  [libobjc.A.dylib+0x10dd]  objc_msgSend+0x1d
#
# Failed to write core dump. Core dumps have been disabled. To enable core dumping, try "ulimit -c unlimited" before starting Java again
#
# If you would like to submit a bug report, please visit:
#   http://bugreport.java.com/bugreport/crash.jsp
# The crash happened outside the Java Virtual Machine in native code.
# See problematic frame for where to report the bug.
#

---------------  T H R E A D  ---------------

Current thread (0x00007fac29c85800):  JavaThread "AWT-AppKit" daemon [_thread_in_native, id=1835, stack(0x00007fff54ebc000,0x00007fff556bc000)]

siginfo: si_signo: 11 (SIGSEGV), si_code: 1 (SEGV_MAPERR), si_addr: 0x0000000000000018

Registers:
RAX=0x0000000000000000, RBX=0x0000000000000005, RCX=0x7000000000000000, RDX=0x00007fff7b681560
RSP=0x00007fff556b6948, RBP=0x00007fff556b69d0, RSI=0x00007fff9032e008, RDI=0x00007fac2a9c36f0
R8 =0x00007fff8c37958f, R9 =0x00007fff8c37958f, R10=0x00007fff9032e008, R11=0x0000000000000000
R12=0x0000000000000001, R13=0x00007fac360177e0, R14=0x00007fac2a9c36f0, R15=0x0000000000000003
RIP=0x00007fff8fc160dd, EFLAGS=0x0000000000010246, ERR=0x0000000000000004
  TRAPNO=0x000000000000000e

Top of Stack: (sp=0x00007fff556b6948)
0x00007fff556b6948:   00007fff9827d5c8 7b202c7d37303332
0x00007fff556b6958:   00007fff7b67aed0 00007fff556b6a80
0x00007fff556b6968:   0000000100000001 00007fac360177d0
0x00007fff556b6978:   000000000000000a 00007fff556b6c00
0x00007fff556b6988:   000000000000001a 0000000000000005
0x00007fff556b6998:   000000000000000d 00007fac360177e0
0x00007fff556b69a8:   00007fff8fc160c0 00007fff556b6a60
0x00007fff556b69b8:   00007fac2ac88460 00007fff8c3c4710
0x00007fff556b69c8:   0000000000000018 00007fff556b69f0
0x00007fff556b69d8:   00007fff982c5d7e 00007fff00000000
0x00007fff556b69e8:   00007fff8c3c4710 00007fff556b6db0
0x00007fff556b69f8:   00007fff8bacfbff 4047800000000000
0x00007fff556b6a08:   40a2060000000000 402c000000000000
0x00007fff556b6a18:   4030000000000000 00007fff7a428990
0x00007fff556b6a28:   00007fac3601a820 000000000000000a
0x00007fff556b6a38:   00007fac286e3400 0000000000000000
0x00007fff556b6a48:   0000000000000000 402c000000000000
0x00007fff556b6a58:   4030000000000000 4047800000000000
0x00007fff556b6a68:   40a2060000000000 402c000000000000
0x00007fff556b6a78:   4030000000000000 00007fac2a86b7d0
0x00007fff556b6a88:   0000000000b70d37 0000000000000337
0x00007fff556b6a98:   0000000000000037 00007fac286852a0
0x00007fff556b6aa8:   00007fac2a9c36f0 00007fac28410fb0
0x00007fff556b6ab8:   00007fac3601a820 00007fac36002f60
0x00007fff556b6ac8:   00007fac360211e0 000000010a55f000
0x00007fff556b6ad8:   00007fac3601a820 00007fac3601a820
0x00007fff556b6ae8:   00007fff7b67aed0 0000000000000000
0x00007fff556b6af8:   0000000000000000 00007fff556b6b20
0x00007fff556b6b08:   00007fff8fc1c5b5 00007fff7a428410
0x00007fff556b6b18:   00007fac36011410 00007fff556b6b80
0x00007fff556b6b28:   00007fff7a428410 00007fff7a429710
0x00007fff556b6b38:   00007fac3601cd70 00007fff556b6bb8 

Instructions: (pc=0x00007fff8fc160dd)
0x00007fff8fc160bd:   00 00 00 48 85 ff 2e 74 7a 40 f6 c7 01 2e 75 7e
0x00007fff8fc160cd:   49 bb f8 ff ff ff ff 7f 00 00 4c 23 1f 49 89 f2
0x00007fff8fc160dd:   45 23 53 18 49 c1 e2 04 4d 03 53 10 49 3b 32 75
0x00007fff8fc160ed:   04 41 ff 62 08 49 83 3a 00 74 6a 4d 3b 53 10 74 

Register to memory mapping:

RAX=0x0000000000000000 is an unknown value
RBX=0x0000000000000005 is an unknown value
RCX=0x7000000000000000 is an unknown value
RDX=0x00007fff7b681560: __CFRuntimeObjCClassTable+0 in /System/Library/Frameworks/CoreFoundation.framework/Versions/A/CoreFoundation at 0x00007fff98276000
RSP=0x00007fff556b6948 is pointing into the stack for thread: 0x00007fac29c85800
RBP=0x00007fff556b69d0 is pointing into the stack for thread: 0x00007fac29c85800
RSI=0x00007fff9032e008: kFigMPEG2MetadataDescriptor+0xb7f28 in /System/Library/Frameworks/MediaToolbox.framework/Versions/A/MediaToolbox at 0x00007fff8fe44000
RDI=0x00007fac2a9c36f0 is an unknown value
R8 =0x00007fff8c37958f: __NSStyleNameIndexTable+0x49093 in /System/Library/Frameworks/AppKit.framework/Versions/C/AppKit at 0x00007fff8b89a000
R9 =0x00007fff8c37958f: __NSStyleNameIndexTable+0x49093 in /System/Library/Frameworks/AppKit.framework/Versions/C/AppKit at 0x00007fff8b89a000
R10=0x00007fff9032e008: kFigMPEG2MetadataDescriptor+0xb7f28 in /System/Library/Frameworks/MediaToolbox.framework/Versions/A/MediaToolbox at 0x00007fff8fe44000
R11=0x0000000000000000 is an unknown value
R12=0x0000000000000001 is an unknown value
R13=0x00007fac360177e0 is an unknown value
R14=0x00007fac2a9c36f0 is an unknown value
R15=0x0000000000000003 is an unknown value


Stack: [0x00007fff54ebc000,0x00007fff556bc000],  sp=0x00007fff556b6948,  free space=8170k
Native frames: (J=compiled Java code, j=interpreted, Vv=VM code, C=native code)
C  [libobjc.A.dylib+0x10dd]  objc_msgSend+0x1d
C  [CoreFoundation+0x4fd7e]  -[__NSPlaceholderDictionary initWithObjects:forKeys:count:]+0xbe
C  [AppKit+0x235bff]  -[NSWindow _copyPublicPersistentUIInfo]+0x60f
C  [AppKit+0x234670]  recursivelyEncodeInvalidPersistentState+0x23b
C  [AppKit+0x23323a]  -[NSPersistentUIManager flushAllChangesOptionallyWaitingUntilDone:updatingSnapshots:]+0x4a1
C  [AppKit+0x232d6b]  -[NSPersistentUIManager flushPersistentStateAndClose:waitingUntilDone:]+0xb8
C  [AppKit+0x5576]  run_cocoa_block+0x29
C  [AppKit+0x368227]  __29-[NSPersistentUIManager init]_block_invoke_2+0x4d
C  [libdispatch.dylib+0x6323]  _dispatch_call_block_and_release+0xc
C  [libdispatch.dylib+0x1c13]  _dispatch_client_callout+0x8
C  [libdispatch.dylib+0xe578]  _dispatch_after_timer_callback+0x4d
C  [libdispatch.dylib+0x1c13]  _dispatch_client_callout+0x8
C  [libdispatch.dylib+0xc87e]  _dispatch_source_latch_and_call+0x2d1
C  [libdispatch.dylib+0x562b]  _dispatch_source_invoke+0x19c
C  [libdispatch.dylib+0xdb02]  _dispatch_main_queue_callback_4CF+0x1a0
C  [CoreFoundation+0xb73f9]  __CFRUNLOOP_IS_SERVICING_THE_MAIN_DISPATCH_QUEUE__+0x9
C  [CoreFoundation+0x7268f]  __CFRunLoopRun+0x86f
C  [CoreFoundation+0x71bd8]  CFRunLoopRunSpecific+0x128
C  [HIToolbox+0x3256f]  RunCurrentEventLoopInMode+0xeb
C  [HIToolbox+0x322ea]  ReceiveNextEventCommon+0x1af
C  [HIToolbox+0x3212b]  _BlockUntilNextEventMatchingListInModeWithFilter+0x47
C  [AppKit+0x919bb]  _DPSNextEvent+0x3d2
C  [AppKit+0x90f68]  -[NSApplication nextEventMatchingMask:untilDate:inMode:dequeue:]+0x15a
C  [libosxapp.dylib+0x242a]  -[NSApplicationAWT nextEventMatchingMask:untilDate:inMode:dequeue:]+0x7c
C  [AppKit+0x86bf3]  -[NSApplication run]+0x252
C  [libosxapp.dylib+0x223e]  +[NSApplicationAWT runAWTLoopWithApp:]+0x9c
C  [libawt_lwawt.dylib+0x4454b]  -[AWTStarter starter:]+0x389
C  [Foundation+0x92d00]  __NSThreadPerformPerform+0x125
C  [CoreFoundation+0x80a01]  __CFRUNLOOP_IS_CALLING_OUT_TO_A_SOURCE0_PERFORM_FUNCTION__+0x11
C  [CoreFoundation+0x72b8d]  __CFRunLoopDoSources0+0x10d
C  [CoreFoundation+0x721bf]  __CFRunLoopRun+0x39f
C  [CoreFoundation+0x71bd8]  CFRunLoopRunSpecific+0x128
C  [java+0x6463]  CreateExecutionEnvironment+0x367
C  [java+0x21ac]  JLI_Launch+0x7a0
C  [java+0x84c0]  main+0x65
C  [java+0x1a04]  start+0x34
C  0x0000000000000012


---------------  P R O C E S S  ---------------

Java Threads: ( => current thread )
  0x00007fac32e51800 JavaThread "AWT-Shutdown" [_thread_blocked, id=12243, stack(0x0000000121ca6000,0x0000000121da6000)]
  0x00007fac30ff6800 JavaThread "SpillThread" daemon [_thread_blocked, id=41031, stack(0x00000001284db000,0x00000001285db000)]
  0x00007fac2a2dd800 JavaThread "communication thread" daemon [_thread_blocked, id=33567, stack(0x00000001283d8000,0x00000001284d8000)]
  0x00007fac30ff6000 JavaThread "LocalJobRunner Map Task Executor #0" [_thread_in_native, id=23351, stack(0x00000001282d5000,0x00000001283d5000)]
  0x00007fac29af5800 JavaThread "Thread-38" [_thread_blocked, id=22867, stack(0x0000000127f8b000,0x000000012808b000)]
  0x00007fac29adb000 JavaThread "LeaseRenewer:zverham@localhost:9000" daemon [_thread_blocked, id=12303, stack(0x0000000135431000,0x0000000135531000)]
  0x00007fac29c1e000 JavaThread "Java2D Disposer" daemon [_thread_blocked, id=53515, stack(0x00000001271ed000,0x00000001272ed000)]
=>0x00007fac29c85800 JavaThread "AWT-AppKit" daemon [_thread_in_native, id=1835, stack(0x00007fff54ebc000,0x00007fff556bc000)]
  0x00007fac2947b800 JavaThread "org.apache.hadoop.hdfs.PeerCache@2c7b5824" daemon [_thread_blocked, id=22291, stack(0x0000000122678000,0x0000000122778000)]
  0x00007fac29b2f800 JavaThread "process reaper" daemon [_thread_blocked, id=21763, stack(0x0000000120e53000,0x0000000120e7b000)]
  0x00007fac2a02c800 JavaThread "IPC Parameter Sending Thread #0" daemon [_thread_blocked, id=21251, stack(0x0000000122175000,0x0000000122275000)]
  0x00007fac28840000 JavaThread "Service Thread" daemon [_thread_blocked, id=18179, stack(0x00000001204a6000,0x00000001205a6000)]
  0x00007fac2903f800 JavaThread "C1 CompilerThread2" daemon [_thread_blocked, id=17667, stack(0x00000001203a3000,0x00000001204a3000)]
  0x00007fac29801000 JavaThread "C2 CompilerThread1" daemon [_thread_blocked, id=17155, stack(0x00000001202a0000,0x00000001203a0000)]
  0x00007fac2882a800 JavaThread "C2 CompilerThread0" daemon [_thread_blocked, id=16643, stack(0x000000012019d000,0x000000012029d000)]
  0x00007fac2882a000 JavaThread "Signal Dispatcher" daemon [_thread_blocked, id=13579, stack(0x000000012009a000,0x000000012019a000)]
  0x00007fac28820800 JavaThread "Finalizer" daemon [_thread_blocked, id=11523, stack(0x000000011e68f000,0x000000011e78f000)]
  0x00007fac2881f800 JavaThread "Reference Handler" daemon [_thread_blocked, id=11011, stack(0x000000011e58c000,0x000000011e68c000)]
  0x00007fac2a001800 JavaThread "main" [_thread_blocked, id=4867, stack(0x000000010a65b000,0x000000010a75b000)]

Other Threads:
  0x00007fac2881d000 VMThread [stack: 0x000000011e489000,0x000000011e589000] [id=10499]
  0x00007fac28840800 WatcherThread [stack: 0x00000001205a9000,0x00000001206a9000] [id=18691]

VM state:not at safepoint (normal execution)

VM Mutex/Monitor currently owned by a thread: None

Heap:
 PSYoungGen      total 133632K, used 79228K [0x00000007b5580000, 0x00000007bfe80000, 0x00000007c0000000)
  eden space 96768K, 75% used [0x00000007b5580000,0x00000007b9d03c80,0x00000007bb400000)
  from space 36864K, 16% used [0x00000007bb400000,0x00000007bb9db458,0x00000007bd800000)
  to   space 34816K, 0% used [0x00000007bdc80000,0x00000007bdc80000,0x00000007bfe80000)
 ParOldGen       total 349696K, used 228814K [0x00000007a0000000, 0x00000007b5580000, 0x00000007b5580000)
  object space 349696K, 65% used [0x00000007a0000000,0x00000007adf73bc0,0x00000007b5580000)
 Metaspace       used 30363K, capacity 30654K, committed 30976K, reserved 1077248K
  class space    used 3470K, capacity 3551K, committed 3584K, reserved 1048576K

Card table byte_map: [0x000000011b329000,0x000000011b42a000] byte_map_base: 0x0000000117629000

Marking Bits: (ParMarkBitMap*) 0x000000010b8c27a0
 Begin Bits: [0x000000011b8e1000, 0x000000011c0e1000)
 End Bits:   [0x000000011c0e1000, 0x000000011c8e1000)

Polling page: 0x000000010a7a0000

CodeCache: size=245760Kb used=8341Kb max_used=8342Kb free=237418Kb
 bounds [0x000000010bf69000, 0x000000010c7a9000, 0x000000011af69000]
 total_blobs=3151 nmethods=2534 adapters=530
 compilation: enabled

Compilation events (10 events):
Event: 55.630 Thread 0x00007fac2903f800 3124       3       java.util.Formatter::format (11 bytes)
Event: 55.630 Thread 0x00007fac2903f800 nmethod 3124 0x000000010c79e450 code [0x000000010c79e5c0, 0x000000010c79e7e8]
Event: 55.630 Thread 0x00007fac2903f800 3125       3       java.util.Formatter::toString (12 bytes)
Event: 55.630 Thread 0x00007fac2903f800 nmethod 3125 0x000000010c79de50 code [0x000000010c79dfe0, 0x000000010c79e318]
Event: 59.612 Thread 0x00007fac2903f800 3126       3       org.apache.hadoop.mapreduce.counters.FrameworkCounterGroup$FrameworkCounter::getValue (5 bytes)
Event: 59.612 Thread 0x00007fac2903f800 nmethod 3126 0x000000010c79db10 code [0x000000010c79dc60, 0x000000010c79ddb0]
Event: 59.612 Thread 0x00007fac2903f800 3127       3       java.util.concurrent.ConcurrentHashMap::sumCount (48 bytes)
Event: 59.612 Thread 0x00007fac2903f800 nmethod 3127 0x000000010c79d5d0 code [0x000000010c79d740, 0x000000010c79d9f0]
Event: 59.612 Thread 0x00007fac2903f800 3128       3       org.apache.hadoop.mapreduce.counters.FrameworkCounterGroup$FrameworkCounter::<init> (15 bytes)
Event: 59.613 Thread 0x00007fac2903f800 nmethod 3128 0x000000010c79d110 code [0x000000010c79d280, 0x000000010c79d4d0]

GC Heap History (10 events):
Event: 40.260 GC heap before
{Heap before GC invocations=36 (full 10):
 PSYoungGen      total 137728K, used 100864K [0x00000007b5580000, 0x00000007c0000000, 0x00000007c0000000)
  eden space 100864K, 100% used [0x00000007b5580000,0x00000007bb800000,0x00000007bb800000)
  from space 36864K, 0% used [0x00000007bb800000,0x00000007bb800000,0x00000007bdc00000)
  to   space 35840K, 0% used [0x00000007bdd00000,0x00000007bdd00000,0x00000007c0000000)
 ParOldGen       total 349696K, used 220614K [0x00000007a0000000, 0x00000007b5580000, 0x00000007b5580000)
  object space 349696K, 63% used [0x00000007a0000000,0x00000007ad7719e8,0x00000007b5580000)
 Metaspace       used 30337K, capacity 30648K, committed 30976K, reserved 1077248K
  class space    used 3469K, capacity 3550K, committed 3584K, reserved 1048576K
Event: 40.273 GC heap after
Heap after GC invocations=36 (full 10):
 PSYoungGen      total 131584K, used 25749K [0x00000007b5580000, 0x00000007c0000000, 0x00000007c0000000)
  eden space 95744K, 0% used [0x00000007b5580000,0x00000007b5580000,0x00000007bb300000)
  from space 35840K, 71% used [0x00000007bdd00000,0x00000007bf625638,0x00000007c0000000)
  to   space 39424K, 0% used [0x00000007bb300000,0x00000007bb300000,0x00000007bd980000)
 ParOldGen       total 349696K, used 267270K [0x00000007a0000000, 0x00000007b5580000, 0x00000007b5580000)
  object space 349696K, 76% used [0x00000007a0000000,0x00000007b0501a08,0x00000007b5580000)
 Metaspace       used 30337K, capacity 30648K, committed 30976K, reserved 1077248K
  class space    used 3469K, capacity 3550K, committed 3584K, reserved 1048576K
}
Event: 40.273 GC heap before
{Heap before GC invocations=37 (full 11):
 PSYoungGen      total 131584K, used 25749K [0x00000007b5580000, 0x00000007c0000000, 0x00000007c0000000)
  eden space 95744K, 0% used [0x00000007b5580000,0x00000007b5580000,0x00000007bb300000)
  from space 35840K, 71% used [0x00000007bdd00000,0x00000007bf625638,0x00000007c0000000)
  to   space 39424K, 0% used [0x00000007bb300000,0x00000007bb300000,0x00000007bd980000)
 ParOldGen       total 349696K, used 267270K [0x00000007a0000000, 0x00000007b5580000, 0x00000007b5580000)
  object space 349696K, 76% used [0x00000007a0000000,0x00000007b0501a08,0x00000007b5580000)
 Metaspace       used 30337K, capacity 30648K, committed 30976K, reserved 1077248K
  class space    used 3469K, capacity 3550K, committed 3584K, reserved 1048576K
Event: 40.315 GC heap after
Heap after GC invocations=37 (full 11):
 PSYoungGen      total 131584K, used 0K [0x00000007b5580000, 0x00000007c0000000, 0x00000007c0000000)
  eden space 95744K, 0% used [0x00000007b5580000,0x00000007b5580000,0x00000007bb300000)
  from space 35840K, 0% used [0x00000007bdd00000,0x00000007bdd00000,0x00000007c0000000)
  to   space 39424K, 0% used [0x00000007bb300000,0x00000007bb300000,0x00000007bd980000)
 ParOldGen       total 349696K, used 135494K [0x00000007a0000000, 0x00000007b5580000, 0x00000007b5580000)
  object space 349696K, 38% used [0x00000007a0000000,0x00000007a8451bb0,0x00000007b5580000)
 Metaspace       used 30337K, capacity 30648K, committed 30976K, reserved 1077248K
  class space    used 3469K, capacity 3550K, committed 3584K, reserved 1048576K
}
Event: 40.855 GC heap before
{Heap before GC invocations=38 (full 11):
 PSYoungGen      total 131584K, used 95744K [0x00000007b5580000, 0x00000007c0000000, 0x00000007c0000000)
  eden space 95744K, 100% used [0x00000007b5580000,0x00000007bb300000,0x00000007bb300000)
  from space 35840K, 0% used [0x00000007bdd00000,0x00000007bdd00000,0x00000007c0000000)
  to   space 39424K, 0% used [0x00000007bb300000,0x00000007bb300000,0x00000007bd980000)
 ParOldGen       total 349696K, used 228806K [0x00000007a0000000, 0x00000007b5580000, 0x00000007b5580000)
  object space 349696K, 65% used [0x00000007a0000000,0x00000007adf71bc0,0x00000007b5580000)
 Metaspace       used 30337K, capacity 30648K, committed 30976K, reserved 1077248K
  class space    used 3469K, capacity 3550K, committed 3584K, reserved 1048576K
Event: 40.856 GC heap after
Heap after GC invocations=38 (full 11):
 PSYoungGen      total 135168K, used 2112K [0x00000007b5580000, 0x00000007c0000000, 0x00000007c0000000)
  eden space 95744K, 0% used [0x00000007b5580000,0x00000007b5580000,0x00000007bb300000)
  from space 39424K, 5% used [0x00000007bb300000,0x00000007bb510010,0x00000007bd980000)
  to   space 38400K, 0% used [0x00000007bda80000,0x00000007bda80000,0x00000007c0000000)
 ParOldGen       total 349696K, used 228806K [0x00000007a0000000, 0x00000007b5580000, 0x00000007b5580000)
  object space 349696K, 65% used [0x00000007a0000000,0x00000007adf71bc0,0x00000007b5580000)
 Metaspace       used 30337K, capacity 30648K, committed 30976K, reserved 1077248K
  class space    used 3469K, capacity 3550K, committed 3584K, reserved 1048576K
}
Event: 41.075 GC heap before
{Heap before GC invocations=39 (full 11):
 PSYoungGen      total 135168K, used 97856K [0x00000007b5580000, 0x00000007c0000000, 0x00000007c0000000)
  eden space 95744K, 100% used [0x00000007b5580000,0x00000007bb300000,0x00000007bb300000)
  from space 39424K, 5% used [0x00000007bb300000,0x00000007bb510010,0x00000007bd980000)
  to   space 38400K, 0% used [0x00000007bda80000,0x00000007bda80000,0x00000007c0000000)
 ParOldGen       total 349696K, used 228806K [0x00000007a0000000, 0x00000007b5580000, 0x00000007b5580000)
  object space 349696K, 65% used [0x00000007a0000000,0x00000007adf71bc0,0x00000007b5580000)
 Metaspace       used 30337K, capacity 30648K, committed 30976K, reserved 1077248K
  class space    used 3469K, capacity 3550K, committed 3584K, reserved 1048576K
Event: 41.077 GC heap after
Heap after GC invocations=39 (full 11):
 PSYoungGen      total 131072K, used 2144K [0x00000007b5580000, 0x00000007bfc00000, 0x00000007c0000000)
  eden space 96768K, 0% used [0x00000007b5580000,0x00000007b5580000,0x00000007bb400000)
  from space 34304K, 6% used [0x00000007bda80000,0x00000007bdc98010,0x00000007bfc00000)
  to   space 36864K, 0% used [0x00000007bb400000,0x00000007bb400000,0x00000007bd800000)
 ParOldGen       total 349696K, used 228806K [0x00000007a0000000, 0x00000007b5580000, 0x00000007b5580000)
  object space 349696K, 65% used [0x00000007a0000000,0x00000007adf71bc0,0x00000007b5580000)
 Metaspace       used 30337K, capacity 30648K, committed 30976K, reserved 1077248K
  class space    used 3469K, capacity 3550K, committed 3584K, reserved 1048576K
}
Event: 52.079 GC heap before
{Heap before GC invocations=40 (full 11):
 PSYoungGen      total 131072K, used 83141K [0x00000007b5580000, 0x00000007bfc00000, 0x00000007c0000000)
  eden space 96768K, 83% used [0x00000007b5580000,0x00000007ba4995f8,0x00000007bb400000)
  from space 34304K, 6% used [0x00000007bda80000,0x00000007bdc98010,0x00000007bfc00000)
  to   space 36864K, 0% used [0x00000007bb400000,0x00000007bb400000,0x00000007bd800000)
 ParOldGen       total 349696K, used 228806K [0x00000007a0000000, 0x00000007b5580000, 0x00000007b5580000)
  object space 349696K, 65% used [0x00000007a0000000,0x00000007adf71bc0,0x00000007b5580000)
 Metaspace       used 30353K, capacity 30648K, committed 30976K, reserved 1077248K
  class space    used 3470K, capacity 3550K, committed 3584K, reserved 1048576K
Event: 52.084 GC heap after
Heap after GC invocations=40 (full 11):
 PSYoungGen      total 133632K, used 5997K [0x00000007b5580000, 0x00000007bfe80000, 0x00000007c0000000)
  eden space 96768K, 0% used [0x00000007b5580000,0x00000007b5580000,0x00000007bb400000)
  from space 36864K, 16% used [0x00000007bb400000,0x00000007bb9db458,0x00000007bd800000)
  to   space 34816K, 0% used [0x00000007bdc80000,0x00000007bdc80000,0x00000007bfe80000)
 ParOldGen       total 349696K, used 228814K [0x00000007a0000000, 0x00000007b5580000, 0x00000007b5580000)
  object space 349696K, 65% used [0x00000007a0000000,0x00000007adf73bc0,0x00000007b5580000)
 Metaspace       used 30353K, capacity 30648K, committed 30976K, reserved 1077248K
  class space    used 3470K, capacity 3550K, committed 3584K, reserved 1048576K
}

Deoptimization events (10 events):
Event: 17.824 Thread 0x00007fac2a001800 Uncommon trap: reason=speculate_class_check action=maybe_recompile pc=0x000000010c500a3c method=org.apache.xerces.dom.CoreDocumentImpl.isKidOK(Lorg/w3c/dom/Node;Lorg/w3c/dom/Node;)Z @ 39
Event: 17.978 Thread 0x00007fac2a001800 Uncommon trap: reason=class_check action=maybe_recompile pc=0x000000010c4c20f0 method=java.lang.StringCoding$StringEncoder.encode([CII)[B @ 30
Event: 18.058 Thread 0x00007fac2a001800 Uncommon trap: reason=class_check action=maybe_recompile pc=0x000000010c4c20f0 method=java.lang.StringCoding$StringEncoder.encode([CII)[B @ 30
Event: 18.074 Thread 0x00007fac2a001800 Uncommon trap: reason=unstable_if action=reinterpret pc=0x000000010c63204c method=com.google.protobuf.CodedInputStream.readRawVarint32()I @ 51
Event: 18.085 Thread 0x00007fac2a001800 Uncommon trap: reason=unstable_if action=reinterpret pc=0x000000010c32a064 method=java.lang.Integer.valueOf(I)Ljava/lang/Integer; @ 3
Event: 18.110 Thread 0x00007fac2a001800 Uncommon trap: reason=speculate_class_check action=maybe_recompile pc=0x000000010c500a3c method=org.apache.xerces.dom.CoreDocumentImpl.isKidOK(Lorg/w3c/dom/Node;Lorg/w3c/dom/Node;)Z @ 39
Event: 18.169 Thread 0x00007fac2a001800 Uncommon trap: reason=bimorphic action=maybe_recompile pc=0x000000010c3b7778 method=java.net.URL.<init>(Ljava/net/URL;Ljava/lang/String;Ljava/net/URLStreamHandler;)V @ 504
Event: 20.804 Thread 0x00007fac30ff6000 Uncommon trap: reason=unstable_if action=reinterpret pc=0x000000010c2c2234 method=org.hipi.examples.covar.CovarianceMapper.map(Lorg/hipi/image/HipiImageHeader;Lorg/hipi/image/FloatImage;Lorg/apache/hadoop/mapreduce/Mapper$Context;)V @ 239
Event: 23.850 Thread 0x00007fac30ff6000 Uncommon trap: reason=unloaded action=reinterpret pc=0x000000010c63cc08 method=org.hipi.examples.covar.CovarianceMapper.map(Lorg/hipi/image/HipiImageHeader;Lorg/hipi/image/FloatImage;Lorg/apache/hadoop/mapreduce/Mapper$Context;)V @ 418
Event: 55.612 Thread 0x00007fac30ff6000 Uncommon trap: reason=unstable_if action=reinterpret pc=0x000000010c226c98 method=com.twelvemonkeys.imageio.plugins.jpeg.JPEGImageReader$YCbCrConverter.convertYCbCr2RGB(Ljava/awt/image/Raster;)V @ 27

Internal exceptions (10 events):
Event: 1.592 Thread 0x00007fac2a001800 Exception <a 'java/io/FileNotFoundException'> (0x00000007b945bfc8) thrown at [/Users/java_re/workspace/8-2-build-macosx-x86_64/jdk8u51/3951/hotspot/src/share/vm/prims/jni.cpp, line 709]
Event: 1.592 Thread 0x00007fac2a001800 Exception <a 'java/security/PrivilegedActionException'> (0x00000007b945c568) thrown at [/Users/java_re/workspace/8-2-build-macosx-x86_64/jdk8u51/3951/hotspot/src/share/vm/prims/jvm.cpp, line 1382]
Event: 5.108 Thread 0x00007fac28e86800 Exception <a 'java/io/FileNotFoundException'> (0x00000007b91f8500) thrown at [/Users/java_re/workspace/8-2-build-macosx-x86_64/jdk8u51/3951/hotspot/src/share/vm/prims/jni.cpp, line 709]
Event: 5.108 Thread 0x00007fac28e86800 Exception <a 'java/io/FileNotFoundException'> (0x00000007b91f9158) thrown at [/Users/java_re/workspace/8-2-build-macosx-x86_64/jdk8u51/3951/hotspot/src/share/vm/prims/jni.cpp, line 709]
Event: 6.577 Thread 0x00007fac28e86800 Implicit null exception at 0x000000010c356f32 to 0x000000010c3570e5
Event: 6.578 Thread 0x00007fac28e86800 Implicit null exception at 0x000000010c34d472 to 0x000000010c34d625
Event: 6.580 Thread 0x00007fac28e86800 Implicit null exception at 0x000000010c35ed98 to 0x000000010c35f5b5
Event: 16.702 Thread 0x00007fac2f7f6800 Exception <a 'java/lang/InterruptedException': sleep interrupted> (0x00000007b78458b0) thrown at [/Users/java_re/workspace/8-2-build-macosx-x86_64/jdk8u51/3951/hotspot/src/share/vm/prims/jvm.cpp, line 3211]
Event: 16.704 Thread 0x00007fac2b00b800 Exception <a 'java/lang/InterruptedException'> (0x00000007b82e3290) thrown at [/Users/java_re/workspace/8-2-build-macosx-x86_64/jdk8u51/3951/hotspot/src/share/vm/runtime/objectMonitor.cpp, line 1683]
Event: 16.705 Thread 0x00007fac2b7f5000 Exception <a 'java/lang/InterruptedException'> (0x00000007b83c9910) thrown at [/Users/java_re/workspace/8-2-build-macosx-x86_64/jdk8u51/3951/hotspot/src/share/vm/runtime/objectMonitor.cpp, line 1683]

Events (10 events):
Event: 55.384 Thread 0x00007fac32e4f000 Thread exited: 0x00007fac32e4f000
Event: 55.609 Thread 0x00007fac30ff6000 DEOPT PACKING pc=0x000000010c0fe88f sp=0x00000001283d3f40
Event: 55.610 Thread 0x00007fac30ff6000 DEOPT UNPACKING pc=0x000000010bfb0633 sp=0x00000001283d3ca8 mode 0
Event: 55.612 Thread 0x00007fac30ff6000 Uncommon trap: trap_request=0xffffff65 fr.pc=0x000000010c226c98
Event: 55.612 Thread 0x00007fac30ff6000 DEOPT PACKING pc=0x000000010c226c98 sp=0x00000001283d3f60
Event: 55.612 Thread 0x00007fac30ff6000 DEOPT UNPACKING pc=0x000000010bf6e229 sp=0x00000001283d3f28 mode 2
Event: 59.611 Executing VM operation: RevokeBias
Event: 59.611 Thread 0x00007fac32e51800 Thread added: 0x00007fac32e51800
Event: 59.611 Executing VM operation: RevokeBias done
Event: 59.611 Thread 0x00007fac37481000 Thread exited: 0x00007fac37481000


Dynamic libraries:
0x00000000091cf000 	/System/Library/Frameworks/Cocoa.framework/Versions/A/Cocoa
0x00000000091cf000 	/System/Library/Frameworks/Security.framework/Versions/A/Security
0x00000000091cf000 	/System/Library/Frameworks/ApplicationServices.framework/Versions/A/ApplicationServices
0x00000000091cf000 	/usr/lib/libz.1.dylib
0x00000000091cf000 	/usr/lib/libSystem.B.dylib
0x00000000091cf000 	/usr/lib/libobjc.A.dylib
0x00000000091cf000 	/System/Library/Frameworks/CoreFoundation.framework/Versions/A/CoreFoundation
0x00000000091cf000 	/System/Library/Frameworks/Foundation.framework/Versions/C/Foundation
0x00000000091cf000 	/System/Library/Frameworks/AppKit.framework/Versions/C/AppKit
0x00000000091cf000 	/System/Library/Frameworks/CoreData.framework/Versions/A/CoreData
0x00000000091cf000 	/System/Library/PrivateFrameworks/RemoteViewServices.framework/Versions/A/RemoteViewServices
0x00000000091cf000 	/System/Library/PrivateFrameworks/UIFoundation.framework/Versions/A/UIFoundation
0x00000000091cf000 	/System/Library/Frameworks/IOSurface.framework/Versions/A/IOSurface
0x00000000091cf000 	/System/Library/Frameworks/AudioToolbox.framework/Versions/A/AudioToolbox
0x00000000091cf000 	/System/Library/Frameworks/AudioUnit.framework/Versions/A/AudioUnit
0x00000000091cf000 	/System/Library/PrivateFrameworks/DataDetectorsCore.framework/Versions/A/DataDetectorsCore
0x00000000091cf000 	/System/Library/PrivateFrameworks/DesktopServicesPriv.framework/Versions/A/DesktopServicesPriv
0x00000000091cf000 	/System/Library/Frameworks/Carbon.framework/Versions/A/Frameworks/HIToolbox.framework/Versions/A/HIToolbox
0x00000000091cf000 	/System/Library/Frameworks/QuartzCore.framework/Versions/A/QuartzCore
0x00000000091cf000 	/System/Library/Frameworks/Carbon.framework/Versions/A/Frameworks/SpeechRecognition.framework/Versions/A/SpeechRecognition
0x00000000091cf000 	/usr/lib/libauto.dylib
0x00000000091cf000 	/usr/lib/libicucore.A.dylib
0x00000000091cf000 	/usr/lib/libxml2.2.dylib
0x00000000091cf000 	/System/Library/PrivateFrameworks/CoreUI.framework/Versions/A/CoreUI
0x00000000091cf000 	/System/Library/Frameworks/CoreAudio.framework/Versions/A/CoreAudio
0x00000000091cf000 	/System/Library/Frameworks/DiskArbitration.framework/Versions/A/DiskArbitration
0x00000000091cf000 	/usr/lib/liblangid.dylib
0x00000000091cf000 	/System/Library/PrivateFrameworks/MultitouchSupport.framework/Versions/A/MultitouchSupport
0x00000000091cf000 	/System/Library/Frameworks/IOKit.framework/Versions/A/IOKit
0x00000000091cf000 	/usr/lib/libDiagnosticMessagesClient.dylib
0x00000000091cf000 	/System/Library/Frameworks/CoreServices.framework/Versions/A/CoreServices
0x00000000091cf000 	/System/Library/PrivateFrameworks/PerformanceAnalysis.framework/Versions/A/PerformanceAnalysis
0x00000000091cf000 	/System/Library/PrivateFrameworks/GenerationalStorage.framework/Versions/A/GenerationalStorage
0x00000000091cf000 	/System/Library/Frameworks/OpenGL.framework/Versions/A/OpenGL
0x00000000091cf000 	/System/Library/PrivateFrameworks/Sharing.framework/Versions/A/Sharing
0x00000000091cf000 	/System/Library/Frameworks/CoreGraphics.framework/Versions/A/CoreGraphics
0x00000000091cf000 	/System/Library/Frameworks/CoreText.framework/Versions/A/CoreText
0x00000000091cf000 	/System/Library/Frameworks/ImageIO.framework/Versions/A/ImageIO
0x00000000091cf000 	/usr/lib/libextension.dylib
0x00000000091cf000 	/System/Library/PrivateFrameworks/Backup.framework/Versions/A/Backup
0x00000000091cf000 	/usr/lib/libarchive.2.dylib
0x00000000091cf000 	/System/Library/Frameworks/CFNetwork.framework/Versions/A/CFNetwork
0x00000000091cf000 	/System/Library/Frameworks/SystemConfiguration.framework/Versions/A/SystemConfiguration
0x00000000091cf000 	/usr/lib/libCRFSuite.dylib
0x00000000091cf000 	/usr/lib/libc++.1.dylib
0x00000000091cf000 	/usr/lib/libc++abi.dylib
0x00000000091cf000 	/usr/lib/system/libcache.dylib
0x00000000091cf000 	/usr/lib/system/libcommonCrypto.dylib
0x00000000091cf000 	/usr/lib/system/libcompiler_rt.dylib
0x00000000091cf000 	/usr/lib/system/libcopyfile.dylib
0x00000000091cf000 	/usr/lib/system/libcorecrypto.dylib
0x00000000091cf000 	/usr/lib/system/libdispatch.dylib
0x00000000091cf000 	/usr/lib/system/libdyld.dylib
0x00000000091cf000 	/usr/lib/system/libkeymgr.dylib
0x00000000091cf000 	/usr/lib/system/liblaunch.dylib
0x00000000091cf000 	/usr/lib/system/libmacho.dylib
0x00000000091cf000 	/usr/lib/system/libquarantine.dylib
0x00000000091cf000 	/usr/lib/system/libremovefile.dylib
0x00000000091cf000 	/usr/lib/system/libsystem_asl.dylib
0x00000000091cf000 	/usr/lib/system/libsystem_blocks.dylib
0x00000000091cf000 	/usr/lib/system/libsystem_c.dylib
0x00000000091cf000 	/usr/lib/system/libsystem_configuration.dylib
0x00000000091cf000 	/usr/lib/system/libsystem_coreservices.dylib
0x00000000091cf000 	/usr/lib/system/libsystem_coretls.dylib
0x00000000091cf000 	/usr/lib/system/libsystem_dnssd.dylib
0x00000000091cf000 	/usr/lib/system/libsystem_info.dylib
0x00000000091cf000 	/usr/lib/system/libsystem_kernel.dylib
0x00000000091cf000 	/usr/lib/system/libsystem_m.dylib
0x00000000091cf000 	/usr/lib/system/libsystem_malloc.dylib
0x00000000091cf000 	/usr/lib/system/libsystem_network.dylib
0x00000000091cf000 	/usr/lib/system/libsystem_networkextension.dylib
0x00000000091cf000 	/usr/lib/system/libsystem_notify.dylib
0x00000000091cf000 	/usr/lib/system/libsystem_platform.dylib
0x00000000091cf000 	/usr/lib/system/libsystem_pthread.dylib
0x00000000091cf000 	/usr/lib/system/libsystem_sandbox.dylib
0x00000000091cf000 	/usr/lib/system/libsystem_secinit.dylib
0x00000000091cf000 	/usr/lib/system/libsystem_stats.dylib
0x00000000091cf000 	/usr/lib/system/libsystem_trace.dylib
0x00000000091cf000 	/usr/lib/system/libunc.dylib
0x00000000091cf000 	/usr/lib/system/libunwind.dylib
0x00000000091cf000 	/usr/lib/system/libxpc.dylib
0x00000000091cf000 	/usr/lib/libbz2.1.0.dylib
0x00000000091cf000 	/usr/lib/liblzma.5.dylib
0x00000000091cf000 	/usr/lib/libbsm.0.dylib
0x00000000091cf000 	/usr/lib/libsqlite3.dylib
0x00000000091cf000 	/usr/lib/system/libkxld.dylib
0x00000000091cf000 	/usr/lib/libxar.1.dylib
0x00000000091cf000 	/usr/lib/libpam.2.dylib
0x00000000091cf000 	/usr/lib/libOpenScriptingUtil.dylib
0x00000000091cf000 	/System/Library/Frameworks/CoreServices.framework/Versions/A/Frameworks/FSEvents.framework/Versions/A/FSEvents
0x00000000091cf000 	/System/Library/Frameworks/CoreServices.framework/Versions/A/Frameworks/CarbonCore.framework/Versions/A/CarbonCore
0x00000000091cf000 	/System/Library/Frameworks/CoreServices.framework/Versions/A/Frameworks/Metadata.framework/Versions/A/Metadata
0x00000000091cf000 	/System/Library/Frameworks/CoreServices.framework/Versions/A/Frameworks/OSServices.framework/Versions/A/OSServices
0x00000000091cf000 	/System/Library/Frameworks/CoreServices.framework/Versions/A/Frameworks/SearchKit.framework/Versions/A/SearchKit
0x00000000091cf000 	/System/Library/Frameworks/CoreServices.framework/Versions/A/Frameworks/AE.framework/Versions/A/AE
0x00000000091cf000 	/System/Library/Frameworks/CoreServices.framework/Versions/A/Frameworks/LaunchServices.framework/Versions/A/LaunchServices
0x00000000091cf000 	/System/Library/Frameworks/CoreServices.framework/Versions/A/Frameworks/DictionaryServices.framework/Versions/A/DictionaryServices
0x00000000091cf000 	/System/Library/Frameworks/NetFS.framework/Versions/A/NetFS
0x00000000091cf000 	/System/Library/PrivateFrameworks/NetAuth.framework/Versions/A/NetAuth
0x00000000091cf000 	/System/Library/PrivateFrameworks/login.framework/Versions/A/Frameworks/loginsupport.framework/Versions/A/loginsupport
0x00000000091cf000 	/System/Library/PrivateFrameworks/TCC.framework/Versions/A/TCC
0x00000000091cf000 	/usr/lib/libmecabra.dylib
0x00000000091cf000 	/System/Library/Frameworks/ApplicationServices.framework/Versions/A/Frameworks/ATS.framework/Versions/A/ATS
0x00000000091cf000 	/System/Library/Frameworks/ApplicationServices.framework/Versions/A/Frameworks/ColorSync.framework/Versions/A/ColorSync
0x00000000091cf000 	/System/Library/Frameworks/ApplicationServices.framework/Versions/A/Frameworks/HIServices.framework/Versions/A/HIServices
0x00000000091cf000 	/System/Library/Frameworks/ApplicationServices.framework/Versions/A/Frameworks/LangAnalysis.framework/Versions/A/LangAnalysis
0x00000000091cf000 	/System/Library/Frameworks/ApplicationServices.framework/Versions/A/Frameworks/PrintCore.framework/Versions/A/PrintCore
0x00000000091cf000 	/System/Library/Frameworks/ApplicationServices.framework/Versions/A/Frameworks/QD.framework/Versions/A/QD
0x00000000091cf000 	/System/Library/Frameworks/ApplicationServices.framework/Versions/A/Frameworks/SpeechSynthesis.framework/Versions/A/SpeechSynthesis
0x00000000091cf000 	/System/Library/Frameworks/Accelerate.framework/Versions/A/Accelerate
0x00000000091cf000 	/System/Library/Frameworks/Accelerate.framework/Versions/A/Frameworks/vImage.framework/Versions/A/vImage
0x00000000091cf000 	/System/Library/Frameworks/Accelerate.framework/Versions/A/Frameworks/vecLib.framework/Versions/A/vecLib
0x00000000091cf000 	/System/Library/Frameworks/Accelerate.framework/Versions/A/Frameworks/vecLib.framework/Versions/A/libvDSP.dylib
0x00000000091cf000 	/System/Library/Frameworks/Accelerate.framework/Versions/A/Frameworks/vecLib.framework/Versions/A/libvMisc.dylib
0x00000000091cf000 	/System/Library/Frameworks/Accelerate.framework/Versions/A/Frameworks/vecLib.framework/Versions/A/libLAPACK.dylib
0x00000000091cf000 	/System/Library/Frameworks/Accelerate.framework/Versions/A/Frameworks/vecLib.framework/Versions/A/libBLAS.dylib
0x00000000091cf000 	/System/Library/Frameworks/Accelerate.framework/Versions/A/Frameworks/vecLib.framework/Versions/A/libLinearAlgebra.dylib
0x00000000091cf000 	/System/Library/Frameworks/ApplicationServices.framework/Versions/A/Frameworks/ATS.framework/Versions/A/Resources/libFontParser.dylib
0x00000000091cf000 	/System/Library/Frameworks/ApplicationServices.framework/Versions/A/Frameworks/ATS.framework/Versions/A/Resources/libFontRegistry.dylib
0x00000000091cf000 	/System/Library/PrivateFrameworks/AppleVPA.framework/Versions/A/AppleVPA
0x00000000091cf000 	/System/Library/PrivateFrameworks/AppleJPEG.framework/Versions/A/AppleJPEG
0x00000000091cf000 	/System/Library/Frameworks/ImageIO.framework/Versions/A/Resources/libJPEG.dylib
0x00000000091cf000 	/System/Library/Frameworks/ImageIO.framework/Versions/A/Resources/libTIFF.dylib
0x00000000091cf000 	/System/Library/Frameworks/ImageIO.framework/Versions/A/Resources/libPng.dylib
0x00000000091cf000 	/System/Library/Frameworks/ImageIO.framework/Versions/A/Resources/libGIF.dylib
0x00000000091cf000 	/System/Library/Frameworks/ImageIO.framework/Versions/A/Resources/libJP2.dylib
0x00000000091cf000 	/System/Library/Frameworks/ImageIO.framework/Versions/A/Resources/libRadiance.dylib
0x00000000091cf000 	/System/Library/Frameworks/CoreVideo.framework/Versions/A/CoreVideo
0x00000000091cf000 	/System/Library/Frameworks/OpenGL.framework/Versions/A/Libraries/libGLU.dylib
0x00000000091cf000 	/System/Library/Frameworks/OpenGL.framework/Versions/A/Libraries/libGFXShared.dylib
0x00000000091cf000 	/System/Library/Frameworks/OpenGL.framework/Versions/A/Libraries/libGL.dylib
0x00000000091cf000 	/System/Library/Frameworks/OpenGL.framework/Versions/A/Libraries/libGLImage.dylib
0x00000000091cf000 	/System/Library/Frameworks/OpenGL.framework/Versions/A/Libraries/libCVMSPluginSupport.dylib
0x00000000091cf000 	/System/Library/Frameworks/OpenGL.framework/Versions/A/Libraries/libCoreVMClient.dylib
0x00000000091cf000 	/usr/lib/libcups.2.dylib
0x00000000091cf000 	/System/Library/Frameworks/Kerberos.framework/Versions/A/Kerberos
0x00000000091cf000 	/System/Library/Frameworks/GSS.framework/Versions/A/GSS
0x00000000091cf000 	/usr/lib/libresolv.9.dylib
0x00000000091cf000 	/usr/lib/libiconv.2.dylib
0x00000000091cf000 	/System/Library/PrivateFrameworks/Heimdal.framework/Versions/A/Heimdal
0x00000000091cf000 	/usr/lib/libheimdal-asn1.dylib
0x00000000091cf000 	/System/Library/Frameworks/OpenDirectory.framework/Versions/A/OpenDirectory
0x00000000091cf000 	/System/Library/PrivateFrameworks/CommonAuth.framework/Versions/A/CommonAuth
0x00000000091cf000 	/System/Library/Frameworks/OpenDirectory.framework/Versions/A/Frameworks/CFOpenDirectory.framework/Versions/A/CFOpenDirectory
0x00000000091cf000 	/System/Library/Frameworks/SecurityFoundation.framework/Versions/A/SecurityFoundation
0x00000000091cf000 	/System/Library/PrivateFrameworks/LanguageModeling.framework/Versions/A/LanguageModeling
0x00000000091cf000 	/usr/lib/libcmph.dylib
0x00000000091cf000 	/System/Library/Frameworks/ServiceManagement.framework/Versions/A/ServiceManagement
0x00000000091cf000 	/usr/lib/libxslt.1.dylib
0x00000000091cf000 	/System/Library/Frameworks/Carbon.framework/Versions/A/Frameworks/Ink.framework/Versions/A/Ink
0x00000000091cf000 	/System/Library/Frameworks/QuartzCore.framework/Versions/A/Frameworks/CoreImage.framework/Versions/A/CoreImage
0x00000000091cf000 	/System/Library/PrivateFrameworks/CrashReporterSupport.framework/Versions/A/CrashReporterSupport
0x00000000091cf000 	/System/Library/Frameworks/OpenCL.framework/Versions/A/OpenCL
0x00000000091cf000 	/System/Library/PrivateFrameworks/FaceCore.framework/Versions/A/FaceCore
0x00000000091cf000 	/System/Library/PrivateFrameworks/Ubiquity.framework/Versions/A/Ubiquity
0x00000000091cf000 	/System/Library/PrivateFrameworks/IconServices.framework/Versions/A/IconServices
0x00000000091cf000 	/System/Library/PrivateFrameworks/ChunkingLibrary.framework/Versions/A/ChunkingLibrary
0x00000000091cf000 	/System/Library/PrivateFrameworks/Apple80211.framework/Versions/A/Apple80211
0x00000000091cf000 	/System/Library/Frameworks/CoreWLAN.framework/Versions/A/CoreWLAN
0x00000000091cf000 	/System/Library/Frameworks/IOBluetooth.framework/Versions/A/IOBluetooth
0x00000000091cf000 	/System/Library/PrivateFrameworks/CoreWiFi.framework/Versions/A/CoreWiFi
0x00000000091cf000 	/System/Library/Frameworks/CoreBluetooth.framework/Versions/A/CoreBluetooth
0x00000000091cf000 	/System/Library/PrivateFrameworks/DebugSymbols.framework/Versions/A/DebugSymbols
0x00000000091cf000 	/System/Library/PrivateFrameworks/CoreSymbolication.framework/Versions/A/CoreSymbolication
0x00000000091cf000 	/System/Library/PrivateFrameworks/Symbolication.framework/Versions/A/Symbolication
0x00000000091cf000 	/System/Library/PrivateFrameworks/SpeechRecognitionCore.framework/Versions/A/SpeechRecognitionCore
0x000000010b000000 	/Library/Java/JavaVirtualMachines/jdk1.8.0_51.jdk/Contents/Home/jre/lib/server/libjvm.dylib
0x00000000091cf000 	/usr/lib/libstdc++.6.dylib
0x000000010a75d000 	/Library/Java/JavaVirtualMachines/jdk1.8.0_51.jdk/Contents/Home/jre/lib/libverify.dylib
0x000000010a76b000 	/Library/Java/JavaVirtualMachines/jdk1.8.0_51.jdk/Contents/Home/jre/lib/libjava.dylib
0x000000010a7aa000 	/Library/Java/JavaVirtualMachines/jdk1.8.0_51.jdk/Contents/Home/jre/lib/libzip.dylib
0x000000010a7e6000 	/System/Library/Frameworks/JavaVM.framework/Frameworks/JavaRuntimeSupport.framework/JavaRuntimeSupport
0x000000011e791000 	/System/Library/Frameworks/JavaVM.framework/Versions/A/Frameworks/JavaNativeFoundation.framework/Versions/A/JavaNativeFoundation
0x000000011e7a6000 	/System/Library/Frameworks/JavaVM.framework/Versions/A/JavaVM
0x00000000091cf000 	/System/Library/Frameworks/Carbon.framework/Versions/A/Carbon
0x000000011e7b3000 	/System/Library/PrivateFrameworks/JavaLaunching.framework/Versions/A/JavaLaunching
0x00000000091cf000 	/System/Library/Frameworks/Carbon.framework/Versions/A/Frameworks/CommonPanels.framework/Versions/A/CommonPanels
0x00000000091cf000 	/System/Library/Frameworks/Carbon.framework/Versions/A/Frameworks/Help.framework/Versions/A/Help
0x00000000091cf000 	/System/Library/Frameworks/Carbon.framework/Versions/A/Frameworks/ImageCapture.framework/Versions/A/ImageCapture
0x00000000091cf000 	/System/Library/Frameworks/Carbon.framework/Versions/A/Frameworks/OpenScripting.framework/Versions/A/OpenScripting
0x00000000091cf000 	/System/Library/Frameworks/Carbon.framework/Versions/A/Frameworks/Print.framework/Versions/A/Print
0x00000000091cf000 	/System/Library/Frameworks/Carbon.framework/Versions/A/Frameworks/SecurityHI.framework/Versions/A/SecurityHI
0x0000000120d2c000 	/Library/Java/JavaVirtualMachines/jdk1.8.0_51.jdk/Contents/Home/jre/lib/libmanagement.dylib
0x0000000120d39000 	/Library/Java/JavaVirtualMachines/jdk1.8.0_51.jdk/Contents/Home/jre/lib/libosx.dylib
0x0000000120d47000 	/Library/Java/JavaVirtualMachines/jdk1.8.0_51.jdk/Contents/Home/jre/lib/./libosxapp.dylib
0x00000000091cf000 	/System/Library/Frameworks/ExceptionHandling.framework/Versions/A/ExceptionHandling
0x0000000120d63000 	/Library/Java/JavaVirtualMachines/jdk1.8.0_51.jdk/Contents/Home/jre/lib/libjaas_unix.dylib
0x0000000120db1000 	/Library/Java/JavaVirtualMachines/jdk1.8.0_51.jdk/Contents/Home/jre/lib/libnet.dylib
0x0000000120dc8000 	/Library/Java/JavaVirtualMachines/jdk1.8.0_51.jdk/Contents/Home/jre/lib/libnio.dylib
0x0000000120ed7000 	/Library/Java/JavaVirtualMachines/jdk1.8.0_51.jdk/Contents/Home/jre/lib/libsunec.dylib
0x0000000121da8000 	/Library/Java/JavaVirtualMachines/jdk1.8.0_51.jdk/Contents/Home/jre/lib/libawt.dylib
0x0000000122d23000 	/Library/Java/JavaVirtualMachines/jdk1.8.0_51.jdk/Contents/Home/jre/lib/./libmlib_image.dylib
0x0000000122def000 	/Library/Java/JavaVirtualMachines/jdk1.8.0_51.jdk/Contents/Home/jre/lib/libawt_lwawt.dylib
0x00000000091cf000 	/System/Library/PrivateFrameworks/CoreServicesInternal.framework/Versions/A/CoreServicesInternal
0x00000000091cf000 	/System/Library/PrivateFrameworks/CloudDocs.framework/Versions/A/CloudDocs
0x00000000091cf000 	/System/Library/PrivateFrameworks/CoreDuet.framework/Versions/A/CoreDuet
0x00000000091cf000 	/System/Library/Frameworks/CloudKit.framework/Versions/A/CloudKit
0x00000000091cf000 	/System/Library/PrivateFrameworks/ProtocolBuffer.framework/Versions/A/ProtocolBuffer
0x00000000091cf000 	/System/Library/PrivateFrameworks/CoreDuetDaemonProtocol.framework/Versions/A/CoreDuetDaemonProtocol
0x00000000091cf000 	/System/Library/PrivateFrameworks/CoreDuetDebugLogging.framework/Versions/A/CoreDuetDebugLogging
0x00000000091cf000 	/System/Library/PrivateFrameworks/MMCS.framework/Versions/A/MMCS
0x00000000091cf000 	/System/Library/Frameworks/CoreLocation.framework/Versions/A/CoreLocation
0x00000000091cf000 	/System/Library/PrivateFrameworks/ProtectedCloudStorage.framework/Versions/A/ProtectedCloudStorage
0x00000000091cf000 	/System/Library/PrivateFrameworks/GeoServices.framework/Versions/A/GeoServices
0x00000000091cf000 	/System/Library/Frameworks/CoreGraphics.framework/Versions/A/Resources/libCGCMS.A.dylib
0x00000000091cf000 	/System/Library/Frameworks/CoreGraphics.framework/Versions/A/Resources/libRIP.A.dylib
0x00000000091cf000 	/System/Library/Frameworks/CoreGraphics.framework/Versions/A/Resources/libCGXType.A.dylib
0x00000000091cf000 	/System/Library/Frameworks/OpenCL.framework/Versions/A/Libraries/libcldcpuengine.dylib
0x00000000091cf000 	/System/Library/PrivateFrameworks/DiskImages.framework/Versions/A/DiskImages
0x00000000091cf000 	/System/Library/Frameworks/DiscRecording.framework/Versions/A/DiscRecording
0x00000000091cf000 	/usr/lib/libcsfde.dylib
0x00000000091cf000 	/usr/lib/libcurl.4.dylib
0x00000000091cf000 	/System/Library/PrivateFrameworks/MediaKit.framework/Versions/A/MediaKit
0x00000000091cf000 	/usr/lib/libCoreStorage.dylib
0x00000000091cf000 	/System/Library/PrivateFrameworks/EFILogin.framework/Versions/A/EFILogin
0x00000000091cf000 	/usr/lib/libutil.dylib
0x00000000091cf000 	/System/Library/PrivateFrameworks/FindMyDevice.framework/Versions/A/FindMyDevice
0x00000000091cf000 	/System/Library/Frameworks/LDAP.framework/Versions/A/LDAP
0x00000000091cf000 	/usr/lib/libsasl2.2.dylib
0x00000000091cf000 	/System/Library/PrivateFrameworks/CoreDaemon.framework/Versions/B/CoreDaemon
0x00000000091cf000 	/usr/lib/libcrypto.0.9.8.dylib
0x00000000091cf000 	/System/Library/PrivateFrameworks/AppleSRP.framework/Versions/A/AppleSRP
0x00000000091cf000 	/System/Library/PrivateFrameworks/TrustEvaluationAgent.framework/Versions/A/TrustEvaluationAgent
0x0000000121270000 	cl_kernels
0x0000000125f54000 	/System/Library/Frameworks/OpenCL.framework/Versions/A/Libraries/ImageFormats/unorm8_bgra.dylib
0x00000001218a2000 	cl_kernels
0x00000000091cf000 	/System/Library/PrivateFrameworks/FamilyControls.framework/Versions/A/FamilyControls
0x00000000091cf000 	/System/Library/PrivateFrameworks/CommerceKit.framework/Versions/A/Frameworks/CommerceCore.framework/Versions/A/CommerceCore
0x00000000091cf000 	/System/Library/PrivateFrameworks/SystemAdministration.framework/Versions/A/SystemAdministration
0x00000000091cf000 	/System/Library/PrivateFrameworks/AppContainer.framework/Versions/A/AppContainer
0x00000000091cf000 	/System/Library/PrivateFrameworks/SecCodeWrapper.framework/Versions/A/SecCodeWrapper
0x00000000091cf000 	/System/Library/Frameworks/DirectoryService.framework/Versions/A/DirectoryService
0x00000000091cf000 	/System/Library/PrivateFrameworks/LoginUIKit.framework/Versions/A/Frameworks/LoginUICore.framework/Versions/A/LoginUICore
0x00000000091cf000 	/usr/lib/libodfde.dylib
0x0000000120ce3000 	/Library/Java/JavaVirtualMachines/jdk1.8.0_51.jdk/Contents/Home/jre/lib/libjpeg.dylib
0x00000001272ef000 	/Library/Java/JavaVirtualMachines/jdk1.8.0_51.jdk/Contents/Home/jre/lib/liblcms.dylib
0x00000001279b5000 	/private/var/folders/26/xkj2tj1x7bvg_6jqbvd8ps5c0000gn/T/javacpp96400696786090/libopencv_core.3.0.dylib
0x0000000127c3d000 	/private/var/folders/26/xkj2tj1x7bvg_6jqbvd8ps5c0000gn/T/javacpp96400696786090/libopencv_imgproc.3.0.dylib
0x00000001276c9000 	/private/var/folders/26/xkj2tj1x7bvg_6jqbvd8ps5c0000gn/T/javacpp96400696786090/libjniopencv_core.dylib
0x000000012452d000 	/private/var/folders/26/xkj2tj1x7bvg_6jqbvd8ps5c0000gn/T/javacpp96400696786090/libjniopencv_imgproc.dylib
0x00000001285dd000 	/private/var/folders/26/xkj2tj1x7bvg_6jqbvd8ps5c0000gn/T/javacpp96400696786090/libopencv_imgcodecs.3.0.dylib
0x000000011e907000 	/private/var/folders/26/xkj2tj1x7bvg_6jqbvd8ps5c0000gn/T/javacpp96400696786090/libjniopencv_imgcodecs.dylib
0x000000011e921000 	/private/var/folders/26/xkj2tj1x7bvg_6jqbvd8ps5c0000gn/T/javacpp96400696786090/libopencv_videoio.3.0.dylib
0x00000000091cf000 	/System/Library/Frameworks/QTKit.framework/Versions/A/QTKit
0x00000000091cf000 	/System/Library/Frameworks/AVFoundation.framework/Versions/A/AVFoundation
0x00000000091cf000 	/System/Library/Frameworks/CoreMedia.framework/Versions/A/CoreMedia
0x00000000091cf000 	/System/Library/Frameworks/MediaToolbox.framework/Versions/A/MediaToolbox
0x00000000091cf000 	/System/Library/Frameworks/VideoToolbox.framework/Versions/A/VideoToolbox
0x00000000091cf000 	/System/Library/PrivateFrameworks/CoreMediaAuthoring.framework/Versions/A/CoreMediaAuthoring
0x00000000091cf000 	/System/Library/Frameworks/CoreMediaIO.framework/Versions/A/CoreMediaIO
0x00000000091cf000 	/System/Library/Frameworks/AVFoundation.framework/Versions/A/Resources/libAVFAudio.dylib
0x00000000091cf000 	/System/Library/PrivateFrameworks/MediaControlSender.framework/Versions/A/MediaControlSender
0x00000000091cf000 	/System/Library/PrivateFrameworks/CoreAVCHD.framework/Versions/A/CoreAVCHD
0x00000000091cf000 	/System/Library/Frameworks/MediaAccessibility.framework/Versions/A/MediaAccessibility
0x00000000091cf000 	/System/Library/PrivateFrameworks/Mangrove.framework/Versions/A/Mangrove
0x00000000091cf000 	/System/Library/PrivateFrameworks/CoreAUC.framework/Versions/A/CoreAUC
0x00000000091cf000 	/System/Library/PrivateFrameworks/NetworkStatistics.framework/Versions/A/NetworkStatistics
0x00000000091cf000 	/System/Library/PrivateFrameworks/AirPlaySupport.framework/Versions/A/AirPlaySupport
0x00000000091cf000 	/System/Library/PrivateFrameworks/CoreUtils.framework/Versions/A/CoreUtils
0x00000000091cf000 	/System/Library/PrivateFrameworks/AppleVA.framework/Versions/A/AppleVA
0x00000000091cf000 	/System/Library/PrivateFrameworks/XPCService.framework/Versions/A/XPCService
0x00000000091cf000 	/System/Library/PrivateFrameworks/AppSandbox.framework/Versions/A/AppSandbox
0x00000000091cf000 	/usr/lib/libsandbox.1.dylib
0x00000000091cf000 	/usr/lib/libMatch.1.dylib
0x0000000120c9f000 	/private/var/folders/26/xkj2tj1x7bvg_6jqbvd8ps5c0000gn/T/javacpp96400696786090/libjniopencv_videoio.dylib
0x000000011e831000 	/private/var/folders/26/xkj2tj1x7bvg_6jqbvd8ps5c0000gn/T/javacpp96400696786090/libopencv_highgui.3.0.dylib
0x0000000120d77000 	/private/var/folders/26/xkj2tj1x7bvg_6jqbvd8ps5c0000gn/T/javacpp96400696786090/libjniopencv_highgui.dylib

VM Arguments:
jvm_args: -Xmx1000m -Djava.net.preferIPv4Stack=true -Djava.security.krb5.realm= -Djava.security.krb5.kdc= -Dhadoop.log.dir=/usr/local/Cellar/hadoop/2.6.0/libexec/logs -Dhadoop.log.file=hadoop.log -Dhadoop.home.dir=/usr/local/Cellar/hadoop/2.6.0/libexec -Dhadoop.id.str=zverham -Dhadoop.root.logger=INFO,console -Dhadoop.policy.file=hadoop-policy.xml -Djava.net.preferIPv4Stack=true -Xmx512m -Dhadoop.security.logger=INFO,NullAppender 
java_command: org.apache.hadoop.util.RunJar ./covar/build/libs/covar.jar /test.hib /covar
java_class_path (initial): /usr/local/Cellar/hadoop/2.6.0/libexec/etc/hadoop:/usr/local/Cellar/hadoop/2.6.0/libexec/share/hadoop/common/lib/activation-1.1.jar:/usr/local/Cellar/hadoop/2.6.0/libexec/share/hadoop/common/lib/apacheds-i18n-2.0.0-M15.jar:/usr/local/Cellar/hadoop/2.6.0/libexec/share/hadoop/common/lib/apacheds-kerberos-codec-2.0.0-M15.jar:/usr/local/Cellar/hadoop/2.6.0/libexec/share/hadoop/common/lib/api-asn1-api-1.0.0-M20.jar:/usr/local/Cellar/hadoop/2.6.0/libexec/share/hadoop/common/lib/api-util-1.0.0-M20.jar:/usr/local/Cellar/hadoop/2.6.0/libexec/share/hadoop/common/lib/asm-3.2.jar:/usr/local/Cellar/hadoop/2.6.0/libexec/share/hadoop/common/lib/avro-1.7.4.jar:/usr/local/Cellar/hadoop/2.6.0/libexec/share/hadoop/common/lib/commons-beanutils-1.7.0.jar:/usr/local/Cellar/hadoop/2.6.0/libexec/share/hadoop/common/lib/commons-beanutils-core-1.8.0.jar:/usr/local/Cellar/hadoop/2.6.0/libexec/share/hadoop/common/lib/commons-cli-1.2.jar:/usr/local/Cellar/hadoop/2.6.0/libexec/share/hadoop/common/lib/commons-codec-1.4.jar:/usr/local/Cellar/hadoop/2.6.0/libexec/share/hadoop/common/lib/commons-collections-3.2.1.jar:/usr/local/Cellar/hadoop/2.6.0/libexec/share/hadoop/common/lib/commons-compress-1.4.1.jar:/usr/local/Cellar/hadoop/2.6.0/libexec/share/hadoop/common/lib/commons-configuration-1.6.jar:/usr/local/Cellar/hadoop/2.6.0/libexec/share/hadoop/common/lib/commons-digester-1.8.jar:/usr/local/Cellar/hadoop/2.6.0/libexec/share/hadoop/common/lib/commons-el-1.0.jar:/usr/local/Cellar/hadoop/2.6.0/libexec/share/hadoop/common/lib/commons-httpclient-3.1.jar:/usr/local/Cellar/hadoop/2.6.0/libexec/share/hadoop/common/lib/commons-io-2.4.jar:/usr/local/Cellar/hadoop/2.6.0/libexec/share/hadoop/common/lib/commons-lang-2.6.jar:/usr/local/Cellar/hadoop/2.6.0/libexec/share/hadoop/common/lib/commons-logging-1.1.3.jar:/usr/local/Cellar/hadoop/2.6.0/libexec/share/hadoop/common/lib/commons-math3-3.1.1.jar:/usr/local/Cellar/hadoop/2.6.0/libexec/share/hadoop/common/lib/commons-net-3.1.jar:/u
Launcher Type: SUN_STANDARD

Environment Variables:
JAVA_HOME=/Library/Java/JavaVirtualMachines/jdk1.8.0_51.jdk/Contents/Home
CLASSPATH=/usr/local/Cellar/hadoop/2.6.0/libexec/etc/hadoop:/usr/local/Cellar/hadoop/2.6.0/libexec/share/hadoop/common/lib/*:/usr/local/Cellar/hadoop/2.6.0/libexec/share/hadoop/common/*:/usr/local/Cellar/hadoop/2.6.0/libexec/share/hadoop/hdfs:/usr/local/Cellar/hadoop/2.6.0/libexec/share/hadoop/hdfs/lib/*:/usr/local/Cellar/hadoop/2.6.0/libexec/share/hadoop/hdfs/*:/usr/local/Cellar/hadoop/2.6.0/libexec/share/hadoop/yarn/lib/*:/usr/local/Cellar/hadoop/2.6.0/libexec/share/hadoop/yarn/*:/usr/local/Cellar/hadoop/2.6.0/libexec/share/hadoop/mapreduce/lib/*:/usr/local/Cellar/hadoop/2.6.0/libexec/share/hadoop/mapreduce/*:/contrib/capacity-scheduler/*.jar
PATH=/usr/local/sbin:/usr/local/heroku/bin:/Applications/Postgres.app/Contents/Versions/9.4/bin:/Users/zverham/.rbenv/shims:/usr/local/Cellar/hadoop/2.6.0/bin:/usr/local/Cellar/hadoop/2.6.0/libexec/bin:/usr/local/Cellar/imagemagick/6.9.0-3/bin:/usr/local/bin:/usr/bin:/bin:/usr/sbin:/sbin:/opt/X11/bin:/usr/texbin
SHELL=/bin/bash
DISPLAY=/private/tmp/com.apple.launchd.TfpeJomKKW/org.macosforge.xquartz:0

Signal Handlers:
SIGSEGV: [libjvm.dylib+0x58ef35], sa_mask[0]=11111111011111110111111111111111, sa_flags=SA_ONSTACK|SA_RESTART|SA_SIGINFO
SIGBUS: [libjvm.dylib+0x58ef35], sa_mask[0]=11111111011111110111111111111111, sa_flags=SA_RESTART|SA_SIGINFO
SIGFPE: [libjvm.dylib+0x46c028], sa_mask[0]=11111111011111110111111111111111, sa_flags=SA_RESTART|SA_SIGINFO
SIGPIPE: [libjvm.dylib+0x46c028], sa_mask[0]=11111111011111110111111111111111, sa_flags=SA_RESTART|SA_SIGINFO
SIGXFSZ: [libjvm.dylib+0x46c028], sa_mask[0]=11111111011111110111111111111111, sa_flags=SA_RESTART|SA_SIGINFO
SIGILL: [libjvm.dylib+0x46c028], sa_mask[0]=11111111011111110111111111111111, sa_flags=SA_RESTART|SA_SIGINFO
SIGUSR1: SIG_DFL, sa_mask[0]=11011111011111100000000111000110, sa_flags=none
SIGUSR2: [libjvm.dylib+0x46bb46], sa_mask[0]=00000000000000000000000000000000, sa_flags=SA_RESTART|SA_SIGINFO
SIGHUP: [libjvm.dylib+0x46a119], sa_mask[0]=11111111011111110111111111111111, sa_flags=SA_RESTART|SA_SIGINFO
SIGINT: [libjvm.dylib+0x46a119], sa_mask[0]=11111111011111110111111111111111, sa_flags=SA_RESTART|SA_SIGINFO
SIGTERM: [libjvm.dylib+0x46a119], sa_mask[0]=11111111011111110111111111111111, sa_flags=SA_RESTART|SA_SIGINFO
SIGQUIT: [libjvm.dylib+0x46a119], sa_mask[0]=11111111011111110111111111111111, sa_flags=SA_RESTART|SA_SIGINFO


---------------  S Y S T E M  ---------------

OS:Bsduname:Darwin 14.3.0 Darwin Kernel Version 14.3.0: Mon Mar 23 11:59:05 PDT 2015; root:xnu-2782.20.48~5/RELEASE_X86_64 x86_64
rlimit: STACK 8192k, CORE 0k, NPROC 709, NOFILE 10240, AS infinity
load average:3.24 2.98 3.17

CPU:total 4 (2 cores per cpu, 2 threads per core) family 6 model 69 stepping 1, cmov, cx8, fxsr, mmx, sse, sse2, sse3, ssse3, sse4.1, sse4.2, popcnt, avx, avx2, aes, clmul, erms, lzcnt, ht, tsc, tscinvbit, bmi1, bmi2

Memory: 4k page, physical 16777216k(845836k free)

/proc/meminfo:


vm_info: Java HotSpot(TM) 64-Bit Server VM (25.51-b03) for bsd-amd64 JRE (1.8.0_51-b16), built on Jun  8 2015 18:01:11 by "java_re" with gcc 4.2.1 (Based on Apple Inc. build 5658) (LLVM build 2336.11.00)

time: Mon Aug 10 16:15:06 2015
elapsed time: 59 seconds (0d 0h 0m 59s)

