11/04/30 12:18:34 INFO input.FileInputFormat: Total input paths to process : 93
11/04/30 12:18:41 INFO mapred.JobClient: Running job: job_201104211619_3022
11/04/30 12:18:42 INFO mapred.JobClient:  map 0% reduce 0%
11/04/30 12:19:01 INFO mapred.JobClient:  map 5% reduce 0%
11/04/30 12:19:03 INFO mapred.JobClient:  map 77% reduce 0%
11/04/30 12:19:04 INFO mapred.JobClient:  map 86% reduce 0%
11/04/30 12:19:05 INFO mapred.JobClient:  map 87% reduce 0%
11/04/30 12:19:06 INFO mapred.JobClient:  map 88% reduce 0%
11/04/30 12:19:11 INFO mapred.JobClient:  map 89% reduce 2%
11/04/30 12:19:19 INFO mapred.JobClient:  map 97% reduce 2%
11/04/30 12:19:20 INFO mapred.JobClient:  map 100% reduce 29%
11/04/30 12:19:38 INFO mapred.JobClient:  map 100% reduce 100%
11/04/30 12:19:46 INFO mapred.JobClient: Job complete: job_201104211619_3022
11/04/30 12:19:46 INFO mapred.JobClient: Counters: 18
11/04/30 12:19:46 INFO mapred.JobClient:   Job Counters 
11/04/30 12:19:46 INFO mapred.JobClient:     Launched reduce tasks=1
11/04/30 12:19:46 INFO mapred.JobClient:     Rack-local map tasks=79
11/04/30 12:19:46 INFO mapred.JobClient:     Launched map tasks=93
11/04/30 12:19:46 INFO mapred.JobClient:     Data-local map tasks=14
11/04/30 12:19:46 INFO mapred.JobClient:   FileSystemCounters
11/04/30 12:19:46 INFO mapred.JobClient:     FILE_BYTES_READ=708286
11/04/30 12:19:46 INFO mapred.JobClient:     HDFS_BYTES_READ=50342967
11/04/30 12:19:46 INFO mapred.JobClient:     FILE_BYTES_WRITTEN=1405418
11/04/30 12:19:46 INFO mapred.JobClient:     HDFS_BYTES_WRITTEN=9232
11/04/30 12:19:46 INFO mapred.JobClient:   Map-Reduce Framework
11/04/30 12:19:46 INFO mapred.JobClient:     Reduce input groups=1
11/04/30 12:19:46 INFO mapred.JobClient:     Combine output records=93
11/04/30 12:19:46 INFO mapred.JobClient:     Map input records=93
11/04/30 12:19:46 INFO mapred.JobClient:     Reduce shuffle bytes=687079
11/04/30 12:19:46 INFO mapred.JobClient:     Reduce output records=1
11/04/30 12:19:46 INFO mapred.JobClient:     Spilled Records=186
11/04/30 12:19:46 INFO mapred.JobClient:     Map output bytes=858576
11/04/30 12:19:46 INFO mapred.JobClient:     Combine input records=93
11/04/30 12:19:46 INFO mapred.JobClient:     Map output records=93
11/04/30 12:19:46 INFO mapred.JobClient:     Reduce input records=93
11/04/30 12:19:50 INFO input.FileInputFormat: Total input paths to process : 93
11/04/30 12:19:57 INFO mapred.JobClient: Running job: job_201104211619_3023
11/04/30 12:19:58 INFO mapred.JobClient:  map 0% reduce 0%
11/04/30 12:20:29 INFO mapred.JobClient:  map 3% reduce 0%
11/04/30 12:20:36 INFO mapred.JobClient:  map 27% reduce 0%
11/04/30 12:20:37 INFO mapred.JobClient:  map 91% reduce 0%
11/04/30 12:20:38 INFO mapred.JobClient:  map 98% reduce 0%
11/04/30 12:20:40 INFO mapred.JobClient:  map 100% reduce 0%
11/04/30 12:20:55 INFO mapred.JobClient:  map 100% reduce 6%
11/04/30 12:21:05 INFO mapred.JobClient:  map 100% reduce 11%
11/04/30 12:21:13 INFO mapred.JobClient:  map 100% reduce 15%
11/04/30 12:21:22 INFO mapred.JobClient:  map 100% reduce 18%
11/04/30 12:21:32 INFO mapred.JobClient:  map 100% reduce 22%
11/04/30 12:21:40 INFO mapred.JobClient:  map 100% reduce 26%
11/04/30 12:21:49 INFO mapred.JobClient:  map 100% reduce 30%
11/04/30 12:21:59 INFO mapred.JobClient:  map 100% reduce 31%
11/04/30 12:22:09 INFO mapred.JobClient:  map 100% reduce 33%
11/04/30 12:22:54 INFO mapred.JobClient:  map 100% reduce 100%
11/04/30 12:23:02 INFO mapred.JobClient: Job complete: job_201104211619_3023
11/04/30 12:23:02 INFO mapred.JobClient: Counters: 18
11/04/30 12:23:02 INFO mapred.JobClient:   Job Counters 
11/04/30 12:23:02 INFO mapred.JobClient:     Launched reduce tasks=1
11/04/30 12:23:02 INFO mapred.JobClient:     Rack-local map tasks=83
11/04/30 12:23:02 INFO mapred.JobClient:     Launched map tasks=93
11/04/30 12:23:02 INFO mapred.JobClient:     Data-local map tasks=10
11/04/30 12:23:02 INFO mapred.JobClient:   FileSystemCounters
11/04/30 12:23:02 INFO mapred.JobClient:     FILE_BYTES_READ=238698574
11/04/30 12:23:02 INFO mapred.JobClient:     HDFS_BYTES_READ=50342967
11/04/30 12:23:02 INFO mapred.JobClient:     FILE_BYTES_WRITTEN=2081360799
11/04/30 12:23:02 INFO mapred.JobClient:     HDFS_BYTES_WRITTEN=21233680
11/04/30 12:23:02 INFO mapred.JobClient:   Map-Reduce Framework
11/04/30 12:23:02 INFO mapred.JobClient:     Reduce input groups=1
11/04/30 12:23:02 INFO mapred.JobClient:     Combine output records=95
11/04/30 12:23:02 INFO mapred.JobClient:     Map input records=93
11/04/30 12:23:02 INFO mapred.JobClient:     Reduce shuffle bytes=1843525637
11/04/30 12:23:02 INFO mapred.JobClient:     Reduce output records=1
11/04/30 12:23:02 INFO mapred.JobClient:     Spilled Records=105
11/04/30 12:23:02 INFO mapred.JobClient:     Map output bytes=1974732240
11/04/30 12:23:02 INFO mapred.JobClient:     Combine input records=176
11/04/30 12:23:02 INFO mapred.JobClient:     Map output records=93
11/04/30 12:23:02 INFO mapred.JobClient:     Reduce input records=12
/opt/hadoop/bin/hadoop jar covariance.jar   small_files  2.23s user 0.16s system 0% cpu 4:32.44 total
11/05/02 03:52:41 INFO input.FileInputFormat: Total input paths to process : 93
11/05/02 03:52:53 INFO mapred.JobClient: Running job: job_201104211619_3434
11/05/02 03:52:54 INFO mapred.JobClient:  map 0% reduce 0%
11/05/02 03:53:17 INFO mapred.JobClient:  map 41% reduce 0%
11/05/02 03:53:18 INFO mapred.JobClient:  map 65% reduce 0%
11/05/02 03:53:20 INFO mapred.JobClient:  map 96% reduce 0%
11/05/02 03:53:26 INFO mapred.JobClient:  map 98% reduce 0%
11/05/02 03:53:31 INFO mapred.JobClient:  map 100% reduce 0%
11/05/02 03:53:45 INFO mapred.JobClient:  map 100% reduce 100%
11/05/02 03:53:53 INFO mapred.JobClient: Job complete: job_201104211619_3434
11/05/02 03:53:53 INFO mapred.JobClient: Counters: 18
11/05/02 03:53:53 INFO mapred.JobClient:   Job Counters 
11/05/02 03:53:53 INFO mapred.JobClient:     Launched reduce tasks=1
11/05/02 03:53:53 INFO mapred.JobClient:     Rack-local map tasks=80
11/05/02 03:53:53 INFO mapred.JobClient:     Launched map tasks=93
11/05/02 03:53:53 INFO mapred.JobClient:     Data-local map tasks=13
11/05/02 03:53:53 INFO mapred.JobClient:   FileSystemCounters
11/05/02 03:53:53 INFO mapred.JobClient:     FILE_BYTES_READ=708369
11/05/02 03:53:53 INFO mapred.JobClient:     HDFS_BYTES_READ=50342967
11/05/02 03:53:53 INFO mapred.JobClient:     FILE_BYTES_WRITTEN=1405501
11/05/02 03:53:53 INFO mapred.JobClient:     HDFS_BYTES_WRITTEN=9232
11/05/02 03:53:53 INFO mapred.JobClient:   Map-Reduce Framework
11/05/02 03:53:53 INFO mapred.JobClient:     Reduce input groups=1
11/05/02 03:53:53 INFO mapred.JobClient:     Combine output records=93
11/05/02 03:53:53 INFO mapred.JobClient:     Map input records=93
11/05/02 03:53:53 INFO mapred.JobClient:     Reduce shuffle bytes=694156
11/05/02 03:53:53 INFO mapred.JobClient:     Reduce output records=1
11/05/02 03:53:53 INFO mapred.JobClient:     Spilled Records=186
11/05/02 03:53:53 INFO mapred.JobClient:     Map output bytes=858576
11/05/02 03:53:53 INFO mapred.JobClient:     Combine input records=93
11/05/02 03:53:53 INFO mapred.JobClient:     Map output records=93
11/05/02 03:53:53 INFO mapred.JobClient:     Reduce input records=93
11/05/02 03:53:56 INFO input.FileInputFormat: Total input paths to process : 93
11/05/02 03:54:07 INFO mapred.JobClient: Running job: job_201104211619_3435
11/05/02 03:54:08 INFO mapred.JobClient:  map 0% reduce 0%
11/05/02 03:58:42 INFO mapred.JobClient:  map 2% reduce 0%
11/05/02 03:58:43 INFO mapred.JobClient:  map 3% reduce 0%
11/05/02 03:58:44 INFO mapred.JobClient:  map 4% reduce 0%
11/05/02 03:58:45 INFO mapred.JobClient:  map 5% reduce 0%
11/05/02 03:58:48 INFO mapred.JobClient:  map 6% reduce 0%
11/05/02 03:58:51 INFO mapred.JobClient:  map 36% reduce 0%
11/05/02 03:58:52 INFO mapred.JobClient:  map 50% reduce 0%
11/05/02 03:58:54 INFO mapred.JobClient:  map 68% reduce 0%
11/05/02 03:58:55 INFO mapred.JobClient:  map 98% reduce 0%
11/05/02 03:59:10 INFO mapred.JobClient:  map 99% reduce 2%
11/05/02 03:59:19 INFO mapred.JobClient:  map 100% reduce 6%
11/05/02 03:59:28 INFO mapred.JobClient:  map 100% reduce 15%
11/05/02 03:59:37 INFO mapred.JobClient:  map 100% reduce 17%
11/05/02 03:59:46 INFO mapred.JobClient:  map 100% reduce 22%
11/05/02 03:59:55 INFO mapred.JobClient:  map 100% reduce 26%
11/05/02 04:00:06 INFO mapred.JobClient:  map 100% reduce 28%
11/05/02 04:00:13 INFO mapred.JobClient:  map 100% reduce 30%
11/05/02 04:00:23 INFO mapred.JobClient:  map 100% reduce 31%
11/05/02 04:00:32 INFO mapred.JobClient:  map 100% reduce 32%
11/05/02 04:00:41 INFO mapred.JobClient:  map 100% reduce 33%
11/05/02 04:01:17 INFO mapred.JobClient:  map 100% reduce 100%
11/05/02 04:01:26 INFO mapred.JobClient: Job complete: job_201104211619_3435
11/05/02 04:01:26 INFO mapred.JobClient: Counters: 18
11/05/02 04:01:26 INFO mapred.JobClient:   Job Counters 
11/05/02 04:01:26 INFO mapred.JobClient:     Launched reduce tasks=1
11/05/02 04:01:26 INFO mapred.JobClient:     Rack-local map tasks=140
11/05/02 04:01:26 INFO mapred.JobClient:     Launched map tasks=150
11/05/02 04:01:26 INFO mapred.JobClient:     Data-local map tasks=10
11/05/02 04:01:26 INFO mapred.JobClient:   FileSystemCounters
11/05/02 04:01:26 INFO mapred.JobClient:     FILE_BYTES_READ=218880865
11/05/02 04:01:26 INFO mapred.JobClient:     HDFS_BYTES_READ=50342967
11/05/02 04:01:26 INFO mapred.JobClient:     FILE_BYTES_WRITTEN=2061542122
11/05/02 04:01:26 INFO mapred.JobClient:     HDFS_BYTES_WRITTEN=21233680
11/05/02 04:01:26 INFO mapred.JobClient:   Map-Reduce Framework
11/05/02 04:01:26 INFO mapred.JobClient:     Reduce input groups=1
11/05/02 04:01:26 INFO mapred.JobClient:     Combine output records=95
11/05/02 04:01:26 INFO mapred.JobClient:     Map input records=93
11/05/02 04:01:26 INFO mapred.JobClient:     Reduce shuffle bytes=1823706040
11/05/02 04:01:26 INFO mapred.JobClient:     Reduce output records=1
11/05/02 04:01:26 INFO mapred.JobClient:     Spilled Records=104
11/05/02 04:01:26 INFO mapred.JobClient:     Map output bytes=1974732240
11/05/02 04:01:26 INFO mapred.JobClient:     Combine input records=177
11/05/02 04:01:26 INFO mapred.JobClient:     Map output records=93
11/05/02 04:01:26 INFO mapred.JobClient:     Reduce input records=11
/opt/hadoop/bin/hadoop jar covariance.jar   small_files  2.43s user 0.25s system 0% cpu 8:49.85 total
11/05/03 15:26:33 INFO input.FileInputFormat: Total input paths to process : 93
11/05/03 15:26:41 INFO mapred.JobClient: Running job: job_201104211619_4149
11/05/03 15:26:42 INFO mapred.JobClient:  map 0% reduce 0%
11/05/03 15:27:05 INFO mapred.JobClient:  map 55% reduce 0%
11/05/03 15:27:06 INFO mapred.JobClient:  map 91% reduce 0%
11/05/03 15:27:09 INFO mapred.JobClient:  map 92% reduce 0%
11/05/03 15:27:11 INFO mapred.JobClient:  map 96% reduce 0%
11/05/03 15:27:12 INFO mapred.JobClient:  map 98% reduce 0%
11/05/03 15:27:14 INFO mapred.JobClient:  map 100% reduce 0%
11/05/03 15:27:15 INFO mapred.JobClient:  map 100% reduce 4%
11/05/03 15:27:32 INFO mapred.JobClient:  map 100% reduce 100%
11/05/03 15:27:41 INFO mapred.JobClient: Job complete: job_201104211619_4149
11/05/03 15:27:42 INFO mapred.JobClient: Counters: 18
11/05/03 15:27:42 INFO mapred.JobClient:   Job Counters 
11/05/03 15:27:42 INFO mapred.JobClient:     Launched reduce tasks=1
11/05/03 15:27:42 INFO mapred.JobClient:     Rack-local map tasks=84
11/05/03 15:27:42 INFO mapred.JobClient:     Launched map tasks=93
11/05/03 15:27:42 INFO mapred.JobClient:     Data-local map tasks=9
11/05/03 15:27:42 INFO mapred.JobClient:   FileSystemCounters
11/05/03 15:27:42 INFO mapred.JobClient:     FILE_BYTES_READ=708168
11/05/03 15:27:42 INFO mapred.JobClient:     HDFS_BYTES_READ=50342967
11/05/03 15:27:42 INFO mapred.JobClient:     FILE_BYTES_WRITTEN=1405300
11/05/03 15:27:42 INFO mapred.JobClient:     HDFS_BYTES_WRITTEN=9232
11/05/03 15:27:42 INFO mapred.JobClient:   Map-Reduce Framework
11/05/03 15:27:42 INFO mapred.JobClient:     Reduce input groups=1
11/05/03 15:27:42 INFO mapred.JobClient:     Combine output records=93
11/05/03 15:27:42 INFO mapred.JobClient:     Map input records=93
11/05/03 15:27:42 INFO mapred.JobClient:     Reduce shuffle bytes=686878
11/05/03 15:27:42 INFO mapred.JobClient:     Reduce output records=1
11/05/03 15:27:42 INFO mapred.JobClient:     Spilled Records=186
11/05/03 15:27:42 INFO mapred.JobClient:     Map output bytes=858576
11/05/03 15:27:42 INFO mapred.JobClient:     Combine input records=93
11/05/03 15:27:42 INFO mapred.JobClient:     Map output records=93
11/05/03 15:27:42 INFO mapred.JobClient:     Reduce input records=93
11/05/03 15:27:50 INFO input.FileInputFormat: Total input paths to process : 93
11/05/03 15:27:57 INFO mapred.JobClient: Running job: job_201104211619_4150
11/05/03 15:27:58 INFO mapred.JobClient:  map 0% reduce 0%
11/05/03 15:28:28 INFO mapred.JobClient:  map 2% reduce 0%
11/05/03 15:28:36 INFO mapred.JobClient:  map 65% reduce 0%
11/05/03 15:28:38 INFO mapred.JobClient:  map 86% reduce 0%
11/05/03 15:28:39 INFO mapred.JobClient:  map 95% reduce 0%
11/05/03 15:28:41 INFO mapred.JobClient:  map 96% reduce 0%
11/05/03 15:28:42 INFO mapred.JobClient:  map 97% reduce 0%
11/05/03 15:28:46 INFO mapred.JobClient:  map 98% reduce 0%
11/05/03 15:28:47 INFO mapred.JobClient:  map 100% reduce 0%
11/05/03 15:28:54 INFO mapred.JobClient:  map 100% reduce 5%
11/05/03 15:29:03 INFO mapred.JobClient:  map 100% reduce 12%
11/05/03 15:29:12 INFO mapred.JobClient:  map 100% reduce 18%
11/05/03 15:29:22 INFO mapred.JobClient:  map 100% reduce 22%
11/05/03 15:29:31 INFO mapred.JobClient:  map 100% reduce 26%
11/05/03 15:29:40 INFO mapred.JobClient:  map 100% reduce 30%
11/05/03 15:29:49 INFO mapred.JobClient:  map 100% reduce 31%
11/05/03 15:29:58 INFO mapred.JobClient:  map 100% reduce 32%
11/05/03 15:30:07 INFO mapred.JobClient:  map 100% reduce 33%
11/05/03 15:30:34 INFO mapred.JobClient:  map 100% reduce 97%
11/05/03 15:30:52 INFO mapred.JobClient:  map 100% reduce 100%
11/05/03 15:31:00 INFO mapred.JobClient: Job complete: job_201104211619_4150
11/05/03 15:31:00 INFO mapred.JobClient: Counters: 18
11/05/03 15:31:00 INFO mapred.JobClient:   Job Counters 
11/05/03 15:31:00 INFO mapred.JobClient:     Launched reduce tasks=1
11/05/03 15:31:00 INFO mapred.JobClient:     Rack-local map tasks=81
11/05/03 15:31:00 INFO mapred.JobClient:     Launched map tasks=93
11/05/03 15:31:00 INFO mapred.JobClient:     Data-local map tasks=12
11/05/03 15:31:00 INFO mapred.JobClient:   FileSystemCounters
11/05/03 15:31:00 INFO mapred.JobClient:     FILE_BYTES_READ=238726616
11/05/03 15:31:00 INFO mapred.JobClient:     HDFS_BYTES_READ=50342967
11/05/03 15:31:00 INFO mapred.JobClient:     FILE_BYTES_WRITTEN=2081388563
11/05/03 15:31:00 INFO mapred.JobClient:     HDFS_BYTES_WRITTEN=21233680
11/05/03 15:31:00 INFO mapred.JobClient:   Map-Reduce Framework
11/05/03 15:31:00 INFO mapred.JobClient:     Reduce input groups=1
11/05/03 15:31:00 INFO mapred.JobClient:     Combine output records=95
11/05/03 15:31:00 INFO mapred.JobClient:     Map input records=93
11/05/03 15:31:00 INFO mapred.JobClient:     Reduce shuffle bytes=1823710948
11/05/03 15:31:00 INFO mapred.JobClient:     Reduce output records=1
11/05/03 15:31:00 INFO mapred.JobClient:     Spilled Records=105
11/05/03 15:31:00 INFO mapred.JobClient:     Map output bytes=1974732240
11/05/03 15:31:00 INFO mapred.JobClient:     Combine input records=176
11/05/03 15:31:00 INFO mapred.JobClient:     Map output records=93
11/05/03 15:31:00 INFO mapred.JobClient:     Reduce input records=12
/opt/hadoop/bin/hadoop jar covariance.jar   small_files  1.94s user 0.28s system 0% cpu 4:31.27 total
11/05/03 20:55:34 INFO input.FileInputFormat: Total input paths to process : 93
11/05/03 20:55:42 INFO mapred.JobClient: Running job: job_201104211619_4298
11/05/03 20:55:43 INFO mapred.JobClient:  map 0% reduce 0%
11/05/03 20:56:06 INFO mapred.JobClient:  map 97% reduce 0%
11/05/03 20:56:08 INFO mapred.JobClient:  map 100% reduce 0%
11/05/03 20:56:34 INFO mapred.JobClient:  map 100% reduce 100%
11/05/03 20:56:43 INFO mapred.JobClient: Job complete: job_201104211619_4298
11/05/03 20:56:44 INFO mapred.JobClient: Counters: 18
11/05/03 20:56:44 INFO mapred.JobClient:   Job Counters 
11/05/03 20:56:44 INFO mapred.JobClient:     Launched reduce tasks=1
11/05/03 20:56:44 INFO mapred.JobClient:     Rack-local map tasks=76
11/05/03 20:56:44 INFO mapred.JobClient:     Launched map tasks=93
11/05/03 20:56:44 INFO mapred.JobClient:     Data-local map tasks=17
11/05/03 20:56:44 INFO mapred.JobClient:   FileSystemCounters
11/05/03 20:56:44 INFO mapred.JobClient:     FILE_BYTES_READ=708428
11/05/03 20:56:44 INFO mapred.JobClient:     HDFS_BYTES_READ=50342967
11/05/03 20:56:44 INFO mapred.JobClient:     FILE_BYTES_WRITTEN=1405560
11/05/03 20:56:44 INFO mapred.JobClient:     HDFS_BYTES_WRITTEN=9232
11/05/03 20:56:44 INFO mapred.JobClient:   Map-Reduce Framework
11/05/03 20:56:44 INFO mapred.JobClient:     Reduce input groups=1
11/05/03 20:56:44 INFO mapred.JobClient:     Combine output records=93
11/05/03 20:56:44 INFO mapred.JobClient:     Map input records=93
11/05/03 20:56:44 INFO mapred.JobClient:     Reduce shuffle bytes=686530
11/05/03 20:56:44 INFO mapred.JobClient:     Reduce output records=1
11/05/03 20:56:44 INFO mapred.JobClient:     Spilled Records=186
11/05/03 20:56:44 INFO mapred.JobClient:     Map output bytes=858576
11/05/03 20:56:44 INFO mapred.JobClient:     Combine input records=93
11/05/03 20:56:44 INFO mapred.JobClient:     Map output records=93
11/05/03 20:56:44 INFO mapred.JobClient:     Reduce input records=93
11/05/03 20:56:48 INFO input.FileInputFormat: Total input paths to process : 93
11/05/04 01:14:45 INFO ipc.Client: Retrying connect to server: /10.160.3.154:8021. Already tried 0 time(s).
11/05/04 01:14:46 INFO ipc.Client: Retrying connect to server: /10.160.3.154:8021. Already tried 1 time(s).
11/05/04 01:14:47 INFO ipc.Client: Retrying connect to server: /10.160.3.154:8021. Already tried 2 time(s).
11/05/04 01:14:48 INFO ipc.Client: Retrying connect to server: /10.160.3.154:8021. Already tried 3 time(s).
11/05/04 01:14:49 INFO ipc.Client: Retrying connect to server: /10.160.3.154:8021. Already tried 4 time(s).
11/05/04 01:14:50 INFO ipc.Client: Retrying connect to server: /10.160.3.154:8021. Already tried 5 time(s).
11/05/04 01:14:51 INFO ipc.Client: Retrying connect to server: /10.160.3.154:8021. Already tried 6 time(s).
11/05/04 01:14:52 INFO ipc.Client: Retrying connect to server: /10.160.3.154:8021. Already tried 7 time(s).
11/05/04 01:14:53 INFO ipc.Client: Retrying connect to server: /10.160.3.154:8021. Already tried 8 time(s).
11/05/04 01:14:54 INFO ipc.Client: Retrying connect to server: /10.160.3.154:8021. Already tried 9 time(s).
Exception in thread "main" java.io.IOException: Call to /10.160.3.154:8021 failed on local exception: java.net.SocketException: Connection refused
	at org.apache.hadoop.ipc.Client.wrapException(Client.java:774)
	at org.apache.hadoop.ipc.Client.call(Client.java:742)
	at org.apache.hadoop.ipc.RPC$Invoker.invoke(RPC.java:220)
	at org.apache.hadoop.mapred.$Proxy0.getProtocolVersion(Unknown Source)
	at org.apache.hadoop.ipc.RPC.getProxy(RPC.java:359)
	at org.apache.hadoop.mapred.JobClient.createRPCProxy(JobClient.java:470)
	at org.apache.hadoop.mapred.JobClient.init(JobClient.java:455)
	at org.apache.hadoop.mapred.JobClient.<init>(JobClient.java:442)
	at org.apache.hadoop.mapreduce.Job.<init>(Job.java:50)
	at org.apache.hadoop.mapreduce.Job.<init>(Job.java:54)
	at hipi.experiments.covariance.Covariance.runMeanCompute(Covariance.java:143)
	at hipi.experiments.covariance.Covariance.run(Covariance.java:217)
	at org.apache.hadoop.util.ToolRunner.run(ToolRunner.java:65)
	at org.apache.hadoop.util.ToolRunner.run(ToolRunner.java:79)
	at hipi.experiments.covariance.Covariance.main(Covariance.java:224)
	at sun.reflect.NativeMethodAccessorImpl.invoke0(Native Method)
	at sun.reflect.NativeMethodAccessorImpl.invoke(NativeMethodAccessorImpl.java:39)
	at sun.reflect.DelegatingMethodAccessorImpl.invoke(DelegatingMethodAccessorImpl.java:25)
	at java.lang.reflect.Method.invoke(Method.java:597)
	at org.apache.hadoop.util.RunJar.main(RunJar.java:156)
Caused by: java.net.SocketException: Connection refused
	at java.net.SocksSocketImpl.connect(SocksSocketImpl.java:405)
	at java.net.Socket.connect(Socket.java:529)
	at org.apache.hadoop.net.NetUtils.connect(NetUtils.java:402)
	at org.apache.hadoop.ipc.Client$Connection.setupIOstreams(Client.java:304)
	at org.apache.hadoop.ipc.Client$Connection.access$1700(Client.java:176)
	at org.apache.hadoop.ipc.Client.getConnection(Client.java:859)
	at org.apache.hadoop.ipc.Client.call(Client.java:719)
	... 18 more
/opt/hadoop/bin/hadoop jar covariance.jar   small_files  0.49s user 0.05s system 5% cpu 10.425 total
11/05/04 01:16:08 INFO ipc.Client: Retrying connect to server: /10.160.3.154:8021. Already tried 0 time(s).
11/05/04 01:16:09 INFO ipc.Client: Retrying connect to server: /10.160.3.154:8021. Already tried 1 time(s).
11/05/04 01:16:10 INFO ipc.Client: Retrying connect to server: /10.160.3.154:8021. Already tried 2 time(s).
11/05/04 01:16:11 INFO ipc.Client: Retrying connect to server: /10.160.3.154:8021. Already tried 3 time(s).
11/05/04 01:16:12 INFO ipc.Client: Retrying connect to server: /10.160.3.154:8021. Already tried 4 time(s).
11/05/04 01:16:13 INFO ipc.Client: Retrying connect to server: /10.160.3.154:8021. Already tried 5 time(s).
11/05/04 01:16:14 INFO ipc.Client: Retrying connect to server: /10.160.3.154:8021. Already tried 6 time(s).
11/05/04 01:16:15 INFO ipc.Client: Retrying connect to server: /10.160.3.154:8021. Already tried 7 time(s).
11/05/04 01:16:16 INFO ipc.Client: Retrying connect to server: /10.160.3.154:8021. Already tried 8 time(s).
11/05/04 01:16:17 INFO ipc.Client: Retrying connect to server: /10.160.3.154:8021. Already tried 9 time(s).
Exception in thread "main" java.io.IOException: Call to /10.160.3.154:8021 failed on local exception: java.net.SocketException: Connection refused
	at org.apache.hadoop.ipc.Client.wrapException(Client.java:774)
	at org.apache.hadoop.ipc.Client.call(Client.java:742)
	at org.apache.hadoop.ipc.RPC$Invoker.invoke(RPC.java:220)
	at org.apache.hadoop.mapred.$Proxy0.getProtocolVersion(Unknown Source)
	at org.apache.hadoop.ipc.RPC.getProxy(RPC.java:359)
	at org.apache.hadoop.mapred.JobClient.createRPCProxy(JobClient.java:470)
	at org.apache.hadoop.mapred.JobClient.init(JobClient.java:455)
	at org.apache.hadoop.mapred.JobClient.<init>(JobClient.java:442)
	at org.apache.hadoop.mapreduce.Job.<init>(Job.java:50)
	at org.apache.hadoop.mapreduce.Job.<init>(Job.java:54)
	at hipi.experiments.covariance.Covariance.runMeanCompute(Covariance.java:143)
	at hipi.experiments.covariance.Covariance.run(Covariance.java:217)
	at org.apache.hadoop.util.ToolRunner.run(ToolRunner.java:65)
	at org.apache.hadoop.util.ToolRunner.run(ToolRunner.java:79)
	at hipi.experiments.covariance.Covariance.main(Covariance.java:224)
	at sun.reflect.NativeMethodAccessorImpl.invoke0(Native Method)
	at sun.reflect.NativeMethodAccessorImpl.invoke(NativeMethodAccessorImpl.java:39)
	at sun.reflect.DelegatingMethodAccessorImpl.invoke(DelegatingMethodAccessorImpl.java:25)
	at java.lang.reflect.Method.invoke(Method.java:597)
	at org.apache.hadoop.util.RunJar.main(RunJar.java:156)
Caused by: java.net.SocketException: Connection refused
	at java.net.SocksSocketImpl.connect(SocksSocketImpl.java:405)
	at java.net.Socket.connect(Socket.java:529)
	at org.apache.hadoop.net.NetUtils.connect(NetUtils.java:402)
	at org.apache.hadoop.ipc.Client$Connection.setupIOstreams(Client.java:304)
	at org.apache.hadoop.ipc.Client$Connection.access$1700(Client.java:176)
	at org.apache.hadoop.ipc.Client.getConnection(Client.java:859)
	at org.apache.hadoop.ipc.Client.call(Client.java:719)
	... 18 more
/opt/hadoop/bin/hadoop jar covariance.jar   small_files  0.48s user 0.04s system 4% cpu 10.400 total
11/05/04 13:19:37 INFO input.FileInputFormat: Total input paths to process : 93
11/05/04 13:19:44 INFO mapred.JobClient: Running job: job_201104211619_4717
11/05/04 13:19:45 INFO mapred.JobClient:  map 0% reduce 0%
11/05/04 13:20:07 INFO mapred.JobClient:  map 9% reduce 0%
11/05/04 13:20:09 INFO mapred.JobClient:  map 100% reduce 0%
11/05/04 13:20:17 INFO mapred.JobClient:  map 100% reduce 30%
11/05/04 13:20:36 INFO mapred.JobClient:  map 100% reduce 100%
11/05/04 13:20:43 INFO mapred.JobClient: Job complete: job_201104211619_4717
11/05/04 13:20:43 INFO mapred.JobClient: Counters: 18
11/05/04 13:20:43 INFO mapred.JobClient:   Job Counters 
11/05/04 13:20:43 INFO mapred.JobClient:     Launched reduce tasks=1
11/05/04 13:20:43 INFO mapred.JobClient:     Rack-local map tasks=81
11/05/04 13:20:43 INFO mapred.JobClient:     Launched map tasks=93
11/05/04 13:20:43 INFO mapred.JobClient:     Data-local map tasks=12
11/05/04 13:20:43 INFO mapred.JobClient:   FileSystemCounters
11/05/04 13:20:43 INFO mapred.JobClient:     FILE_BYTES_READ=708499
11/05/04 13:20:43 INFO mapred.JobClient:     HDFS_BYTES_READ=50342967
11/05/04 13:20:43 INFO mapred.JobClient:     FILE_BYTES_WRITTEN=1405631
11/05/04 13:20:43 INFO mapred.JobClient:     HDFS_BYTES_WRITTEN=9232
11/05/04 13:20:43 INFO mapred.JobClient:   Map-Reduce Framework
11/05/04 13:20:43 INFO mapred.JobClient:     Reduce input groups=1
11/05/04 13:20:43 INFO mapred.JobClient:     Combine output records=93
11/05/04 13:20:43 INFO mapred.JobClient:     Map input records=93
11/05/04 13:20:43 INFO mapred.JobClient:     Reduce shuffle bytes=694156
11/05/04 13:20:43 INFO mapred.JobClient:     Reduce output records=1
11/05/04 13:20:43 INFO mapred.JobClient:     Spilled Records=186
11/05/04 13:20:43 INFO mapred.JobClient:     Map output bytes=858576
11/05/04 13:20:43 INFO mapred.JobClient:     Combine input records=93
11/05/04 13:20:43 INFO mapred.JobClient:     Map output records=93
11/05/04 13:20:43 INFO mapred.JobClient:     Reduce input records=93
11/05/04 13:20:47 INFO input.FileInputFormat: Total input paths to process : 93
11/05/04 13:20:53 INFO mapred.JobClient: Running job: job_201104211619_4718
11/05/04 13:20:54 INFO mapred.JobClient:  map 0% reduce 0%
11/05/04 13:21:04 INFO mapred.JobClient: Task Id : attempt_201104211619_4718_m_000094_0, Status : FAILED
java.lang.Throwable: Child Error
	at org.apache.hadoop.mapred.TaskRunner.run(TaskRunner.java:471)
Caused by: java.io.IOException: Task process exit with nonzero status of 1.
	at org.apache.hadoop.mapred.TaskRunner.run(TaskRunner.java:458)

11/05/04 13:21:04 WARN mapred.JobClient: Error reading task outputvm-10-160-227-58
11/05/04 13:21:04 WARN mapred.JobClient: Error reading task outputvm-10-160-227-58
11/05/04 13:21:13 INFO mapred.JobClient: Task Id : attempt_201104211619_4718_r_000002_0, Status : FAILED
java.lang.Throwable: Child Error
	at org.apache.hadoop.mapred.TaskRunner.run(TaskRunner.java:471)
Caused by: java.io.IOException: Task process exit with nonzero status of 1.
	at org.apache.hadoop.mapred.TaskRunner.run(TaskRunner.java:458)

11/05/04 13:21:13 WARN mapred.JobClient: Error reading task outputvm-10-160-227-58
11/05/04 13:21:13 WARN mapred.JobClient: Error reading task outputvm-10-160-227-58
11/05/04 13:21:41 INFO mapred.JobClient:  map 1% reduce 0%
11/05/04 13:21:42 INFO mapred.JobClient:  map 5% reduce 0%
11/05/04 13:21:51 INFO mapred.JobClient:  map 84% reduce 0%
11/05/04 13:21:52 INFO mapred.JobClient:  map 98% reduce 0%
11/05/04 13:22:01 INFO mapred.JobClient:  map 100% reduce 0%
11/05/04 13:22:08 INFO mapred.JobClient:  map 100% reduce 7%
11/05/04 13:22:18 INFO mapred.JobClient:  map 100% reduce 15%
11/05/04 13:22:27 INFO mapred.JobClient:  map 100% reduce 19%
11/05/04 13:22:36 INFO mapred.JobClient:  map 100% reduce 23%
11/05/04 13:22:45 INFO mapred.JobClient:  map 100% reduce 27%
11/05/04 13:22:55 INFO mapred.JobClient:  map 100% reduce 29%
11/05/04 13:23:04 INFO mapred.JobClient:  map 100% reduce 31%
11/05/04 13:23:13 INFO mapred.JobClient:  map 100% reduce 32%
11/05/04 13:23:22 INFO mapred.JobClient:  map 100% reduce 33%
11/05/04 13:23:58 INFO mapred.JobClient:  map 100% reduce 100%
11/05/04 13:24:06 INFO mapred.JobClient: Job complete: job_201104211619_4718
11/05/04 13:24:06 INFO mapred.JobClient: Counters: 18
11/05/04 13:24:06 INFO mapred.JobClient:   Job Counters 
11/05/04 13:24:06 INFO mapred.JobClient:     Launched reduce tasks=1
11/05/04 13:24:06 INFO mapred.JobClient:     Rack-local map tasks=82
11/05/04 13:24:06 INFO mapred.JobClient:     Launched map tasks=94
11/05/04 13:24:06 INFO mapred.JobClient:     Data-local map tasks=12
11/05/04 13:24:06 INFO mapred.JobClient:   FileSystemCounters
11/05/04 13:24:06 INFO mapred.JobClient:     FILE_BYTES_READ=238672990
11/05/04 13:24:06 INFO mapred.JobClient:     HDFS_BYTES_READ=50342967
11/05/04 13:24:06 INFO mapred.JobClient:     FILE_BYTES_WRITTEN=2081334464
11/05/04 13:24:06 INFO mapred.JobClient:     HDFS_BYTES_WRITTEN=21233680
11/05/04 13:24:06 INFO mapred.JobClient:   Map-Reduce Framework
11/05/04 13:24:06 INFO mapred.JobClient:     Reduce input groups=1
11/05/04 13:24:06 INFO mapred.JobClient:     Combine output records=95
11/05/04 13:24:06 INFO mapred.JobClient:     Map input records=93
11/05/04 13:24:06 INFO mapred.JobClient:     Reduce shuffle bytes=1823712790
11/05/04 13:24:06 INFO mapred.JobClient:     Reduce output records=1
11/05/04 13:24:06 INFO mapred.JobClient:     Spilled Records=105
11/05/04 13:24:06 INFO mapred.JobClient:     Map output bytes=1974732240
11/05/04 13:24:06 INFO mapred.JobClient:     Combine input records=176
11/05/04 13:24:06 INFO mapred.JobClient:     Map output records=93
11/05/04 13:24:06 INFO mapred.JobClient:     Reduce input records=12
/opt/hadoop/bin/hadoop jar covariance.jar   small_files  2.18s user 0.13s system 0% cpu 4:33.36 total
11/05/04 19:08:22 INFO input.FileInputFormat: Total input paths to process : 93
11/05/04 19:08:29 INFO mapred.JobClient: Running job: job_201104211619_4752
11/05/04 19:08:30 INFO mapred.JobClient:  map 0% reduce 0%
11/05/04 19:08:52 INFO mapred.JobClient:  map 5% reduce 0%
11/05/04 19:08:53 INFO mapred.JobClient:  map 84% reduce 0%
11/05/04 19:08:54 INFO mapred.JobClient:  map 100% reduce 0%
11/05/04 19:09:02 INFO mapred.JobClient:  map 100% reduce 5%
11/05/04 19:09:21 INFO mapred.JobClient:  map 100% reduce 100%
11/05/04 19:09:29 INFO mapred.JobClient: Job complete: job_201104211619_4752
11/05/04 19:09:29 INFO mapred.JobClient: Counters: 18
11/05/04 19:09:29 INFO mapred.JobClient:   Job Counters 
11/05/04 19:09:29 INFO mapred.JobClient:     Launched reduce tasks=1
11/05/04 19:09:29 INFO mapred.JobClient:     Rack-local map tasks=79
11/05/04 19:09:29 INFO mapred.JobClient:     Launched map tasks=93
11/05/04 19:09:29 INFO mapred.JobClient:     Data-local map tasks=14
11/05/04 19:09:29 INFO mapred.JobClient:   FileSystemCounters
11/05/04 19:09:29 INFO mapred.JobClient:     FILE_BYTES_READ=707007
11/05/04 19:09:29 INFO mapred.JobClient:     HDFS_BYTES_READ=50342967
11/05/04 19:09:29 INFO mapred.JobClient:     FILE_BYTES_WRITTEN=1404139
11/05/04 19:09:29 INFO mapred.JobClient:     HDFS_BYTES_WRITTEN=9232
11/05/04 19:09:29 INFO mapred.JobClient:   Map-Reduce Framework
11/05/04 19:09:29 INFO mapred.JobClient:     Reduce input groups=1
11/05/04 19:09:29 INFO mapred.JobClient:     Combine output records=93
11/05/04 19:09:29 INFO mapred.JobClient:     Map input records=93
11/05/04 19:09:29 INFO mapred.JobClient:     Reduce shuffle bytes=686602
11/05/04 19:09:29 INFO mapred.JobClient:     Reduce output records=1
11/05/04 19:09:29 INFO mapred.JobClient:     Spilled Records=186
11/05/04 19:09:29 INFO mapred.JobClient:     Map output bytes=858576
11/05/04 19:09:29 INFO mapred.JobClient:     Combine input records=93
11/05/04 19:09:29 INFO mapred.JobClient:     Map output records=93
11/05/04 19:09:29 INFO mapred.JobClient:     Reduce input records=93
11/05/04 19:09:32 INFO input.FileInputFormat: Total input paths to process : 93
11/05/04 19:09:39 INFO mapred.JobClient: Running job: job_201104211619_4753
11/05/04 19:09:40 INFO mapred.JobClient:  map 0% reduce 0%
11/05/04 19:10:11 INFO mapred.JobClient:  map 1% reduce 0%
11/05/04 19:10:19 INFO mapred.JobClient:  map 30% reduce 0%
11/05/04 19:10:20 INFO mapred.JobClient:  map 99% reduce 0%
11/05/04 19:10:30 INFO mapred.JobClient:  map 100% reduce 0%
11/05/04 19:10:46 INFO mapred.JobClient:  map 100% reduce 2%
11/05/04 19:10:56 INFO mapred.JobClient:  map 100% reduce 5%
11/05/04 19:11:05 INFO mapred.JobClient:  map 100% reduce 8%
11/05/04 19:11:16 INFO mapred.JobClient:  map 100% reduce 11%
11/05/04 19:11:24 INFO mapred.JobClient:  map 100% reduce 14%
11/05/04 19:11:33 INFO mapred.JobClient:  map 100% reduce 16%
11/05/04 19:11:43 INFO mapred.JobClient:  map 100% reduce 18%
11/05/04 19:11:52 INFO mapred.JobClient:  map 100% reduce 20%
11/05/04 19:12:01 INFO mapred.JobClient:  map 100% reduce 21%
11/05/04 19:12:11 INFO mapred.JobClient:  map 100% reduce 22%
11/05/04 19:12:21 INFO mapred.JobClient:  map 100% reduce 24%
11/05/04 19:12:30 INFO mapred.JobClient:  map 100% reduce 26%
11/05/04 19:12:40 INFO mapred.JobClient:  map 100% reduce 27%
11/05/04 19:12:48 INFO mapred.JobClient:  map 100% reduce 29%
11/05/04 19:12:57 INFO mapred.JobClient:  map 100% reduce 30%
11/05/04 19:13:08 INFO mapred.JobClient:  map 100% reduce 31%
11/05/04 19:13:17 INFO mapred.JobClient:  map 100% reduce 32%
11/05/04 19:13:35 INFO mapred.JobClient:  map 100% reduce 33%
11/05/04 19:14:03 INFO mapred.JobClient:  map 100% reduce 93%
11/05/04 19:14:21 INFO mapred.JobClient:  map 100% reduce 100%
11/05/04 19:14:30 INFO mapred.JobClient: Job complete: job_201104211619_4753
11/05/04 19:14:30 INFO mapred.JobClient: Counters: 18
11/05/04 19:14:30 INFO mapred.JobClient:   Job Counters 
11/05/04 19:14:30 INFO mapred.JobClient:     Launched reduce tasks=1
11/05/04 19:14:30 INFO mapred.JobClient:     Rack-local map tasks=81
11/05/04 19:14:30 INFO mapred.JobClient:     Launched map tasks=93
11/05/04 19:14:30 INFO mapred.JobClient:     Data-local map tasks=12
11/05/04 19:14:30 INFO mapred.JobClient:   FileSystemCounters
11/05/04 19:14:30 INFO mapred.JobClient:     FILE_BYTES_READ=218900778
11/05/04 19:14:30 INFO mapred.JobClient:     HDFS_BYTES_READ=50342967
11/05/04 19:14:30 INFO mapred.JobClient:     FILE_BYTES_WRITTEN=2061561250
11/05/04 19:14:30 INFO mapred.JobClient:     HDFS_BYTES_WRITTEN=21233680
11/05/04 19:14:30 INFO mapred.JobClient:   Map-Reduce Framework
11/05/04 19:14:30 INFO mapred.JobClient:     Reduce input groups=1
11/05/04 19:14:30 INFO mapred.JobClient:     Combine output records=95
11/05/04 19:14:30 INFO mapred.JobClient:     Map input records=93
11/05/04 19:14:30 INFO mapred.JobClient:     Reduce shuffle bytes=1823710363
11/05/04 19:14:30 INFO mapred.JobClient:     Reduce output records=1
11/05/04 19:14:30 INFO mapred.JobClient:     Spilled Records=104
11/05/04 19:14:30 INFO mapred.JobClient:     Map output bytes=1974732240
11/05/04 19:14:30 INFO mapred.JobClient:     Combine input records=177
11/05/04 19:14:30 INFO mapred.JobClient:     Map output records=93
11/05/04 19:14:30 INFO mapred.JobClient:     Reduce input records=11
/opt/hadoop/bin/hadoop jar covariance.jar   small_files  2.36s user 0.17s system 0% cpu 6:12.66 total
