11/04/30 15:59:45 INFO input.FileInputFormat: Total input paths to process : 1
11/04/30 15:59:45 INFO imagebundle.AbstractImageBundle: Attempting to access file 10000.hib with mode 1
11/04/30 15:59:45 INFO imagebundle.AbstractImageBundle: Attempting to open file 10000.hib for reading
37 tasks spawned
11/04/30 15:59:51 INFO mapred.JobClient: Running job: job_201104211619_3090
11/04/30 15:59:52 INFO mapred.JobClient:  map 0% reduce 0%
11/04/30 16:00:23 INFO mapred.JobClient:  map 16% reduce 0%
11/04/30 16:00:24 INFO mapred.JobClient:  map 18% reduce 0%
11/04/30 16:00:32 INFO mapred.JobClient:  map 31% reduce 0%
11/04/30 16:00:33 INFO mapred.JobClient:  map 34% reduce 0%
11/04/30 16:00:41 INFO mapred.JobClient:  map 45% reduce 0%
11/04/30 16:00:42 INFO mapred.JobClient:  map 49% reduce 0%
11/04/30 16:00:43 INFO mapred.JobClient:  map 50% reduce 0%
11/04/30 16:00:50 INFO mapred.JobClient:  map 63% reduce 0%
11/04/30 16:00:52 INFO mapred.JobClient:  map 66% reduce 0%
11/04/30 16:00:59 INFO mapred.JobClient:  map 80% reduce 0%
11/04/30 16:01:00 INFO mapred.JobClient:  map 82% reduce 0%
11/04/30 16:01:08 INFO mapred.JobClient:  map 92% reduce 0%
11/04/30 16:01:09 INFO mapred.JobClient:  map 93% reduce 0%
11/04/30 16:01:10 INFO mapred.JobClient:  map 94% reduce 0%
11/04/30 16:01:17 INFO mapred.JobClient:  map 95% reduce 0%
11/04/30 16:01:18 INFO mapred.JobClient:  map 96% reduce 22%
11/04/30 16:01:19 INFO mapred.JobClient:  map 97% reduce 22%
11/04/30 16:01:27 INFO mapred.JobClient:  map 98% reduce 31%
11/04/30 16:01:39 INFO mapred.JobClient:  map 99% reduce 31%
11/04/30 16:01:45 INFO mapred.JobClient:  map 99% reduce 32%
11/04/30 16:02:05 INFO mapred.JobClient:  map 100% reduce 32%
11/04/30 16:02:29 INFO mapred.JobClient:  map 100% reduce 100%
11/04/30 16:02:38 INFO mapred.JobClient: Job complete: job_201104211619_3090
11/04/30 16:02:38 INFO mapred.JobClient: Counters: 18
11/04/30 16:02:38 INFO mapred.JobClient:   Job Counters 
11/04/30 16:02:38 INFO mapred.JobClient:     Launched reduce tasks=1
11/04/30 16:02:38 INFO mapred.JobClient:     Rack-local map tasks=39
11/04/30 16:02:38 INFO mapred.JobClient:     Launched map tasks=40
11/04/30 16:02:38 INFO mapred.JobClient:     Data-local map tasks=1
11/04/30 16:02:38 INFO mapred.JobClient:   FileSystemCounters
11/04/30 16:02:38 INFO mapred.JobClient:     FILE_BYTES_READ=243114
11/04/30 16:02:38 INFO mapred.JobClient:     HDFS_BYTES_READ=4897121275
11/04/30 16:02:38 INFO mapred.JobClient:     FILE_BYTES_WRITTEN=487731
11/04/30 16:02:38 INFO mapred.JobClient:     HDFS_BYTES_WRITTEN=9232
11/04/30 16:02:38 INFO mapred.JobClient:   Map-Reduce Framework
11/04/30 16:02:38 INFO mapred.JobClient:     Reduce input groups=1
11/04/30 16:02:38 INFO mapred.JobClient:     Combine output records=37
11/04/30 16:02:38 INFO mapred.JobClient:     Map input records=9331
11/04/30 16:02:38 INFO mapred.JobClient:     Reduce shuffle bytes=237051
11/04/30 16:02:38 INFO mapred.JobClient:     Reduce output records=1
11/04/30 16:02:38 INFO mapred.JobClient:     Spilled Records=74
11/04/30 16:02:38 INFO mapred.JobClient:     Map output bytes=86125328
11/04/30 16:02:38 INFO mapred.JobClient:     Combine input records=9329
11/04/30 16:02:38 INFO mapred.JobClient:     Map output records=9329
11/04/30 16:02:38 INFO mapred.JobClient:     Reduce input records=37
11/04/30 16:02:41 INFO input.FileInputFormat: Total input paths to process : 1
11/04/30 16:02:41 INFO imagebundle.AbstractImageBundle: Attempting to access file 10000.hib with mode 1
11/04/30 16:02:41 INFO imagebundle.AbstractImageBundle: Attempting to open file 10000.hib for reading
37 tasks spawned
11/04/30 16:02:46 INFO mapred.JobClient: Running job: job_201104211619_3092
11/04/30 16:02:47 INFO mapred.JobClient:  map 0% reduce 0%
11/04/30 16:03:34 INFO mapred.JobClient:  map 1% reduce 0%
11/04/30 16:03:44 INFO mapred.JobClient:  map 2% reduce 0%
11/04/30 16:04:19 INFO mapred.JobClient:  map 3% reduce 0%
11/04/30 16:04:39 INFO mapred.JobClient:  map 4% reduce 0%
11/04/30 16:05:05 INFO mapred.JobClient:  map 5% reduce 0%
11/04/30 16:05:23 INFO mapred.JobClient:  map 6% reduce 0%
11/04/30 16:05:50 INFO mapred.JobClient:  map 7% reduce 0%
11/04/30 16:06:33 INFO mapred.JobClient:  map 8% reduce 0%
11/04/30 16:06:43 INFO mapred.JobClient:  map 9% reduce 0%
11/04/30 16:07:09 INFO mapred.JobClient:  map 10% reduce 0%
11/04/30 16:07:37 INFO mapred.JobClient:  map 11% reduce 0%
11/04/30 16:08:04 INFO mapred.JobClient:  map 12% reduce 0%
11/04/30 16:08:31 INFO mapred.JobClient:  map 13% reduce 0%
11/04/30 16:08:59 INFO mapred.JobClient:  map 14% reduce 0%
11/04/30 16:09:26 INFO mapred.JobClient:  map 15% reduce 0%
11/04/30 16:09:53 INFO mapred.JobClient:  map 16% reduce 0%
11/04/30 16:10:19 INFO mapred.JobClient:  map 17% reduce 0%
11/04/30 16:10:47 INFO mapred.JobClient:  map 18% reduce 0%
11/04/30 16:11:14 INFO mapred.JobClient:  map 19% reduce 0%
11/04/30 16:11:41 INFO mapred.JobClient:  map 20% reduce 0%
11/04/30 16:12:01 INFO mapred.JobClient:  map 21% reduce 0%
11/04/30 16:12:36 INFO mapred.JobClient:  map 22% reduce 0%
11/04/30 16:13:03 INFO mapred.JobClient:  map 23% reduce 0%
11/04/30 16:13:38 INFO mapred.JobClient:  map 24% reduce 0%
11/04/30 16:14:00 INFO mapred.JobClient:  map 25% reduce 0%
11/04/30 16:14:34 INFO mapred.JobClient:  map 26% reduce 0%
11/04/30 16:15:18 INFO mapred.JobClient:  map 27% reduce 0%
11/04/30 16:15:47 INFO mapred.JobClient:  map 28% reduce 0%
11/04/30 16:16:14 INFO mapred.JobClient:  map 29% reduce 0%
11/04/30 16:16:49 INFO mapred.JobClient:  map 30% reduce 0%
11/04/30 16:17:25 INFO mapred.JobClient:  map 31% reduce 0%
11/04/30 16:18:00 INFO mapred.JobClient:  map 32% reduce 0%
11/04/30 16:18:37 INFO mapred.JobClient:  map 33% reduce 0%
11/04/30 16:19:07 INFO mapred.JobClient:  map 34% reduce 0%
11/04/30 16:19:41 INFO mapred.JobClient:  map 35% reduce 0%
11/04/30 16:20:00 INFO mapred.JobClient:  map 36% reduce 0%
11/04/30 16:20:30 INFO mapred.JobClient:  map 37% reduce 0%
11/04/30 16:21:06 INFO mapred.JobClient:  map 38% reduce 0%
11/04/30 16:21:40 INFO mapred.JobClient:  map 39% reduce 0%
11/04/30 16:22:09 INFO mapred.JobClient:  map 40% reduce 0%
11/04/30 16:22:42 INFO mapred.JobClient:  map 41% reduce 0%
11/04/30 16:23:10 INFO mapred.JobClient:  map 42% reduce 0%
11/04/30 16:23:38 INFO mapred.JobClient:  map 43% reduce 0%
11/04/30 16:24:11 INFO mapred.JobClient:  map 44% reduce 0%
11/04/30 16:24:35 INFO mapred.JobClient:  map 45% reduce 0%
11/04/30 16:24:59 INFO mapred.JobClient:  map 46% reduce 0%
11/04/30 16:25:35 INFO mapred.JobClient:  map 47% reduce 0%
11/04/30 16:26:03 INFO mapred.JobClient:  map 48% reduce 0%
11/04/30 16:26:33 INFO mapred.JobClient:  map 49% reduce 0%
11/04/30 16:27:06 INFO mapred.JobClient:  map 50% reduce 0%
11/04/30 16:27:36 INFO mapred.JobClient:  map 51% reduce 0%
11/04/30 16:28:12 INFO mapred.JobClient:  map 52% reduce 0%
11/04/30 16:28:37 INFO mapred.JobClient:  map 53% reduce 0%
11/04/30 16:29:13 INFO mapred.JobClient:  map 54% reduce 0%
11/04/30 16:29:14 INFO mapred.JobClient:  map 54% reduce 1%
11/04/30 16:29:48 INFO mapred.JobClient:  map 55% reduce 1%
11/04/30 16:30:19 INFO mapred.JobClient:  map 56% reduce 1%
11/04/30 16:30:53 INFO mapred.JobClient:  map 57% reduce 1%
11/04/30 16:31:20 INFO mapred.JobClient:  map 58% reduce 1%
11/04/30 16:31:54 INFO mapred.JobClient:  map 59% reduce 1%
11/04/30 16:31:57 INFO mapred.JobClient:  map 59% reduce 2%
11/04/30 16:32:32 INFO mapred.JobClient:  map 60% reduce 2%
11/04/30 16:33:01 INFO mapred.JobClient:  map 61% reduce 2%
11/04/30 16:33:29 INFO mapred.JobClient:  map 62% reduce 2%
11/04/30 16:34:04 INFO mapred.JobClient:  map 63% reduce 2%
11/04/30 16:34:40 INFO mapred.JobClient:  map 64% reduce 2%
11/04/30 16:35:24 INFO mapred.JobClient:  map 65% reduce 2%
11/04/30 16:36:01 INFO mapred.JobClient:  map 66% reduce 2%
11/04/30 16:36:37 INFO mapred.JobClient:  map 67% reduce 2%
11/04/30 16:37:14 INFO mapred.JobClient:  map 68% reduce 2%
11/04/30 16:37:50 INFO mapred.JobClient:  map 69% reduce 2%
11/04/30 16:38:00 INFO mapred.JobClient:  map 69% reduce 3%
11/04/30 16:38:27 INFO mapred.JobClient:  map 70% reduce 3%
11/04/30 16:39:20 INFO mapred.JobClient:  map 71% reduce 3%
11/04/30 16:40:06 INFO mapred.JobClient:  map 72% reduce 3%
11/04/30 16:41:00 INFO mapred.JobClient:  map 73% reduce 4%
11/04/30 16:41:36 INFO mapred.JobClient:  map 73% reduce 5%
11/04/30 16:41:48 INFO mapred.JobClient:  map 74% reduce 5%
11/04/30 16:42:34 INFO mapred.JobClient:  map 75% reduce 5%
11/04/30 16:43:07 INFO mapred.JobClient:  map 76% reduce 5%
11/04/30 16:43:52 INFO mapred.JobClient:  map 77% reduce 5%
11/04/30 16:44:27 INFO mapred.JobClient:  map 78% reduce 5%
11/04/30 16:44:55 INFO mapred.JobClient:  map 78% reduce 6%
11/04/30 16:45:13 INFO mapred.JobClient:  map 79% reduce 6%
11/04/30 16:45:22 INFO mapred.JobClient:  map 79% reduce 7%
11/04/30 16:46:01 INFO mapred.JobClient:  map 80% reduce 7%
11/04/30 16:46:53 INFO mapred.JobClient:  map 81% reduce 7%
11/04/30 16:47:39 INFO mapred.JobClient:  map 82% reduce 8%
11/04/30 16:48:29 INFO mapred.JobClient:  map 83% reduce 8%
11/04/30 16:49:28 INFO mapred.JobClient:  map 84% reduce 8%
11/04/30 16:49:46 INFO mapred.JobClient:  map 84% reduce 9%
11/04/30 16:50:25 INFO mapred.JobClient:  map 85% reduce 9%
11/04/30 16:51:22 INFO mapred.JobClient:  map 86% reduce 9%
11/04/30 16:52:20 INFO mapred.JobClient:  map 87% reduce 9%
11/04/30 16:53:15 INFO mapred.JobClient:  map 88% reduce 9%
11/04/30 16:53:22 INFO mapred.JobClient:  map 88% reduce 10%
11/04/30 16:53:59 INFO mapred.JobClient:  map 89% reduce 10%
11/04/30 16:54:42 INFO mapred.JobClient:  map 90% reduce 10%
11/04/30 16:55:20 INFO mapred.JobClient:  map 90% reduce 11%
11/04/30 16:55:37 INFO mapred.JobClient:  map 91% reduce 11%
11/04/30 16:56:33 INFO mapred.JobClient:  map 92% reduce 11%
11/04/30 16:56:42 INFO mapred.JobClient:  map 92% reduce 12%
11/04/30 16:57:00 INFO mapred.JobClient:  map 92% reduce 13%
11/04/30 16:57:19 INFO mapred.JobClient:  map 92% reduce 14%
11/04/30 16:57:38 INFO mapred.JobClient: Task Id : attempt_201104211619_3092_m_000005_0, Status : FAILED
java.io.IOException: Cannot run program "bash": java.io.IOException: error=12, Cannot allocate memory
	at java.lang.ProcessBuilder.start(ProcessBuilder.java:459)
	at org.apache.hadoop.util.Shell.runCommand(Shell.java:149)
	at org.apache.hadoop.util.Shell.run(Shell.java:134)
	at org.apache.hadoop.fs.DF.getAvailable(DF.java:73)
	at org.apache.hadoop.fs.LocalDirAllocator$AllocatorPerContext.getLocalPathForWrite(LocalDirAllocator.java:329)
	at org.apache.hadoop.fs.LocalDirAllocator.getLocalPathForWrite(LocalDirAllocator.java:124)
	at org.apache.hadoop.mapred.Merger$MergeQueue.merge(Merger.java:492)
	at org.apache.hadoop.mapred.Merger$MergeQueue.merge(Merger.java:381)
	at org.apache.hadoop.mapred.Merger.merge(Merger.java:77)
	at org.apache.hadoop.mapred.MapTask$MapOutputBuffer.mergeParts(MapTask.java:1484)
	at org.apache.hadoop.mapred.MapTask$MapOutputBuffer.flush(MapTask.java:1116)
	at org.apache.hadoop.mapred.MapTask$NewOutputCollector.close(MapTask.java:512)
	at org.apache.hadoop.mapred.MapTask.runNewMapper(MapTask.java:585)
	at org.apache.hadoop.mapred.MapTask.run(MapTask.java:305)
	at org.apache.hadoop.mapred.Child.main(Child.java:170)
Caused by: java.io.IOException: java.io.IOException: error=12, Cannot allocate memory
	at java.lang.UNIXProcess.<init>(UNIXProcess.java:148)
	at java.lang.ProcessImpl.start(ProcessImpl.java:65)
	at java.lang.ProcessBuilder.start(ProcessBuilder.java:452)
	... 14 more

11/04/30 16:57:39 WARN mapred.JobClient: Error reading task outputvm-10-160-220-226
11/04/30 16:57:39 WARN mapred.JobClient: Error reading task outputvm-10-160-220-226
11/04/30 16:57:40 INFO mapred.JobClient:  map 90% reduce 14%
11/04/30 16:58:33 INFO mapred.JobClient:  map 91% reduce 14%
11/04/30 16:59:52 INFO mapred.JobClient:  map 92% reduce 15%
11/04/30 17:01:50 INFO mapred.JobClient:  map 93% reduce 16%
11/04/30 17:02:09 INFO mapred.JobClient:  map 93% reduce 17%
11/04/30 17:02:36 INFO mapred.JobClient:  map 93% reduce 18%
11/04/30 17:04:52 INFO mapred.JobClient:  map 93% reduce 19%
11/04/30 17:04:54 INFO mapred.JobClient:  map 94% reduce 19%
11/04/30 17:05:00 INFO mapred.JobClient:  map 94% reduce 20%
11/04/30 17:05:27 INFO mapred.JobClient:  map 94% reduce 22%
11/04/30 17:06:49 INFO mapred.JobClient:  map 94% reduce 23%
11/04/30 17:08:11 INFO mapred.JobClient:  map 94% reduce 24%
11/04/30 17:08:47 INFO mapred.JobClient:  map 94% reduce 25%
11/04/30 17:09:13 INFO mapred.JobClient:  map 95% reduce 25%
11/04/30 17:09:23 INFO mapred.JobClient:  map 95% reduce 26%
11/04/30 17:12:44 INFO mapred.JobClient:  map 96% reduce 26%
11/04/30 17:17:05 INFO mapred.JobClient:  map 96% reduce 27%
11/04/30 17:17:27 INFO mapred.JobClient:  map 97% reduce 27%
11/04/30 17:19:22 INFO mapred.JobClient: Task Id : attempt_201104211619_3092_m_000031_0, Status : FAILED
java.io.IOException: Cannot run program "bash": java.io.IOException: error=12, Cannot allocate memory
	at java.lang.ProcessBuilder.start(ProcessBuilder.java:459)
	at org.apache.hadoop.util.Shell.runCommand(Shell.java:149)
	at org.apache.hadoop.util.Shell.run(Shell.java:134)
	at org.apache.hadoop.fs.DF.getAvailable(DF.java:73)
	at org.apache.hadoop.fs.LocalDirAllocator$AllocatorPerContext.getLocalPathForWrite(LocalDirAllocator.java:329)
	at org.apache.hadoop.fs.LocalDirAllocator.getLocalPathForWrite(LocalDirAllocator.java:124)
	at org.apache.hadoop.mapred.Merger$MergeQueue.merge(Merger.java:492)
	at org.apache.hadoop.mapred.Merger$MergeQueue.merge(Merger.java:381)
	at org.apache.hadoop.mapred.Merger.merge(Merger.java:77)
	at org.apache.hadoop.mapred.MapTask$MapOutputBuffer.mergeParts(MapTask.java:1484)
	at org.apache.hadoop.mapred.MapTask$MapOutputBuffer.flush(MapTask.java:1116)
	at org.apache.hadoop.mapred.MapTask$NewOutputCollector.close(MapTask.java:512)
	at org.apache.hadoop.mapred.MapTask.runNewMapper(MapTask.java:585)
	at org.apache.hadoop.mapred.MapTask.run(MapTask.java:305)
	at org.apache.hadoop.mapred.Child.main(Child.java:170)
Caused by: java.io.IOException: java.io.IOException: error=12, Cannot allocate memory
	at java.lang.UNIXProcess.<init>(UNIXProcess.java:148)
	at java.lang.ProcessImpl.start(ProcessImpl.java:65)
	at java.lang.ProcessBuilder.start(ProcessBuilder.java:452)
	... 14 more

11/04/30 17:19:22 WARN mapred.JobClient: Error reading task outputvm-10-160-222-54
11/04/30 17:19:22 WARN mapred.JobClient: Error reading task outputvm-10-160-222-54
11/04/30 17:19:23 INFO mapred.JobClient:  map 94% reduce 27%
11/04/30 17:22:58 INFO mapred.JobClient:  map 94% reduce 28%
11/04/30 17:25:05 INFO mapred.JobClient:  map 94% reduce 29%
11/04/30 17:25:42 INFO mapred.JobClient:  map 94% reduce 30%
11/04/30 17:26:27 INFO mapred.JobClient:  map 94% reduce 31%
11/04/30 17:30:05 INFO mapred.JobClient:  map 95% reduce 31%
11/04/30 17:42:47 INFO mapred.JobClient:  map 96% reduce 31%
11/04/30 17:55:43 INFO mapred.JobClient:  map 97% reduce 31%
11/04/30 18:11:00 INFO mapred.JobClient:  map 98% reduce 31%
11/04/30 18:23:29 INFO mapred.JobClient:  map 98% reduce 32%
11/04/30 18:26:26 INFO mapred.JobClient:  map 99% reduce 32%
11/04/30 18:36:43 INFO mapred.JobClient:  map 100% reduce 32%
11/04/30 18:42:57 INFO mapred.JobClient:  map 100% reduce 33%
11/04/30 18:44:37 INFO mapred.JobClient:  map 100% reduce 76%
11/04/30 18:44:46 INFO mapred.JobClient:  map 100% reduce 90%
11/04/30 18:45:05 INFO mapred.JobClient:  map 100% reduce 100%
11/04/30 18:45:13 INFO mapred.JobClient: Job complete: job_201104211619_3092
11/04/30 18:45:14 INFO mapred.JobClient: Counters: 18
11/04/30 18:45:14 INFO mapred.JobClient:   Job Counters 
11/04/30 18:45:14 INFO mapred.JobClient:     Launched reduce tasks=1
11/04/30 18:45:14 INFO mapred.JobClient:     Rack-local map tasks=39
11/04/30 18:45:14 INFO mapred.JobClient:     Launched map tasks=44
11/04/30 18:45:14 INFO mapred.JobClient:     Data-local map tasks=5
11/04/30 18:45:14 INFO mapred.JobClient:   FileSystemCounters
11/04/30 18:45:14 INFO mapred.JobClient:     FILE_BYTES_READ=91141262870
11/04/30 18:45:14 INFO mapred.JobClient:     HDFS_BYTES_READ=4897121275
11/04/30 18:45:14 INFO mapred.JobClient:     FILE_BYTES_WRITTEN=91874237587
11/04/30 18:45:14 INFO mapred.JobClient:     HDFS_BYTES_WRITTEN=21233680
11/04/30 18:45:14 INFO mapred.JobClient:   Map-Reduce Framework
11/04/30 18:45:14 INFO mapred.JobClient:     Reduce input groups=1
11/04/30 18:45:14 INFO mapred.JobClient:     Combine output records=2385
11/04/30 18:45:14 INFO mapred.JobClient:     Map input records=9331
11/04/30 18:45:14 INFO mapred.JobClient:     Reduce shuffle bytes=713499463
11/04/30 18:45:14 INFO mapred.JobClient:     Reduce output records=1
11/04/30 18:45:14 INFO mapred.JobClient:     Spilled Records=4640
11/04/30 18:45:14 INFO mapred.JobClient:     Map output bytes=198089000720
11/04/30 18:45:14 INFO mapred.JobClient:     Combine input records=11677
11/04/30 18:45:14 INFO mapred.JobClient:     Map output records=9329
11/04/30 18:45:14 INFO mapred.JobClient:     Reduce input records=37
/opt/hadoop/bin/hadoop jar covariance.jar   hib  11.55s user 3.22s system 0% cpu 2:45:32.02 total
11/05/02 07:41:56 INFO input.FileInputFormat: Total input paths to process : 1
11/05/02 07:41:56 INFO imagebundle.AbstractImageBundle: Attempting to access file 10000.hib with mode 1
11/05/02 07:41:56 INFO imagebundle.AbstractImageBundle: Attempting to open file 10000.hib for reading
37 tasks spawned
11/05/02 07:42:02 INFO mapred.JobClient: Running job: job_201104211619_3465
11/05/02 07:42:03 INFO mapred.JobClient:  map 0% reduce 0%
11/05/02 07:42:33 INFO mapred.JobClient:  map 2% reduce 0%
11/05/02 07:42:33 INFO mapred.JobClient: Task Id : attempt_201104211619_3465_m_000007_0, Status : FAILED
java.lang.Throwable: Child Error
	at org.apache.hadoop.mapred.TaskRunner.run(TaskRunner.java:471)
Caused by: java.io.IOException: Task process exit with nonzero status of 1.
	at org.apache.hadoop.mapred.TaskRunner.run(TaskRunner.java:458)

java.lang.Throwable: Child Error
	at org.apache.hadoop.mapred.TaskRunner.run(TaskRunner.java:471)
Caused by: java.io.IOException: Task process exit with nonzero status of 1.
	at org.apache.hadoop.mapred.TaskRunner.run(TaskRunner.java:458)

11/05/02 07:42:33 WARN mapred.JobClient: Error reading task outputvm-10-160-218-46
11/05/02 07:42:33 WARN mapred.JobClient: Error reading task outputvm-10-160-218-46
11/05/02 07:42:34 INFO mapred.JobClient:  map 18% reduce 0%
11/05/02 07:42:42 INFO mapred.JobClient:  map 23% reduce 0%
11/05/02 07:42:43 INFO mapred.JobClient:  map 34% reduce 0%
11/05/02 07:42:52 INFO mapred.JobClient:  map 49% reduce 0%
11/05/02 07:42:53 INFO mapred.JobClient:  map 50% reduce 0%
11/05/02 07:43:00 INFO mapred.JobClient:  map 63% reduce 0%
11/05/02 07:43:01 INFO mapred.JobClient:  map 66% reduce 0%
11/05/02 07:43:09 INFO mapred.JobClient:  map 72% reduce 0%
11/05/02 07:43:10 INFO mapred.JobClient:  map 83% reduce 0%
11/05/02 07:43:19 INFO mapred.JobClient:  map 95% reduce 0%
11/05/02 07:43:27 INFO mapred.JobClient:  map 98% reduce 4%
11/05/02 07:43:29 INFO mapred.JobClient:  map 99% reduce 4%
11/05/02 07:43:37 INFO mapred.JobClient:  map 100% reduce 30%
11/05/02 07:43:55 INFO mapred.JobClient:  map 100% reduce 100%
11/05/02 07:44:03 INFO mapred.JobClient: Job complete: job_201104211619_3465
11/05/02 07:44:04 INFO mapred.JobClient: Counters: 18
11/05/02 07:44:04 INFO mapred.JobClient:   Job Counters 
11/05/02 07:44:04 INFO mapred.JobClient:     Launched reduce tasks=1
11/05/02 07:44:04 INFO mapred.JobClient:     Rack-local map tasks=38
11/05/02 07:44:04 INFO mapred.JobClient:     Launched map tasks=40
11/05/02 07:44:04 INFO mapred.JobClient:     Data-local map tasks=2
11/05/02 07:44:04 INFO mapred.JobClient:   FileSystemCounters
11/05/02 07:44:04 INFO mapred.JobClient:     FILE_BYTES_READ=242961
11/05/02 07:44:04 INFO mapred.JobClient:     HDFS_BYTES_READ=4897121275
11/05/02 07:44:04 INFO mapred.JobClient:     FILE_BYTES_WRITTEN=487578
11/05/02 07:44:04 INFO mapred.JobClient:     HDFS_BYTES_WRITTEN=9232
11/05/02 07:44:04 INFO mapred.JobClient:   Map-Reduce Framework
11/05/02 07:44:04 INFO mapred.JobClient:     Reduce input groups=1
11/05/02 07:44:04 INFO mapred.JobClient:     Combine output records=37
11/05/02 07:44:04 INFO mapred.JobClient:     Map input records=9331
11/05/02 07:44:04 INFO mapred.JobClient:     Reduce shuffle bytes=237050
11/05/02 07:44:04 INFO mapred.JobClient:     Reduce output records=1
11/05/02 07:44:04 INFO mapred.JobClient:     Spilled Records=74
11/05/02 07:44:04 INFO mapred.JobClient:     Map output bytes=86125328
11/05/02 07:44:04 INFO mapred.JobClient:     Combine input records=9329
11/05/02 07:44:04 INFO mapred.JobClient:     Map output records=9329
11/05/02 07:44:04 INFO mapred.JobClient:     Reduce input records=37
11/05/02 07:44:07 INFO input.FileInputFormat: Total input paths to process : 1
11/05/02 07:44:07 INFO imagebundle.AbstractImageBundle: Attempting to access file 10000.hib with mode 1
11/05/02 07:44:07 INFO imagebundle.AbstractImageBundle: Attempting to open file 10000.hib for reading
37 tasks spawned
11/05/02 07:44:12 INFO mapred.JobClient: Running job: job_201104211619_3466
11/05/02 07:44:13 INFO mapred.JobClient:  map 0% reduce 0%
11/05/02 07:45:01 INFO mapred.JobClient:  map 1% reduce 0%
11/05/02 07:45:10 INFO mapred.JobClient:  map 2% reduce 0%
11/05/02 07:45:45 INFO mapred.JobClient:  map 3% reduce 0%
11/05/02 07:46:04 INFO mapred.JobClient:  map 4% reduce 0%
11/05/02 07:46:31 INFO mapred.JobClient:  map 5% reduce 0%
11/05/02 07:46:50 INFO mapred.JobClient:  map 6% reduce 0%
11/05/02 07:47:17 INFO mapred.JobClient:  map 7% reduce 0%
11/05/02 07:47:44 INFO mapred.JobClient:  map 8% reduce 0%
11/05/02 07:48:11 INFO mapred.JobClient:  map 9% reduce 0%
11/05/02 07:48:30 INFO mapred.JobClient:  map 10% reduce 0%
11/05/02 07:49:05 INFO mapred.JobClient:  map 11% reduce 0%
11/05/02 07:49:32 INFO mapred.JobClient:  map 12% reduce 0%
11/05/02 07:49:59 INFO mapred.JobClient:  map 13% reduce 0%
11/05/02 07:50:26 INFO mapred.JobClient:  map 14% reduce 0%
11/05/02 07:50:54 INFO mapred.JobClient:  map 15% reduce 0%
11/05/02 07:51:21 INFO mapred.JobClient:  map 16% reduce 0%
11/05/02 07:51:48 INFO mapred.JobClient:  map 17% reduce 0%
11/05/02 07:52:15 INFO mapred.JobClient:  map 18% reduce 0%
11/05/02 07:52:42 INFO mapred.JobClient:  map 19% reduce 0%
11/05/02 07:53:09 INFO mapred.JobClient:  map 20% reduce 0%
11/05/02 07:53:28 INFO mapred.JobClient:  map 21% reduce 0%
11/05/02 07:53:55 INFO mapred.JobClient:  map 22% reduce 0%
11/05/02 07:54:31 INFO mapred.JobClient:  map 23% reduce 0%
11/05/02 07:54:59 INFO mapred.JobClient:  map 24% reduce 0%
11/05/02 07:55:34 INFO mapred.JobClient:  map 25% reduce 0%
11/05/02 07:56:03 INFO mapred.JobClient:  map 26% reduce 0%
11/05/02 07:56:40 INFO mapred.JobClient:  map 27% reduce 0%
11/05/02 07:57:15 INFO mapred.JobClient:  map 28% reduce 0%
11/05/02 07:57:19 INFO mapred.JobClient: Task Id : attempt_201104211619_3466_m_000012_1, Status : FAILED
java.lang.Throwable: Child Error
	at org.apache.hadoop.mapred.TaskRunner.run(TaskRunner.java:471)
Caused by: java.io.IOException: Task process exit with nonzero status of 1.
	at org.apache.hadoop.mapred.TaskRunner.run(TaskRunner.java:458)

java.lang.Throwable: Child Error
	at org.apache.hadoop.mapred.TaskRunner.run(TaskRunner.java:471)
Caused by: java.io.IOException: Task process exit with nonzero status of 1.
	at org.apache.hadoop.mapred.TaskRunner.run(TaskRunner.java:458)

11/05/02 07:57:19 WARN mapred.JobClient: Error reading task outputvm-10-160-218-46
11/05/02 07:57:19 WARN mapred.JobClient: Error reading task outputvm-10-160-218-46
11/05/02 07:57:42 INFO mapred.JobClient:  map 29% reduce 0%
11/05/02 07:58:18 INFO mapred.JobClient:  map 30% reduce 0%
11/05/02 07:58:54 INFO mapred.JobClient:  map 31% reduce 0%
11/05/02 07:59:30 INFO mapred.JobClient:  map 32% reduce 0%
11/05/02 08:00:06 INFO mapred.JobClient:  map 33% reduce 0%
11/05/02 08:00:34 INFO mapred.JobClient:  map 34% reduce 0%
11/05/02 08:01:09 INFO mapred.JobClient:  map 35% reduce 0%
11/05/02 08:01:28 INFO mapred.JobClient:  map 36% reduce 0%
11/05/02 08:01:58 INFO mapred.JobClient:  map 37% reduce 0%
11/05/02 08:02:32 INFO mapred.JobClient:  map 38% reduce 0%
11/05/02 08:03:09 INFO mapred.JobClient:  map 39% reduce 0%
11/05/02 08:03:36 INFO mapred.JobClient:  map 40% reduce 0%
11/05/02 08:04:09 INFO mapred.JobClient:  map 41% reduce 0%
11/05/02 08:04:39 INFO mapred.JobClient:  map 42% reduce 0%
11/05/02 08:05:06 INFO mapred.JobClient:  map 43% reduce 0%
11/05/02 08:05:36 INFO mapred.JobClient:  map 44% reduce 0%
11/05/02 08:06:03 INFO mapred.JobClient:  map 45% reduce 0%
11/05/02 08:06:29 INFO mapred.JobClient:  map 46% reduce 0%
11/05/02 08:07:02 INFO mapred.JobClient:  map 47% reduce 0%
11/05/02 08:07:30 INFO mapred.JobClient:  map 48% reduce 0%
11/05/02 08:07:59 INFO mapred.JobClient:  map 49% reduce 0%
11/05/02 08:08:34 INFO mapred.JobClient:  map 50% reduce 0%
11/05/02 08:09:10 INFO mapred.JobClient:  map 51% reduce 0%
11/05/02 08:09:37 INFO mapred.JobClient:  map 52% reduce 0%
11/05/02 08:10:05 INFO mapred.JobClient:  map 53% reduce 0%
11/05/02 08:10:30 INFO mapred.JobClient:  map 53% reduce 1%
11/05/02 08:10:35 INFO mapred.JobClient:  map 54% reduce 1%
11/05/02 08:11:16 INFO mapred.JobClient:  map 55% reduce 1%
11/05/02 08:11:43 INFO mapred.JobClient:  map 56% reduce 1%
11/05/02 08:12:14 INFO mapred.JobClient:  map 57% reduce 1%
11/05/02 08:12:48 INFO mapred.JobClient:  map 58% reduce 1%
11/05/02 08:13:13 INFO mapred.JobClient:  map 58% reduce 2%
11/05/02 08:13:22 INFO mapred.JobClient:  map 59% reduce 2%
11/05/02 08:13:54 INFO mapred.JobClient:  map 60% reduce 2%
11/05/02 08:14:29 INFO mapred.JobClient:  map 61% reduce 2%
11/05/02 08:14:55 INFO mapred.JobClient:  map 62% reduce 2%
11/05/02 08:15:39 INFO mapred.JobClient:  map 63% reduce 2%
11/05/02 08:16:15 INFO mapred.JobClient:  map 64% reduce 2%
11/05/02 08:16:56 INFO mapred.JobClient:  map 65% reduce 2%
11/05/02 08:17:36 INFO mapred.JobClient:  map 66% reduce 2%
11/05/02 08:18:13 INFO mapred.JobClient:  map 67% reduce 2%
11/05/02 08:18:45 INFO mapred.JobClient:  map 68% reduce 2%
11/05/02 08:19:27 INFO mapred.JobClient:  map 69% reduce 2%
11/05/02 08:19:42 INFO mapred.JobClient:  map 69% reduce 3%
11/05/02 08:20:06 INFO mapred.JobClient:  map 70% reduce 3%
11/05/02 08:20:58 INFO mapred.JobClient:  map 71% reduce 3%
11/05/02 08:21:50 INFO mapred.JobClient:  map 72% reduce 3%
11/05/02 08:22:34 INFO mapred.JobClient:  map 72% reduce 4%
11/05/02 08:22:37 INFO mapred.JobClient:  map 73% reduce 4%
11/05/02 08:23:31 INFO mapred.JobClient:  map 74% reduce 4%
11/05/02 08:23:56 INFO mapred.JobClient:  map 74% reduce 5%
11/05/02 08:24:10 INFO mapred.JobClient:  map 75% reduce 5%
11/05/02 08:24:47 INFO mapred.JobClient:  map 76% reduce 5%
11/05/02 08:25:30 INFO mapred.JobClient:  map 77% reduce 5%
11/05/02 08:26:05 INFO mapred.JobClient:  map 78% reduce 5%
11/05/02 08:26:46 INFO mapred.JobClient:  map 79% reduce 5%
11/05/02 08:26:56 INFO mapred.JobClient:  map 79% reduce 6%
11/05/02 08:27:23 INFO mapred.JobClient:  map 79% reduce 7%
11/05/02 08:27:37 INFO mapred.JobClient:  map 80% reduce 7%
11/05/02 08:28:24 INFO mapred.JobClient:  map 81% reduce 7%
11/05/02 08:29:12 INFO mapred.JobClient:  map 81% reduce 8%
11/05/02 08:29:19 INFO mapred.JobClient:  map 82% reduce 8%
11/05/02 08:30:10 INFO mapred.JobClient:  map 83% reduce 8%
11/05/02 08:31:04 INFO mapred.JobClient:  map 84% reduce 8%
11/05/02 08:31:10 INFO mapred.JobClient:  map 84% reduce 9%
11/05/02 08:32:00 INFO mapred.JobClient:  map 85% reduce 9%
11/05/02 08:33:00 INFO mapred.JobClient:  map 86% reduce 9%
11/05/02 08:33:55 INFO mapred.JobClient:  map 87% reduce 9%
11/05/02 08:34:49 INFO mapred.JobClient:  map 88% reduce 9%
11/05/02 08:35:19 INFO mapred.JobClient:  map 89% reduce 9%
11/05/02 08:35:41 INFO mapred.JobClient:  map 89% reduce 10%
11/05/02 08:36:08 INFO mapred.JobClient:  map 90% reduce 10%
11/05/02 08:37:02 INFO mapred.JobClient:  map 90% reduce 11%
11/05/02 08:37:06 INFO mapred.JobClient:  map 91% reduce 11%
11/05/02 08:38:02 INFO mapred.JobClient:  map 92% reduce 11%
11/05/02 08:38:23 INFO mapred.JobClient:  map 92% reduce 12%
11/05/02 08:39:09 INFO mapred.JobClient:  map 92% reduce 13%
11/05/02 08:39:19 INFO mapred.JobClient:  map 93% reduce 13%
11/05/02 08:40:45 INFO mapred.JobClient:  map 94% reduce 13%
11/05/02 08:40:48 INFO mapred.JobClient:  map 94% reduce 14%
11/05/02 08:41:24 INFO mapred.JobClient:  map 94% reduce 15%
11/05/02 08:41:58 INFO mapred.JobClient:  map 95% reduce 15%
11/05/02 08:42:00 INFO mapred.JobClient:  map 95% reduce 16%
11/05/02 08:42:27 INFO mapred.JobClient:  map 95% reduce 17%
11/05/02 08:43:40 INFO mapred.JobClient:  map 95% reduce 18%
11/05/02 08:43:59 INFO mapred.JobClient:  map 96% reduce 18%
11/05/02 08:46:05 INFO mapred.JobClient:  map 96% reduce 19%
11/05/02 08:46:32 INFO mapred.JobClient:  map 96% reduce 21%
11/05/02 08:47:08 INFO mapred.JobClient:  map 96% reduce 22%
11/05/02 08:47:36 INFO mapred.JobClient:  map 96% reduce 23%
11/05/02 08:47:45 INFO mapred.JobClient:  map 97% reduce 23%
11/05/02 08:49:06 INFO mapred.JobClient:  map 97% reduce 24%
11/05/02 08:50:09 INFO mapred.JobClient:  map 97% reduce 25%
11/05/02 08:50:37 INFO mapred.JobClient:  map 97% reduce 26%
11/05/02 08:50:54 INFO mapred.JobClient:  map 97% reduce 27%
11/05/02 08:51:19 INFO mapred.JobClient:  map 98% reduce 27%
11/05/02 08:55:16 INFO mapred.JobClient:  map 99% reduce 27%
11/05/02 09:01:20 INFO mapred.JobClient:  map 99% reduce 28%
11/05/02 09:01:25 INFO mapred.JobClient:  map 100% reduce 28%
11/05/02 09:03:53 INFO mapred.JobClient:  map 100% reduce 29%
11/05/02 09:04:56 INFO mapred.JobClient:  map 100% reduce 30%
11/05/02 09:07:03 INFO mapred.JobClient:  map 100% reduce 31%
11/05/02 09:07:22 INFO mapred.JobClient:  map 100% reduce 32%
11/05/02 09:08:25 INFO mapred.JobClient:  map 100% reduce 33%
11/05/02 09:10:04 INFO mapred.JobClient:  map 100% reduce 83%
11/05/02 09:10:23 INFO mapred.JobClient:  map 100% reduce 100%
11/05/02 09:10:31 INFO mapred.JobClient: Job complete: job_201104211619_3466
11/05/02 09:10:31 INFO mapred.JobClient: Counters: 18
11/05/02 09:10:31 INFO mapred.JobClient:   Job Counters 
11/05/02 09:10:31 INFO mapred.JobClient:     Launched reduce tasks=1
11/05/02 09:10:31 INFO mapred.JobClient:     Rack-local map tasks=40
11/05/02 09:10:31 INFO mapred.JobClient:     Launched map tasks=42
11/05/02 09:10:31 INFO mapred.JobClient:     Data-local map tasks=2
11/05/02 09:10:31 INFO mapred.JobClient:   FileSystemCounters
11/05/02 09:10:31 INFO mapred.JobClient:     FILE_BYTES_READ=91141239769
11/05/02 09:10:31 INFO mapred.JobClient:     HDFS_BYTES_READ=4897121275
11/05/02 09:10:31 INFO mapred.JobClient:     FILE_BYTES_WRITTEN=91874214778
11/05/02 09:10:31 INFO mapred.JobClient:     HDFS_BYTES_WRITTEN=21233680
11/05/02 09:10:31 INFO mapred.JobClient:   Map-Reduce Framework
11/05/02 09:10:31 INFO mapred.JobClient:     Reduce input groups=1
11/05/02 09:10:31 INFO mapred.JobClient:     Combine output records=2385
11/05/02 09:10:31 INFO mapred.JobClient:     Map input records=9331
11/05/02 09:10:31 INFO mapred.JobClient:     Reduce shuffle bytes=713499755
11/05/02 09:10:31 INFO mapred.JobClient:     Reduce output records=1
11/05/02 09:10:31 INFO mapred.JobClient:     Spilled Records=4640
11/05/02 09:10:31 INFO mapred.JobClient:     Map output bytes=198089000720
11/05/02 09:10:31 INFO mapred.JobClient:     Combine input records=11677
11/05/02 09:10:31 INFO mapred.JobClient:     Map output records=9329
11/05/02 09:10:31 INFO mapred.JobClient:     Reduce input records=37
/opt/hadoop/bin/hadoop jar covariance.jar   hib  8.25s user 1.85s system 0% cpu 1:28:41.49 total
11/05/03 17:20:07 INFO input.FileInputFormat: Total input paths to process : 1
11/05/03 17:20:08 INFO imagebundle.AbstractImageBundle: Attempting to access file 10000.hib with mode 1
11/05/03 17:20:08 INFO imagebundle.AbstractImageBundle: Attempting to open file 10000.hib for reading
37 tasks spawned
11/05/03 17:20:13 INFO mapred.JobClient: Running job: job_201104211619_4199
11/05/03 17:20:14 INFO mapred.JobClient:  map 0% reduce 0%
11/05/03 17:20:44 INFO mapred.JobClient:  map 3% reduce 0%
11/05/03 17:20:45 INFO mapred.JobClient:  map 17% reduce 0%
11/05/03 17:20:48 INFO mapred.JobClient:  map 18% reduce 0%
11/05/03 17:20:54 INFO mapred.JobClient:  map 33% reduce 0%
11/05/03 17:20:57 INFO mapred.JobClient:  map 34% reduce 0%
11/05/03 17:20:58 INFO mapred.JobClient:  map 35% reduce 0%
11/05/03 17:21:03 INFO mapred.JobClient:  map 50% reduce 0%
11/05/03 17:21:06 INFO mapred.JobClient:  map 51% reduce 0%
11/05/03 17:21:07 INFO mapred.JobClient:  map 52% reduce 0%
11/05/03 17:21:11 INFO mapred.JobClient:  map 66% reduce 0%
11/05/03 17:21:15 INFO mapred.JobClient:  map 67% reduce 0%
11/05/03 17:21:16 INFO mapred.JobClient:  map 68% reduce 0%
11/05/03 17:21:20 INFO mapred.JobClient:  map 82% reduce 0%
11/05/03 17:21:22 INFO mapred.JobClient:  map 83% reduce 0%
11/05/03 17:21:24 INFO mapred.JobClient:  map 84% reduce 0%
11/05/03 17:21:25 INFO mapred.JobClient:  map 85% reduce 0%
11/05/03 17:21:29 INFO mapred.JobClient:  map 95% reduce 4%
11/05/03 17:21:31 INFO mapred.JobClient:  map 96% reduce 4%
11/05/03 17:21:34 INFO mapred.JobClient:  map 97% reduce 4%
11/05/03 17:21:38 INFO mapred.JobClient:  map 99% reduce 20%
11/05/03 17:21:47 INFO mapred.JobClient:  map 100% reduce 32%
11/05/03 17:22:06 INFO mapred.JobClient:  map 100% reduce 100%
11/05/03 17:22:14 INFO mapred.JobClient: Job complete: job_201104211619_4199
11/05/03 17:22:14 INFO mapred.JobClient: Counters: 17
11/05/03 17:22:14 INFO mapred.JobClient:   Job Counters 
11/05/03 17:22:14 INFO mapred.JobClient:     Launched reduce tasks=1
11/05/03 17:22:14 INFO mapred.JobClient:     Rack-local map tasks=38
11/05/03 17:22:14 INFO mapred.JobClient:     Launched map tasks=38
11/05/03 17:22:14 INFO mapred.JobClient:   FileSystemCounters
11/05/03 17:22:14 INFO mapred.JobClient:     FILE_BYTES_READ=243041
11/05/03 17:22:14 INFO mapred.JobClient:     HDFS_BYTES_READ=4897121275
11/05/03 17:22:14 INFO mapred.JobClient:     FILE_BYTES_WRITTEN=487658
11/05/03 17:22:14 INFO mapred.JobClient:     HDFS_BYTES_WRITTEN=9232
11/05/03 17:22:14 INFO mapred.JobClient:   Map-Reduce Framework
11/05/03 17:22:14 INFO mapred.JobClient:     Reduce input groups=1
11/05/03 17:22:14 INFO mapred.JobClient:     Combine output records=37
11/05/03 17:22:14 INFO mapred.JobClient:     Map input records=9331
11/05/03 17:22:14 INFO mapred.JobClient:     Reduce shuffle bytes=236931
11/05/03 17:22:14 INFO mapred.JobClient:     Reduce output records=1
11/05/03 17:22:14 INFO mapred.JobClient:     Spilled Records=74
11/05/03 17:22:14 INFO mapred.JobClient:     Map output bytes=86125328
11/05/03 17:22:14 INFO mapred.JobClient:     Combine input records=9329
11/05/03 17:22:14 INFO mapred.JobClient:     Map output records=9329
11/05/03 17:22:14 INFO mapred.JobClient:     Reduce input records=37
11/05/03 17:22:18 INFO input.FileInputFormat: Total input paths to process : 1
11/05/03 17:22:18 INFO imagebundle.AbstractImageBundle: Attempting to access file 10000.hib with mode 1
11/05/03 17:22:18 INFO imagebundle.AbstractImageBundle: Attempting to open file 10000.hib for reading
37 tasks spawned
11/05/03 17:22:23 INFO mapred.JobClient: Running job: job_201104211619_4200
11/05/03 17:22:25 INFO mapred.JobClient:  map 0% reduce 0%
11/05/03 17:23:17 INFO mapred.JobClient:  map 1% reduce 0%
11/05/03 17:23:30 INFO mapred.JobClient:  map 2% reduce 0%
11/05/03 17:23:57 INFO mapred.JobClient:  map 3% reduce 0%
11/05/03 17:24:24 INFO mapred.JobClient:  map 4% reduce 0%
11/05/03 17:24:42 INFO mapred.JobClient:  map 5% reduce 0%
11/05/03 17:25:02 INFO mapred.JobClient:  map 6% reduce 0%
11/05/03 17:25:28 INFO mapred.JobClient:  map 7% reduce 0%
11/05/03 17:26:03 INFO mapred.JobClient:  map 8% reduce 0%
11/05/03 17:26:31 INFO mapred.JobClient:  map 9% reduce 0%
11/05/03 17:26:48 INFO mapred.JobClient:  map 10% reduce 0%
11/05/03 17:27:18 INFO mapred.JobClient:  map 11% reduce 0%
11/05/03 17:27:45 INFO mapred.JobClient:  map 12% reduce 0%
11/05/03 17:28:12 INFO mapred.JobClient:  map 13% reduce 0%
11/05/03 17:28:40 INFO mapred.JobClient:  map 14% reduce 0%
11/05/03 17:29:07 INFO mapred.JobClient:  map 15% reduce 0%
11/05/03 17:29:32 INFO mapred.JobClient:  map 16% reduce 0%
11/05/03 17:29:59 INFO mapred.JobClient:  map 17% reduce 0%
11/05/03 17:30:20 INFO mapred.JobClient:  map 18% reduce 0%
11/05/03 17:30:49 INFO mapred.JobClient:  map 19% reduce 0%
11/05/03 17:31:21 INFO mapred.JobClient:  map 20% reduce 0%
11/05/03 17:31:48 INFO mapred.JobClient:  map 21% reduce 0%
11/05/03 17:32:14 INFO mapred.JobClient:  map 22% reduce 0%
11/05/03 17:32:45 INFO mapred.JobClient:  map 23% reduce 0%
11/05/03 17:33:14 INFO mapred.JobClient:  map 24% reduce 0%
11/05/03 17:33:45 INFO mapred.JobClient:  map 25% reduce 0%
11/05/03 17:34:16 INFO mapred.JobClient:  map 26% reduce 0%
11/05/03 17:34:58 INFO mapred.JobClient:  map 27% reduce 0%
11/05/03 17:35:29 INFO mapred.JobClient:  map 28% reduce 0%
11/05/03 17:36:01 INFO mapred.JobClient:  map 29% reduce 0%
11/05/03 17:36:28 INFO mapred.JobClient:  map 30% reduce 0%
11/05/03 17:37:06 INFO mapred.JobClient:  map 31% reduce 0%
11/05/03 17:37:42 INFO mapred.JobClient:  map 32% reduce 0%
11/05/03 17:38:17 INFO mapred.JobClient:  map 33% reduce 0%
11/05/03 17:38:48 INFO mapred.JobClient:  map 34% reduce 0%
11/05/03 17:39:21 INFO mapred.JobClient:  map 35% reduce 0%
11/05/03 17:39:48 INFO mapred.JobClient:  map 36% reduce 0%
11/05/03 17:40:12 INFO mapred.JobClient:  map 37% reduce 0%
11/05/03 17:40:47 INFO mapred.JobClient:  map 38% reduce 0%
11/05/03 17:41:20 INFO mapred.JobClient:  map 39% reduce 0%
11/05/03 17:41:47 INFO mapred.JobClient:  map 40% reduce 0%
11/05/03 17:42:17 INFO mapred.JobClient:  map 41% reduce 0%
11/05/03 17:42:52 INFO mapred.JobClient:  map 42% reduce 0%
11/05/03 17:43:20 INFO mapred.JobClient:  map 43% reduce 0%
11/05/03 17:43:55 INFO mapred.JobClient:  map 44% reduce 0%
11/05/03 17:44:22 INFO mapred.JobClient:  map 45% reduce 0%
11/05/03 17:44:42 INFO mapred.JobClient:  map 46% reduce 0%
11/05/03 17:45:16 INFO mapred.JobClient:  map 47% reduce 0%
11/05/03 17:45:46 INFO mapred.JobClient:  map 48% reduce 0%
11/05/03 17:46:19 INFO mapred.JobClient:  map 49% reduce 0%
11/05/03 17:46:47 INFO mapred.JobClient:  map 50% reduce 0%
11/05/03 17:47:15 INFO mapred.JobClient:  map 51% reduce 0%
11/05/03 17:47:50 INFO mapred.JobClient:  map 52% reduce 0%
11/05/03 17:48:20 INFO mapred.JobClient:  map 53% reduce 0%
11/05/03 17:48:53 INFO mapred.JobClient:  map 54% reduce 0%
11/05/03 17:49:24 INFO mapred.JobClient:  map 55% reduce 0%
11/05/03 17:49:25 INFO mapred.JobClient:  map 55% reduce 1%
11/05/03 17:50:01 INFO mapred.JobClient:  map 56% reduce 1%
11/05/03 17:50:27 INFO mapred.JobClient:  map 57% reduce 1%
11/05/03 17:51:02 INFO mapred.JobClient:  map 58% reduce 1%
11/05/03 17:51:14 INFO mapred.JobClient:  map 58% reduce 2%
11/05/03 17:51:33 INFO mapred.JobClient:  map 59% reduce 2%
11/05/03 17:52:06 INFO mapred.JobClient:  map 60% reduce 2%
11/05/03 17:52:40 INFO mapred.JobClient:  map 61% reduce 2%
11/05/03 17:53:10 INFO mapred.JobClient:  map 62% reduce 2%
11/05/03 17:53:44 INFO mapred.JobClient:  map 63% reduce 2%
11/05/03 17:54:21 INFO mapred.JobClient:  map 64% reduce 2%
11/05/03 17:54:59 INFO mapred.JobClient:  map 65% reduce 2%
11/05/03 17:55:36 INFO mapred.JobClient:  map 66% reduce 2%
11/05/03 17:56:17 INFO mapred.JobClient:  map 67% reduce 2%
11/05/03 17:56:53 INFO mapred.JobClient:  map 68% reduce 2%
11/05/03 17:57:27 INFO mapred.JobClient:  map 68% reduce 3%
11/05/03 17:57:30 INFO mapred.JobClient:  map 69% reduce 3%
11/05/03 17:58:10 INFO mapred.JobClient:  map 70% reduce 3%
11/05/03 17:59:00 INFO mapred.JobClient:  map 71% reduce 3%
11/05/03 17:59:47 INFO mapred.JobClient:  map 72% reduce 3%
11/05/03 18:00:19 INFO mapred.JobClient:  map 72% reduce 4%
11/05/03 18:00:35 INFO mapred.JobClient:  map 73% reduce 4%
11/05/03 18:01:28 INFO mapred.JobClient:  map 74% reduce 4%
11/05/03 18:01:31 INFO mapred.JobClient:  map 74% reduce 5%
11/05/03 18:02:13 INFO mapred.JobClient:  map 75% reduce 5%
11/05/03 18:02:41 INFO mapred.JobClient:  map 76% reduce 5%
11/05/03 18:03:29 INFO mapred.JobClient:  map 77% reduce 5%
11/05/03 18:04:05 INFO mapred.JobClient:  map 78% reduce 5%
11/05/03 18:04:51 INFO mapred.JobClient:  map 78% reduce 6%
11/05/03 18:04:55 INFO mapred.JobClient:  map 79% reduce 6%
11/05/03 18:05:37 INFO mapred.JobClient:  map 80% reduce 6%
11/05/03 18:05:45 INFO mapred.JobClient:  map 80% reduce 7%
11/05/03 18:06:27 INFO mapred.JobClient:  map 81% reduce 7%
11/05/03 18:07:12 INFO mapred.JobClient:  map 82% reduce 7%
11/05/03 18:07:15 INFO mapred.JobClient:  map 82% reduce 8%
11/05/03 18:08:07 INFO mapred.JobClient:  map 83% reduce 8%
11/05/03 18:08:19 INFO mapred.JobClient:  map 83% reduce 9%
11/05/03 18:09:10 INFO mapred.JobClient:  map 84% reduce 9%
11/05/03 18:10:06 INFO mapred.JobClient:  map 85% reduce 9%
11/05/03 18:10:58 INFO mapred.JobClient:  map 86% reduce 9%
11/05/03 18:12:02 INFO mapred.JobClient:  map 87% reduce 9%
11/05/03 18:12:51 INFO mapred.JobClient:  map 87% reduce 10%
11/05/03 18:12:56 INFO mapred.JobClient:  map 88% reduce 10%
11/05/03 18:13:42 INFO mapred.JobClient:  map 89% reduce 10%
11/05/03 18:14:22 INFO mapred.JobClient:  map 90% reduce 10%
11/05/03 18:14:48 INFO mapred.JobClient:  map 90% reduce 11%
11/05/03 18:15:06 INFO mapred.JobClient:  map 91% reduce 11%
11/05/03 18:15:42 INFO mapred.JobClient:  map 91% reduce 12%
11/05/03 18:16:10 INFO mapred.JobClient:  map 92% reduce 12%
11/05/03 18:16:37 INFO mapred.JobClient:  map 92% reduce 13%
11/05/03 18:16:46 INFO mapred.JobClient:  map 92% reduce 14%
11/05/03 18:17:29 INFO mapred.JobClient:  map 93% reduce 14%
11/05/03 18:18:44 INFO mapred.JobClient:  map 94% reduce 14%
11/05/03 18:19:38 INFO mapred.JobClient:  map 94% reduce 15%
11/05/03 18:20:03 INFO mapred.JobClient:  map 95% reduce 15%
11/05/03 18:20:06 INFO mapred.JobClient:  map 95% reduce 16%
11/05/03 18:20:53 INFO mapred.JobClient:  map 95% reduce 17%
11/05/03 18:21:54 INFO mapred.JobClient:  map 95% reduce 18%
11/05/03 18:22:15 INFO mapred.JobClient:  map 96% reduce 18%
11/05/03 18:24:11 INFO mapred.JobClient:  map 96% reduce 19%
11/05/03 18:24:28 INFO mapred.JobClient:  map 96% reduce 20%
11/05/03 18:24:37 INFO mapred.JobClient:  map 96% reduce 22%
11/05/03 18:25:15 INFO mapred.JobClient:  map 96% reduce 23%
11/05/03 18:26:01 INFO mapred.JobClient:  map 97% reduce 23%
11/05/03 18:26:35 INFO mapred.JobClient:  map 97% reduce 24%
11/05/03 18:27:47 INFO mapred.JobClient:  map 97% reduce 25%
11/05/03 18:29:00 INFO mapred.JobClient:  map 97% reduce 26%
11/05/03 18:29:36 INFO mapred.JobClient:  map 97% reduce 27%
11/05/03 18:29:39 INFO mapred.JobClient:  map 98% reduce 27%
11/05/03 18:33:17 INFO mapred.JobClient:  map 99% reduce 27%
11/05/03 18:39:24 INFO mapred.JobClient:  map 99% reduce 28%
11/05/03 18:39:42 INFO mapred.JobClient:  map 100% reduce 28%
11/05/03 18:41:24 INFO mapred.JobClient:  map 100% reduce 29%
11/05/03 18:41:58 INFO mapred.JobClient:  map 100% reduce 30%
11/05/03 18:44:24 INFO mapred.JobClient:  map 100% reduce 31%
11/05/03 18:45:09 INFO mapred.JobClient:  map 100% reduce 32%
11/05/03 18:46:31 INFO mapred.JobClient:  map 100% reduce 33%
11/05/03 18:48:10 INFO mapred.JobClient:  map 100% reduce 78%
11/05/03 18:48:19 INFO mapred.JobClient:  map 100% reduce 93%
11/05/03 18:48:37 INFO mapred.JobClient:  map 100% reduce 100%
11/05/03 18:48:45 INFO mapred.JobClient: Job complete: job_201104211619_4200
11/05/03 18:48:46 INFO mapred.JobClient: Counters: 18
11/05/03 18:48:46 INFO mapred.JobClient:   Job Counters 
11/05/03 18:48:46 INFO mapred.JobClient:     Launched reduce tasks=1
11/05/03 18:48:46 INFO mapred.JobClient:     Rack-local map tasks=38
11/05/03 18:48:46 INFO mapred.JobClient:     Launched map tasks=41
11/05/03 18:48:46 INFO mapred.JobClient:     Data-local map tasks=3
11/05/03 18:48:46 INFO mapred.JobClient:   FileSystemCounters
11/05/03 18:48:46 INFO mapred.JobClient:     FILE_BYTES_READ=91141253715
11/05/03 18:48:46 INFO mapred.JobClient:     HDFS_BYTES_READ=4897121275
11/05/03 18:48:46 INFO mapred.JobClient:     FILE_BYTES_WRITTEN=91874228594
11/05/03 18:48:46 INFO mapred.JobClient:     HDFS_BYTES_WRITTEN=21233680
11/05/03 18:48:46 INFO mapred.JobClient:   Map-Reduce Framework
11/05/03 18:48:46 INFO mapred.JobClient:     Reduce input groups=1
11/05/03 18:48:46 INFO mapred.JobClient:     Combine output records=2385
11/05/03 18:48:46 INFO mapred.JobClient:     Map input records=9331
11/05/03 18:48:46 INFO mapred.JobClient:     Reduce shuffle bytes=713499336
11/05/03 18:48:46 INFO mapred.JobClient:     Reduce output records=1
11/05/03 18:48:46 INFO mapred.JobClient:     Spilled Records=4640
11/05/03 18:48:46 INFO mapred.JobClient:     Map output bytes=198089000720
11/05/03 18:48:46 INFO mapred.JobClient:     Combine input records=11677
11/05/03 18:48:46 INFO mapred.JobClient:     Map output records=9329
11/05/03 18:48:46 INFO mapred.JobClient:     Reduce input records=37
/opt/hadoop/bin/hadoop jar covariance.jar   hib  7.98s user 1.53s system 0% cpu 1:28:42.89 total
11/05/04 01:15:37 INFO ipc.Client: Retrying connect to server: /10.160.3.154:8021. Already tried 0 time(s).
11/05/04 01:15:38 INFO ipc.Client: Retrying connect to server: /10.160.3.154:8021. Already tried 1 time(s).
11/05/04 01:15:39 INFO ipc.Client: Retrying connect to server: /10.160.3.154:8021. Already tried 2 time(s).
11/05/04 01:15:40 INFO ipc.Client: Retrying connect to server: /10.160.3.154:8021. Already tried 3 time(s).
11/05/04 01:15:41 INFO ipc.Client: Retrying connect to server: /10.160.3.154:8021. Already tried 4 time(s).
11/05/04 01:15:42 INFO ipc.Client: Retrying connect to server: /10.160.3.154:8021. Already tried 5 time(s).
11/05/04 01:15:43 INFO ipc.Client: Retrying connect to server: /10.160.3.154:8021. Already tried 6 time(s).
11/05/04 01:15:44 INFO ipc.Client: Retrying connect to server: /10.160.3.154:8021. Already tried 7 time(s).
11/05/04 01:15:45 INFO ipc.Client: Retrying connect to server: /10.160.3.154:8021. Already tried 8 time(s).
11/05/04 01:15:46 INFO ipc.Client: Retrying connect to server: /10.160.3.154:8021. Already tried 9 time(s).
Exception in thread "main" java.io.IOException: Call to /10.160.3.154:8021 failed on local exception: java.net.SocketException: Connection refused
	at org.apache.hadoop.ipc.Client.wrapException(Client.java:774)
	at org.apache.hadoop.ipc.Client.call(Client.java:742)
	at org.apache.hadoop.ipc.RPC$Invoker.invoke(RPC.java:220)
	at org.apache.hadoop.mapred.$Proxy0.getProtocolVersion(Unknown Source)
	at org.apache.hadoop.ipc.RPC.getProxy(RPC.java:359)
	at org.apache.hadoop.mapred.JobClient.createRPCProxy(JobClient.java:470)
	at org.apache.hadoop.mapred.JobClient.init(JobClient.java:455)
	at org.apache.hadoop.mapred.JobClient.<init>(JobClient.java:442)
	at org.apache.hadoop.mapreduce.Job.<init>(Job.java:50)
	at org.apache.hadoop.mapreduce.Job.<init>(Job.java:54)
	at hipi.experiments.covariance.Covariance.runMeanCompute(Covariance.java:143)
	at hipi.experiments.covariance.Covariance.run(Covariance.java:217)
	at org.apache.hadoop.util.ToolRunner.run(ToolRunner.java:65)
	at org.apache.hadoop.util.ToolRunner.run(ToolRunner.java:79)
	at hipi.experiments.covariance.Covariance.main(Covariance.java:224)
	at sun.reflect.NativeMethodAccessorImpl.invoke0(Native Method)
	at sun.reflect.NativeMethodAccessorImpl.invoke(NativeMethodAccessorImpl.java:39)
	at sun.reflect.DelegatingMethodAccessorImpl.invoke(DelegatingMethodAccessorImpl.java:25)
	at java.lang.reflect.Method.invoke(Method.java:597)
	at org.apache.hadoop.util.RunJar.main(RunJar.java:156)
Caused by: java.net.SocketException: Connection refused
	at java.net.SocksSocketImpl.connect(SocksSocketImpl.java:405)
	at java.net.Socket.connect(Socket.java:529)
	at org.apache.hadoop.net.NetUtils.connect(NetUtils.java:402)
	at org.apache.hadoop.ipc.Client$Connection.setupIOstreams(Client.java:304)
	at org.apache.hadoop.ipc.Client$Connection.access$1700(Client.java:176)
	at org.apache.hadoop.ipc.Client.getConnection(Client.java:859)
	at org.apache.hadoop.ipc.Client.call(Client.java:719)
	... 18 more
/opt/hadoop/bin/hadoop jar covariance.jar   hib  0.47s user 0.07s system 5% cpu 10.418 total
11/05/04 01:17:01 INFO ipc.Client: Retrying connect to server: /10.160.3.154:8021. Already tried 0 time(s).
11/05/04 01:17:02 INFO ipc.Client: Retrying connect to server: /10.160.3.154:8021. Already tried 1 time(s).
11/05/04 01:17:03 INFO ipc.Client: Retrying connect to server: /10.160.3.154:8021. Already tried 2 time(s).
11/05/04 01:17:04 INFO ipc.Client: Retrying connect to server: /10.160.3.154:8021. Already tried 3 time(s).
11/05/04 01:17:05 INFO ipc.Client: Retrying connect to server: /10.160.3.154:8021. Already tried 4 time(s).
11/05/04 01:17:06 INFO ipc.Client: Retrying connect to server: /10.160.3.154:8021. Already tried 5 time(s).
11/05/04 01:17:07 INFO ipc.Client: Retrying connect to server: /10.160.3.154:8021. Already tried 6 time(s).
11/05/04 01:17:08 INFO ipc.Client: Retrying connect to server: /10.160.3.154:8021. Already tried 7 time(s).
11/05/04 01:17:09 INFO ipc.Client: Retrying connect to server: /10.160.3.154:8021. Already tried 8 time(s).
11/05/04 01:17:10 INFO ipc.Client: Retrying connect to server: /10.160.3.154:8021. Already tried 9 time(s).
Exception in thread "main" java.io.IOException: Call to /10.160.3.154:8021 failed on local exception: java.net.SocketException: Connection refused
	at org.apache.hadoop.ipc.Client.wrapException(Client.java:774)
	at org.apache.hadoop.ipc.Client.call(Client.java:742)
	at org.apache.hadoop.ipc.RPC$Invoker.invoke(RPC.java:220)
	at org.apache.hadoop.mapred.$Proxy0.getProtocolVersion(Unknown Source)
	at org.apache.hadoop.ipc.RPC.getProxy(RPC.java:359)
	at org.apache.hadoop.mapred.JobClient.createRPCProxy(JobClient.java:470)
	at org.apache.hadoop.mapred.JobClient.init(JobClient.java:455)
	at org.apache.hadoop.mapred.JobClient.<init>(JobClient.java:442)
	at org.apache.hadoop.mapreduce.Job.<init>(Job.java:50)
	at org.apache.hadoop.mapreduce.Job.<init>(Job.java:54)
	at hipi.experiments.covariance.Covariance.runMeanCompute(Covariance.java:143)
	at hipi.experiments.covariance.Covariance.run(Covariance.java:217)
	at org.apache.hadoop.util.ToolRunner.run(ToolRunner.java:65)
	at org.apache.hadoop.util.ToolRunner.run(ToolRunner.java:79)
	at hipi.experiments.covariance.Covariance.main(Covariance.java:224)
	at sun.reflect.NativeMethodAccessorImpl.invoke0(Native Method)
	at sun.reflect.NativeMethodAccessorImpl.invoke(NativeMethodAccessorImpl.java:39)
	at sun.reflect.DelegatingMethodAccessorImpl.invoke(DelegatingMethodAccessorImpl.java:25)
	at java.lang.reflect.Method.invoke(Method.java:597)
	at org.apache.hadoop.util.RunJar.main(RunJar.java:156)
Caused by: java.net.SocketException: Connection refused
	at java.net.SocksSocketImpl.connect(SocksSocketImpl.java:405)
	at java.net.Socket.connect(Socket.java:529)
	at org.apache.hadoop.net.NetUtils.connect(NetUtils.java:402)
	at org.apache.hadoop.ipc.Client$Connection.setupIOstreams(Client.java:304)
	at org.apache.hadoop.ipc.Client$Connection.access$1700(Client.java:176)
	at org.apache.hadoop.ipc.Client.getConnection(Client.java:859)
	at org.apache.hadoop.ipc.Client.call(Client.java:719)
	... 18 more
/opt/hadoop/bin/hadoop jar covariance.jar   hib  0.50s user 0.04s system 5% cpu 10.429 total
11/05/04 15:37:48 INFO input.FileInputFormat: Total input paths to process : 1
11/05/04 15:37:48 INFO imagebundle.AbstractImageBundle: Attempting to access file 10000.hib with mode 1
11/05/04 15:37:48 INFO imagebundle.AbstractImageBundle: Attempting to open file 10000.hib for reading
37 tasks spawned
11/05/04 15:37:53 INFO mapred.JobClient: Running job: job_201104211619_4736
11/05/04 15:37:54 INFO mapred.JobClient:  map 0% reduce 0%
11/05/04 15:38:26 INFO mapred.JobClient:  map 15% reduce 0%
11/05/04 15:38:27 INFO mapred.JobClient:  map 19% reduce 0%
11/05/04 15:38:34 INFO mapred.JobClient:  map 23% reduce 0%
11/05/04 15:38:35 INFO mapred.JobClient:  map 36% reduce 0%
11/05/04 15:38:44 INFO mapred.JobClient:  map 53% reduce 0%
11/05/04 15:38:53 INFO mapred.JobClient:  map 68% reduce 0%
11/05/04 15:38:54 INFO mapred.JobClient:  map 70% reduce 0%
11/05/04 15:39:02 INFO mapred.JobClient:  map 79% reduce 0%
11/05/04 15:39:03 INFO mapred.JobClient:  map 86% reduce 0%
11/05/04 15:39:11 INFO mapred.JobClient:  map 97% reduce 0%
11/05/04 15:39:20 INFO mapred.JobClient:  map 99% reduce 6%
11/05/04 15:39:29 INFO mapred.JobClient:  map 100% reduce 32%
11/05/04 15:39:47 INFO mapred.JobClient:  map 100% reduce 100%
11/05/04 15:39:55 INFO mapred.JobClient: Job complete: job_201104211619_4736
11/05/04 15:39:55 INFO mapred.JobClient: Counters: 18
11/05/04 15:39:55 INFO mapred.JobClient:   Job Counters 
11/05/04 15:39:55 INFO mapred.JobClient:     Launched reduce tasks=1
11/05/04 15:39:55 INFO mapred.JobClient:     Rack-local map tasks=38
11/05/04 15:39:55 INFO mapred.JobClient:     Launched map tasks=40
11/05/04 15:39:55 INFO mapred.JobClient:     Data-local map tasks=2
11/05/04 15:39:55 INFO mapred.JobClient:   FileSystemCounters
11/05/04 15:39:55 INFO mapred.JobClient:     FILE_BYTES_READ=243097
11/05/04 15:39:55 INFO mapred.JobClient:     HDFS_BYTES_READ=4897121275
11/05/04 15:39:55 INFO mapred.JobClient:     FILE_BYTES_WRITTEN=487714
11/05/04 15:39:55 INFO mapred.JobClient:     HDFS_BYTES_WRITTEN=9232
11/05/04 15:39:55 INFO mapred.JobClient:   Map-Reduce Framework
11/05/04 15:39:55 INFO mapred.JobClient:     Reduce input groups=1
11/05/04 15:39:55 INFO mapred.JobClient:     Combine output records=37
11/05/04 15:39:55 INFO mapred.JobClient:     Map input records=9331
11/05/04 15:39:55 INFO mapred.JobClient:     Reduce shuffle bytes=236931
11/05/04 15:39:55 INFO mapred.JobClient:     Reduce output records=1
11/05/04 15:39:55 INFO mapred.JobClient:     Spilled Records=74
11/05/04 15:39:55 INFO mapred.JobClient:     Map output bytes=86125328
11/05/04 15:39:55 INFO mapred.JobClient:     Combine input records=9329
11/05/04 15:39:55 INFO mapred.JobClient:     Map output records=9329
11/05/04 15:39:55 INFO mapred.JobClient:     Reduce input records=37
11/05/04 15:39:58 INFO input.FileInputFormat: Total input paths to process : 1
11/05/04 15:39:58 INFO imagebundle.AbstractImageBundle: Attempting to access file 10000.hib with mode 1
11/05/04 15:39:58 INFO imagebundle.AbstractImageBundle: Attempting to open file 10000.hib for reading
37 tasks spawned
11/05/04 15:40:03 INFO mapred.JobClient: Running job: job_201104211619_4737
11/05/04 15:40:04 INFO mapred.JobClient:  map 0% reduce 0%
11/05/04 15:40:51 INFO mapred.JobClient:  map 1% reduce 0%
11/05/04 15:41:09 INFO mapred.JobClient:  map 2% reduce 0%
11/05/04 15:41:36 INFO mapred.JobClient:  map 3% reduce 0%
11/05/04 15:42:03 INFO mapred.JobClient:  map 4% reduce 0%
11/05/04 15:42:22 INFO mapred.JobClient:  map 5% reduce 0%
11/05/04 15:42:40 INFO mapred.JobClient:  map 6% reduce 0%
11/05/04 15:43:07 INFO mapred.JobClient:  map 7% reduce 0%
11/05/04 15:43:35 INFO mapred.JobClient:  map 8% reduce 0%
11/05/04 15:44:01 INFO mapred.JobClient:  map 9% reduce 0%
11/05/04 15:44:29 INFO mapred.JobClient:  map 10% reduce 0%
11/05/04 15:44:56 INFO mapred.JobClient:  map 11% reduce 0%
11/05/04 15:45:23 INFO mapred.JobClient:  map 12% reduce 0%
11/05/04 15:45:50 INFO mapred.JobClient:  map 13% reduce 0%
11/05/04 15:46:10 INFO mapred.JobClient:  map 14% reduce 0%
11/05/04 15:46:45 INFO mapred.JobClient:  map 15% reduce 0%
11/05/04 15:47:12 INFO mapred.JobClient:  map 16% reduce 0%
11/05/04 15:47:38 INFO mapred.JobClient:  map 17% reduce 0%
11/05/04 15:47:57 INFO mapred.JobClient:  map 18% reduce 0%
11/05/04 15:48:33 INFO mapred.JobClient:  map 19% reduce 0%
11/05/04 15:49:00 INFO mapred.JobClient:  map 20% reduce 0%
11/05/04 15:49:18 INFO mapred.JobClient:  map 21% reduce 0%
11/05/04 15:49:47 INFO mapred.JobClient:  map 22% reduce 0%
11/05/04 15:50:21 INFO mapred.JobClient:  map 23% reduce 0%
11/05/04 15:50:51 INFO mapred.JobClient:  map 24% reduce 0%
11/05/04 15:51:26 INFO mapred.JobClient:  map 25% reduce 0%
11/05/04 15:52:02 INFO mapred.JobClient:  map 26% reduce 0%
11/05/04 15:52:46 INFO mapred.JobClient:  map 27% reduce 0%
11/05/04 15:53:14 INFO mapred.JobClient:  map 28% reduce 0%
11/05/04 15:53:41 INFO mapred.JobClient:  map 29% reduce 0%
11/05/04 15:54:09 INFO mapred.JobClient:  map 30% reduce 0%
11/05/04 15:54:45 INFO mapred.JobClient:  map 31% reduce 0%
11/05/04 15:55:21 INFO mapred.JobClient:  map 32% reduce 0%
11/05/04 15:55:59 INFO mapred.JobClient:  map 33% reduce 0%
11/05/04 15:56:33 INFO mapred.JobClient:  map 34% reduce 0%
11/05/04 15:57:00 INFO mapred.JobClient:  map 35% reduce 0%
11/05/04 15:57:27 INFO mapred.JobClient:  map 36% reduce 0%
11/05/04 15:57:54 INFO mapred.JobClient:  map 37% reduce 0%
11/05/04 15:58:23 INFO mapred.JobClient:  map 38% reduce 0%
11/05/04 15:58:57 INFO mapred.JobClient:  map 39% reduce 0%
11/05/04 15:59:27 INFO mapred.JobClient:  map 40% reduce 0%
11/05/04 15:59:53 INFO mapred.JobClient:  map 41% reduce 0%
11/05/04 16:00:29 INFO mapred.JobClient:  map 42% reduce 0%
11/05/04 16:00:56 INFO mapred.JobClient:  map 43% reduce 0%
11/05/04 16:01:23 INFO mapred.JobClient:  map 44% reduce 0%
11/05/04 16:01:50 INFO mapred.JobClient:  map 45% reduce 0%
11/05/04 16:02:17 INFO mapred.JobClient:  map 46% reduce 0%
11/05/04 16:02:54 INFO mapred.JobClient:  map 47% reduce 0%
11/05/04 16:03:22 INFO mapred.JobClient:  map 48% reduce 0%
11/05/04 16:03:56 INFO mapred.JobClient:  map 49% reduce 0%
11/05/04 16:04:24 INFO mapred.JobClient:  map 50% reduce 0%
11/05/04 16:05:02 INFO mapred.JobClient:  map 51% reduce 0%
11/05/04 16:05:35 INFO mapred.JobClient:  map 52% reduce 0%
11/05/04 16:06:04 INFO mapred.JobClient:  map 53% reduce 0%
11/05/04 16:06:22 INFO mapred.JobClient:  map 53% reduce 1%
11/05/04 16:06:39 INFO mapred.JobClient:  map 54% reduce 1%
11/05/04 16:07:08 INFO mapred.JobClient:  map 55% reduce 1%
11/05/04 16:07:43 INFO mapred.JobClient:  map 56% reduce 1%
11/05/04 16:08:10 INFO mapred.JobClient:  map 57% reduce 1%
11/05/04 16:08:38 INFO mapred.JobClient:  map 58% reduce 1%
11/05/04 16:09:14 INFO mapred.JobClient:  map 59% reduce 1%
11/05/04 16:09:15 INFO mapred.JobClient:  map 59% reduce 2%
11/05/04 16:09:51 INFO mapred.JobClient:  map 60% reduce 2%
11/05/04 16:10:26 INFO mapred.JobClient:  map 61% reduce 2%
11/05/04 16:10:53 INFO mapred.JobClient:  map 62% reduce 2%
11/05/04 16:11:31 INFO mapred.JobClient:  map 63% reduce 2%
11/05/04 16:12:07 INFO mapred.JobClient:  map 64% reduce 2%
11/05/04 16:12:46 INFO mapred.JobClient:  map 65% reduce 2%
11/05/04 16:13:21 INFO mapred.JobClient:  map 66% reduce 2%
11/05/04 16:13:56 INFO mapred.JobClient:  map 67% reduce 2%
11/05/04 16:14:32 INFO mapred.JobClient:  map 68% reduce 2%
11/05/04 16:15:15 INFO mapred.JobClient:  map 69% reduce 2%
11/05/04 16:15:18 INFO mapred.JobClient:  map 69% reduce 3%
11/05/04 16:16:03 INFO mapred.JobClient:  map 70% reduce 3%
11/05/04 16:16:54 INFO mapred.JobClient:  map 71% reduce 3%
11/05/04 16:17:35 INFO mapred.JobClient:  map 72% reduce 3%
11/05/04 16:18:01 INFO mapred.JobClient:  map 72% reduce 4%
11/05/04 16:18:28 INFO mapred.JobClient:  map 73% reduce 4%
11/05/04 16:18:56 INFO mapred.JobClient:  map 73% reduce 5%
11/05/04 16:19:22 INFO mapred.JobClient:  map 74% reduce 5%
11/05/04 16:19:55 INFO mapred.JobClient:  map 75% reduce 5%
11/05/04 16:20:43 INFO mapred.JobClient:  map 76% reduce 5%
11/05/04 16:21:27 INFO mapred.JobClient:  map 77% reduce 5%
11/05/04 16:21:57 INFO mapred.JobClient:  map 77% reduce 6%
11/05/04 16:22:11 INFO mapred.JobClient:  map 78% reduce 6%
11/05/04 16:22:24 INFO mapred.JobClient:  map 78% reduce 7%
11/05/04 16:22:52 INFO mapred.JobClient:  map 79% reduce 7%
11/05/04 16:23:42 INFO mapred.JobClient:  map 80% reduce 7%
11/05/04 16:24:23 INFO mapred.JobClient:  map 81% reduce 7%
11/05/04 16:24:49 INFO mapred.JobClient:  map 81% reduce 8%
11/05/04 16:25:05 INFO mapred.JobClient:  map 82% reduce 8%
11/05/04 16:26:06 INFO mapred.JobClient:  map 83% reduce 8%
11/05/04 16:26:38 INFO mapred.JobClient:  map 83% reduce 9%
11/05/04 16:27:01 INFO mapred.JobClient:  map 84% reduce 9%
11/05/04 16:28:06 INFO mapred.JobClient:  map 85% reduce 9%
11/05/04 16:29:09 INFO mapred.JobClient:  map 86% reduce 9%
11/05/04 16:30:03 INFO mapred.JobClient:  map 87% reduce 9%
11/05/04 16:30:24 INFO mapred.JobClient:  map 87% reduce 10%
11/05/04 16:30:50 INFO mapred.JobClient:  map 88% reduce 10%
11/05/04 16:31:43 INFO mapred.JobClient:  map 89% reduce 10%
11/05/04 16:32:13 INFO mapred.JobClient:  map 89% reduce 11%
11/05/04 16:32:29 INFO mapred.JobClient:  map 90% reduce 11%
11/05/04 16:33:14 INFO mapred.JobClient:  map 91% reduce 11%
11/05/04 16:33:35 INFO mapred.JobClient:  map 91% reduce 12%
11/05/04 16:34:06 INFO mapred.JobClient:  map 92% reduce 12%
11/05/04 16:34:20 INFO mapred.JobClient:  map 92% reduce 13%
11/05/04 16:35:12 INFO mapred.JobClient:  map 93% reduce 13%
11/05/04 16:36:33 INFO mapred.JobClient:  map 94% reduce 13%
11/05/04 16:37:30 INFO mapred.JobClient:  map 95% reduce 13%
11/05/04 16:37:41 INFO mapred.JobClient:  map 95% reduce 14%
11/05/04 16:38:17 INFO mapred.JobClient:  map 95% reduce 15%
11/05/04 16:39:12 INFO mapred.JobClient:  map 95% reduce 16%
11/05/04 16:39:31 INFO mapred.JobClient:  map 95% reduce 17%
11/05/04 16:39:36 INFO mapred.JobClient:  map 96% reduce 17%
11/05/04 16:41:48 INFO mapred.JobClient:  map 96% reduce 19%
11/05/04 16:42:41 INFO mapred.JobClient:  map 96% reduce 21%
11/05/04 16:42:59 INFO mapred.JobClient:  map 96% reduce 22%
11/05/04 16:43:18 INFO mapred.JobClient:  map 96% reduce 23%
11/05/04 16:43:21 INFO mapred.JobClient:  map 97% reduce 23%
11/05/04 16:44:57 INFO mapred.JobClient:  map 97% reduce 24%
11/05/04 16:45:34 INFO mapred.JobClient:  map 97% reduce 25%
11/05/04 16:45:51 INFO mapred.JobClient:  map 97% reduce 26%
11/05/04 16:46:28 INFO mapred.JobClient:  map 97% reduce 27%
11/05/04 16:47:05 INFO mapred.JobClient:  map 98% reduce 27%
11/05/04 16:50:38 INFO mapred.JobClient:  map 99% reduce 27%
11/05/04 16:57:02 INFO mapred.JobClient:  map 99% reduce 28%
11/05/04 16:58:41 INFO mapred.JobClient:  map 99% reduce 29%
11/05/04 16:59:36 INFO mapred.JobClient:  map 99% reduce 30%
11/05/04 17:01:15 INFO mapred.JobClient:  map 99% reduce 31%
11/05/04 17:02:45 INFO mapred.JobClient:  map 99% reduce 32%
11/05/04 17:03:57 INFO mapred.JobClient:  map 100% reduce 32%
11/05/04 17:04:17 INFO mapred.JobClient:  map 100% reduce 33%
11/05/04 17:05:57 INFO mapred.JobClient:  map 100% reduce 74%
11/05/04 17:06:05 INFO mapred.JobClient:  map 100% reduce 86%
11/05/04 17:06:24 INFO mapred.JobClient:  map 100% reduce 100%
11/05/04 17:06:32 INFO mapred.JobClient: Job complete: job_201104211619_4737
11/05/04 17:06:32 INFO mapred.JobClient: Counters: 18
11/05/04 17:06:32 INFO mapred.JobClient:   Job Counters 
11/05/04 17:06:32 INFO mapred.JobClient:     Launched reduce tasks=1
11/05/04 17:06:32 INFO mapred.JobClient:     Rack-local map tasks=38
11/05/04 17:06:32 INFO mapred.JobClient:     Launched map tasks=41
11/05/04 17:06:32 INFO mapred.JobClient:     Data-local map tasks=3
11/05/04 17:06:32 INFO mapred.JobClient:   FileSystemCounters
11/05/04 17:06:32 INFO mapred.JobClient:     FILE_BYTES_READ=91141247030
11/05/04 17:06:32 INFO mapred.JobClient:     HDFS_BYTES_READ=4897121275
11/05/04 17:06:32 INFO mapred.JobClient:     FILE_BYTES_WRITTEN=91874222531
11/05/04 17:06:32 INFO mapred.JobClient:     HDFS_BYTES_WRITTEN=21233680
11/05/04 17:06:32 INFO mapred.JobClient:   Map-Reduce Framework
11/05/04 17:06:32 INFO mapred.JobClient:     Reduce input groups=1
11/05/04 17:06:32 INFO mapred.JobClient:     Combine output records=2385
11/05/04 17:06:32 INFO mapred.JobClient:     Map input records=9331
11/05/04 17:06:32 INFO mapred.JobClient:     Reduce shuffle bytes=713500007
11/05/04 17:06:32 INFO mapred.JobClient:     Reduce output records=1
11/05/04 17:06:32 INFO mapred.JobClient:     Spilled Records=4640
11/05/04 17:06:32 INFO mapred.JobClient:     Map output bytes=198089000720
11/05/04 17:06:32 INFO mapred.JobClient:     Combine input records=11677
11/05/04 17:06:32 INFO mapred.JobClient:     Map output records=9329
11/05/04 17:06:32 INFO mapred.JobClient:     Reduce input records=37
/opt/hadoop/bin/hadoop jar covariance.jar   hib  7.73s user 1.98s system 0% cpu 1:28:48.20 total
11/05/04 21:02:12 INFO input.FileInputFormat: Total input paths to process : 1
11/05/04 21:02:12 INFO imagebundle.AbstractImageBundle: Attempting to access file 10000.hib with mode 1
11/05/04 21:02:12 INFO imagebundle.AbstractImageBundle: Attempting to open file 10000.hib for reading
37 tasks spawned
11/05/04 21:02:17 INFO mapred.JobClient: Running job: job_201104211619_4790
11/05/04 21:02:18 INFO mapred.JobClient:  map 0% reduce 0%
11/05/04 21:02:49 INFO mapred.JobClient:  map 1% reduce 0%
11/05/04 21:02:51 INFO mapred.JobClient:  map 19% reduce 0%
11/05/04 21:02:58 INFO mapred.JobClient:  map 21% reduce 0%
11/05/04 21:03:00 INFO mapred.JobClient:  map 37% reduce 0%
11/05/04 21:03:08 INFO mapred.JobClient:  map 44% reduce 0%
11/05/04 21:03:09 INFO mapred.JobClient:  map 55% reduce 0%
11/05/04 21:03:17 INFO mapred.JobClient:  map 59% reduce 0%
11/05/04 21:03:18 INFO mapred.JobClient:  map 71% reduce 0%
11/05/04 21:03:26 INFO mapred.JobClient:  map 74% reduce 0%
11/05/04 21:03:27 INFO mapred.JobClient:  map 87% reduce 0%
11/05/04 21:03:35 INFO mapred.JobClient:  map 96% reduce 0%
11/05/04 21:03:36 INFO mapred.JobClient:  map 97% reduce 0%
11/05/04 21:03:44 INFO mapred.JobClient:  map 99% reduce 19%
11/05/04 21:03:54 INFO mapred.JobClient:  map 100% reduce 32%
11/05/04 21:04:12 INFO mapred.JobClient:  map 100% reduce 100%
11/05/04 21:04:20 INFO mapred.JobClient: Job complete: job_201104211619_4790
11/05/04 21:04:20 INFO mapred.JobClient: Counters: 18
11/05/04 21:04:20 INFO mapred.JobClient:   Job Counters 
11/05/04 21:04:20 INFO mapred.JobClient:     Launched reduce tasks=1
11/05/04 21:04:20 INFO mapred.JobClient:     Rack-local map tasks=37
11/05/04 21:04:20 INFO mapred.JobClient:     Launched map tasks=38
11/05/04 21:04:20 INFO mapred.JobClient:     Data-local map tasks=1
11/05/04 21:04:20 INFO mapred.JobClient:   FileSystemCounters
11/05/04 21:04:20 INFO mapred.JobClient:     FILE_BYTES_READ=243257
11/05/04 21:04:20 INFO mapred.JobClient:     HDFS_BYTES_READ=4897121275
11/05/04 21:04:20 INFO mapred.JobClient:     FILE_BYTES_WRITTEN=487874
11/05/04 21:04:20 INFO mapred.JobClient:     HDFS_BYTES_WRITTEN=9232
11/05/04 21:04:20 INFO mapred.JobClient:   Map-Reduce Framework
11/05/04 21:04:20 INFO mapred.JobClient:     Reduce input groups=1
11/05/04 21:04:20 INFO mapred.JobClient:     Combine output records=37
11/05/04 21:04:20 INFO mapred.JobClient:     Map input records=9331
11/05/04 21:04:20 INFO mapred.JobClient:     Reduce shuffle bytes=236931
11/05/04 21:04:20 INFO mapred.JobClient:     Reduce output records=1
11/05/04 21:04:20 INFO mapred.JobClient:     Spilled Records=74
11/05/04 21:04:20 INFO mapred.JobClient:     Map output bytes=86125328
11/05/04 21:04:20 INFO mapred.JobClient:     Combine input records=9329
11/05/04 21:04:20 INFO mapred.JobClient:     Map output records=9329
11/05/04 21:04:20 INFO mapred.JobClient:     Reduce input records=37
11/05/04 21:04:24 INFO input.FileInputFormat: Total input paths to process : 1
11/05/04 21:04:24 INFO imagebundle.AbstractImageBundle: Attempting to access file 10000.hib with mode 1
11/05/04 21:04:24 INFO imagebundle.AbstractImageBundle: Attempting to open file 10000.hib for reading
37 tasks spawned
11/05/04 21:04:30 INFO mapred.JobClient: Running job: job_201104211619_4792
11/05/04 21:04:31 INFO mapred.JobClient:  map 0% reduce 0%
11/05/04 21:05:17 INFO mapred.JobClient:  map 1% reduce 0%
11/05/04 21:05:27 INFO mapred.JobClient:  map 2% reduce 0%
11/05/04 21:06:03 INFO mapred.JobClient:  map 3% reduce 0%
11/05/04 21:06:21 INFO mapred.JobClient:  map 4% reduce 0%
11/05/04 21:06:48 INFO mapred.JobClient:  map 5% reduce 0%
11/05/04 21:07:07 INFO mapred.JobClient:  map 6% reduce 0%
11/05/04 21:07:34 INFO mapred.JobClient:  map 7% reduce 0%
11/05/04 21:08:01 INFO mapred.JobClient:  map 8% reduce 0%
11/05/04 21:08:28 INFO mapred.JobClient:  map 9% reduce 0%
11/05/04 21:08:54 INFO mapred.JobClient:  map 10% reduce 0%
11/05/04 21:09:22 INFO mapred.JobClient:  map 11% reduce 0%
11/05/04 21:09:49 INFO mapred.JobClient:  map 12% reduce 0%
11/05/04 21:10:17 INFO mapred.JobClient:  map 13% reduce 0%
11/05/04 21:10:44 INFO mapred.JobClient:  map 14% reduce 0%
11/05/04 21:11:12 INFO mapred.JobClient:  map 15% reduce 0%
11/05/04 21:11:40 INFO mapred.JobClient:  map 16% reduce 0%
11/05/04 21:12:06 INFO mapred.JobClient:  map 17% reduce 0%
11/05/04 21:12:32 INFO mapred.JobClient:  map 18% reduce 0%
11/05/04 21:12:52 INFO mapred.JobClient:  map 19% reduce 0%
11/05/04 21:13:18 INFO mapred.JobClient:  map 20% reduce 0%
11/05/04 21:13:46 INFO mapred.JobClient:  map 21% reduce 0%
11/05/04 21:14:14 INFO mapred.JobClient:  map 22% reduce 0%
11/05/04 21:14:48 INFO mapred.JobClient:  map 23% reduce 0%
11/05/04 21:15:15 INFO mapred.JobClient:  map 24% reduce 0%
11/05/04 21:15:51 INFO mapred.JobClient:  map 25% reduce 0%
11/05/04 21:16:19 INFO mapred.JobClient:  map 26% reduce 0%
11/05/04 21:16:56 INFO mapred.JobClient:  map 27% reduce 0%
11/05/04 21:17:31 INFO mapred.JobClient:  map 28% reduce 0%
11/05/04 21:17:58 INFO mapred.JobClient:  map 29% reduce 0%
11/05/04 21:18:34 INFO mapred.JobClient:  map 30% reduce 0%
11/05/04 21:19:11 INFO mapred.JobClient:  map 31% reduce 0%
11/05/04 21:19:48 INFO mapred.JobClient:  map 32% reduce 0%
11/05/04 21:20:24 INFO mapred.JobClient:  map 33% reduce 0%
11/05/04 21:20:51 INFO mapred.JobClient:  map 34% reduce 0%
11/05/04 21:21:18 INFO mapred.JobClient:  map 35% reduce 0%
11/05/04 21:21:45 INFO mapred.JobClient:  map 36% reduce 0%
11/05/04 21:22:14 INFO mapred.JobClient:  map 37% reduce 0%
11/05/04 21:22:49 INFO mapred.JobClient:  map 38% reduce 0%
11/05/04 21:23:17 INFO mapred.JobClient:  map 39% reduce 0%
11/05/04 21:23:53 INFO mapred.JobClient:  map 40% reduce 0%
11/05/04 21:24:28 INFO mapred.JobClient:  map 41% reduce 0%
11/05/04 21:24:58 INFO mapred.JobClient:  map 42% reduce 0%
11/05/04 21:25:24 INFO mapred.JobClient:  map 43% reduce 0%
11/05/04 21:25:59 INFO mapred.JobClient:  map 44% reduce 0%
11/05/04 21:26:18 INFO mapred.JobClient:  map 45% reduce 0%
11/05/04 21:26:45 INFO mapred.JobClient:  map 46% reduce 0%
11/05/04 21:27:23 INFO mapred.JobClient:  map 47% reduce 0%
11/05/04 21:27:48 INFO mapred.JobClient:  map 48% reduce 0%
11/05/04 21:28:18 INFO mapred.JobClient:  map 49% reduce 0%
11/05/04 21:28:45 INFO mapred.JobClient:  map 50% reduce 0%
11/05/04 21:29:18 INFO mapred.JobClient:  map 51% reduce 0%
11/05/04 21:29:47 INFO mapred.JobClient:  map 52% reduce 0%
11/05/04 21:30:23 INFO mapred.JobClient:  map 53% reduce 0%
11/05/04 21:30:58 INFO mapred.JobClient:  map 54% reduce 0%
11/05/04 21:31:10 INFO mapred.JobClient:  map 54% reduce 1%
11/05/04 21:31:35 INFO mapred.JobClient:  map 55% reduce 1%
11/05/04 21:32:13 INFO mapred.JobClient:  map 56% reduce 1%
11/05/04 21:32:41 INFO mapred.JobClient:  map 57% reduce 1%
11/05/04 21:33:08 INFO mapred.JobClient:  map 58% reduce 1%
11/05/04 21:33:16 INFO mapred.JobClient:  map 58% reduce 2%
11/05/04 21:33:50 INFO mapred.JobClient:  map 59% reduce 2%
11/05/04 21:34:19 INFO mapred.JobClient:  map 60% reduce 2%
11/05/04 21:34:48 INFO mapred.JobClient:  map 61% reduce 2%
11/05/04 21:35:16 INFO mapred.JobClient:  map 62% reduce 2%
11/05/04 21:35:55 INFO mapred.JobClient:  map 63% reduce 2%
11/05/04 21:36:27 INFO mapred.JobClient:  map 64% reduce 2%
11/05/04 21:37:09 INFO mapred.JobClient:  map 65% reduce 2%
11/05/04 21:37:49 INFO mapred.JobClient:  map 66% reduce 2%
11/05/04 21:38:22 INFO mapred.JobClient:  map 67% reduce 2%
11/05/04 21:39:02 INFO mapred.JobClient:  map 68% reduce 2%
11/05/04 21:39:37 INFO mapred.JobClient:  map 68% reduce 3%
11/05/04 21:39:47 INFO mapred.JobClient:  map 69% reduce 3%
11/05/04 21:40:33 INFO mapred.JobClient:  map 70% reduce 3%
11/05/04 21:41:24 INFO mapred.JobClient:  map 71% reduce 3%
11/05/04 21:42:13 INFO mapred.JobClient:  map 72% reduce 3%
11/05/04 21:42:29 INFO mapred.JobClient:  map 72% reduce 4%
11/05/04 21:42:54 INFO mapred.JobClient:  map 73% reduce 4%
11/05/04 21:43:33 INFO mapred.JobClient:  map 73% reduce 5%
11/05/04 21:43:41 INFO mapred.JobClient:  map 74% reduce 5%
11/05/04 21:44:22 INFO mapred.JobClient:  map 75% reduce 5%
11/05/04 21:45:00 INFO mapred.JobClient:  map 76% reduce 5%
11/05/04 21:45:41 INFO mapred.JobClient:  map 77% reduce 5%
11/05/04 21:46:14 INFO mapred.JobClient:  map 78% reduce 5%
11/05/04 21:46:34 INFO mapred.JobClient:  map 78% reduce 6%
11/05/04 21:46:52 INFO mapred.JobClient:  map 78% reduce 7%
11/05/04 21:47:04 INFO mapred.JobClient:  map 79% reduce 7%
11/05/04 21:47:52 INFO mapred.JobClient:  map 80% reduce 7%
11/05/04 21:48:40 INFO mapred.JobClient:  map 81% reduce 7%
11/05/04 21:49:16 INFO mapred.JobClient:  map 81% reduce 8%
11/05/04 21:49:27 INFO mapred.JobClient:  map 82% reduce 8%
11/05/04 21:50:26 INFO mapred.JobClient:  map 83% reduce 8%
11/05/04 21:50:39 INFO mapred.JobClient:  map 83% reduce 9%
11/05/04 21:51:21 INFO mapred.JobClient:  map 84% reduce 9%
11/05/04 21:52:21 INFO mapred.JobClient:  map 85% reduce 9%
11/05/04 21:53:26 INFO mapred.JobClient:  map 86% reduce 9%
11/05/04 21:54:16 INFO mapred.JobClient:  map 87% reduce 9%
11/05/04 21:54:51 INFO mapred.JobClient:  map 87% reduce 10%
11/05/04 21:55:05 INFO mapred.JobClient:  map 88% reduce 10%
11/05/04 21:55:56 INFO mapred.JobClient:  map 89% reduce 10%
11/05/04 21:56:49 INFO mapred.JobClient:  map 90% reduce 10%
11/05/04 21:57:45 INFO mapred.JobClient:  map 91% reduce 10%
11/05/04 21:58:02 INFO mapred.JobClient:  map 91% reduce 11%
11/05/04 21:58:29 INFO mapred.JobClient:  map 91% reduce 12%
11/05/04 21:58:57 INFO mapred.JobClient:  map 91% reduce 13%
11/05/04 21:58:58 INFO mapred.JobClient:  map 92% reduce 13%
11/05/04 21:59:33 INFO mapred.JobClient:  map 92% reduce 14%
11/05/04 22:00:10 INFO mapred.JobClient:  map 93% reduce 14%
11/05/04 22:01:13 INFO mapred.JobClient:  map 94% reduce 14%
11/05/04 22:01:58 INFO mapred.JobClient:  map 94% reduce 15%
11/05/04 22:02:16 INFO mapred.JobClient:  map 94% reduce 16%
11/05/04 22:02:20 INFO mapred.JobClient:  map 95% reduce 16%
11/05/04 22:03:47 INFO mapred.JobClient:  map 95% reduce 17%
11/05/04 22:04:05 INFO mapred.JobClient:  map 95% reduce 18%
11/05/04 22:04:14 INFO mapred.JobClient:  map 96% reduce 18%
11/05/04 22:06:12 INFO mapred.JobClient:  map 96% reduce 20%
11/05/04 22:07:07 INFO mapred.JobClient:  map 96% reduce 21%
11/05/04 22:07:34 INFO mapred.JobClient:  map 96% reduce 22%
11/05/04 22:08:01 INFO mapred.JobClient:  map 97% reduce 22%
11/05/04 22:08:20 INFO mapred.JobClient:  map 97% reduce 23%
11/05/04 22:09:32 INFO mapred.JobClient:  map 97% reduce 24%
11/05/04 22:10:26 INFO mapred.JobClient:  map 97% reduce 25%
11/05/04 22:10:44 INFO mapred.JobClient:  map 97% reduce 27%
11/05/04 22:11:39 INFO mapred.JobClient:  map 98% reduce 27%
11/05/04 22:15:17 INFO mapred.JobClient:  map 99% reduce 27%
11/05/04 22:21:28 INFO mapred.JobClient:  map 99% reduce 28%
11/05/04 22:22:07 INFO mapred.JobClient:  map 100% reduce 28%
11/05/04 22:22:59 INFO mapred.JobClient:  map 100% reduce 29%
11/05/04 22:23:35 INFO mapred.JobClient:  map 100% reduce 30%
11/05/04 22:26:36 INFO mapred.JobClient:  map 100% reduce 31%
11/05/04 22:27:49 INFO mapred.JobClient:  map 100% reduce 32%
11/05/04 22:29:00 INFO mapred.JobClient:  map 100% reduce 33%
11/05/04 22:30:40 INFO mapred.JobClient:  map 100% reduce 81%
11/05/04 22:30:50 INFO mapred.JobClient:  map 100% reduce 96%
11/05/04 22:31:08 INFO mapred.JobClient:  map 100% reduce 100%
11/05/04 22:31:16 INFO mapred.JobClient: Job complete: job_201104211619_4792
11/05/04 22:31:16 INFO mapred.JobClient: Counters: 18
11/05/04 22:31:16 INFO mapred.JobClient:   Job Counters 
11/05/04 22:31:16 INFO mapred.JobClient:     Launched reduce tasks=1
11/05/04 22:31:16 INFO mapred.JobClient:     Rack-local map tasks=38
11/05/04 22:31:16 INFO mapred.JobClient:     Launched map tasks=41
11/05/04 22:31:16 INFO mapred.JobClient:     Data-local map tasks=3
11/05/04 22:31:16 INFO mapred.JobClient:   FileSystemCounters
11/05/04 22:31:16 INFO mapred.JobClient:     FILE_BYTES_READ=91141256879
11/05/04 22:31:16 INFO mapred.JobClient:     HDFS_BYTES_READ=4897121275
11/05/04 22:31:16 INFO mapred.JobClient:     FILE_BYTES_WRITTEN=91874232059
11/05/04 22:31:16 INFO mapred.JobClient:     HDFS_BYTES_WRITTEN=21233680
11/05/04 22:31:16 INFO mapred.JobClient:   Map-Reduce Framework
11/05/04 22:31:16 INFO mapred.JobClient:     Reduce input groups=1
11/05/04 22:31:16 INFO mapred.JobClient:     Combine output records=2385
11/05/04 22:31:16 INFO mapred.JobClient:     Map input records=9331
11/05/04 22:31:16 INFO mapred.JobClient:     Reduce shuffle bytes=713499690
11/05/04 22:31:16 INFO mapred.JobClient:     Reduce output records=1
11/05/04 22:31:16 INFO mapred.JobClient:     Spilled Records=4640
11/05/04 22:31:16 INFO mapred.JobClient:     Map output bytes=198089000720
11/05/04 22:31:16 INFO mapred.JobClient:     Combine input records=11677
11/05/04 22:31:16 INFO mapred.JobClient:     Map output records=9329
11/05/04 22:31:16 INFO mapred.JobClient:     Reduce input records=37
/opt/hadoop/bin/hadoop jar covariance.jar   hib  8.01s user 1.94s system 0% cpu 1:29:08.53 total
