11/04/30 14:40:50 INFO input.FileInputFormat: Total input paths to process : 1
11/04/30 14:40:53 INFO mapred.JobClient: Running job: job_201104211619_3071
11/04/30 14:40:54 INFO mapred.JobClient:  map 0% reduce 0%
11/04/30 14:41:23 INFO mapred.JobClient:  map 18% reduce 0%
11/04/30 14:41:32 INFO mapred.JobClient:  map 36% reduce 0%
11/04/30 14:41:41 INFO mapred.JobClient:  map 52% reduce 0%
11/04/30 14:41:50 INFO mapred.JobClient:  map 70% reduce 0%
11/04/30 14:41:58 INFO mapred.JobClient:  map 78% reduce 0%
11/04/30 14:41:59 INFO mapred.JobClient:  map 90% reduce 0%
11/04/30 14:42:08 INFO mapred.JobClient:  map 97% reduce 0%
11/04/30 14:42:17 INFO mapred.JobClient:  map 100% reduce 0%
11/04/30 14:42:18 INFO mapred.JobClient:  map 100% reduce 11%
11/04/30 14:42:35 INFO mapred.JobClient:  map 100% reduce 100%
11/04/30 14:42:44 INFO mapred.JobClient: Job complete: job_201104211619_3071
11/04/30 14:42:44 INFO mapred.JobClient: Counters: 18
11/04/30 14:42:44 INFO mapred.JobClient:   Job Counters 
11/04/30 14:42:44 INFO mapred.JobClient:     Launched reduce tasks=1
11/04/30 14:42:44 INFO mapred.JobClient:     Rack-local map tasks=2
11/04/30 14:42:44 INFO mapred.JobClient:     Launched map tasks=3
11/04/30 14:42:44 INFO mapred.JobClient:     Data-local map tasks=1
11/04/30 14:42:44 INFO mapred.JobClient:   FileSystemCounters
11/04/30 14:42:44 INFO mapred.JobClient:     FILE_BYTES_READ=19507
11/04/30 14:42:44 INFO mapred.JobClient:     HDFS_BYTES_READ=402424315
11/04/30 14:42:44 INFO mapred.JobClient:     FILE_BYTES_WRITTEN=39109
11/04/30 14:42:44 INFO mapred.JobClient:     HDFS_BYTES_WRITTEN=9232
11/04/30 14:42:44 INFO mapred.JobClient:   Map-Reduce Framework
11/04/30 14:42:44 INFO mapred.JobClient:     Reduce input groups=1
11/04/30 14:42:44 INFO mapred.JobClient:     Combine output records=3
11/04/30 14:42:44 INFO mapred.JobClient:     Map input records=959
11/04/30 14:42:44 INFO mapred.JobClient:     Reduce shuffle bytes=12893
11/04/30 14:42:44 INFO mapred.JobClient:     Reduce output records=1
11/04/30 14:42:44 INFO mapred.JobClient:     Spilled Records=6
11/04/30 14:42:44 INFO mapred.JobClient:     Map output bytes=8853488
11/04/30 14:42:44 INFO mapred.JobClient:     Combine input records=959
11/04/30 14:42:44 INFO mapred.JobClient:     Map output records=959
11/04/30 14:42:44 INFO mapred.JobClient:     Reduce input records=3
11/04/30 14:42:47 INFO input.FileInputFormat: Total input paths to process : 1
11/04/30 14:42:49 INFO mapred.JobClient: Running job: job_201104211619_3073
11/04/30 14:42:50 INFO mapred.JobClient:  map 0% reduce 0%
11/04/30 14:43:37 INFO mapred.JobClient:  map 1% reduce 0%
11/04/30 14:44:04 INFO mapred.JobClient:  map 2% reduce 0%
11/04/30 14:44:40 INFO mapred.JobClient:  map 3% reduce 0%
11/04/30 14:45:08 INFO mapred.JobClient:  map 4% reduce 0%
11/04/30 14:46:02 INFO mapred.JobClient:  map 5% reduce 0%
11/04/30 14:46:40 INFO mapred.JobClient:  map 6% reduce 0%
11/04/30 14:47:42 INFO mapred.JobClient:  map 7% reduce 0%
11/04/30 14:48:20 INFO mapred.JobClient:  map 8% reduce 0%
11/04/30 14:49:38 INFO mapred.JobClient:  map 9% reduce 0%
11/04/30 14:50:24 INFO mapred.JobClient:  map 10% reduce 0%
11/04/30 14:51:09 INFO mapred.JobClient:  map 11% reduce 0%
11/04/30 14:52:22 INFO mapred.JobClient:  map 12% reduce 0%
11/04/30 14:53:43 INFO mapred.JobClient:  map 13% reduce 0%
11/04/30 14:54:19 INFO mapred.JobClient:  map 14% reduce 0%
11/04/30 14:54:28 INFO mapred.JobClient:  map 15% reduce 0%
11/04/30 14:54:50 INFO mapred.JobClient:  map 16% reduce 0%
11/04/30 14:55:24 INFO mapred.JobClient:  map 17% reduce 0%
11/04/30 14:56:08 INFO mapred.JobClient:  map 18% reduce 0%
11/04/30 14:56:39 INFO mapred.JobClient:  map 19% reduce 0%
11/04/30 14:57:39 INFO mapred.JobClient:  map 20% reduce 0%
11/04/30 14:58:18 INFO mapred.JobClient:  map 21% reduce 0%
11/04/30 14:58:51 INFO mapred.JobClient:  map 22% reduce 0%
11/04/30 14:59:57 INFO mapred.JobClient:  map 23% reduce 0%
11/04/30 15:00:34 INFO mapred.JobClient:  map 24% reduce 0%
11/04/30 15:01:43 INFO mapred.JobClient:  map 25% reduce 0%
11/04/30 15:02:28 INFO mapred.JobClient:  map 26% reduce 0%
11/04/30 15:03:17 INFO mapred.JobClient:  map 27% reduce 0%
11/04/30 15:03:45 INFO mapred.JobClient:  map 28% reduce 0%
11/04/30 15:04:02 INFO mapred.JobClient:  map 29% reduce 0%
11/04/30 15:04:16 INFO mapred.JobClient:  map 30% reduce 0%
11/04/30 15:04:45 INFO mapred.JobClient:  map 31% reduce 0%
11/04/30 15:05:20 INFO mapred.JobClient:  map 32% reduce 0%
11/04/30 15:05:39 INFO mapred.JobClient:  map 33% reduce 0%
11/04/30 15:05:56 INFO mapred.JobClient:  map 34% reduce 0%
11/04/30 15:06:24 INFO mapred.JobClient:  map 35% reduce 0%
11/04/30 15:06:26 INFO mapred.JobClient:  map 36% reduce 0%
11/04/30 15:07:02 INFO mapred.JobClient:  map 37% reduce 0%
11/04/30 15:07:40 INFO mapred.JobClient:  map 38% reduce 0%
11/04/30 15:08:26 INFO mapred.JobClient:  map 39% reduce 0%
11/04/30 15:09:02 INFO mapred.JobClient:  map 40% reduce 0%
11/04/30 15:10:20 INFO mapred.JobClient:  map 41% reduce 0%
11/04/30 15:10:43 INFO mapred.JobClient:  map 42% reduce 0%
11/04/30 15:11:27 INFO mapred.JobClient:  map 43% reduce 0%
11/04/30 15:12:02 INFO mapred.JobClient:  map 44% reduce 0%
11/04/30 15:12:40 INFO mapred.JobClient:  map 45% reduce 0%
11/04/30 15:13:15 INFO mapred.JobClient:  map 46% reduce 0%
11/04/30 15:14:18 INFO mapred.JobClient:  map 47% reduce 0%
11/04/30 15:14:55 INFO mapred.JobClient:  map 48% reduce 0%
11/04/30 15:15:46 INFO mapred.JobClient:  map 49% reduce 0%
11/04/30 15:16:43 INFO mapred.JobClient:  map 50% reduce 0%
11/04/30 15:17:30 INFO mapred.JobClient:  map 51% reduce 0%
11/04/30 15:18:15 INFO mapred.JobClient:  map 52% reduce 0%
11/04/30 15:18:33 INFO mapred.JobClient:  map 53% reduce 0%
11/04/30 15:19:26 INFO mapred.JobClient:  map 54% reduce 0%
11/04/30 15:20:27 INFO mapred.JobClient:  map 55% reduce 0%
11/04/30 15:21:08 INFO mapred.JobClient:  map 56% reduce 0%
11/04/30 15:21:39 INFO mapred.JobClient:  map 57% reduce 0%
11/04/30 15:22:28 INFO mapred.JobClient:  map 58% reduce 0%
11/04/30 15:22:52 INFO mapred.JobClient:  map 59% reduce 0%
11/04/30 15:23:28 INFO mapred.JobClient:  map 60% reduce 0%
11/04/30 15:23:51 INFO mapred.JobClient:  map 61% reduce 0%
11/04/30 15:24:31 INFO mapred.JobClient:  map 62% reduce 0%
11/04/30 15:25:20 INFO mapred.JobClient:  map 63% reduce 0%
11/04/30 15:25:46 INFO mapred.JobClient:  map 64% reduce 0%
11/04/30 15:26:47 INFO mapred.JobClient:  map 65% reduce 0%
11/04/30 15:27:29 INFO mapred.JobClient:  map 66% reduce 0%
11/04/30 15:28:11 INFO mapred.JobClient:  map 67% reduce 0%
11/04/30 15:28:45 INFO mapred.JobClient:  map 68% reduce 0%
11/04/30 15:29:15 INFO mapred.JobClient:  map 69% reduce 0%
11/04/30 15:29:54 INFO mapred.JobClient:  map 70% reduce 0%
11/04/30 15:30:30 INFO mapred.JobClient:  map 71% reduce 0%
11/04/30 15:31:00 INFO mapred.JobClient:  map 72% reduce 0%
11/04/30 15:32:46 INFO mapred.JobClient:  map 73% reduce 0%
11/04/30 15:33:20 INFO mapred.JobClient:  map 74% reduce 0%
11/04/30 15:33:59 INFO mapred.JobClient:  map 75% reduce 0%
11/04/30 15:35:03 INFO mapred.JobClient:  map 76% reduce 0%
11/04/30 15:35:39 INFO mapred.JobClient:  map 77% reduce 0%
11/04/30 15:36:09 INFO mapred.JobClient:  map 78% reduce 0%
11/04/30 15:36:48 INFO mapred.JobClient:  map 79% reduce 0%
11/04/30 15:37:28 INFO mapred.JobClient:  map 80% reduce 0%
11/04/30 15:37:57 INFO mapred.JobClient:  map 81% reduce 0%
11/04/30 15:38:40 INFO mapred.JobClient:  map 82% reduce 0%
11/04/30 15:39:13 INFO mapred.JobClient:  map 83% reduce 0%
11/04/30 15:39:46 INFO mapred.JobClient:  map 84% reduce 0%
11/04/30 15:40:13 INFO mapred.JobClient:  map 85% reduce 0%
11/04/30 15:40:49 INFO mapred.JobClient:  map 86% reduce 0%
11/04/30 15:41:02 INFO mapred.JobClient:  map 87% reduce 0%
11/04/30 15:41:38 INFO mapred.JobClient:  map 88% reduce 0%
11/04/30 15:42:42 INFO mapred.JobClient:  map 89% reduce 0%
11/04/30 15:44:03 INFO mapred.JobClient:  map 90% reduce 0%
11/04/30 15:44:31 INFO mapred.JobClient:  map 91% reduce 0%
11/04/30 15:44:44 INFO mapred.JobClient:  map 92% reduce 0%
11/04/30 15:45:26 INFO mapred.JobClient:  map 93% reduce 0%
11/04/30 15:45:38 INFO mapred.JobClient:  map 94% reduce 0%
11/04/30 15:46:01 INFO mapred.JobClient:  map 95% reduce 0%
11/04/30 15:47:00 INFO mapred.JobClient:  map 96% reduce 0%
11/04/30 15:47:50 INFO mapred.JobClient:  map 97% reduce 0%
11/04/30 15:49:53 INFO mapred.JobClient:  map 98% reduce 0%
11/04/30 15:51:44 INFO mapred.JobClient:  map 98% reduce 11%
11/04/30 15:52:08 INFO mapred.JobClient:  map 99% reduce 11%
11/04/30 15:53:51 INFO mapred.JobClient:  map 99% reduce 22%
11/04/30 15:58:56 INFO mapred.JobClient:  map 100% reduce 22%
11/04/30 15:59:15 INFO mapred.JobClient:  map 100% reduce 33%
11/04/30 15:59:34 INFO mapred.JobClient:  map 100% reduce 100%
11/04/30 15:59:41 INFO mapred.JobClient: Job complete: job_201104211619_3073
11/04/30 15:59:42 INFO mapred.JobClient: Counters: 17
11/04/30 15:59:42 INFO mapred.JobClient:   Job Counters 
11/04/30 15:59:42 INFO mapred.JobClient:     Launched reduce tasks=1
11/04/30 15:59:42 INFO mapred.JobClient:     Rack-local map tasks=3
11/04/30 15:59:42 INFO mapred.JobClient:     Launched map tasks=3
11/04/30 15:59:42 INFO mapred.JobClient:   FileSystemCounters
11/04/30 15:59:42 INFO mapred.JobClient:     FILE_BYTES_READ=9464740583
11/04/30 15:59:42 INFO mapred.JobClient:     HDFS_BYTES_READ=402424315
11/04/30 15:59:42 INFO mapred.JobClient:     FILE_BYTES_WRITTEN=9524170311
11/04/30 15:59:42 INFO mapred.JobClient:     HDFS_BYTES_WRITTEN=21233680
11/04/30 15:59:42 INFO mapred.JobClient:   Map-Reduce Framework
11/04/30 15:59:42 INFO mapred.JobClient:     Reduce input groups=1
11/04/30 15:59:42 INFO mapred.JobClient:     Combine output records=243
11/04/30 15:59:42 INFO mapred.JobClient:     Map input records=959
11/04/30 15:59:42 INFO mapred.JobClient:     Reduce shuffle bytes=39639457
11/04/30 15:59:42 INFO mapred.JobClient:     Reduce output records=1
11/04/30 15:59:42 INFO mapred.JobClient:     Spilled Records=481
11/04/30 15:59:42 INFO mapred.JobClient:     Map output bytes=20363099120
11/04/30 15:59:42 INFO mapred.JobClient:     Combine input records=1199
11/04/30 15:59:42 INFO mapred.JobClient:     Map output records=959
11/04/30 15:59:42 INFO mapred.JobClient:     Reduce input records=3
/opt/hadoop/bin/hadoop jar covariance.jar   sequence  6.85s user 1.77s system 0% cpu 1:18:55.10 total
11/05/02 06:22:39 INFO input.FileInputFormat: Total input paths to process : 1
11/05/02 06:22:42 INFO mapred.JobClient: Running job: job_201104211619_3459
11/05/02 06:22:43 INFO mapred.JobClient:  map 0% reduce 0%
11/05/02 06:23:12 INFO mapred.JobClient:  map 6% reduce 0%
11/05/02 06:23:16 INFO mapred.JobClient:  map 12% reduce 0%
11/05/02 06:23:18 INFO mapred.JobClient:  map 20% reduce 0%
11/05/02 06:23:21 INFO mapred.JobClient:  map 26% reduce 0%
11/05/02 06:23:25 INFO mapred.JobClient:  map 31% reduce 0%
11/05/02 06:23:26 INFO mapred.JobClient:  map 35% reduce 0%
11/05/02 06:23:30 INFO mapred.JobClient:  map 40% reduce 0%
11/05/02 06:23:35 INFO mapred.JobClient:  map 45% reduce 0%
11/05/02 06:23:36 INFO mapred.JobClient:  map 51% reduce 0%
11/05/02 06:23:38 INFO mapred.JobClient:  map 57% reduce 0%
11/05/02 06:23:44 INFO mapred.JobClient:  map 63% reduce 0%
11/05/02 06:23:45 INFO mapred.JobClient:  map 70% reduce 0%
11/05/02 06:23:48 INFO mapred.JobClient:  map 76% reduce 0%
11/05/02 06:23:53 INFO mapred.JobClient:  map 81% reduce 0%
11/05/02 06:23:54 INFO mapred.JobClient:  map 88% reduce 0%
11/05/02 06:23:58 INFO mapred.JobClient:  map 92% reduce 0%
11/05/02 06:24:01 INFO mapred.JobClient:  map 96% reduce 0%
11/05/02 06:24:02 INFO mapred.JobClient:  map 98% reduce 0%
11/05/02 06:24:11 INFO mapred.JobClient:  map 100% reduce 0%
11/05/02 06:24:16 INFO mapred.JobClient:  map 100% reduce 11%
11/05/02 06:24:34 INFO mapred.JobClient:  map 100% reduce 100%
11/05/02 06:24:42 INFO mapred.JobClient: Job complete: job_201104211619_3459
11/05/02 06:24:42 INFO mapred.JobClient: Counters: 17
11/05/02 06:24:42 INFO mapred.JobClient:   Job Counters 
11/05/02 06:24:42 INFO mapred.JobClient:     Launched reduce tasks=1
11/05/02 06:24:42 INFO mapred.JobClient:     Rack-local map tasks=3
11/05/02 06:24:42 INFO mapred.JobClient:     Launched map tasks=3
11/05/02 06:24:42 INFO mapred.JobClient:   FileSystemCounters
11/05/02 06:24:42 INFO mapred.JobClient:     FILE_BYTES_READ=19507
11/05/02 06:24:42 INFO mapred.JobClient:     HDFS_BYTES_READ=402424315
11/05/02 06:24:42 INFO mapred.JobClient:     FILE_BYTES_WRITTEN=39109
11/05/02 06:24:42 INFO mapred.JobClient:     HDFS_BYTES_WRITTEN=9232
11/05/02 06:24:42 INFO mapred.JobClient:   Map-Reduce Framework
11/05/02 06:24:42 INFO mapred.JobClient:     Reduce input groups=1
11/05/02 06:24:42 INFO mapred.JobClient:     Combine output records=3
11/05/02 06:24:42 INFO mapred.JobClient:     Map input records=959
11/05/02 06:24:42 INFO mapred.JobClient:     Reduce shuffle bytes=12893
11/05/02 06:24:42 INFO mapred.JobClient:     Reduce output records=1
11/05/02 06:24:42 INFO mapred.JobClient:     Spilled Records=6
11/05/02 06:24:42 INFO mapred.JobClient:     Map output bytes=8853488
11/05/02 06:24:42 INFO mapred.JobClient:     Combine input records=959
11/05/02 06:24:42 INFO mapred.JobClient:     Map output records=959
11/05/02 06:24:42 INFO mapred.JobClient:     Reduce input records=3
11/05/02 06:24:45 INFO input.FileInputFormat: Total input paths to process : 1
11/05/02 06:24:48 INFO mapred.JobClient: Running job: job_201104211619_3460
11/05/02 06:24:49 INFO mapred.JobClient:  map 0% reduce 0%
11/05/02 06:25:36 INFO mapred.JobClient:  map 1% reduce 0%
11/05/02 06:26:05 INFO mapred.JobClient:  map 2% reduce 0%
11/05/02 06:26:32 INFO mapred.JobClient:  map 3% reduce 0%
11/05/02 06:27:06 INFO mapred.JobClient:  map 4% reduce 0%
11/05/02 06:28:01 INFO mapred.JobClient:  map 5% reduce 0%
11/05/02 06:28:45 INFO mapred.JobClient:  map 6% reduce 0%
11/05/02 06:29:39 INFO mapred.JobClient:  map 7% reduce 0%
11/05/02 06:30:19 INFO mapred.JobClient:  map 8% reduce 0%
11/05/02 06:31:38 INFO mapred.JobClient:  map 9% reduce 0%
11/05/02 06:32:26 INFO mapred.JobClient:  map 10% reduce 0%
11/05/02 06:33:00 INFO mapred.JobClient:  map 11% reduce 0%
11/05/02 06:34:30 INFO mapred.JobClient:  map 12% reduce 0%
11/05/02 06:35:36 INFO mapred.JobClient:  map 13% reduce 0%
11/05/02 06:36:13 INFO mapred.JobClient:  map 14% reduce 0%
11/05/02 06:36:32 INFO mapred.JobClient:  map 15% reduce 0%
11/05/02 06:36:49 INFO mapred.JobClient:  map 16% reduce 0%
11/05/02 06:37:23 INFO mapred.JobClient:  map 17% reduce 0%
11/05/02 06:38:17 INFO mapred.JobClient:  map 18% reduce 0%
11/05/02 06:38:47 INFO mapred.JobClient:  map 19% reduce 0%
11/05/02 06:39:30 INFO mapred.JobClient:  map 20% reduce 0%
11/05/02 06:40:18 INFO mapred.JobClient:  map 21% reduce 0%
11/05/02 06:40:54 INFO mapred.JobClient:  map 22% reduce 0%
11/05/02 06:41:57 INFO mapred.JobClient:  map 23% reduce 0%
11/05/02 06:42:34 INFO mapred.JobClient:  map 24% reduce 0%
11/05/02 06:43:37 INFO mapred.JobClient:  map 25% reduce 0%
11/05/02 06:44:31 INFO mapred.JobClient:  map 26% reduce 0%
11/05/02 06:45:16 INFO mapred.JobClient:  map 27% reduce 0%
11/05/02 06:45:54 INFO mapred.JobClient:  map 28% reduce 0%
11/05/02 06:46:03 INFO mapred.JobClient:  map 29% reduce 0%
11/05/02 06:46:18 INFO mapred.JobClient:  map 30% reduce 0%
11/05/02 06:46:45 INFO mapred.JobClient:  map 31% reduce 0%
11/05/02 06:47:30 INFO mapred.JobClient:  map 32% reduce 0%
11/05/02 06:47:48 INFO mapred.JobClient:  map 33% reduce 0%
11/05/02 06:47:59 INFO mapred.JobClient:  map 34% reduce 0%
11/05/02 06:48:26 INFO mapred.JobClient:  map 35% reduce 0%
11/05/02 06:48:34 INFO mapred.JobClient:  map 36% reduce 0%
11/05/02 06:49:02 INFO mapred.JobClient:  map 37% reduce 0%
11/05/02 06:49:48 INFO mapred.JobClient:  map 38% reduce 0%
11/05/02 06:50:26 INFO mapred.JobClient:  map 39% reduce 0%
11/05/02 06:51:03 INFO mapred.JobClient:  map 40% reduce 0%
11/05/02 06:52:21 INFO mapred.JobClient:  map 41% reduce 0%
11/05/02 06:52:40 INFO mapred.JobClient:  map 42% reduce 0%
11/05/02 06:53:33 INFO mapred.JobClient:  map 43% reduce 0%
11/05/02 06:54:10 INFO mapred.JobClient:  map 44% reduce 0%
11/05/02 06:54:41 INFO mapred.JobClient:  map 45% reduce 0%
11/05/02 06:55:13 INFO mapred.JobClient:  map 46% reduce 0%
11/05/02 06:56:09 INFO mapred.JobClient:  map 47% reduce 0%
11/05/02 06:57:02 INFO mapred.JobClient:  map 48% reduce 0%
11/05/02 06:57:48 INFO mapred.JobClient:  map 49% reduce 0%
11/05/02 06:58:51 INFO mapred.JobClient:  map 50% reduce 0%
11/05/02 06:59:27 INFO mapred.JobClient:  map 51% reduce 0%
11/05/02 07:00:13 INFO mapred.JobClient:  map 52% reduce 0%
11/05/02 07:00:25 INFO mapred.JobClient:  map 53% reduce 0%
11/05/02 07:01:19 INFO mapred.JobClient:  map 54% reduce 0%
11/05/02 07:02:15 INFO mapred.JobClient:  map 55% reduce 0%
11/05/02 07:03:05 INFO mapred.JobClient:  map 56% reduce 0%
11/05/02 07:03:36 INFO mapred.JobClient:  map 57% reduce 0%
11/05/02 07:04:09 INFO mapred.JobClient:  map 58% reduce 0%
11/05/02 07:04:45 INFO mapred.JobClient:  map 59% reduce 0%
11/05/02 07:05:20 INFO mapred.JobClient:  map 60% reduce 0%
11/05/02 07:05:48 INFO mapred.JobClient:  map 61% reduce 0%
11/05/02 07:06:25 INFO mapred.JobClient:  map 62% reduce 0%
11/05/02 07:07:09 INFO mapred.JobClient:  map 63% reduce 0%
11/05/02 07:07:46 INFO mapred.JobClient:  map 64% reduce 0%
11/05/02 07:08:50 INFO mapred.JobClient:  map 65% reduce 0%
11/05/02 07:09:21 INFO mapred.JobClient:  map 66% reduce 0%
11/05/02 07:10:12 INFO mapred.JobClient:  map 67% reduce 0%
11/05/02 07:10:56 INFO mapred.JobClient:  map 68% reduce 0%
11/05/02 07:11:11 INFO mapred.JobClient:  map 69% reduce 0%
11/05/02 07:11:55 INFO mapred.JobClient:  map 70% reduce 0%
11/05/02 07:12:37 INFO mapred.JobClient:  map 71% reduce 0%
11/05/02 07:13:12 INFO mapred.JobClient:  map 72% reduce 0%
11/05/02 07:14:48 INFO mapred.JobClient:  map 73% reduce 0%
11/05/02 07:15:28 INFO mapred.JobClient:  map 74% reduce 0%
11/05/02 07:16:34 INFO mapred.JobClient:  map 75% reduce 0%
11/05/02 07:17:22 INFO mapred.JobClient:  map 76% reduce 0%
11/05/02 07:17:49 INFO mapred.JobClient:  map 77% reduce 0%
11/05/02 07:18:32 INFO mapred.JobClient:  map 78% reduce 0%
11/05/02 07:19:16 INFO mapred.JobClient:  map 79% reduce 0%
11/05/02 07:20:00 INFO mapred.JobClient:  map 80% reduce 0%
11/05/02 07:20:21 INFO mapred.JobClient:  map 81% reduce 0%
11/05/02 07:21:06 INFO mapred.JobClient:  map 82% reduce 0%
11/05/02 07:21:33 INFO mapred.JobClient:  map 83% reduce 0%
11/05/02 07:22:09 INFO mapred.JobClient:  map 84% reduce 0%
11/05/02 07:22:33 INFO mapred.JobClient:  map 85% reduce 0%
11/05/02 07:23:14 INFO mapred.JobClient:  map 86% reduce 0%
11/05/02 07:23:41 INFO mapred.JobClient:  map 87% reduce 0%
11/05/02 07:24:08 INFO mapred.JobClient:  map 88% reduce 0%
11/05/02 07:25:12 INFO mapred.JobClient:  map 89% reduce 0%
11/05/02 07:26:15 INFO mapred.JobClient:  map 90% reduce 0%
11/05/02 07:26:53 INFO mapred.JobClient:  map 91% reduce 0%
11/05/02 07:27:22 INFO mapred.JobClient:  map 92% reduce 0%
11/05/02 07:27:28 INFO mapred.JobClient:  map 93% reduce 0%
11/05/02 07:27:42 INFO mapred.JobClient:  map 94% reduce 0%
11/05/02 07:28:26 INFO mapred.JobClient:  map 95% reduce 0%
11/05/02 07:29:10 INFO mapred.JobClient:  map 96% reduce 0%
11/05/02 07:29:58 INFO mapred.JobClient:  map 97% reduce 0%
11/05/02 07:31:53 INFO mapred.JobClient:  map 98% reduce 0%
11/05/02 07:34:19 INFO mapred.JobClient:  map 99% reduce 0%
11/05/02 07:34:35 INFO mapred.JobClient:  map 99% reduce 11%
11/05/02 07:36:14 INFO mapred.JobClient:  map 99% reduce 22%
11/05/02 07:41:08 INFO mapred.JobClient:  map 100% reduce 22%
11/05/02 07:41:22 INFO mapred.JobClient:  map 100% reduce 33%
11/05/02 07:41:41 INFO mapred.JobClient:  map 100% reduce 100%
11/05/02 07:41:49 INFO mapred.JobClient: Job complete: job_201104211619_3460
11/05/02 07:41:49 INFO mapred.JobClient: Counters: 17
11/05/02 07:41:49 INFO mapred.JobClient:   Job Counters 
11/05/02 07:41:49 INFO mapred.JobClient:     Launched reduce tasks=1
11/05/02 07:41:49 INFO mapred.JobClient:     Rack-local map tasks=3
11/05/02 07:41:49 INFO mapred.JobClient:     Launched map tasks=3
11/05/02 07:41:49 INFO mapred.JobClient:   FileSystemCounters
11/05/02 07:41:49 INFO mapred.JobClient:     FILE_BYTES_READ=9464741464
11/05/02 07:41:49 INFO mapred.JobClient:     HDFS_BYTES_READ=402424315
11/05/02 07:41:49 INFO mapred.JobClient:     FILE_BYTES_WRITTEN=9524171252
11/05/02 07:41:49 INFO mapred.JobClient:     HDFS_BYTES_WRITTEN=21233680
11/05/02 07:41:49 INFO mapred.JobClient:   Map-Reduce Framework
11/05/02 07:41:49 INFO mapred.JobClient:     Reduce input groups=1
11/05/02 07:41:49 INFO mapred.JobClient:     Combine output records=243
11/05/02 07:41:49 INFO mapred.JobClient:     Map input records=959
11/05/02 07:41:49 INFO mapred.JobClient:     Reduce shuffle bytes=39639352
11/05/02 07:41:49 INFO mapred.JobClient:     Reduce output records=1
11/05/02 07:41:49 INFO mapred.JobClient:     Spilled Records=481
11/05/02 07:41:49 INFO mapred.JobClient:     Map output bytes=20363099120
11/05/02 07:41:49 INFO mapred.JobClient:     Combine input records=1199
11/05/02 07:41:49 INFO mapred.JobClient:     Map output records=959
11/05/02 07:41:49 INFO mapred.JobClient:     Reduce input records=3
/opt/hadoop/bin/hadoop jar covariance.jar   sequence  7.36s user 1.26s system 0% cpu 1:19:14.36 total
