11/04/30 12:24:12 INFO input.FileInputFormat: Total input paths to process : 954
11/04/30 12:25:02 INFO mapred.JobClient: Running job: job_201104211619_3029
11/04/30 12:25:03 INFO mapred.JobClient:  map 0% reduce 0%
11/04/30 12:25:26 INFO mapred.JobClient:  map 1% reduce 0%
11/04/30 12:25:28 INFO mapred.JobClient:  map 33% reduce 0%
11/04/30 12:25:29 INFO mapred.JobClient:  map 44% reduce 0%
11/04/30 12:25:30 INFO mapred.JobClient:  map 47% reduce 0%
11/04/30 12:25:31 INFO mapred.JobClient:  map 62% reduce 0%
11/04/30 12:25:33 INFO mapred.JobClient:  map 65% reduce 0%
11/04/30 12:25:34 INFO mapred.JobClient:  map 79% reduce 0%
11/04/30 12:25:35 INFO mapred.JobClient:  map 80% reduce 0%
11/04/30 12:25:36 INFO mapred.JobClient:  map 81% reduce 0%
11/04/30 12:25:37 INFO mapred.JobClient:  map 91% reduce 0%
11/04/30 12:25:38 INFO mapred.JobClient:  map 92% reduce 0%
11/04/30 12:25:39 INFO mapred.JobClient:  map 94% reduce 0%
11/04/30 12:25:40 INFO mapred.JobClient:  map 98% reduce 0%
11/04/30 12:25:42 INFO mapred.JobClient:  map 99% reduce 0%
11/04/30 12:25:47 INFO mapred.JobClient:  map 99% reduce 7%
11/04/30 12:25:55 INFO mapred.JobClient:  map 99% reduce 30%
11/04/30 12:26:04 INFO mapred.JobClient:  map 99% reduce 33%
11/04/30 12:26:12 INFO mapred.JobClient: Job complete: job_201104211619_3029
11/04/30 12:26:13 INFO mapred.JobClient: Counters: 13
11/04/30 12:26:13 INFO mapred.JobClient:   Job Counters 
11/04/30 12:26:13 INFO mapred.JobClient:     Launched reduce tasks=2
11/04/30 12:26:13 INFO mapred.JobClient:     Rack-local map tasks=327
11/04/30 12:26:13 INFO mapred.JobClient:     Launched map tasks=962
11/04/30 12:26:13 INFO mapred.JobClient:     Data-local map tasks=635
11/04/30 12:26:13 INFO mapred.JobClient:     Failed map tasks=1
11/04/30 12:26:13 INFO mapred.JobClient:   FileSystemCounters
11/04/30 12:26:13 INFO mapred.JobClient:     HDFS_BYTES_READ=399977032
11/04/30 12:26:13 INFO mapred.JobClient:     FILE_BYTES_WRITTEN=7134745
11/04/30 12:26:13 INFO mapred.JobClient:   Map-Reduce Framework
11/04/30 12:26:13 INFO mapred.JobClient:     Combine output records=952
11/04/30 12:26:13 INFO mapred.JobClient:     Map input records=952
11/04/30 12:26:13 INFO mapred.JobClient:     Spilled Records=952
11/04/30 12:26:13 INFO mapred.JobClient:     Map output bytes=8788864
11/04/30 12:26:13 INFO mapred.JobClient:     Combine input records=952
11/04/30 12:26:13 INFO mapred.JobClient:     Map output records=952
/opt/hadoop/bin/hadoop jar covariance.jar   small_files  2.71s user 0.16s system 2% cpu 2:05.50 total
11/05/02 04:01:41 INFO input.FileInputFormat: Total input paths to process : 954
11/05/02 04:03:03 INFO mapred.JobClient: Running job: job_201104211619_3437
11/05/02 04:03:04 INFO mapred.JobClient:  map 0% reduce 0%
11/05/02 04:03:28 INFO mapred.JobClient:  map 1% reduce 0%
11/05/02 04:03:29 INFO mapred.JobClient:  map 2% reduce 0%
11/05/02 04:03:31 INFO mapred.JobClient:  map 3% reduce 0%
11/05/02 04:03:32 INFO mapred.JobClient:  map 10% reduce 0%
11/05/02 04:03:33 INFO mapred.JobClient:  map 34% reduce 0%
11/05/02 04:03:34 INFO mapred.JobClient:  map 59% reduce 0%
11/05/02 04:03:35 INFO mapred.JobClient:  map 79% reduce 0%
11/05/02 04:03:36 INFO mapred.JobClient:  map 86% reduce 0%
11/05/02 04:03:37 INFO mapred.JobClient:  map 88% reduce 0%
11/05/02 04:03:38 INFO mapred.JobClient:  map 89% reduce 0%
11/05/02 04:03:40 INFO mapred.JobClient:  map 90% reduce 0%
11/05/02 04:03:41 INFO mapred.JobClient:  map 98% reduce 0%
11/05/02 04:03:42 INFO mapred.JobClient:  map 99% reduce 0%
11/05/02 04:03:50 INFO mapred.JobClient:  map 99% reduce 1%
11/05/02 04:03:59 INFO mapred.JobClient:  map 99% reduce 32%
11/05/02 04:04:08 INFO mapred.JobClient:  map 99% reduce 33%
11/05/02 04:04:19 INFO mapred.JobClient: Job complete: job_201104211619_3437
11/05/02 04:04:19 INFO mapred.JobClient: Counters: 13
11/05/02 04:04:19 INFO mapred.JobClient:   Job Counters 
11/05/02 04:04:19 INFO mapred.JobClient:     Launched reduce tasks=2
11/05/02 04:04:19 INFO mapred.JobClient:     Rack-local map tasks=320
11/05/02 04:04:19 INFO mapred.JobClient:     Launched map tasks=962
11/05/02 04:04:19 INFO mapred.JobClient:     Data-local map tasks=642
11/05/02 04:04:19 INFO mapred.JobClient:     Failed map tasks=1
11/05/02 04:04:19 INFO mapred.JobClient:   FileSystemCounters
11/05/02 04:04:19 INFO mapred.JobClient:     HDFS_BYTES_READ=399977032
11/05/02 04:04:19 INFO mapred.JobClient:     FILE_BYTES_WRITTEN=7134745
11/05/02 04:04:19 INFO mapred.JobClient:   Map-Reduce Framework
11/05/02 04:04:19 INFO mapred.JobClient:     Combine output records=952
11/05/02 04:04:19 INFO mapred.JobClient:     Map input records=952
11/05/02 04:04:19 INFO mapred.JobClient:     Spilled Records=952
11/05/02 04:04:19 INFO mapred.JobClient:     Map output bytes=8788864
11/05/02 04:04:19 INFO mapred.JobClient:     Combine input records=952
11/05/02 04:04:19 INFO mapred.JobClient:     Map output records=952
/opt/hadoop/bin/hadoop jar covariance.jar   small_files  2.80s user 0.15s system 1% cpu 2:48.30 total
11/05/03 15:31:06 INFO input.FileInputFormat: Total input paths to process : 954
11/05/03 15:31:59 INFO mapred.JobClient: Running job: job_201104211619_4152
11/05/03 15:32:00 INFO mapred.JobClient:  map 0% reduce 0%
11/05/03 15:32:26 INFO mapred.JobClient:  map 14% reduce 0%
11/05/03 15:32:27 INFO mapred.JobClient:  map 27% reduce 0%
11/05/03 15:32:28 INFO mapred.JobClient:  map 39% reduce 0%
11/05/03 15:32:29 INFO mapred.JobClient:  map 52% reduce 0%
11/05/03 15:32:30 INFO mapred.JobClient:  map 69% reduce 0%
11/05/03 15:32:31 INFO mapred.JobClient:  map 78% reduce 0%
11/05/03 15:32:33 INFO mapred.JobClient:  map 83% reduce 0%
11/05/03 15:32:34 INFO mapred.JobClient:  map 93% reduce 0%
11/05/03 15:32:35 INFO mapred.JobClient:  map 94% reduce 0%
11/05/03 15:32:36 INFO mapred.JobClient:  map 98% reduce 0%
11/05/03 15:32:39 INFO mapred.JobClient:  map 99% reduce 0%
11/05/03 15:32:45 INFO mapred.JobClient:  map 99% reduce 32%
11/05/03 15:32:53 INFO mapred.JobClient:  map 99% reduce 33%
11/05/03 15:33:11 INFO mapred.JobClient: Job complete: job_201104211619_4152
11/05/03 15:33:11 INFO mapred.JobClient: Counters: 13
11/05/03 15:33:11 INFO mapred.JobClient:   Job Counters 
11/05/03 15:33:11 INFO mapred.JobClient:     Launched reduce tasks=2
11/05/03 15:33:11 INFO mapred.JobClient:     Rack-local map tasks=330
11/05/03 15:33:11 INFO mapred.JobClient:     Launched map tasks=963
11/05/03 15:33:11 INFO mapred.JobClient:     Data-local map tasks=633
11/05/03 15:33:11 INFO mapred.JobClient:     Failed map tasks=1
11/05/03 15:33:11 INFO mapred.JobClient:   FileSystemCounters
11/05/03 15:33:11 INFO mapred.JobClient:     HDFS_BYTES_READ=399977032
11/05/03 15:33:11 INFO mapred.JobClient:     FILE_BYTES_WRITTEN=7134745
11/05/03 15:33:11 INFO mapred.JobClient:   Map-Reduce Framework
11/05/03 15:33:11 INFO mapred.JobClient:     Combine output records=952
11/05/03 15:33:11 INFO mapred.JobClient:     Map input records=952
11/05/03 15:33:11 INFO mapred.JobClient:     Spilled Records=952
11/05/03 15:33:11 INFO mapred.JobClient:     Map output bytes=8788864
11/05/03 15:33:11 INFO mapred.JobClient:     Combine input records=952
11/05/03 15:33:11 INFO mapred.JobClient:     Map output records=952
/opt/hadoop/bin/hadoop jar covariance.jar   small_files  2.66s user 0.22s system 2% cpu 2:10.97 total
11/05/04 01:14:55 INFO ipc.Client: Retrying connect to server: /10.160.3.154:8021. Already tried 0 time(s).
11/05/04 01:14:56 INFO ipc.Client: Retrying connect to server: /10.160.3.154:8021. Already tried 1 time(s).
11/05/04 01:14:57 INFO ipc.Client: Retrying connect to server: /10.160.3.154:8021. Already tried 2 time(s).
11/05/04 01:14:58 INFO ipc.Client: Retrying connect to server: /10.160.3.154:8021. Already tried 3 time(s).
11/05/04 01:14:59 INFO ipc.Client: Retrying connect to server: /10.160.3.154:8021. Already tried 4 time(s).
11/05/04 01:15:00 INFO ipc.Client: Retrying connect to server: /10.160.3.154:8021. Already tried 5 time(s).
11/05/04 01:15:01 INFO ipc.Client: Retrying connect to server: /10.160.3.154:8021. Already tried 6 time(s).
11/05/04 01:15:02 INFO ipc.Client: Retrying connect to server: /10.160.3.154:8021. Already tried 7 time(s).
11/05/04 01:15:03 INFO ipc.Client: Retrying connect to server: /10.160.3.154:8021. Already tried 8 time(s).
11/05/04 01:15:04 INFO ipc.Client: Retrying connect to server: /10.160.3.154:8021. Already tried 9 time(s).
Exception in thread "main" java.io.IOException: Call to /10.160.3.154:8021 failed on local exception: java.net.SocketException: Connection refused
	at org.apache.hadoop.ipc.Client.wrapException(Client.java:774)
	at org.apache.hadoop.ipc.Client.call(Client.java:742)
	at org.apache.hadoop.ipc.RPC$Invoker.invoke(RPC.java:220)
	at org.apache.hadoop.mapred.$Proxy0.getProtocolVersion(Unknown Source)
	at org.apache.hadoop.ipc.RPC.getProxy(RPC.java:359)
	at org.apache.hadoop.mapred.JobClient.createRPCProxy(JobClient.java:470)
	at org.apache.hadoop.mapred.JobClient.init(JobClient.java:455)
	at org.apache.hadoop.mapred.JobClient.<init>(JobClient.java:442)
	at org.apache.hadoop.mapreduce.Job.<init>(Job.java:50)
	at org.apache.hadoop.mapreduce.Job.<init>(Job.java:54)
	at hipi.experiments.covariance.Covariance.runMeanCompute(Covariance.java:143)
	at hipi.experiments.covariance.Covariance.run(Covariance.java:217)
	at org.apache.hadoop.util.ToolRunner.run(ToolRunner.java:65)
	at org.apache.hadoop.util.ToolRunner.run(ToolRunner.java:79)
	at hipi.experiments.covariance.Covariance.main(Covariance.java:224)
	at sun.reflect.NativeMethodAccessorImpl.invoke0(Native Method)
	at sun.reflect.NativeMethodAccessorImpl.invoke(NativeMethodAccessorImpl.java:39)
	at sun.reflect.DelegatingMethodAccessorImpl.invoke(DelegatingMethodAccessorImpl.java:25)
	at java.lang.reflect.Method.invoke(Method.java:597)
	at org.apache.hadoop.util.RunJar.main(RunJar.java:156)
Caused by: java.net.SocketException: Connection refused
	at java.net.SocksSocketImpl.connect(SocksSocketImpl.java:405)
	at java.net.Socket.connect(Socket.java:529)
	at org.apache.hadoop.net.NetUtils.connect(NetUtils.java:402)
	at org.apache.hadoop.ipc.Client$Connection.setupIOstreams(Client.java:304)
	at org.apache.hadoop.ipc.Client$Connection.access$1700(Client.java:176)
	at org.apache.hadoop.ipc.Client.getConnection(Client.java:859)
	at org.apache.hadoop.ipc.Client.call(Client.java:719)
	... 18 more
/opt/hadoop/bin/hadoop jar covariance.jar   small_files  0.50s user 0.03s system 5% cpu 10.417 total
11/05/04 01:16:19 INFO ipc.Client: Retrying connect to server: /10.160.3.154:8021. Already tried 0 time(s).
11/05/04 01:16:20 INFO ipc.Client: Retrying connect to server: /10.160.3.154:8021. Already tried 1 time(s).
11/05/04 01:16:21 INFO ipc.Client: Retrying connect to server: /10.160.3.154:8021. Already tried 2 time(s).
11/05/04 01:16:22 INFO ipc.Client: Retrying connect to server: /10.160.3.154:8021. Already tried 3 time(s).
11/05/04 01:16:23 INFO ipc.Client: Retrying connect to server: /10.160.3.154:8021. Already tried 4 time(s).
11/05/04 01:16:24 INFO ipc.Client: Retrying connect to server: /10.160.3.154:8021. Already tried 5 time(s).
11/05/04 01:16:25 INFO ipc.Client: Retrying connect to server: /10.160.3.154:8021. Already tried 6 time(s).
11/05/04 01:16:26 INFO ipc.Client: Retrying connect to server: /10.160.3.154:8021. Already tried 7 time(s).
11/05/04 01:16:27 INFO ipc.Client: Retrying connect to server: /10.160.3.154:8021. Already tried 8 time(s).
11/05/04 01:16:28 INFO ipc.Client: Retrying connect to server: /10.160.3.154:8021. Already tried 9 time(s).
Exception in thread "main" java.io.IOException: Call to /10.160.3.154:8021 failed on local exception: java.net.SocketException: Connection refused
	at org.apache.hadoop.ipc.Client.wrapException(Client.java:774)
	at org.apache.hadoop.ipc.Client.call(Client.java:742)
	at org.apache.hadoop.ipc.RPC$Invoker.invoke(RPC.java:220)
	at org.apache.hadoop.mapred.$Proxy0.getProtocolVersion(Unknown Source)
	at org.apache.hadoop.ipc.RPC.getProxy(RPC.java:359)
	at org.apache.hadoop.mapred.JobClient.createRPCProxy(JobClient.java:470)
	at org.apache.hadoop.mapred.JobClient.init(JobClient.java:455)
	at org.apache.hadoop.mapred.JobClient.<init>(JobClient.java:442)
	at org.apache.hadoop.mapreduce.Job.<init>(Job.java:50)
	at org.apache.hadoop.mapreduce.Job.<init>(Job.java:54)
	at hipi.experiments.covariance.Covariance.runMeanCompute(Covariance.java:143)
	at hipi.experiments.covariance.Covariance.run(Covariance.java:217)
	at org.apache.hadoop.util.ToolRunner.run(ToolRunner.java:65)
	at org.apache.hadoop.util.ToolRunner.run(ToolRunner.java:79)
	at hipi.experiments.covariance.Covariance.main(Covariance.java:224)
	at sun.reflect.NativeMethodAccessorImpl.invoke0(Native Method)
	at sun.reflect.NativeMethodAccessorImpl.invoke(NativeMethodAccessorImpl.java:39)
	at sun.reflect.DelegatingMethodAccessorImpl.invoke(DelegatingMethodAccessorImpl.java:25)
	at java.lang.reflect.Method.invoke(Method.java:597)
	at org.apache.hadoop.util.RunJar.main(RunJar.java:156)
Caused by: java.net.SocketException: Connection refused
	at java.net.SocksSocketImpl.connect(SocksSocketImpl.java:405)
	at java.net.Socket.connect(Socket.java:529)
	at org.apache.hadoop.net.NetUtils.connect(NetUtils.java:402)
	at org.apache.hadoop.ipc.Client$Connection.setupIOstreams(Client.java:304)
	at org.apache.hadoop.ipc.Client$Connection.access$1700(Client.java:176)
	at org.apache.hadoop.ipc.Client.getConnection(Client.java:859)
	at org.apache.hadoop.ipc.Client.call(Client.java:719)
	... 18 more
/opt/hadoop/bin/hadoop jar covariance.jar   small_files  0.52s user 0.07s system 5% cpu 10.464 total
11/05/04 13:24:11 INFO input.FileInputFormat: Total input paths to process : 954
11/05/04 13:25:01 INFO mapred.JobClient: Running job: job_201104211619_4721
11/05/04 13:25:02 INFO mapred.JobClient:  map 0% reduce 0%
11/05/04 13:25:27 INFO mapred.JobClient:  map 2% reduce 0%
11/05/04 13:25:28 INFO mapred.JobClient:  map 9% reduce 0%
11/05/04 13:25:30 INFO mapred.JobClient:  map 23% reduce 0%
11/05/04 13:25:31 INFO mapred.JobClient:  map 38% reduce 0%
11/05/04 13:25:32 INFO mapred.JobClient:  map 45% reduce 0%
11/05/04 13:25:33 INFO mapred.JobClient:  map 50% reduce 0%
11/05/04 13:25:34 INFO mapred.JobClient:  map 68% reduce 0%
11/05/04 13:25:35 INFO mapred.JobClient:  map 76% reduce 0%
11/05/04 13:25:36 INFO mapred.JobClient:  map 87% reduce 0%
11/05/04 13:25:37 INFO mapred.JobClient:  map 95% reduce 0%
11/05/04 13:25:38 INFO mapred.JobClient:  map 96% reduce 0%
11/05/04 13:25:40 INFO mapred.JobClient:  map 99% reduce 0%
11/05/04 13:25:46 INFO mapred.JobClient:  map 99% reduce 1%
11/05/04 13:25:55 INFO mapred.JobClient:  map 99% reduce 30%
11/05/04 13:26:12 INFO mapred.JobClient: Job complete: job_201104211619_4721
11/05/04 13:26:13 INFO mapred.JobClient: Counters: 13
11/05/04 13:26:13 INFO mapred.JobClient:   Job Counters 
11/05/04 13:26:13 INFO mapred.JobClient:     Launched reduce tasks=2
11/05/04 13:26:13 INFO mapred.JobClient:     Rack-local map tasks=339
11/05/04 13:26:13 INFO mapred.JobClient:     Launched map tasks=965
11/05/04 13:26:13 INFO mapred.JobClient:     Data-local map tasks=626
11/05/04 13:26:13 INFO mapred.JobClient:     Failed map tasks=1
11/05/04 13:26:13 INFO mapred.JobClient:   FileSystemCounters
11/05/04 13:26:13 INFO mapred.JobClient:     HDFS_BYTES_READ=399977032
11/05/04 13:26:13 INFO mapred.JobClient:     FILE_BYTES_WRITTEN=7134745
11/05/04 13:26:13 INFO mapred.JobClient:   Map-Reduce Framework
11/05/04 13:26:13 INFO mapred.JobClient:     Combine output records=952
11/05/04 13:26:13 INFO mapred.JobClient:     Map input records=952
11/05/04 13:26:13 INFO mapred.JobClient:     Spilled Records=952
11/05/04 13:26:13 INFO mapred.JobClient:     Map output bytes=8788864
11/05/04 13:26:13 INFO mapred.JobClient:     Combine input records=952
11/05/04 13:26:13 INFO mapred.JobClient:     Map output records=952
/opt/hadoop/bin/hadoop jar covariance.jar   small_files  2.63s user 0.26s system 2% cpu 2:06.70 total
11/05/04 19:14:35 INFO input.FileInputFormat: Total input paths to process : 954
11/05/04 19:15:27 INFO mapred.JobClient: Running job: job_201104211619_4754
11/05/04 19:15:28 INFO mapred.JobClient:  map 0% reduce 0%
11/05/04 19:15:53 INFO mapred.JobClient:  map 2% reduce 0%
11/05/04 19:15:54 INFO mapred.JobClient:  map 17% reduce 0%
11/05/04 19:15:55 INFO mapred.JobClient:  map 27% reduce 0%
11/05/04 19:15:57 INFO mapred.JobClient:  map 37% reduce 0%
11/05/04 19:15:58 INFO mapred.JobClient:  map 44% reduce 0%
11/05/04 19:15:59 INFO mapred.JobClient:  map 56% reduce 0%
11/05/04 19:16:00 INFO mapred.JobClient:  map 65% reduce 0%
11/05/04 19:16:01 INFO mapred.JobClient:  map 79% reduce 0%
11/05/04 19:16:02 INFO mapred.JobClient:  map 87% reduce 0%
11/05/04 19:16:03 INFO mapred.JobClient:  map 98% reduce 0%
11/05/04 19:16:04 INFO mapred.JobClient:  map 99% reduce 0%
11/05/04 19:16:12 INFO mapred.JobClient:  map 99% reduce 11%
11/05/04 19:16:21 INFO mapred.JobClient:  map 99% reduce 32%
11/05/04 19:16:30 INFO mapred.JobClient:  map 99% reduce 33%
11/05/04 19:16:39 INFO mapred.JobClient: Job complete: job_201104211619_4754
11/05/04 19:16:39 INFO mapred.JobClient: Counters: 13
11/05/04 19:16:39 INFO mapred.JobClient:   Job Counters 
11/05/04 19:16:39 INFO mapred.JobClient:     Launched reduce tasks=2
11/05/04 19:16:39 INFO mapred.JobClient:     Rack-local map tasks=332
11/05/04 19:16:39 INFO mapred.JobClient:     Launched map tasks=964
11/05/04 19:16:39 INFO mapred.JobClient:     Data-local map tasks=632
11/05/04 19:16:39 INFO mapred.JobClient:     Failed map tasks=1
11/05/04 19:16:39 INFO mapred.JobClient:   FileSystemCounters
11/05/04 19:16:39 INFO mapred.JobClient:     HDFS_BYTES_READ=399977032
11/05/04 19:16:39 INFO mapred.JobClient:     FILE_BYTES_WRITTEN=7134745
11/05/04 19:16:39 INFO mapred.JobClient:   Map-Reduce Framework
11/05/04 19:16:39 INFO mapred.JobClient:     Combine output records=952
11/05/04 19:16:39 INFO mapred.JobClient:     Map input records=952
11/05/04 19:16:39 INFO mapred.JobClient:     Spilled Records=952
11/05/04 19:16:39 INFO mapred.JobClient:     Map output bytes=8788864
11/05/04 19:16:39 INFO mapred.JobClient:     Combine input records=952
11/05/04 19:16:39 INFO mapred.JobClient:     Map output records=952
/opt/hadoop/bin/hadoop jar covariance.jar   small_files  2.52s user 0.24s system 2% cpu 2:08.49 total
