11/04/30 12:13:15 INFO input.FileInputFormat: Total input paths to process : 9
11/04/30 12:13:17 INFO mapred.JobClient: Running job: job_201104211619_3019
11/04/30 12:13:18 INFO mapred.JobClient:  map 0% reduce 0%
11/04/30 12:13:39 INFO mapred.JobClient:  map 11% reduce 0%
11/04/30 12:13:41 INFO mapred.JobClient:  map 22% reduce 0%
11/04/30 12:13:47 INFO mapred.JobClient:  map 33% reduce 0%
11/04/30 12:13:48 INFO mapred.JobClient:  map 44% reduce 0%
11/04/30 12:13:54 INFO mapred.JobClient:  map 55% reduce 0%
11/04/30 12:13:57 INFO mapred.JobClient:  map 66% reduce 0%
11/04/30 12:13:58 INFO mapred.JobClient:  map 66% reduce 3%
11/04/30 12:14:06 INFO mapred.JobClient:  map 66% reduce 22%
11/04/30 12:14:07 INFO mapred.JobClient:  map 77% reduce 22%
11/04/30 12:14:25 INFO mapred.JobClient:  map 77% reduce 25%
11/04/30 12:14:31 INFO mapred.JobClient:  map 100% reduce 25%
11/04/30 12:14:52 INFO mapred.JobClient:  map 100% reduce 100%
11/04/30 12:15:00 INFO mapred.JobClient: Job complete: job_201104211619_3019
11/04/30 12:15:00 INFO mapred.JobClient: Counters: 17
11/04/30 12:15:00 INFO mapred.JobClient:   Job Counters 
11/04/30 12:15:00 INFO mapred.JobClient:     Launched reduce tasks=1
11/04/30 12:15:00 INFO mapred.JobClient:     Rack-local map tasks=11
11/04/30 12:15:00 INFO mapred.JobClient:     Launched map tasks=11
11/04/30 12:15:00 INFO mapred.JobClient:   FileSystemCounters
11/04/30 12:15:00 INFO mapred.JobClient:     FILE_BYTES_READ=67797
11/04/30 12:15:00 INFO mapred.JobClient:     HDFS_BYTES_READ=4852620
11/04/30 12:15:00 INFO mapred.JobClient:     FILE_BYTES_WRITTEN=135711
11/04/30 12:15:00 INFO mapred.JobClient:     HDFS_BYTES_WRITTEN=9232
11/04/30 12:15:00 INFO mapred.JobClient:   Map-Reduce Framework
11/04/30 12:15:00 INFO mapred.JobClient:     Reduce input groups=1
11/04/30 12:15:00 INFO mapred.JobClient:     Combine output records=9
11/04/30 12:15:00 INFO mapred.JobClient:     Map input records=9
11/04/30 12:15:00 INFO mapred.JobClient:     Reduce shuffle bytes=67626
11/04/30 12:15:00 INFO mapred.JobClient:     Reduce output records=1
11/04/30 12:15:00 INFO mapred.JobClient:     Spilled Records=18
11/04/30 12:15:00 INFO mapred.JobClient:     Map output bytes=83088
11/04/30 12:15:00 INFO mapred.JobClient:     Combine input records=9
11/04/30 12:15:00 INFO mapred.JobClient:     Map output records=9
11/04/30 12:15:00 INFO mapred.JobClient:     Reduce input records=9
11/04/30 12:15:03 INFO input.FileInputFormat: Total input paths to process : 9
11/04/30 12:15:06 INFO mapred.JobClient: Running job: job_201104211619_3020
11/04/30 12:15:07 INFO mapred.JobClient:  map 0% reduce 0%
11/04/30 12:15:48 INFO mapred.JobClient:  map 11% reduce 0%
11/04/30 12:15:55 INFO mapred.JobClient:  map 22% reduce 0%
11/04/30 12:16:06 INFO mapred.JobClient:  map 33% reduce 3%
11/04/30 12:16:12 INFO mapred.JobClient:  map 44% reduce 3%
11/04/30 12:16:14 INFO mapred.JobClient:  map 55% reduce 3%
11/04/30 12:16:16 INFO mapred.JobClient:  map 55% reduce 7%
11/04/30 12:16:19 INFO mapred.JobClient:  map 66% reduce 7%
11/04/30 12:16:20 INFO mapred.JobClient:  map 77% reduce 7%
11/04/30 12:16:21 INFO mapred.JobClient:  map 88% reduce 7%
11/04/30 12:16:23 INFO mapred.JobClient:  map 100% reduce 7%
11/04/30 12:16:24 INFO mapred.JobClient:  map 100% reduce 11%
11/04/30 12:16:33 INFO mapred.JobClient:  map 100% reduce 18%
11/04/30 12:16:43 INFO mapred.JobClient:  map 100% reduce 33%
11/04/30 12:17:19 INFO mapred.JobClient:  map 100% reduce 100%
11/04/30 12:17:26 INFO mapred.JobClient: Job complete: job_201104211619_3020
11/04/30 12:17:26 INFO mapred.JobClient: Counters: 17
11/04/30 12:17:26 INFO mapred.JobClient:   Job Counters 
11/04/30 12:17:26 INFO mapred.JobClient:     Launched reduce tasks=1
11/04/30 12:17:26 INFO mapred.JobClient:     Rack-local map tasks=15
11/04/30 12:17:26 INFO mapred.JobClient:     Launched map tasks=15
11/04/30 12:17:26 INFO mapred.JobClient:   FileSystemCounters
11/04/30 12:17:26 INFO mapred.JobClient:     FILE_BYTES_READ=178665168
11/04/30 12:17:26 INFO mapred.JobClient:     HDFS_BYTES_READ=4852620
11/04/30 12:17:26 INFO mapred.JobClient:     FILE_BYTES_WRITTEN=357163336
11/04/30 12:17:26 INFO mapred.JobClient:     HDFS_BYTES_WRITTEN=21233680
11/04/30 12:17:26 INFO mapred.JobClient:   Map-Reduce Framework
11/04/30 12:17:26 INFO mapred.JobClient:     Reduce input groups=1
11/04/30 12:17:26 INFO mapred.JobClient:     Combine output records=9
11/04/30 12:17:26 INFO mapred.JobClient:     Map input records=9
11/04/30 12:17:26 INFO mapred.JobClient:     Reduce shuffle bytes=158754740
11/04/30 12:17:26 INFO mapred.JobClient:     Reduce output records=1
11/04/30 12:17:26 INFO mapred.JobClient:     Spilled Records=18
11/04/30 12:17:26 INFO mapred.JobClient:     Map output bytes=191103120
11/04/30 12:17:26 INFO mapred.JobClient:     Combine input records=9
11/04/30 12:17:26 INFO mapred.JobClient:     Map output records=9
11/04/30 12:17:26 INFO mapred.JobClient:     Reduce input records=9
/opt/hadoop/bin/hadoop jar covariance.jar   small_files  1.86s user 0.13s system 0% cpu 4:16.02 total
11/05/02 03:49:19 INFO input.FileInputFormat: Total input paths to process : 9
11/05/02 03:49:21 INFO mapred.JobClient: Running job: job_201104211619_3430
11/05/02 03:49:22 INFO mapred.JobClient:  map 0% reduce 0%
11/05/02 03:49:42 INFO mapred.JobClient:  map 100% reduce 0%
11/05/02 03:50:09 INFO mapred.JobClient:  map 100% reduce 100%
11/05/02 03:50:33 INFO mapred.JobClient: Job complete: job_201104211619_3430
11/05/02 03:50:33 INFO mapred.JobClient: Counters: 18
11/05/02 03:50:33 INFO mapred.JobClient:   Job Counters 
11/05/02 03:50:33 INFO mapred.JobClient:     Launched reduce tasks=1
11/05/02 03:50:33 INFO mapred.JobClient:     Rack-local map tasks=8
11/05/02 03:50:33 INFO mapred.JobClient:     Launched map tasks=9
11/05/02 03:50:33 INFO mapred.JobClient:     Data-local map tasks=1
11/05/02 03:50:33 INFO mapred.JobClient:   FileSystemCounters
11/05/02 03:50:33 INFO mapred.JobClient:     FILE_BYTES_READ=67642
11/05/02 03:50:33 INFO mapred.JobClient:     HDFS_BYTES_READ=4852620
11/05/02 03:50:33 INFO mapred.JobClient:     FILE_BYTES_WRITTEN=135556
11/05/02 03:50:33 INFO mapred.JobClient:     HDFS_BYTES_WRITTEN=9232
11/05/02 03:50:33 INFO mapred.JobClient:   Map-Reduce Framework
11/05/02 03:50:33 INFO mapred.JobClient:     Reduce input groups=1
11/05/02 03:50:33 INFO mapred.JobClient:     Combine output records=9
11/05/02 03:50:33 INFO mapred.JobClient:     Map input records=9
11/05/02 03:50:33 INFO mapred.JobClient:     Reduce shuffle bytes=67626
11/05/02 03:50:33 INFO mapred.JobClient:     Reduce output records=1
11/05/02 03:50:33 INFO mapred.JobClient:     Spilled Records=18
11/05/02 03:50:33 INFO mapred.JobClient:     Map output bytes=83088
11/05/02 03:50:33 INFO mapred.JobClient:     Combine input records=9
11/05/02 03:50:33 INFO mapred.JobClient:     Map output records=9
11/05/02 03:50:33 INFO mapred.JobClient:     Reduce input records=9
11/05/02 03:50:39 INFO input.FileInputFormat: Total input paths to process : 9
11/05/02 03:50:41 INFO mapred.JobClient: Running job: job_201104211619_3431
11/05/02 03:50:42 INFO mapred.JobClient:  map 0% reduce 0%
11/05/02 03:51:20 INFO mapred.JobClient:  map 33% reduce 0%
11/05/02 03:51:22 INFO mapred.JobClient:  map 100% reduce 0%
11/05/02 03:51:38 INFO mapred.JobClient:  map 100% reduce 29%
11/05/02 03:51:48 INFO mapred.JobClient:  map 100% reduce 33%
11/05/02 03:52:23 INFO mapred.JobClient:  map 100% reduce 100%
11/05/02 03:52:32 INFO mapred.JobClient: Job complete: job_201104211619_3431
11/05/02 03:52:32 INFO mapred.JobClient: Counters: 17
11/05/02 03:52:32 INFO mapred.JobClient:   Job Counters 
11/05/02 03:52:32 INFO mapred.JobClient:     Launched reduce tasks=1
11/05/02 03:52:32 INFO mapred.JobClient:     Rack-local map tasks=9
11/05/02 03:52:32 INFO mapred.JobClient:     Launched map tasks=9
11/05/02 03:52:32 INFO mapred.JobClient:   FileSystemCounters
11/05/02 03:52:32 INFO mapred.JobClient:     FILE_BYTES_READ=178666267
11/05/02 03:52:32 INFO mapred.JobClient:     HDFS_BYTES_READ=4852620
11/05/02 03:52:32 INFO mapred.JobClient:     FILE_BYTES_WRITTEN=357164777
11/05/02 03:52:32 INFO mapred.JobClient:     HDFS_BYTES_WRITTEN=21233680
11/05/02 03:52:32 INFO mapred.JobClient:   Map-Reduce Framework
11/05/02 03:52:32 INFO mapred.JobClient:     Reduce input groups=1
11/05/02 03:52:32 INFO mapred.JobClient:     Combine output records=9
11/05/02 03:52:32 INFO mapred.JobClient:     Map input records=9
11/05/02 03:52:32 INFO mapred.JobClient:     Reduce shuffle bytes=158765525
11/05/02 03:52:32 INFO mapred.JobClient:     Reduce output records=1
11/05/02 03:52:32 INFO mapred.JobClient:     Spilled Records=18
11/05/02 03:52:32 INFO mapred.JobClient:     Map output bytes=191103120
11/05/02 03:52:32 INFO mapred.JobClient:     Combine input records=9
11/05/02 03:52:32 INFO mapred.JobClient:     Map output records=9
11/05/02 03:52:32 INFO mapred.JobClient:     Reduce input records=9
/opt/hadoop/bin/hadoop jar covariance.jar   small_files  1.59s user 0.21s system 0% cpu 3:17.03 total
11/05/02 12:55:44 INFO input.FileInputFormat: Total input paths to process : 9
11/05/02 12:55:48 INFO mapred.JobClient: Running job: job_201104211619_3513
11/05/02 12:55:49 INFO mapred.JobClient:  map 0% reduce 0%
11/05/02 12:56:09 INFO mapred.JobClient:  map 100% reduce 0%
11/05/02 12:56:17 INFO mapred.JobClient:  map 100% reduce 14%
11/05/02 12:56:36 INFO mapred.JobClient:  map 100% reduce 100%
11/05/02 12:56:44 INFO mapred.JobClient: Job complete: job_201104211619_3513
11/05/02 12:56:44 INFO mapred.JobClient: Counters: 18
11/05/02 12:56:44 INFO mapred.JobClient:   Job Counters 
11/05/02 12:56:44 INFO mapred.JobClient:     Launched reduce tasks=1
11/05/02 12:56:44 INFO mapred.JobClient:     Rack-local map tasks=8
11/05/02 12:56:44 INFO mapred.JobClient:     Launched map tasks=9
11/05/02 12:56:44 INFO mapred.JobClient:     Data-local map tasks=1
11/05/02 12:56:44 INFO mapred.JobClient:   FileSystemCounters
11/05/02 12:56:44 INFO mapred.JobClient:     FILE_BYTES_READ=67913
11/05/02 12:56:44 INFO mapred.JobClient:     HDFS_BYTES_READ=4852620
11/05/02 12:56:44 INFO mapred.JobClient:     FILE_BYTES_WRITTEN=135827
11/05/02 12:56:44 INFO mapred.JobClient:     HDFS_BYTES_WRITTEN=9232
11/05/02 12:56:44 INFO mapred.JobClient:   Map-Reduce Framework
11/05/02 12:56:44 INFO mapred.JobClient:     Reduce input groups=1
11/05/02 12:56:44 INFO mapred.JobClient:     Combine output records=9
11/05/02 12:56:44 INFO mapred.JobClient:     Map input records=9
11/05/02 12:56:44 INFO mapred.JobClient:     Reduce shuffle bytes=67626
11/05/02 12:56:44 INFO mapred.JobClient:     Reduce output records=1
11/05/02 12:56:44 INFO mapred.JobClient:     Spilled Records=18
11/05/02 12:56:44 INFO mapred.JobClient:     Map output bytes=83088
11/05/02 12:56:44 INFO mapred.JobClient:     Combine input records=9
11/05/02 12:56:44 INFO mapred.JobClient:     Map output records=9
11/05/02 12:56:44 INFO mapred.JobClient:     Reduce input records=9
11/05/02 12:56:47 INFO input.FileInputFormat: Total input paths to process : 9
11/05/02 12:56:50 INFO mapred.JobClient: Running job: job_201104211619_3514
11/05/02 12:56:51 INFO mapred.JobClient:  map 0% reduce 0%
11/05/02 12:59:46 INFO mapred.JobClient:  map 100% reduce 0%
11/05/02 13:00:04 INFO mapred.JobClient:  map 100% reduce 22%
11/05/02 13:00:13 INFO mapred.JobClient:  map 100% reduce 29%
11/05/02 13:00:41 INFO mapred.JobClient:  map 100% reduce 33%
11/05/02 13:01:18 INFO mapred.JobClient:  map 100% reduce 100%
11/05/02 13:01:26 INFO mapred.JobClient: Job complete: job_201104211619_3514
11/05/02 13:01:26 INFO mapred.JobClient: Counters: 17
11/05/02 13:01:26 INFO mapred.JobClient:   Job Counters 
11/05/02 13:01:26 INFO mapred.JobClient:     Launched reduce tasks=1
11/05/02 13:01:26 INFO mapred.JobClient:     Rack-local map tasks=9
11/05/02 13:01:26 INFO mapred.JobClient:     Launched map tasks=9
11/05/02 13:01:26 INFO mapred.JobClient:   FileSystemCounters
11/05/02 13:01:26 INFO mapred.JobClient:     FILE_BYTES_READ=178666733
11/05/02 13:01:26 INFO mapred.JobClient:     HDFS_BYTES_READ=4852620
11/05/02 13:01:26 INFO mapred.JobClient:     FILE_BYTES_WRITTEN=357165103
11/05/02 13:01:26 INFO mapred.JobClient:     HDFS_BYTES_WRITTEN=21233680
11/05/02 13:01:26 INFO mapred.JobClient:   Map-Reduce Framework
11/05/02 13:01:26 INFO mapred.JobClient:     Reduce input groups=1
11/05/02 13:01:26 INFO mapred.JobClient:     Combine output records=9
11/05/02 13:01:26 INFO mapred.JobClient:     Map input records=9
11/05/02 13:01:26 INFO mapred.JobClient:     Reduce shuffle bytes=178581926
11/05/02 13:01:26 INFO mapred.JobClient:     Reduce output records=1
11/05/02 13:01:26 INFO mapred.JobClient:     Spilled Records=18
11/05/02 13:01:26 INFO mapred.JobClient:     Map output bytes=191103120
11/05/02 13:01:26 INFO mapred.JobClient:     Combine input records=9
11/05/02 13:01:26 INFO mapred.JobClient:     Map output records=9
11/05/02 13:01:26 INFO mapred.JobClient:     Reduce input records=9
/opt/hadoop/bin/hadoop jar covariance.jar   small_files  1.88s user 0.25s system 0% cpu 5:46.24 total
11/05/03 15:23:32 INFO input.FileInputFormat: Total input paths to process : 9
11/05/03 15:23:36 INFO mapred.JobClient: Running job: job_201104211619_4143
11/05/03 15:23:37 INFO mapred.JobClient:  map 0% reduce 0%
11/05/03 15:23:56 INFO mapred.JobClient:  map 100% reduce 0%
11/05/03 15:24:05 INFO mapred.JobClient:  map 100% reduce 11%
11/05/03 15:24:23 INFO mapred.JobClient:  map 100% reduce 100%
11/05/03 15:24:32 INFO mapred.JobClient: Job complete: job_201104211619_4143
11/05/03 15:24:32 INFO mapred.JobClient: Counters: 17
11/05/03 15:24:32 INFO mapred.JobClient:   Job Counters 
11/05/03 15:24:32 INFO mapred.JobClient:     Launched reduce tasks=1
11/05/03 15:24:32 INFO mapred.JobClient:     Rack-local map tasks=9
11/05/03 15:24:32 INFO mapred.JobClient:     Launched map tasks=9
11/05/03 15:24:32 INFO mapred.JobClient:   FileSystemCounters
11/05/03 15:24:32 INFO mapred.JobClient:     FILE_BYTES_READ=67811
11/05/03 15:24:32 INFO mapred.JobClient:     HDFS_BYTES_READ=4852620
11/05/03 15:24:32 INFO mapred.JobClient:     FILE_BYTES_WRITTEN=135725
11/05/03 15:24:32 INFO mapred.JobClient:     HDFS_BYTES_WRITTEN=9232
11/05/03 15:24:32 INFO mapred.JobClient:   Map-Reduce Framework
11/05/03 15:24:32 INFO mapred.JobClient:     Reduce input groups=1
11/05/03 15:24:32 INFO mapred.JobClient:     Combine output records=9
11/05/03 15:24:32 INFO mapred.JobClient:     Map input records=9
11/05/03 15:24:32 INFO mapred.JobClient:     Reduce shuffle bytes=60150
11/05/03 15:24:32 INFO mapred.JobClient:     Reduce output records=1
11/05/03 15:24:32 INFO mapred.JobClient:     Spilled Records=18
11/05/03 15:24:32 INFO mapred.JobClient:     Map output bytes=83088
11/05/03 15:24:32 INFO mapred.JobClient:     Combine input records=9
11/05/03 15:24:32 INFO mapred.JobClient:     Map output records=9
11/05/03 15:24:32 INFO mapred.JobClient:     Reduce input records=9
11/05/03 15:24:35 INFO input.FileInputFormat: Total input paths to process : 9
11/05/03 15:24:39 INFO mapred.JobClient: Running job: job_201104211619_4147
11/05/03 15:24:40 INFO mapred.JobClient:  map 0% reduce 0%
11/05/03 15:25:16 INFO mapred.JobClient:  map 55% reduce 0%
11/05/03 15:25:17 INFO mapred.JobClient:  map 100% reduce 0%
11/05/03 15:25:35 INFO mapred.JobClient:  map 100% reduce 29%
11/05/03 15:25:44 INFO mapred.JobClient:  map 100% reduce 33%
11/05/03 15:26:21 INFO mapred.JobClient:  map 100% reduce 100%
11/05/03 15:26:29 INFO mapred.JobClient: Job complete: job_201104211619_4147
11/05/03 15:26:29 INFO mapred.JobClient: Counters: 17
11/05/03 15:26:29 INFO mapred.JobClient:   Job Counters 
11/05/03 15:26:29 INFO mapred.JobClient:     Launched reduce tasks=1
11/05/03 15:26:29 INFO mapred.JobClient:     Rack-local map tasks=9
11/05/03 15:26:29 INFO mapred.JobClient:     Launched map tasks=9
11/05/03 15:26:29 INFO mapred.JobClient:   FileSystemCounters
11/05/03 15:26:29 INFO mapred.JobClient:     FILE_BYTES_READ=178665877
11/05/03 15:26:29 INFO mapred.JobClient:     HDFS_BYTES_READ=4852620
11/05/03 15:26:29 INFO mapred.JobClient:     FILE_BYTES_WRITTEN=357164757
11/05/03 15:26:29 INFO mapred.JobClient:     HDFS_BYTES_WRITTEN=21233680
11/05/03 15:26:29 INFO mapred.JobClient:   Map-Reduce Framework
11/05/03 15:26:29 INFO mapred.JobClient:     Reduce input groups=1
11/05/03 15:26:29 INFO mapred.JobClient:     Combine output records=9
11/05/03 15:26:29 INFO mapred.JobClient:     Map input records=9
11/05/03 15:26:29 INFO mapred.JobClient:     Reduce shuffle bytes=158766022
11/05/03 15:26:29 INFO mapred.JobClient:     Reduce output records=1
11/05/03 15:26:29 INFO mapred.JobClient:     Spilled Records=18
11/05/03 15:26:29 INFO mapred.JobClient:     Map output bytes=191103120
11/05/03 15:26:29 INFO mapred.JobClient:     Combine input records=9
11/05/03 15:26:29 INFO mapred.JobClient:     Map output records=9
11/05/03 15:26:29 INFO mapred.JobClient:     Reduce input records=9
/opt/hadoop/bin/hadoop jar covariance.jar   small_files  1.68s user 0.19s system 1% cpu 3:01.47 total
11/05/03 20:51:45 INFO input.FileInputFormat: Total input paths to process : 9
11/05/03 20:52:00 INFO mapred.JobClient: Running job: job_201104211619_4288
11/05/03 20:52:01 INFO mapred.JobClient:  map 0% reduce 0%
11/05/03 20:52:26 INFO mapred.JobClient:  map 33% reduce 0%
11/05/03 20:52:28 INFO mapred.JobClient:  map 88% reduce 0%
11/05/03 20:52:29 INFO mapred.JobClient:  map 100% reduce 0%
11/05/03 20:52:54 INFO mapred.JobClient:  map 100% reduce 100%
11/05/03 20:53:02 INFO mapred.JobClient: Job complete: job_201104211619_4288
11/05/03 20:53:02 INFO mapred.JobClient: Counters: 17
11/05/03 20:53:02 INFO mapred.JobClient:   Job Counters 
11/05/03 20:53:02 INFO mapred.JobClient:     Launched reduce tasks=1
11/05/03 20:53:02 INFO mapred.JobClient:     Rack-local map tasks=9
11/05/03 20:53:02 INFO mapred.JobClient:     Launched map tasks=9
11/05/03 20:53:02 INFO mapred.JobClient:   FileSystemCounters
11/05/03 20:53:02 INFO mapred.JobClient:     FILE_BYTES_READ=67846
11/05/03 20:53:02 INFO mapred.JobClient:     HDFS_BYTES_READ=4852620
11/05/03 20:53:02 INFO mapred.JobClient:     FILE_BYTES_WRITTEN=135760
11/05/03 20:53:02 INFO mapred.JobClient:     HDFS_BYTES_WRITTEN=9232
11/05/03 20:53:02 INFO mapred.JobClient:   Map-Reduce Framework
11/05/03 20:53:02 INFO mapred.JobClient:     Reduce input groups=1
11/05/03 20:53:02 INFO mapred.JobClient:     Combine output records=9
11/05/03 20:53:02 INFO mapred.JobClient:     Map input records=9
11/05/03 20:53:02 INFO mapred.JobClient:     Reduce shuffle bytes=67626
11/05/03 20:53:02 INFO mapred.JobClient:     Reduce output records=1
11/05/03 20:53:02 INFO mapred.JobClient:     Spilled Records=18
11/05/03 20:53:02 INFO mapred.JobClient:     Map output bytes=83088
11/05/03 20:53:02 INFO mapred.JobClient:     Combine input records=9
11/05/03 20:53:02 INFO mapred.JobClient:     Map output records=9
11/05/03 20:53:02 INFO mapred.JobClient:     Reduce input records=9
11/05/03 20:53:07 INFO input.FileInputFormat: Total input paths to process : 9
11/05/03 20:53:09 INFO mapred.JobClient: Running job: job_201104211619_4291
11/05/03 20:53:10 INFO mapred.JobClient:  map 0% reduce 0%
11/05/03 20:53:19 INFO mapred.JobClient: Task Id : attempt_201104211619_4291_m_000010_0, Status : FAILED
java.lang.Throwable: Child Error
	at org.apache.hadoop.mapred.TaskRunner.run(TaskRunner.java:471)
Caused by: java.io.IOException: Task process exit with nonzero status of 1.
	at org.apache.hadoop.mapred.TaskRunner.run(TaskRunner.java:458)

11/05/03 20:53:19 WARN mapred.JobClient: Error reading task outputvm-10-160-227-58
11/05/03 20:53:19 WARN mapred.JobClient: Error reading task outputvm-10-160-227-58
11/05/03 20:53:28 INFO mapred.JobClient: Task Id : attempt_201104211619_4291_r_000002_0, Status : FAILED
java.lang.Throwable: Child Error
	at org.apache.hadoop.mapred.TaskRunner.run(TaskRunner.java:471)
Caused by: java.io.IOException: Task process exit with nonzero status of 1.
	at org.apache.hadoop.mapred.TaskRunner.run(TaskRunner.java:458)

11/05/03 20:53:28 WARN mapred.JobClient: Error reading task outputvm-10-160-227-58
11/05/03 20:53:28 WARN mapred.JobClient: Error reading task outputvm-10-160-227-58
11/05/03 20:54:06 INFO mapred.JobClient:  map 44% reduce 0%
11/05/03 20:54:08 INFO mapred.JobClient:  map 55% reduce 0%
11/05/03 20:54:09 INFO mapred.JobClient:  map 66% reduce 0%
11/05/03 20:54:17 INFO mapred.JobClient:  map 88% reduce 0%
11/05/03 20:54:18 INFO mapred.JobClient:  map 100% reduce 0%
11/05/03 20:54:25 INFO mapred.JobClient:  map 100% reduce 14%
11/05/03 20:54:32 INFO mapred.JobClient: Task Id : attempt_201104211619_4291_m_000006_1, Status : FAILED
java.lang.Throwable: Child Error
	at org.apache.hadoop.mapred.TaskRunner.run(TaskRunner.java:471)
Caused by: java.io.IOException: Task process exit with nonzero status of 1.
	at org.apache.hadoop.mapred.TaskRunner.run(TaskRunner.java:458)

11/05/03 20:54:32 WARN mapred.JobClient: Error reading task outputvm-10-160-227-58
11/05/03 20:54:32 WARN mapred.JobClient: Error reading task outputvm-10-160-227-58
11/05/03 20:54:34 INFO mapred.JobClient:  map 100% reduce 22%
11/05/03 20:54:43 INFO mapred.JobClient:  map 100% reduce 33%
11/05/03 20:55:20 INFO mapred.JobClient:  map 100% reduce 100%
11/05/03 20:55:29 INFO mapred.JobClient: Job complete: job_201104211619_4291
11/05/03 20:55:29 INFO mapred.JobClient: Counters: 17
11/05/03 20:55:29 INFO mapred.JobClient:   Job Counters 
11/05/03 20:55:29 INFO mapred.JobClient:     Launched reduce tasks=1
11/05/03 20:55:29 INFO mapred.JobClient:     Rack-local map tasks=12
11/05/03 20:55:29 INFO mapred.JobClient:     Launched map tasks=12
11/05/03 20:55:29 INFO mapred.JobClient:   FileSystemCounters
11/05/03 20:55:29 INFO mapred.JobClient:     FILE_BYTES_READ=178666604
11/05/03 20:55:29 INFO mapred.JobClient:     HDFS_BYTES_READ=4852620
11/05/03 20:55:29 INFO mapred.JobClient:     FILE_BYTES_WRITTEN=357166220
11/05/03 20:55:29 INFO mapred.JobClient:     HDFS_BYTES_WRITTEN=21233680
11/05/03 20:55:29 INFO mapred.JobClient:   Map-Reduce Framework
11/05/03 20:55:29 INFO mapred.JobClient:     Reduce input groups=1
11/05/03 20:55:29 INFO mapred.JobClient:     Combine output records=9
11/05/03 20:55:29 INFO mapred.JobClient:     Map input records=9
11/05/03 20:55:29 INFO mapred.JobClient:     Reduce shuffle bytes=158647062
11/05/03 20:55:29 INFO mapred.JobClient:     Reduce output records=1
11/05/03 20:55:29 INFO mapred.JobClient:     Spilled Records=18
11/05/03 20:55:29 INFO mapred.JobClient:     Map output bytes=191103120
11/05/03 20:55:29 INFO mapred.JobClient:     Combine input records=9
11/05/03 20:55:29 INFO mapred.JobClient:     Map output records=9
11/05/03 20:55:29 INFO mapred.JobClient:     Reduce input records=9
/opt/hadoop/bin/hadoop jar covariance.jar   small_files  1.62s user 0.26s system 0% cpu 3:47.82 total
11/05/04 01:14:35 INFO ipc.Client: Retrying connect to server: /10.160.3.154:8021. Already tried 0 time(s).
11/05/04 01:14:36 INFO ipc.Client: Retrying connect to server: /10.160.3.154:8021. Already tried 1 time(s).
11/05/04 01:14:37 INFO ipc.Client: Retrying connect to server: /10.160.3.154:8021. Already tried 2 time(s).
11/05/04 01:14:38 INFO ipc.Client: Retrying connect to server: /10.160.3.154:8021. Already tried 3 time(s).
11/05/04 01:14:39 INFO ipc.Client: Retrying connect to server: /10.160.3.154:8021. Already tried 4 time(s).
11/05/04 01:14:40 INFO ipc.Client: Retrying connect to server: /10.160.3.154:8021. Already tried 5 time(s).
11/05/04 01:14:41 INFO ipc.Client: Retrying connect to server: /10.160.3.154:8021. Already tried 6 time(s).
11/05/04 01:14:42 INFO ipc.Client: Retrying connect to server: /10.160.3.154:8021. Already tried 7 time(s).
11/05/04 01:14:43 INFO ipc.Client: Retrying connect to server: /10.160.3.154:8021. Already tried 8 time(s).
11/05/04 01:14:44 INFO ipc.Client: Retrying connect to server: /10.160.3.154:8021. Already tried 9 time(s).
Exception in thread "main" java.io.IOException: Call to /10.160.3.154:8021 failed on local exception: java.net.SocketException: Connection refused
	at org.apache.hadoop.ipc.Client.wrapException(Client.java:774)
	at org.apache.hadoop.ipc.Client.call(Client.java:742)
	at org.apache.hadoop.ipc.RPC$Invoker.invoke(RPC.java:220)
	at org.apache.hadoop.mapred.$Proxy0.getProtocolVersion(Unknown Source)
	at org.apache.hadoop.ipc.RPC.getProxy(RPC.java:359)
	at org.apache.hadoop.mapred.JobClient.createRPCProxy(JobClient.java:470)
	at org.apache.hadoop.mapred.JobClient.init(JobClient.java:455)
	at org.apache.hadoop.mapred.JobClient.<init>(JobClient.java:442)
	at org.apache.hadoop.mapreduce.Job.<init>(Job.java:50)
	at org.apache.hadoop.mapreduce.Job.<init>(Job.java:54)
	at hipi.experiments.covariance.Covariance.runMeanCompute(Covariance.java:143)
	at hipi.experiments.covariance.Covariance.run(Covariance.java:217)
	at org.apache.hadoop.util.ToolRunner.run(ToolRunner.java:65)
	at org.apache.hadoop.util.ToolRunner.run(ToolRunner.java:79)
	at hipi.experiments.covariance.Covariance.main(Covariance.java:224)
	at sun.reflect.NativeMethodAccessorImpl.invoke0(Native Method)
	at sun.reflect.NativeMethodAccessorImpl.invoke(NativeMethodAccessorImpl.java:39)
	at sun.reflect.DelegatingMethodAccessorImpl.invoke(DelegatingMethodAccessorImpl.java:25)
	at java.lang.reflect.Method.invoke(Method.java:597)
	at org.apache.hadoop.util.RunJar.main(RunJar.java:156)
Caused by: java.net.SocketException: Connection refused
	at java.net.SocksSocketImpl.connect(SocksSocketImpl.java:405)
	at java.net.Socket.connect(Socket.java:529)
	at org.apache.hadoop.net.NetUtils.connect(NetUtils.java:402)
	at org.apache.hadoop.ipc.Client$Connection.setupIOstreams(Client.java:304)
	at org.apache.hadoop.ipc.Client$Connection.access$1700(Client.java:176)
	at org.apache.hadoop.ipc.Client.getConnection(Client.java:859)
	at org.apache.hadoop.ipc.Client.call(Client.java:719)
	... 18 more
/opt/hadoop/bin/hadoop jar covariance.jar   small_files  0.66s user 0.07s system 5% cpu 12.315 total
11/05/04 01:15:58 INFO ipc.Client: Retrying connect to server: /10.160.3.154:8021. Already tried 0 time(s).
11/05/04 01:15:59 INFO ipc.Client: Retrying connect to server: /10.160.3.154:8021. Already tried 1 time(s).
11/05/04 01:16:00 INFO ipc.Client: Retrying connect to server: /10.160.3.154:8021. Already tried 2 time(s).
11/05/04 01:16:01 INFO ipc.Client: Retrying connect to server: /10.160.3.154:8021. Already tried 3 time(s).
11/05/04 01:16:02 INFO ipc.Client: Retrying connect to server: /10.160.3.154:8021. Already tried 4 time(s).
11/05/04 01:16:03 INFO ipc.Client: Retrying connect to server: /10.160.3.154:8021. Already tried 5 time(s).
11/05/04 01:16:04 INFO ipc.Client: Retrying connect to server: /10.160.3.154:8021. Already tried 6 time(s).
11/05/04 01:16:05 INFO ipc.Client: Retrying connect to server: /10.160.3.154:8021. Already tried 7 time(s).
11/05/04 01:16:06 INFO ipc.Client: Retrying connect to server: /10.160.3.154:8021. Already tried 8 time(s).
11/05/04 01:16:07 INFO ipc.Client: Retrying connect to server: /10.160.3.154:8021. Already tried 9 time(s).
Exception in thread "main" java.io.IOException: Call to /10.160.3.154:8021 failed on local exception: java.net.SocketException: Connection refused
	at org.apache.hadoop.ipc.Client.wrapException(Client.java:774)
	at org.apache.hadoop.ipc.Client.call(Client.java:742)
	at org.apache.hadoop.ipc.RPC$Invoker.invoke(RPC.java:220)
	at org.apache.hadoop.mapred.$Proxy0.getProtocolVersion(Unknown Source)
	at org.apache.hadoop.ipc.RPC.getProxy(RPC.java:359)
	at org.apache.hadoop.mapred.JobClient.createRPCProxy(JobClient.java:470)
	at org.apache.hadoop.mapred.JobClient.init(JobClient.java:455)
	at org.apache.hadoop.mapred.JobClient.<init>(JobClient.java:442)
	at org.apache.hadoop.mapreduce.Job.<init>(Job.java:50)
	at org.apache.hadoop.mapreduce.Job.<init>(Job.java:54)
	at hipi.experiments.covariance.Covariance.runMeanCompute(Covariance.java:143)
	at hipi.experiments.covariance.Covariance.run(Covariance.java:217)
	at org.apache.hadoop.util.ToolRunner.run(ToolRunner.java:65)
	at org.apache.hadoop.util.ToolRunner.run(ToolRunner.java:79)
	at hipi.experiments.covariance.Covariance.main(Covariance.java:224)
	at sun.reflect.NativeMethodAccessorImpl.invoke0(Native Method)
	at sun.reflect.NativeMethodAccessorImpl.invoke(NativeMethodAccessorImpl.java:39)
	at sun.reflect.DelegatingMethodAccessorImpl.invoke(DelegatingMethodAccessorImpl.java:25)
	at java.lang.reflect.Method.invoke(Method.java:597)
	at org.apache.hadoop.util.RunJar.main(RunJar.java:156)
Caused by: java.net.SocketException: Connection refused
	at java.net.SocksSocketImpl.connect(SocksSocketImpl.java:405)
	at java.net.Socket.connect(Socket.java:529)
	at org.apache.hadoop.net.NetUtils.connect(NetUtils.java:402)
	at org.apache.hadoop.ipc.Client$Connection.setupIOstreams(Client.java:304)
	at org.apache.hadoop.ipc.Client$Connection.access$1700(Client.java:176)
	at org.apache.hadoop.ipc.Client.getConnection(Client.java:859)
	at org.apache.hadoop.ipc.Client.call(Client.java:719)
	... 18 more
/opt/hadoop/bin/hadoop jar covariance.jar   small_files  0.51s user 0.07s system 5% cpu 10.435 total
11/05/04 13:16:44 INFO input.FileInputFormat: Total input paths to process : 9
11/05/04 13:16:47 INFO mapred.JobClient: Running job: job_201104211619_4715
11/05/04 13:16:48 INFO mapred.JobClient:  map 0% reduce 0%
11/05/04 13:17:08 INFO mapred.JobClient:  map 55% reduce 0%
11/05/04 13:17:09 INFO mapred.JobClient:  map 100% reduce 0%
11/05/04 13:17:17 INFO mapred.JobClient:  map 100% reduce 14%
11/05/04 13:17:36 INFO mapred.JobClient:  map 100% reduce 100%
11/05/04 13:17:44 INFO mapred.JobClient: Job complete: job_201104211619_4715
11/05/04 13:17:45 INFO mapred.JobClient: Counters: 17
11/05/04 13:17:45 INFO mapred.JobClient:   Job Counters 
11/05/04 13:17:45 INFO mapred.JobClient:     Launched reduce tasks=1
11/05/04 13:17:45 INFO mapred.JobClient:     Rack-local map tasks=9
11/05/04 13:17:45 INFO mapred.JobClient:     Launched map tasks=9
11/05/04 13:17:45 INFO mapred.JobClient:   FileSystemCounters
11/05/04 13:17:45 INFO mapred.JobClient:     FILE_BYTES_READ=68005
11/05/04 13:17:45 INFO mapred.JobClient:     HDFS_BYTES_READ=4852620
11/05/04 13:17:45 INFO mapred.JobClient:     FILE_BYTES_WRITTEN=135919
11/05/04 13:17:45 INFO mapred.JobClient:     HDFS_BYTES_WRITTEN=9232
11/05/04 13:17:45 INFO mapred.JobClient:   Map-Reduce Framework
11/05/04 13:17:45 INFO mapred.JobClient:     Reduce input groups=1
11/05/04 13:17:45 INFO mapred.JobClient:     Combine output records=9
11/05/04 13:17:45 INFO mapred.JobClient:     Map input records=9
11/05/04 13:17:45 INFO mapred.JobClient:     Reduce shuffle bytes=60041
11/05/04 13:17:45 INFO mapred.JobClient:     Reduce output records=1
11/05/04 13:17:45 INFO mapred.JobClient:     Spilled Records=18
11/05/04 13:17:45 INFO mapred.JobClient:     Map output bytes=83088
11/05/04 13:17:45 INFO mapred.JobClient:     Combine input records=9
11/05/04 13:17:45 INFO mapred.JobClient:     Map output records=9
11/05/04 13:17:45 INFO mapred.JobClient:     Reduce input records=9
11/05/04 13:17:48 INFO input.FileInputFormat: Total input paths to process : 9
11/05/04 13:17:51 INFO mapred.JobClient: Running job: job_201104211619_4716
11/05/04 13:17:52 INFO mapred.JobClient:  map 0% reduce 0%
11/05/04 13:18:30 INFO mapred.JobClient:  map 100% reduce 0%
11/05/04 13:18:49 INFO mapred.JobClient:  map 100% reduce 33%
11/05/04 13:19:24 INFO mapred.JobClient:  map 100% reduce 100%
11/05/04 13:19:33 INFO mapred.JobClient: Job complete: job_201104211619_4716
11/05/04 13:19:33 INFO mapred.JobClient: Counters: 17
11/05/04 13:19:33 INFO mapred.JobClient:   Job Counters 
11/05/04 13:19:33 INFO mapred.JobClient:     Launched reduce tasks=1
11/05/04 13:19:33 INFO mapred.JobClient:     Rack-local map tasks=9
11/05/04 13:19:33 INFO mapred.JobClient:     Launched map tasks=9
11/05/04 13:19:33 INFO mapred.JobClient:   FileSystemCounters
11/05/04 13:19:33 INFO mapred.JobClient:     FILE_BYTES_READ=178666619
11/05/04 13:19:33 INFO mapred.JobClient:     HDFS_BYTES_READ=4852620
11/05/04 13:19:33 INFO mapred.JobClient:     FILE_BYTES_WRITTEN=357165419
11/05/04 13:19:33 INFO mapred.JobClient:     HDFS_BYTES_WRITTEN=21233680
11/05/04 13:19:33 INFO mapred.JobClient:   Map-Reduce Framework
11/05/04 13:19:33 INFO mapred.JobClient:     Reduce input groups=1
11/05/04 13:19:33 INFO mapred.JobClient:     Combine output records=9
11/05/04 13:19:33 INFO mapred.JobClient:     Map input records=9
11/05/04 13:19:33 INFO mapred.JobClient:     Reduce shuffle bytes=158745367
11/05/04 13:19:33 INFO mapred.JobClient:     Reduce output records=1
11/05/04 13:19:33 INFO mapred.JobClient:     Spilled Records=18
11/05/04 13:19:33 INFO mapred.JobClient:     Map output bytes=191103120
11/05/04 13:19:33 INFO mapred.JobClient:     Combine input records=9
11/05/04 13:19:33 INFO mapred.JobClient:     Map output records=9
11/05/04 13:19:33 INFO mapred.JobClient:     Reduce input records=9
/opt/hadoop/bin/hadoop jar covariance.jar   small_files  1.76s user 0.28s system 1% cpu 2:54.79 total
11/05/04 19:05:23 INFO input.FileInputFormat: Total input paths to process : 9
11/05/04 19:05:25 INFO mapred.JobClient: Running job: job_201104211619_4750
11/05/04 19:05:26 INFO mapred.JobClient:  map 0% reduce 0%
11/05/04 19:05:46 INFO mapred.JobClient:  map 100% reduce 0%
11/05/04 19:05:55 INFO mapred.JobClient:  map 100% reduce 25%
11/05/04 19:06:13 INFO mapred.JobClient:  map 100% reduce 100%
11/05/04 19:06:21 INFO mapred.JobClient: Job complete: job_201104211619_4750
11/05/04 19:06:21 INFO mapred.JobClient: Counters: 17
11/05/04 19:06:21 INFO mapred.JobClient:   Job Counters 
11/05/04 19:06:21 INFO mapred.JobClient:     Launched reduce tasks=1
11/05/04 19:06:21 INFO mapred.JobClient:     Rack-local map tasks=9
11/05/04 19:06:21 INFO mapred.JobClient:     Launched map tasks=9
11/05/04 19:06:21 INFO mapred.JobClient:   FileSystemCounters
11/05/04 19:06:21 INFO mapred.JobClient:     FILE_BYTES_READ=68060
11/05/04 19:06:21 INFO mapred.JobClient:     HDFS_BYTES_READ=4852620
11/05/04 19:06:21 INFO mapred.JobClient:     FILE_BYTES_WRITTEN=135974
11/05/04 19:06:21 INFO mapred.JobClient:     HDFS_BYTES_WRITTEN=9232
11/05/04 19:06:21 INFO mapred.JobClient:   Map-Reduce Framework
11/05/04 19:06:21 INFO mapred.JobClient:     Reduce input groups=1
11/05/04 19:06:21 INFO mapred.JobClient:     Combine output records=9
11/05/04 19:06:21 INFO mapred.JobClient:     Map input records=9
11/05/04 19:06:21 INFO mapred.JobClient:     Reduce shuffle bytes=67626
11/05/04 19:06:21 INFO mapred.JobClient:     Reduce output records=1
11/05/04 19:06:21 INFO mapred.JobClient:     Spilled Records=18
11/05/04 19:06:21 INFO mapred.JobClient:     Map output bytes=83088
11/05/04 19:06:21 INFO mapred.JobClient:     Combine input records=9
11/05/04 19:06:21 INFO mapred.JobClient:     Map output records=9
11/05/04 19:06:21 INFO mapred.JobClient:     Reduce input records=9
11/05/04 19:06:25 INFO input.FileInputFormat: Total input paths to process : 9
11/05/04 19:06:27 INFO mapred.JobClient: Running job: job_201104211619_4751
11/05/04 19:06:28 INFO mapred.JobClient:  map 0% reduce 0%
11/05/04 19:07:06 INFO mapred.JobClient:  map 100% reduce 0%
11/05/04 19:07:24 INFO mapred.JobClient:  map 100% reduce 29%
11/05/04 19:07:33 INFO mapred.JobClient:  map 100% reduce 33%
11/05/04 19:08:09 INFO mapred.JobClient:  map 100% reduce 100%
11/05/04 19:08:18 INFO mapred.JobClient: Job complete: job_201104211619_4751
11/05/04 19:08:18 INFO mapred.JobClient: Counters: 17
11/05/04 19:08:18 INFO mapred.JobClient:   Job Counters 
11/05/04 19:08:18 INFO mapred.JobClient:     Launched reduce tasks=1
11/05/04 19:08:18 INFO mapred.JobClient:     Rack-local map tasks=9
11/05/04 19:08:18 INFO mapred.JobClient:     Launched map tasks=9
11/05/04 19:08:18 INFO mapred.JobClient:   FileSystemCounters
11/05/04 19:08:18 INFO mapred.JobClient:     FILE_BYTES_READ=178666249
11/05/04 19:08:18 INFO mapred.JobClient:     HDFS_BYTES_READ=4852620
11/05/04 19:08:18 INFO mapred.JobClient:     FILE_BYTES_WRITTEN=357164745
11/05/04 19:08:18 INFO mapred.JobClient:     HDFS_BYTES_WRITTEN=21233680
11/05/04 19:08:18 INFO mapred.JobClient:   Map-Reduce Framework
11/05/04 19:08:18 INFO mapred.JobClient:     Reduce input groups=1
11/05/04 19:08:18 INFO mapred.JobClient:     Combine output records=9
11/05/04 19:08:18 INFO mapred.JobClient:     Map input records=9
11/05/04 19:08:18 INFO mapred.JobClient:     Reduce shuffle bytes=158761371
11/05/04 19:08:18 INFO mapred.JobClient:     Reduce output records=1
11/05/04 19:08:18 INFO mapred.JobClient:     Spilled Records=18
11/05/04 19:08:18 INFO mapred.JobClient:     Map output bytes=191103120
11/05/04 19:08:18 INFO mapred.JobClient:     Combine input records=9
11/05/04 19:08:18 INFO mapred.JobClient:     Map output records=9
11/05/04 19:08:18 INFO mapred.JobClient:     Reduce input records=9
/opt/hadoop/bin/hadoop jar covariance.jar   small_files  1.62s user 0.22s system 1% cpu 2:58.88 total
