Inside add input path
Exception in thread "main" java.io.IOException: No FileSystem for scheme: mainclusternn.hipods.ihost.com
	at org.apache.hadoop.fs.FileSystem.createFileSystem(FileSystem.java:1417)
	at org.apache.hadoop.fs.FileSystem.access$300(FileSystem.java:67)
	at org.apache.hadoop.fs.FileSystem$Cache.getInternal(FileSystem.java:1448)
	at org.apache.hadoop.fs.FileSystem$Cache.get(FileSystem.java:1436)
	at org.apache.hadoop.fs.FileSystem.get(FileSystem.java:197)
	at org.apache.hadoop.fs.HarFileSystem.initialize(HarFileSystem.java:104)
	at org.apache.hadoop.fs.FileSystem.createFileSystem(FileSystem.java:1420)
	at org.apache.hadoop.fs.FileSystem.get(FileSystem.java:194)
	at org.apache.hadoop.fs.Path.getFileSystem(Path.java:175)
	at org.apache.hadoop.mapreduce.lib.input.FileInputFormat.listStatus(FileInputFormat.java:203)
	at org.apache.hadoop.mapreduce.lib.input.FileInputFormat.getSplits(FileInputFormat.java:241)
	at org.apache.hadoop.mapred.JobClient.writeNewSplits(JobClient.java:926)
	at org.apache.hadoop.mapred.JobClient.submitJobInternal(JobClient.java:820)
	at org.apache.hadoop.mapreduce.Job.submit(Job.java:432)
	at org.apache.hadoop.mapreduce.Job.waitForCompletion(Job.java:447)
	at hipi.experiments.covariance.Covariance.runMeanCompute(Covariance.java:175)
	at hipi.experiments.covariance.Covariance.run(Covariance.java:219)
	at org.apache.hadoop.util.ToolRunner.run(ToolRunner.java:65)
	at org.apache.hadoop.util.ToolRunner.run(ToolRunner.java:79)
	at hipi.experiments.covariance.Covariance.main(Covariance.java:226)
	at sun.reflect.NativeMethodAccessorImpl.invoke0(Native Method)
	at sun.reflect.NativeMethodAccessorImpl.invoke(NativeMethodAccessorImpl.java:39)
	at sun.reflect.DelegatingMethodAccessorImpl.invoke(DelegatingMethodAccessorImpl.java:25)
	at java.lang.reflect.Method.invoke(Method.java:597)
	at org.apache.hadoop.util.RunJar.main(RunJar.java:156)
/opt/hadoop/bin/hadoop jar covariance.jar   har  1.03s user 0.10s system 29% cpu 3.858 total
Inside add input path
Exception in thread "main" java.io.IOException: No FileSystem for scheme: mainclusternn.hipods.ihost.com
	at org.apache.hadoop.fs.FileSystem.createFileSystem(FileSystem.java:1417)
	at org.apache.hadoop.fs.FileSystem.access$300(FileSystem.java:67)
	at org.apache.hadoop.fs.FileSystem$Cache.getInternal(FileSystem.java:1448)
	at org.apache.hadoop.fs.FileSystem$Cache.get(FileSystem.java:1436)
	at org.apache.hadoop.fs.FileSystem.get(FileSystem.java:197)
	at org.apache.hadoop.fs.HarFileSystem.initialize(HarFileSystem.java:104)
	at org.apache.hadoop.fs.FileSystem.createFileSystem(FileSystem.java:1420)
	at org.apache.hadoop.fs.FileSystem.get(FileSystem.java:194)
	at org.apache.hadoop.fs.Path.getFileSystem(Path.java:175)
	at org.apache.hadoop.mapreduce.lib.input.FileInputFormat.listStatus(FileInputFormat.java:203)
	at org.apache.hadoop.mapreduce.lib.input.FileInputFormat.getSplits(FileInputFormat.java:241)
	at org.apache.hadoop.mapred.JobClient.writeNewSplits(JobClient.java:926)
	at org.apache.hadoop.mapred.JobClient.submitJobInternal(JobClient.java:820)
	at org.apache.hadoop.mapreduce.Job.submit(Job.java:432)
	at org.apache.hadoop.mapreduce.Job.waitForCompletion(Job.java:447)
	at hipi.experiments.covariance.Covariance.runMeanCompute(Covariance.java:175)
	at hipi.experiments.covariance.Covariance.run(Covariance.java:219)
	at org.apache.hadoop.util.ToolRunner.run(ToolRunner.java:65)
	at org.apache.hadoop.util.ToolRunner.run(ToolRunner.java:79)
	at hipi.experiments.covariance.Covariance.main(Covariance.java:226)
	at sun.reflect.NativeMethodAccessorImpl.invoke0(Native Method)
	at sun.reflect.NativeMethodAccessorImpl.invoke(NativeMethodAccessorImpl.java:39)
	at sun.reflect.DelegatingMethodAccessorImpl.invoke(DelegatingMethodAccessorImpl.java:25)
	at java.lang.reflect.Method.invoke(Method.java:597)
	at org.apache.hadoop.util.RunJar.main(RunJar.java:156)
/opt/hadoop/bin/hadoop jar covariance.jar   har  1.03s user 0.09s system 29% cpu 3.777 total
Inside add input path
Exception in thread "main" java.io.IOException: No FileSystem for scheme: mainclusternn.hipods.ihost.com
	at org.apache.hadoop.fs.FileSystem.createFileSystem(FileSystem.java:1417)
	at org.apache.hadoop.fs.FileSystem.access$300(FileSystem.java:67)
	at org.apache.hadoop.fs.FileSystem$Cache.getInternal(FileSystem.java:1448)
	at org.apache.hadoop.fs.FileSystem$Cache.get(FileSystem.java:1436)
	at org.apache.hadoop.fs.FileSystem.get(FileSystem.java:197)
	at org.apache.hadoop.fs.HarFileSystem.initialize(HarFileSystem.java:104)
	at org.apache.hadoop.fs.FileSystem.createFileSystem(FileSystem.java:1420)
	at org.apache.hadoop.fs.FileSystem.get(FileSystem.java:194)
	at org.apache.hadoop.fs.Path.getFileSystem(Path.java:175)
	at org.apache.hadoop.mapreduce.lib.input.FileInputFormat.listStatus(FileInputFormat.java:203)
	at org.apache.hadoop.mapreduce.lib.input.FileInputFormat.getSplits(FileInputFormat.java:241)
	at org.apache.hadoop.mapred.JobClient.writeNewSplits(JobClient.java:926)
	at org.apache.hadoop.mapred.JobClient.submitJobInternal(JobClient.java:820)
	at org.apache.hadoop.mapreduce.Job.submit(Job.java:432)
	at org.apache.hadoop.mapreduce.Job.waitForCompletion(Job.java:447)
	at hipi.experiments.covariance.Covariance.runMeanCompute(Covariance.java:175)
	at hipi.experiments.covariance.Covariance.run(Covariance.java:219)
	at org.apache.hadoop.util.ToolRunner.run(ToolRunner.java:65)
	at org.apache.hadoop.util.ToolRunner.run(ToolRunner.java:79)
	at hipi.experiments.covariance.Covariance.main(Covariance.java:226)
	at sun.reflect.NativeMethodAccessorImpl.invoke0(Native Method)
	at sun.reflect.NativeMethodAccessorImpl.invoke(NativeMethodAccessorImpl.java:39)
	at sun.reflect.DelegatingMethodAccessorImpl.invoke(DelegatingMethodAccessorImpl.java:25)
	at java.lang.reflect.Method.invoke(Method.java:597)
	at org.apache.hadoop.util.RunJar.main(RunJar.java:156)
/opt/hadoop/bin/hadoop jar covariance.jar   har  1.04s user 0.12s system 30% cpu 3.814 total
Inside add input path
Exception in thread "main" java.io.IOException: No FileSystem for scheme: mainclusternn.hipods.ihost.com
	at org.apache.hadoop.fs.FileSystem.createFileSystem(FileSystem.java:1417)
	at org.apache.hadoop.fs.FileSystem.access$300(FileSystem.java:67)
	at org.apache.hadoop.fs.FileSystem$Cache.getInternal(FileSystem.java:1448)
	at org.apache.hadoop.fs.FileSystem$Cache.get(FileSystem.java:1436)
	at org.apache.hadoop.fs.FileSystem.get(FileSystem.java:197)
	at org.apache.hadoop.fs.HarFileSystem.initialize(HarFileSystem.java:104)
	at org.apache.hadoop.fs.FileSystem.createFileSystem(FileSystem.java:1420)
	at org.apache.hadoop.fs.FileSystem.get(FileSystem.java:194)
	at org.apache.hadoop.fs.Path.getFileSystem(Path.java:175)
	at org.apache.hadoop.mapreduce.lib.input.FileInputFormat.listStatus(FileInputFormat.java:203)
	at org.apache.hadoop.mapreduce.lib.input.FileInputFormat.getSplits(FileInputFormat.java:241)
	at org.apache.hadoop.mapred.JobClient.writeNewSplits(JobClient.java:926)
	at org.apache.hadoop.mapred.JobClient.submitJobInternal(JobClient.java:820)
	at org.apache.hadoop.mapreduce.Job.submit(Job.java:432)
	at org.apache.hadoop.mapreduce.Job.waitForCompletion(Job.java:447)
	at hipi.experiments.covariance.Covariance.runMeanCompute(Covariance.java:175)
	at hipi.experiments.covariance.Covariance.run(Covariance.java:219)
	at org.apache.hadoop.util.ToolRunner.run(ToolRunner.java:65)
	at org.apache.hadoop.util.ToolRunner.run(ToolRunner.java:79)
	at hipi.experiments.covariance.Covariance.main(Covariance.java:226)
	at sun.reflect.NativeMethodAccessorImpl.invoke0(Native Method)
	at sun.reflect.NativeMethodAccessorImpl.invoke(NativeMethodAccessorImpl.java:39)
	at sun.reflect.DelegatingMethodAccessorImpl.invoke(DelegatingMethodAccessorImpl.java:25)
	at java.lang.reflect.Method.invoke(Method.java:597)
	at org.apache.hadoop.util.RunJar.main(RunJar.java:156)
/opt/hadoop/bin/hadoop jar covariance.jar   har  1.08s user 0.10s system 26% cpu 4.387 total
Inside add input path
Exception in thread "main" java.io.IOException: No FileSystem for scheme: mainclusternn.hipods.ihost.com
	at org.apache.hadoop.fs.FileSystem.createFileSystem(FileSystem.java:1417)
	at org.apache.hadoop.fs.FileSystem.access$300(FileSystem.java:67)
	at org.apache.hadoop.fs.FileSystem$Cache.getInternal(FileSystem.java:1448)
	at org.apache.hadoop.fs.FileSystem$Cache.get(FileSystem.java:1436)
	at org.apache.hadoop.fs.FileSystem.get(FileSystem.java:197)
	at org.apache.hadoop.fs.HarFileSystem.initialize(HarFileSystem.java:104)
	at org.apache.hadoop.fs.FileSystem.createFileSystem(FileSystem.java:1420)
	at org.apache.hadoop.fs.FileSystem.get(FileSystem.java:194)
	at org.apache.hadoop.fs.Path.getFileSystem(Path.java:175)
	at org.apache.hadoop.mapreduce.lib.input.FileInputFormat.listStatus(FileInputFormat.java:203)
	at org.apache.hadoop.mapreduce.lib.input.FileInputFormat.getSplits(FileInputFormat.java:241)
	at org.apache.hadoop.mapred.JobClient.writeNewSplits(JobClient.java:926)
	at org.apache.hadoop.mapred.JobClient.submitJobInternal(JobClient.java:820)
	at org.apache.hadoop.mapreduce.Job.submit(Job.java:432)
	at org.apache.hadoop.mapreduce.Job.waitForCompletion(Job.java:447)
	at hipi.experiments.covariance.Covariance.runMeanCompute(Covariance.java:175)
	at hipi.experiments.covariance.Covariance.run(Covariance.java:219)
	at org.apache.hadoop.util.ToolRunner.run(ToolRunner.java:65)
	at org.apache.hadoop.util.ToolRunner.run(ToolRunner.java:79)
	at hipi.experiments.covariance.Covariance.main(Covariance.java:226)
	at sun.reflect.NativeMethodAccessorImpl.invoke0(Native Method)
	at sun.reflect.NativeMethodAccessorImpl.invoke(NativeMethodAccessorImpl.java:39)
	at sun.reflect.DelegatingMethodAccessorImpl.invoke(DelegatingMethodAccessorImpl.java:25)
	at java.lang.reflect.Method.invoke(Method.java:597)
	at org.apache.hadoop.util.RunJar.main(RunJar.java:156)
/opt/hadoop/bin/hadoop jar covariance.jar   har  0.99s user 0.15s system 31% cpu 3.641 total
