11/04/30 12:58:22 INFO input.FileInputFormat: Total input paths to process : 1
11/04/30 12:58:25 INFO mapred.JobClient: Running job: job_201104211619_3045
11/04/30 12:58:26 INFO mapred.JobClient:  map 0% reduce 0%
11/04/30 12:58:55 INFO mapred.JobClient:  map 70% reduce 0%
11/04/30 12:59:04 INFO mapred.JobClient:  map 100% reduce 0%
11/04/30 12:59:31 INFO mapred.JobClient:  map 100% reduce 100%
11/04/30 12:59:39 INFO mapred.JobClient: Job complete: job_201104211619_3045
11/04/30 12:59:39 INFO mapred.JobClient: Counters: 17
11/04/30 12:59:39 INFO mapred.JobClient:   Job Counters 
11/04/30 12:59:39 INFO mapred.JobClient:     Launched reduce tasks=1
11/04/30 12:59:39 INFO mapred.JobClient:     Rack-local map tasks=1
11/04/30 12:59:39 INFO mapred.JobClient:     Launched map tasks=1
11/04/30 12:59:39 INFO mapred.JobClient:   FileSystemCounters
11/04/30 12:59:39 INFO mapred.JobClient:     FILE_BYTES_READ=6627
11/04/30 12:59:39 INFO mapred.JobClient:     HDFS_BYTES_READ=50346762
11/04/30 12:59:39 INFO mapred.JobClient:     FILE_BYTES_WRITTEN=13278
11/04/30 12:59:39 INFO mapred.JobClient:     HDFS_BYTES_WRITTEN=9232
11/04/30 12:59:39 INFO mapred.JobClient:   Map-Reduce Framework
11/04/30 12:59:39 INFO mapred.JobClient:     Reduce input groups=1
11/04/30 12:59:39 INFO mapred.JobClient:     Combine output records=1
11/04/30 12:59:39 INFO mapred.JobClient:     Map input records=93
11/04/30 12:59:39 INFO mapred.JobClient:     Reduce shuffle bytes=0
11/04/30 12:59:39 INFO mapred.JobClient:     Reduce output records=1
11/04/30 12:59:39 INFO mapred.JobClient:     Spilled Records=2
11/04/30 12:59:39 INFO mapred.JobClient:     Map output bytes=858576
11/04/30 12:59:39 INFO mapred.JobClient:     Combine input records=93
11/04/30 12:59:39 INFO mapred.JobClient:     Map output records=93
11/04/30 12:59:39 INFO mapred.JobClient:     Reduce input records=1
11/04/30 12:59:43 INFO input.FileInputFormat: Total input paths to process : 1
11/04/30 12:59:45 INFO mapred.JobClient: Running job: job_201104211619_3046
11/04/30 12:59:46 INFO mapred.JobClient:  map 0% reduce 0%
11/04/30 13:00:23 INFO mapred.JobClient:  map 1% reduce 0%
11/04/30 13:00:33 INFO mapred.JobClient:  map 2% reduce 0%
11/04/30 13:00:42 INFO mapred.JobClient:  map 4% reduce 0%
11/04/30 13:01:09 INFO mapred.JobClient:  map 5% reduce 0%
11/04/30 13:01:18 INFO mapred.JobClient:  map 6% reduce 0%
11/04/30 13:01:36 INFO mapred.JobClient:  map 7% reduce 0%
11/04/30 13:01:45 INFO mapred.JobClient:  map 8% reduce 0%
11/04/30 13:01:54 INFO mapred.JobClient:  map 9% reduce 0%
11/04/30 13:02:12 INFO mapred.JobClient:  map 10% reduce 0%
11/04/30 13:02:31 INFO mapred.JobClient:  map 13% reduce 0%
11/04/30 13:02:40 INFO mapred.JobClient:  map 14% reduce 0%
11/04/30 13:02:57 INFO mapred.JobClient:  map 15% reduce 0%
11/04/30 13:03:07 INFO mapred.JobClient:  map 17% reduce 0%
11/04/30 13:03:34 INFO mapred.JobClient:  map 18% reduce 0%
11/04/30 13:03:52 INFO mapred.JobClient:  map 19% reduce 0%
11/04/30 13:04:00 INFO mapred.JobClient:  map 20% reduce 0%
11/04/30 13:04:10 INFO mapred.JobClient:  map 21% reduce 0%
11/04/30 13:04:19 INFO mapred.JobClient:  map 28% reduce 0%
11/04/30 13:04:37 INFO mapred.JobClient:  map 29% reduce 0%
11/04/30 13:05:04 INFO mapred.JobClient:  map 30% reduce 0%
11/04/30 13:05:32 INFO mapred.JobClient:  map 31% reduce 0%
11/04/30 13:05:49 INFO mapred.JobClient:  map 32% reduce 0%
11/04/30 13:06:08 INFO mapred.JobClient:  map 33% reduce 0%
11/04/30 13:06:16 INFO mapred.JobClient:  map 34% reduce 0%
11/04/30 13:06:26 INFO mapred.JobClient:  map 35% reduce 0%
11/04/30 13:06:44 INFO mapred.JobClient:  map 36% reduce 0%
11/04/30 13:06:53 INFO mapred.JobClient:  map 39% reduce 0%
11/04/30 13:07:10 INFO mapred.JobClient:  map 40% reduce 0%
11/04/30 13:07:20 INFO mapred.JobClient:  map 41% reduce 0%
11/04/30 13:07:29 INFO mapred.JobClient:  map 42% reduce 0%
11/04/30 13:07:39 INFO mapred.JobClient:  map 43% reduce 0%
11/04/30 13:07:56 INFO mapred.JobClient:  map 44% reduce 0%
11/04/30 13:08:05 INFO mapred.JobClient:  map 47% reduce 0%
11/04/30 13:08:24 INFO mapred.JobClient:  map 49% reduce 0%
11/04/30 13:08:32 INFO mapred.JobClient:  map 51% reduce 0%
11/04/30 13:08:59 INFO mapred.JobClient:  map 52% reduce 0%
11/04/30 13:09:08 INFO mapred.JobClient:  map 53% reduce 0%
11/04/30 13:09:18 INFO mapred.JobClient:  map 54% reduce 0%
11/04/30 13:09:45 INFO mapred.JobClient:  map 56% reduce 0%
11/04/30 13:09:54 INFO mapred.JobClient:  map 58% reduce 0%
11/04/30 13:10:12 INFO mapred.JobClient:  map 59% reduce 0%
11/04/30 13:10:21 INFO mapred.JobClient:  map 60% reduce 0%
11/04/30 13:10:57 INFO mapred.JobClient:  map 62% reduce 0%
11/04/30 13:11:15 INFO mapred.JobClient:  map 65% reduce 0%
11/04/30 13:11:33 INFO mapred.JobClient:  map 67% reduce 0%
11/04/30 13:11:51 INFO mapred.JobClient:  map 69% reduce 0%
11/04/30 13:12:10 INFO mapred.JobClient:  map 70% reduce 0%
11/04/30 13:12:19 INFO mapred.JobClient:  map 71% reduce 0%
11/04/30 13:12:27 INFO mapred.JobClient:  map 72% reduce 0%
11/04/30 13:12:37 INFO mapred.JobClient:  map 73% reduce 0%
11/04/30 13:12:55 INFO mapred.JobClient:  map 74% reduce 0%
11/04/30 13:13:04 INFO mapred.JobClient:  map 75% reduce 0%
11/04/30 13:13:13 INFO mapred.JobClient:  map 77% reduce 0%
11/04/30 13:13:31 INFO mapred.JobClient:  map 78% reduce 0%
11/04/30 13:13:49 INFO mapred.JobClient:  map 79% reduce 0%
11/04/30 13:14:08 INFO mapred.JobClient:  map 81% reduce 0%
11/04/30 13:14:25 INFO mapred.JobClient:  map 82% reduce 0%
11/04/30 13:14:35 INFO mapred.JobClient:  map 83% reduce 0%
11/04/30 13:14:52 INFO mapred.JobClient:  map 84% reduce 0%
11/04/30 13:15:11 INFO mapred.JobClient:  map 85% reduce 0%
11/04/30 13:15:20 INFO mapred.JobClient:  map 86% reduce 0%
11/04/30 13:15:29 INFO mapred.JobClient:  map 87% reduce 0%
11/04/30 13:15:47 INFO mapred.JobClient:  map 88% reduce 0%
11/04/30 13:15:55 INFO mapred.JobClient:  map 89% reduce 0%
11/04/30 13:16:14 INFO mapred.JobClient:  map 90% reduce 0%
11/04/30 13:16:41 INFO mapred.JobClient:  map 91% reduce 0%
11/04/30 13:16:50 INFO mapred.JobClient:  map 92% reduce 0%
11/04/30 13:17:08 INFO mapred.JobClient:  map 93% reduce 0%
11/04/30 13:17:27 INFO mapred.JobClient:  map 94% reduce 0%
11/04/30 13:18:03 INFO mapred.JobClient:  map 95% reduce 0%
11/04/30 13:18:12 INFO mapred.JobClient:  map 97% reduce 0%
11/04/30 13:18:20 INFO mapred.JobClient:  map 98% reduce 0%
11/04/30 13:18:48 INFO mapred.JobClient:  map 99% reduce 0%
11/04/30 13:19:06 INFO mapred.JobClient:  map 100% reduce 0%
11/04/30 13:20:57 INFO mapred.JobClient:  map 100% reduce 100%
11/04/30 13:21:05 INFO mapred.JobClient: Job complete: job_201104211619_3046
11/04/30 13:21:05 INFO mapred.JobClient: Counters: 17
11/04/30 13:21:05 INFO mapred.JobClient:   Job Counters 
11/04/30 13:21:05 INFO mapred.JobClient:     Launched reduce tasks=1
11/04/30 13:21:05 INFO mapred.JobClient:     Rack-local map tasks=1
11/04/30 13:21:05 INFO mapred.JobClient:     Launched map tasks=1
11/04/30 13:21:05 INFO mapred.JobClient:   FileSystemCounters
11/04/30 13:21:05 INFO mapred.JobClient:     FILE_BYTES_READ=811688163
11/04/30 13:21:05 INFO mapred.JobClient:     HDFS_BYTES_READ=50346762
11/04/30 13:21:05 INFO mapred.JobClient:     FILE_BYTES_WRITTEN=831495234
11/04/30 13:21:05 INFO mapred.JobClient:     HDFS_BYTES_WRITTEN=21233680
11/04/30 13:21:05 INFO mapred.JobClient:   Map-Reduce Framework
11/04/30 13:21:05 INFO mapred.JobClient:     Reduce input groups=1
11/04/30 13:21:05 INFO mapred.JobClient:     Combine output records=25
11/04/30 13:21:05 INFO mapred.JobClient:     Map input records=93
11/04/30 13:21:05 INFO mapred.JobClient:     Reduce shuffle bytes=19816355
11/04/30 13:21:05 INFO mapred.JobClient:     Reduce output records=1
11/04/30 13:21:05 INFO mapred.JobClient:     Spilled Records=42
11/04/30 13:21:05 INFO mapred.JobClient:     Map output bytes=1974732240
11/04/30 13:21:05 INFO mapred.JobClient:     Combine input records=117
11/04/30 13:21:05 INFO mapred.JobClient:     Map output records=93
11/04/30 13:21:05 INFO mapred.JobClient:     Reduce input records=1
/opt/hadoop/bin/hadoop jar covariance.jar   sequence  3.28s user 0.49s system 0% cpu 22:46.40 total
11/05/02 04:39:46 INFO input.FileInputFormat: Total input paths to process : 1
11/05/02 04:39:49 INFO mapred.JobClient: Running job: job_201104211619_3447
11/05/02 04:39:51 INFO mapred.JobClient:  map 0% reduce 0%
11/05/02 04:40:19 INFO mapred.JobClient:  map 47% reduce 0%
11/05/02 04:40:28 INFO mapred.JobClient:  map 92% reduce 0%
11/05/02 04:40:38 INFO mapred.JobClient:  map 100% reduce 0%
11/05/02 04:41:05 INFO mapred.JobClient:  map 100% reduce 100%
11/05/02 04:41:14 INFO mapred.JobClient: Job complete: job_201104211619_3447
11/05/02 04:41:14 INFO mapred.JobClient: Counters: 17
11/05/02 04:41:14 INFO mapred.JobClient:   Job Counters 
11/05/02 04:41:14 INFO mapred.JobClient:     Launched reduce tasks=1
11/05/02 04:41:14 INFO mapred.JobClient:     Rack-local map tasks=1
11/05/02 04:41:14 INFO mapred.JobClient:     Launched map tasks=1
11/05/02 04:41:14 INFO mapred.JobClient:   FileSystemCounters
11/05/02 04:41:14 INFO mapred.JobClient:     FILE_BYTES_READ=6627
11/05/02 04:41:14 INFO mapred.JobClient:     HDFS_BYTES_READ=50346762
11/05/02 04:41:14 INFO mapred.JobClient:     FILE_BYTES_WRITTEN=13278
11/05/02 04:41:14 INFO mapred.JobClient:     HDFS_BYTES_WRITTEN=9232
11/05/02 04:41:14 INFO mapred.JobClient:   Map-Reduce Framework
11/05/02 04:41:14 INFO mapred.JobClient:     Reduce input groups=1
11/05/02 04:41:14 INFO mapred.JobClient:     Combine output records=1
11/05/02 04:41:14 INFO mapred.JobClient:     Map input records=93
11/05/02 04:41:14 INFO mapred.JobClient:     Reduce shuffle bytes=0
11/05/02 04:41:14 INFO mapred.JobClient:     Reduce output records=1
11/05/02 04:41:14 INFO mapred.JobClient:     Spilled Records=2
11/05/02 04:41:14 INFO mapred.JobClient:     Map output bytes=858576
11/05/02 04:41:14 INFO mapred.JobClient:     Combine input records=93
11/05/02 04:41:14 INFO mapred.JobClient:     Map output records=93
11/05/02 04:41:14 INFO mapred.JobClient:     Reduce input records=1
11/05/02 04:41:21 INFO input.FileInputFormat: Total input paths to process : 1
11/05/02 04:41:25 INFO mapred.JobClient: Running job: job_201104211619_3448
11/05/02 04:41:26 INFO mapred.JobClient:  map 0% reduce 0%
11/05/02 04:42:13 INFO mapred.JobClient:  map 1% reduce 0%
11/05/02 04:42:22 INFO mapred.JobClient:  map 4% reduce 0%
11/05/02 04:42:59 INFO mapred.JobClient:  map 5% reduce 0%
11/05/02 04:43:08 INFO mapred.JobClient:  map 6% reduce 0%
11/05/02 04:43:17 INFO mapred.JobClient:  map 7% reduce 0%
11/05/02 04:43:26 INFO mapred.JobClient:  map 8% reduce 0%
11/05/02 04:43:35 INFO mapred.JobClient:  map 9% reduce 0%
11/05/02 04:43:53 INFO mapred.JobClient:  map 10% reduce 0%
11/05/02 04:44:03 INFO mapred.JobClient:  map 11% reduce 0%
11/05/02 04:44:11 INFO mapred.JobClient:  map 13% reduce 0%
11/05/02 04:44:38 INFO mapred.JobClient:  map 15% reduce 0%
11/05/02 04:44:57 INFO mapred.JobClient:  map 17% reduce 0%
11/05/02 04:45:15 INFO mapred.JobClient:  map 18% reduce 0%
11/05/02 04:45:42 INFO mapred.JobClient:  map 20% reduce 0%
11/05/02 04:45:50 INFO mapred.JobClient:  map 21% reduce 0%
11/05/02 04:46:09 INFO mapred.JobClient:  map 28% reduce 0%
11/05/02 04:46:18 INFO mapred.JobClient:  map 29% reduce 0%
11/05/02 04:46:55 INFO mapred.JobClient:  map 30% reduce 0%
11/05/02 04:47:31 INFO mapred.JobClient:  map 32% reduce 0%
11/05/02 04:47:40 INFO mapred.JobClient:  map 33% reduce 0%
11/05/02 04:48:25 INFO mapred.JobClient:  map 35% reduce 0%
11/05/02 04:48:33 INFO mapred.JobClient:  map 36% reduce 0%
11/05/02 04:48:43 INFO mapred.JobClient:  map 39% reduce 0%
11/05/02 04:48:52 INFO mapred.JobClient:  map 40% reduce 0%
11/05/02 04:49:10 INFO mapred.JobClient:  map 41% reduce 0%
11/05/02 04:49:29 INFO mapred.JobClient:  map 42% reduce 0%
11/05/02 04:49:38 INFO mapred.JobClient:  map 43% reduce 0%
11/05/02 04:49:46 INFO mapred.JobClient:  map 44% reduce 0%
11/05/02 04:50:04 INFO mapred.JobClient:  map 49% reduce 0%
11/05/02 04:50:24 INFO mapred.JobClient:  map 51% reduce 0%
11/05/02 04:50:41 INFO mapred.JobClient:  map 52% reduce 0%
11/05/02 04:50:59 INFO mapred.JobClient:  map 53% reduce 0%
11/05/02 04:51:08 INFO mapred.JobClient:  map 54% reduce 0%
11/05/02 04:51:17 INFO mapred.JobClient:  map 55% reduce 0%
11/05/02 04:51:36 INFO mapred.JobClient:  map 56% reduce 0%
11/05/02 04:51:45 INFO mapred.JobClient:  map 58% reduce 0%
11/05/02 04:51:53 INFO mapred.JobClient:  map 59% reduce 0%
11/05/02 04:52:12 INFO mapred.JobClient:  map 60% reduce 0%
11/05/02 04:52:29 INFO mapred.JobClient:  map 61% reduce 0%
11/05/02 04:52:48 INFO mapred.JobClient:  map 62% reduce 0%
11/05/02 04:52:57 INFO mapred.JobClient:  map 65% reduce 0%
11/05/02 04:53:24 INFO mapred.JobClient:  map 67% reduce 0%
11/05/02 04:53:33 INFO mapred.JobClient:  map 69% reduce 0%
11/05/02 04:54:00 INFO mapred.JobClient:  map 71% reduce 0%
11/05/02 04:54:18 INFO mapred.JobClient:  map 72% reduce 0%
11/05/02 04:54:28 INFO mapred.JobClient:  map 73% reduce 0%
11/05/02 04:54:46 INFO mapred.JobClient:  map 74% reduce 0%
11/05/02 04:54:54 INFO mapred.JobClient:  map 75% reduce 0%
11/05/02 04:55:13 INFO mapred.JobClient:  map 78% reduce 0%
11/05/02 04:55:31 INFO mapred.JobClient:  map 79% reduce 0%
11/05/02 04:55:49 INFO mapred.JobClient:  map 81% reduce 0%
11/05/02 04:56:07 INFO mapred.JobClient:  map 82% reduce 0%
11/05/02 04:56:16 INFO mapred.JobClient:  map 83% reduce 0%
11/05/02 04:56:24 INFO mapred.JobClient:  map 84% reduce 0%
11/05/02 04:56:52 INFO mapred.JobClient:  map 85% reduce 0%
11/05/02 04:57:10 INFO mapred.JobClient:  map 86% reduce 0%
11/05/02 04:57:19 INFO mapred.JobClient:  map 87% reduce 0%
11/05/02 04:57:28 INFO mapred.JobClient:  map 88% reduce 0%
11/05/02 04:57:47 INFO mapred.JobClient:  map 89% reduce 0%
11/05/02 04:57:55 INFO mapred.JobClient:  map 90% reduce 0%
11/05/02 04:58:23 INFO mapred.JobClient:  map 91% reduce 0%
11/05/02 04:58:32 INFO mapred.JobClient:  map 92% reduce 0%
11/05/02 04:59:00 INFO mapred.JobClient:  map 93% reduce 0%
11/05/02 04:59:17 INFO mapred.JobClient:  map 94% reduce 0%
11/05/02 04:59:45 INFO mapred.JobClient:  map 95% reduce 0%
11/05/02 05:00:03 INFO mapred.JobClient:  map 97% reduce 0%
11/05/02 05:00:11 INFO mapred.JobClient:  map 98% reduce 0%
11/05/02 05:00:39 INFO mapred.JobClient:  map 99% reduce 0%
11/05/02 05:00:49 INFO mapred.JobClient:  map 100% reduce 0%
11/05/02 05:02:46 INFO mapred.JobClient:  map 100% reduce 100%
11/05/02 05:02:55 INFO mapred.JobClient: Job complete: job_201104211619_3448
11/05/02 05:02:55 INFO mapred.JobClient: Counters: 17
11/05/02 05:02:55 INFO mapred.JobClient:   Job Counters 
11/05/02 05:02:55 INFO mapred.JobClient:     Launched reduce tasks=1
11/05/02 05:02:55 INFO mapred.JobClient:     Rack-local map tasks=1
11/05/02 05:02:55 INFO mapred.JobClient:     Launched map tasks=1
11/05/02 05:02:55 INFO mapred.JobClient:   FileSystemCounters
11/05/02 05:02:55 INFO mapred.JobClient:     FILE_BYTES_READ=811688163
11/05/02 05:02:55 INFO mapred.JobClient:     HDFS_BYTES_READ=50346762
11/05/02 05:02:55 INFO mapred.JobClient:     FILE_BYTES_WRITTEN=831495234
11/05/02 05:02:55 INFO mapred.JobClient:     HDFS_BYTES_WRITTEN=21233680
11/05/02 05:02:55 INFO mapred.JobClient:   Map-Reduce Framework
11/05/02 05:02:55 INFO mapred.JobClient:     Reduce input groups=1
11/05/02 05:02:55 INFO mapred.JobClient:     Combine output records=25
11/05/02 05:02:55 INFO mapred.JobClient:     Map input records=93
11/05/02 05:02:55 INFO mapred.JobClient:     Reduce shuffle bytes=0
11/05/02 05:02:55 INFO mapred.JobClient:     Reduce output records=1
11/05/02 05:02:55 INFO mapred.JobClient:     Spilled Records=42
11/05/02 05:02:55 INFO mapred.JobClient:     Map output bytes=1974732240
11/05/02 05:02:55 INFO mapred.JobClient:     Combine input records=117
11/05/02 05:02:55 INFO mapred.JobClient:     Map output records=93
11/05/02 05:02:55 INFO mapred.JobClient:     Reduce input records=1
/opt/hadoop/bin/hadoop jar covariance.jar   sequence  3.25s user 0.44s system 0% cpu 23:18.89 total
