11/04/30 12:31:42 INFO input.FileInputFormat: Total input paths to process : 1
11/04/30 12:31:45 INFO mapred.JobClient: Running job: job_201104211619_3033
11/04/30 12:31:46 INFO mapred.JobClient:  map 0% reduce 0%
11/04/30 12:32:05 INFO mapred.JobClient:  map 100% reduce 0%
11/04/30 12:32:33 INFO mapred.JobClient:  map 100% reduce 100%
11/04/30 12:32:40 INFO mapred.JobClient: Job complete: job_201104211619_3033
11/04/30 12:32:40 INFO mapred.JobClient: Counters: 17
11/04/30 12:32:40 INFO mapred.JobClient:   Job Counters 
11/04/30 12:32:40 INFO mapred.JobClient:     Launched reduce tasks=1
11/04/30 12:32:40 INFO mapred.JobClient:     Rack-local map tasks=1
11/04/30 12:32:40 INFO mapred.JobClient:     Launched map tasks=1
11/04/30 12:32:40 INFO mapred.JobClient:   FileSystemCounters
11/04/30 12:32:40 INFO mapred.JobClient:     FILE_BYTES_READ=7185
11/04/30 12:32:40 INFO mapred.JobClient:     HDFS_BYTES_READ=4853055
11/04/30 12:32:40 INFO mapred.JobClient:     FILE_BYTES_WRITTEN=14394
11/04/30 12:32:40 INFO mapred.JobClient:     HDFS_BYTES_WRITTEN=9232
11/04/30 12:32:40 INFO mapred.JobClient:   Map-Reduce Framework
11/04/30 12:32:40 INFO mapred.JobClient:     Reduce input groups=1
11/04/30 12:32:40 INFO mapred.JobClient:     Combine output records=1
11/04/30 12:32:40 INFO mapred.JobClient:     Map input records=9
11/04/30 12:32:40 INFO mapred.JobClient:     Reduce shuffle bytes=0
11/04/30 12:32:40 INFO mapred.JobClient:     Reduce output records=1
11/04/30 12:32:40 INFO mapred.JobClient:     Spilled Records=2
11/04/30 12:32:40 INFO mapred.JobClient:     Map output bytes=83088
11/04/30 12:32:40 INFO mapred.JobClient:     Combine input records=9
11/04/30 12:32:40 INFO mapred.JobClient:     Map output records=9
11/04/30 12:32:40 INFO mapred.JobClient:     Reduce input records=1
11/04/30 12:32:43 INFO input.FileInputFormat: Total input paths to process : 1
11/04/30 12:32:46 INFO mapred.JobClient: Running job: job_201104211619_3034
11/04/30 12:32:47 INFO mapred.JobClient:  map 0% reduce 0%
11/04/30 12:33:25 INFO mapred.JobClient:  map 20% reduce 0%
11/04/30 12:33:34 INFO mapred.JobClient:  map 34% reduce 0%
11/04/30 12:33:43 INFO mapred.JobClient:  map 46% reduce 0%
11/04/30 12:34:01 INFO mapred.JobClient:  map 52% reduce 0%
11/04/30 12:34:20 INFO mapred.JobClient:  map 81% reduce 0%
11/04/30 12:34:37 INFO mapred.JobClient:  map 93% reduce 0%
11/04/30 12:34:47 INFO mapred.JobClient:  map 100% reduce 0%
11/04/30 12:35:32 INFO mapred.JobClient:  map 100% reduce 100%
11/04/30 12:35:40 INFO mapred.JobClient: Job complete: job_201104211619_3034
11/04/30 12:35:40 INFO mapred.JobClient: Counters: 17
11/04/30 12:35:40 INFO mapred.JobClient:   Job Counters 
11/04/30 12:35:40 INFO mapred.JobClient:     Launched reduce tasks=1
11/04/30 12:35:40 INFO mapred.JobClient:     Rack-local map tasks=1
11/04/30 12:35:40 INFO mapred.JobClient:     Launched map tasks=1
11/04/30 12:35:40 INFO mapred.JobClient:   FileSystemCounters
11/04/30 12:35:40 INFO mapred.JobClient:     FILE_BYTES_READ=79237497
11/04/30 12:35:40 INFO mapred.JobClient:     HDFS_BYTES_READ=4853055
11/04/30 12:35:40 INFO mapred.JobClient:     FILE_BYTES_WRITTEN=99022795
11/04/30 12:35:40 INFO mapred.JobClient:     HDFS_BYTES_WRITTEN=21233680
11/04/30 12:35:40 INFO mapred.JobClient:   Map-Reduce Framework
11/04/30 12:35:40 INFO mapred.JobClient:     Reduce input groups=1
11/04/30 12:35:40 INFO mapred.JobClient:     Combine output records=4
11/04/30 12:35:40 INFO mapred.JobClient:     Map input records=9
11/04/30 12:35:40 INFO mapred.JobClient:     Reduce shuffle bytes=0
11/04/30 12:35:40 INFO mapred.JobClient:     Reduce output records=1
11/04/30 12:35:40 INFO mapred.JobClient:     Spilled Records=5
11/04/30 12:35:40 INFO mapred.JobClient:     Map output bytes=191103120
11/04/30 12:35:40 INFO mapred.JobClient:     Combine input records=12
11/04/30 12:35:40 INFO mapred.JobClient:     Map output records=9
11/04/30 12:35:40 INFO mapred.JobClient:     Reduce input records=1
/opt/hadoop/bin/hadoop jar covariance.jar   sequence  1.57s user 0.28s system 0% cpu 4:01.00 total
11/05/02 04:09:00 INFO input.FileInputFormat: Total input paths to process : 1
11/05/02 04:09:03 INFO mapred.JobClient: Running job: job_201104211619_3441
11/05/02 04:09:04 INFO mapred.JobClient:  map 0% reduce 0%
11/05/02 04:09:24 INFO mapred.JobClient:  map 100% reduce 0%
11/05/02 04:09:51 INFO mapred.JobClient:  map 100% reduce 100%
11/05/02 04:09:59 INFO mapred.JobClient: Job complete: job_201104211619_3441
11/05/02 04:09:59 INFO mapred.JobClient: Counters: 17
11/05/02 04:09:59 INFO mapred.JobClient:   Job Counters 
11/05/02 04:09:59 INFO mapred.JobClient:     Launched reduce tasks=1
11/05/02 04:09:59 INFO mapred.JobClient:     Rack-local map tasks=1
11/05/02 04:09:59 INFO mapred.JobClient:     Launched map tasks=1
11/05/02 04:09:59 INFO mapred.JobClient:   FileSystemCounters
11/05/02 04:09:59 INFO mapred.JobClient:     FILE_BYTES_READ=7185
11/05/02 04:09:59 INFO mapred.JobClient:     HDFS_BYTES_READ=4853055
11/05/02 04:09:59 INFO mapred.JobClient:     FILE_BYTES_WRITTEN=14394
11/05/02 04:09:59 INFO mapred.JobClient:     HDFS_BYTES_WRITTEN=9232
11/05/02 04:09:59 INFO mapred.JobClient:   Map-Reduce Framework
11/05/02 04:09:59 INFO mapred.JobClient:     Reduce input groups=1
11/05/02 04:09:59 INFO mapred.JobClient:     Combine output records=1
11/05/02 04:09:59 INFO mapred.JobClient:     Map input records=9
11/05/02 04:09:59 INFO mapred.JobClient:     Reduce shuffle bytes=0
11/05/02 04:09:59 INFO mapred.JobClient:     Reduce output records=1
11/05/02 04:09:59 INFO mapred.JobClient:     Spilled Records=2
11/05/02 04:09:59 INFO mapred.JobClient:     Map output bytes=83088
11/05/02 04:09:59 INFO mapred.JobClient:     Combine input records=9
11/05/02 04:09:59 INFO mapred.JobClient:     Map output records=9
11/05/02 04:09:59 INFO mapred.JobClient:     Reduce input records=1
11/05/02 04:10:08 INFO input.FileInputFormat: Total input paths to process : 1
11/05/02 04:10:10 INFO mapred.JobClient: Running job: job_201104211619_3442
11/05/02 04:10:11 INFO mapred.JobClient:  map 0% reduce 0%
11/05/02 04:10:49 INFO mapred.JobClient:  map 20% reduce 0%
11/05/02 04:10:58 INFO mapred.JobClient:  map 34% reduce 0%
11/05/02 04:11:07 INFO mapred.JobClient:  map 46% reduce 0%
11/05/02 04:11:25 INFO mapred.JobClient:  map 52% reduce 0%
11/05/02 04:11:34 INFO mapred.JobClient:  map 57% reduce 0%
11/05/02 04:11:44 INFO mapred.JobClient:  map 81% reduce 0%
11/05/02 04:12:02 INFO mapred.JobClient:  map 93% reduce 0%
11/05/02 04:12:11 INFO mapred.JobClient:  map 100% reduce 0%
11/05/02 04:12:48 INFO mapred.JobClient:  map 100% reduce 100%
11/05/02 04:13:14 INFO mapred.JobClient: Job complete: job_201104211619_3442
11/05/02 04:13:14 INFO mapred.JobClient: Counters: 17
11/05/02 04:13:14 INFO mapred.JobClient:   Job Counters 
11/05/02 04:13:14 INFO mapred.JobClient:     Launched reduce tasks=1
11/05/02 04:13:14 INFO mapred.JobClient:     Rack-local map tasks=1
11/05/02 04:13:14 INFO mapred.JobClient:     Launched map tasks=1
11/05/02 04:13:14 INFO mapred.JobClient:   FileSystemCounters
11/05/02 04:13:14 INFO mapred.JobClient:     FILE_BYTES_READ=79237497
11/05/02 04:13:14 INFO mapred.JobClient:     HDFS_BYTES_READ=4853055
11/05/02 04:13:14 INFO mapred.JobClient:     FILE_BYTES_WRITTEN=99022795
11/05/02 04:13:14 INFO mapred.JobClient:     HDFS_BYTES_WRITTEN=21233680
11/05/02 04:13:14 INFO mapred.JobClient:   Map-Reduce Framework
11/05/02 04:13:14 INFO mapred.JobClient:     Reduce input groups=1
11/05/02 04:13:14 INFO mapred.JobClient:     Combine output records=4
11/05/02 04:13:14 INFO mapred.JobClient:     Map input records=9
11/05/02 04:13:14 INFO mapred.JobClient:     Reduce shuffle bytes=19794582
11/05/02 04:13:14 INFO mapred.JobClient:     Reduce output records=1
11/05/02 04:13:14 INFO mapred.JobClient:     Spilled Records=5
11/05/02 04:13:14 INFO mapred.JobClient:     Map output bytes=191103120
11/05/02 04:13:14 INFO mapred.JobClient:     Combine input records=12
11/05/02 04:13:14 INFO mapred.JobClient:     Map output records=9
11/05/02 04:13:14 INFO mapred.JobClient:     Reduce input records=1
/opt/hadoop/bin/hadoop jar covariance.jar   sequence  1.63s user 0.18s system 0% cpu 4:22.20 total
