Inside add input path
11/04/30 11:43:13 WARN mapred.JobClient: Use GenericOptionsParser for parsing the arguments. Applications should implement Tool for the same.
11/04/30 11:43:16 INFO input.FileInputFormat: Total input paths to process : 1
11/04/30 11:43:18 INFO mapred.JobClient: Running job: job_201104211619_3004
11/04/30 11:43:19 INFO mapred.JobClient:  map 0% reduce 0%
11/04/30 11:43:49 INFO mapred.JobClient:  map 51% reduce 0%
11/04/30 11:43:57 INFO mapred.JobClient:  map 100% reduce 0%
11/04/30 11:44:25 INFO mapred.JobClient:  map 100% reduce 100%
11/04/30 11:44:34 INFO mapred.JobClient: Job complete: job_201104211619_3004
11/04/30 11:44:34 INFO mapred.JobClient: Counters: 17
11/04/30 11:44:34 INFO mapred.JobClient:   Job Counters 
11/04/30 11:44:34 INFO mapred.JobClient:     Launched reduce tasks=1
11/04/30 11:44:34 INFO mapred.JobClient:     Rack-local map tasks=1
11/04/30 11:44:34 INFO mapred.JobClient:     Launched map tasks=1
11/04/30 11:44:34 INFO mapred.JobClient:   FileSystemCounters
11/04/30 11:44:34 INFO mapred.JobClient:     FILE_BYTES_READ=1029
11/04/30 11:44:34 INFO mapred.JobClient:     HDFS_BYTES_READ=50346762
11/04/30 11:44:34 INFO mapred.JobClient:     FILE_BYTES_WRITTEN=2090
11/04/30 11:44:34 INFO mapred.JobClient:     HDFS_BYTES_WRITTEN=1439
11/04/30 11:44:34 INFO mapred.JobClient:   Map-Reduce Framework
11/04/30 11:44:34 INFO mapred.JobClient:     Reduce input groups=1
11/04/30 11:44:34 INFO mapred.JobClient:     Combine output records=0
11/04/30 11:44:34 INFO mapred.JobClient:     Map input records=93
11/04/30 11:44:34 INFO mapred.JobClient:     Reduce shuffle bytes=0
11/04/30 11:44:34 INFO mapred.JobClient:     Reduce output records=93
11/04/30 11:44:34 INFO mapred.JobClient:     Spilled Records=186
11/04/30 11:44:34 INFO mapred.JobClient:     Map output bytes=837
11/04/30 11:44:34 INFO mapred.JobClient:     Combine input records=0
11/04/30 11:44:34 INFO mapred.JobClient:     Map output records=93
11/04/30 11:44:34 INFO mapred.JobClient:     Reduce input records=93
/opt/hadoop/bin/hadoop jar Im2Gray.jar  /virginia/uvagfx/lliu/out/sib-$i   1.59s user 0.17s system 2% cpu 1:21.83 total
Inside add input path
11/05/01 22:01:44 WARN mapred.JobClient: Use GenericOptionsParser for parsing the arguments. Applications should implement Tool for the same.
11/05/01 22:01:47 INFO input.FileInputFormat: Total input paths to process : 1
11/05/01 22:01:51 INFO mapred.JobClient: Running job: job_201104211619_3345
11/05/01 22:01:52 INFO mapred.JobClient:  map 0% reduce 0%
11/05/01 22:02:23 INFO mapred.JobClient:  map 54% reduce 0%
11/05/01 22:02:32 INFO mapred.JobClient:  map 100% reduce 0%
11/05/01 22:02:59 INFO mapred.JobClient:  map 100% reduce 100%
11/05/01 22:03:08 INFO mapred.JobClient: Job complete: job_201104211619_3345
11/05/01 22:03:08 INFO mapred.JobClient: Counters: 17
11/05/01 22:03:08 INFO mapred.JobClient:   Job Counters 
11/05/01 22:03:08 INFO mapred.JobClient:     Launched reduce tasks=1
11/05/01 22:03:08 INFO mapred.JobClient:     Rack-local map tasks=1
11/05/01 22:03:08 INFO mapred.JobClient:     Launched map tasks=1
11/05/01 22:03:08 INFO mapred.JobClient:   FileSystemCounters
11/05/01 22:03:08 INFO mapred.JobClient:     FILE_BYTES_READ=1029
11/05/01 22:03:08 INFO mapred.JobClient:     HDFS_BYTES_READ=50346762
11/05/01 22:03:08 INFO mapred.JobClient:     FILE_BYTES_WRITTEN=2090
11/05/01 22:03:08 INFO mapred.JobClient:     HDFS_BYTES_WRITTEN=1437
11/05/01 22:03:08 INFO mapred.JobClient:   Map-Reduce Framework
11/05/01 22:03:08 INFO mapred.JobClient:     Reduce input groups=1
11/05/01 22:03:08 INFO mapred.JobClient:     Combine output records=0
11/05/01 22:03:08 INFO mapred.JobClient:     Map input records=93
11/05/01 22:03:08 INFO mapred.JobClient:     Reduce shuffle bytes=0
11/05/01 22:03:08 INFO mapred.JobClient:     Reduce output records=93
11/05/01 22:03:08 INFO mapred.JobClient:     Spilled Records=186
11/05/01 22:03:08 INFO mapred.JobClient:     Map output bytes=837
11/05/01 22:03:08 INFO mapred.JobClient:     Combine input records=0
11/05/01 22:03:08 INFO mapred.JobClient:     Map output records=93
11/05/01 22:03:08 INFO mapred.JobClient:     Reduce input records=93
/opt/hadoop/bin/hadoop jar Im2Gray.jar  /virginia/uvagfx/lliu/out/sib-$i   1.41s user 0.19s system 1% cpu 1:30.75 total
Inside add input path
11/05/02 00:00:52 WARN mapred.JobClient: Use GenericOptionsParser for parsing the arguments. Applications should implement Tool for the same.
11/05/02 00:00:55 INFO input.FileInputFormat: Total input paths to process : 1
11/05/02 00:00:58 INFO mapred.JobClient: Running job: job_201104211619_3369
11/05/02 00:00:59 INFO mapred.JobClient:  map 0% reduce 0%
11/05/02 00:01:28 INFO mapred.JobClient:  map 51% reduce 0%
11/05/02 00:01:37 INFO mapred.JobClient:  map 100% reduce 0%
11/05/02 00:02:04 INFO mapred.JobClient:  map 100% reduce 100%
11/05/02 00:02:12 INFO mapred.JobClient: Job complete: job_201104211619_3369
11/05/02 00:02:12 INFO mapred.JobClient: Counters: 17
11/05/02 00:02:12 INFO mapred.JobClient:   Job Counters 
11/05/02 00:02:12 INFO mapred.JobClient:     Launched reduce tasks=1
11/05/02 00:02:12 INFO mapred.JobClient:     Rack-local map tasks=1
11/05/02 00:02:12 INFO mapred.JobClient:     Launched map tasks=1
11/05/02 00:02:12 INFO mapred.JobClient:   FileSystemCounters
11/05/02 00:02:12 INFO mapred.JobClient:     FILE_BYTES_READ=1029
11/05/02 00:02:12 INFO mapred.JobClient:     HDFS_BYTES_READ=50346762
11/05/02 00:02:12 INFO mapred.JobClient:     FILE_BYTES_WRITTEN=2090
11/05/02 00:02:12 INFO mapred.JobClient:     HDFS_BYTES_WRITTEN=1440
11/05/02 00:02:12 INFO mapred.JobClient:   Map-Reduce Framework
11/05/02 00:02:12 INFO mapred.JobClient:     Reduce input groups=1
11/05/02 00:02:12 INFO mapred.JobClient:     Combine output records=0
11/05/02 00:02:12 INFO mapred.JobClient:     Map input records=93
11/05/02 00:02:12 INFO mapred.JobClient:     Reduce shuffle bytes=0
11/05/02 00:02:12 INFO mapred.JobClient:     Reduce output records=93
11/05/02 00:02:12 INFO mapred.JobClient:     Spilled Records=186
11/05/02 00:02:12 INFO mapred.JobClient:     Map output bytes=837
11/05/02 00:02:12 INFO mapred.JobClient:     Combine input records=0
11/05/02 00:02:12 INFO mapred.JobClient:     Map output records=93
11/05/02 00:02:12 INFO mapred.JobClient:     Reduce input records=93
/opt/hadoop/bin/hadoop jar Im2Gray.jar  /virginia/uvagfx/lliu/out/sib-$i   1.48s user 0.14s system 1% cpu 1:21.69 total
Inside add input path
11/05/02 01:53:08 WARN mapred.JobClient: Use GenericOptionsParser for parsing the arguments. Applications should implement Tool for the same.
11/05/02 01:53:13 INFO input.FileInputFormat: Total input paths to process : 1
11/05/02 01:53:15 INFO mapred.JobClient: Running job: job_201104211619_3400
11/05/02 01:53:16 INFO mapred.JobClient:  map 0% reduce 0%
11/05/02 01:53:46 INFO mapred.JobClient:  map 54% reduce 0%
11/05/02 01:53:55 INFO mapred.JobClient:  map 100% reduce 0%
11/05/02 01:54:22 INFO mapred.JobClient:  map 100% reduce 100%
11/05/02 01:54:30 INFO mapred.JobClient: Job complete: job_201104211619_3400
11/05/02 01:54:30 INFO mapred.JobClient: Counters: 17
11/05/02 01:54:30 INFO mapred.JobClient:   Job Counters 
11/05/02 01:54:30 INFO mapred.JobClient:     Launched reduce tasks=1
11/05/02 01:54:30 INFO mapred.JobClient:     Rack-local map tasks=1
11/05/02 01:54:30 INFO mapred.JobClient:     Launched map tasks=1
11/05/02 01:54:30 INFO mapred.JobClient:   FileSystemCounters
11/05/02 01:54:30 INFO mapred.JobClient:     FILE_BYTES_READ=1029
11/05/02 01:54:30 INFO mapred.JobClient:     HDFS_BYTES_READ=50346762
11/05/02 01:54:30 INFO mapred.JobClient:     FILE_BYTES_WRITTEN=2090
11/05/02 01:54:30 INFO mapred.JobClient:     HDFS_BYTES_WRITTEN=1449
11/05/02 01:54:30 INFO mapred.JobClient:   Map-Reduce Framework
11/05/02 01:54:30 INFO mapred.JobClient:     Reduce input groups=1
11/05/02 01:54:30 INFO mapred.JobClient:     Combine output records=0
11/05/02 01:54:30 INFO mapred.JobClient:     Map input records=93
11/05/02 01:54:30 INFO mapred.JobClient:     Reduce shuffle bytes=0
11/05/02 01:54:30 INFO mapred.JobClient:     Reduce output records=93
11/05/02 01:54:30 INFO mapred.JobClient:     Spilled Records=186
11/05/02 01:54:30 INFO mapred.JobClient:     Map output bytes=837
11/05/02 01:54:30 INFO mapred.JobClient:     Combine input records=0
11/05/02 01:54:30 INFO mapred.JobClient:     Map output records=93
11/05/02 01:54:30 INFO mapred.JobClient:     Reduce input records=93
/opt/hadoop/bin/hadoop jar Im2Gray.jar  /virginia/uvagfx/lliu/out/sib-$i   1.73s user 0.09s system 2% cpu 1:23.67 total
Inside add input path
11/05/02 03:23:45 WARN mapred.JobClient: Use GenericOptionsParser for parsing the arguments. Applications should implement Tool for the same.
11/05/02 03:23:48 INFO input.FileInputFormat: Total input paths to process : 1
11/05/02 03:23:50 INFO mapred.JobClient: Running job: job_201104211619_3422
11/05/02 03:23:52 INFO mapred.JobClient:  map 0% reduce 0%
11/05/02 03:24:20 INFO mapred.JobClient:  map 8% reduce 0%
11/05/02 03:24:29 INFO mapred.JobClient:  map 13% reduce 0%
11/05/02 03:24:38 INFO mapred.JobClient:  map 17% reduce 0%
11/05/02 03:24:47 INFO mapred.JobClient:  map 21% reduce 0%
11/05/02 03:24:57 INFO mapred.JobClient:  map 31% reduce 0%
11/05/02 03:25:05 INFO mapred.JobClient:  map 36% reduce 0%
11/05/02 03:25:14 INFO mapred.JobClient:  map 44% reduce 0%
11/05/02 03:25:23 INFO mapred.JobClient:  map 51% reduce 0%
11/05/02 03:25:33 INFO mapred.JobClient:  map 58% reduce 0%
11/05/02 03:25:41 INFO mapred.JobClient:  map 65% reduce 0%
11/05/02 03:25:51 INFO mapred.JobClient:  map 72% reduce 0%
11/05/02 03:26:00 INFO mapred.JobClient:  map 79% reduce 0%
11/05/02 03:26:09 INFO mapred.JobClient:  map 84% reduce 0%
11/05/02 03:26:17 INFO mapred.JobClient:  map 100% reduce 0%
11/05/02 03:26:45 INFO mapred.JobClient:  map 100% reduce 100%
11/05/02 03:26:53 INFO mapred.JobClient: Job complete: job_201104211619_3422
11/05/02 03:26:53 INFO mapred.JobClient: Counters: 17
11/05/02 03:26:53 INFO mapred.JobClient:   Job Counters 
11/05/02 03:26:53 INFO mapred.JobClient:     Launched reduce tasks=1
11/05/02 03:26:53 INFO mapred.JobClient:     Rack-local map tasks=1
11/05/02 03:26:53 INFO mapred.JobClient:     Launched map tasks=1
11/05/02 03:26:53 INFO mapred.JobClient:   FileSystemCounters
11/05/02 03:26:53 INFO mapred.JobClient:     FILE_BYTES_READ=1029
11/05/02 03:26:53 INFO mapred.JobClient:     HDFS_BYTES_READ=50346762
11/05/02 03:26:53 INFO mapred.JobClient:     FILE_BYTES_WRITTEN=2090
11/05/02 03:26:53 INFO mapred.JobClient:     HDFS_BYTES_WRITTEN=1452
11/05/02 03:26:53 INFO mapred.JobClient:   Map-Reduce Framework
11/05/02 03:26:53 INFO mapred.JobClient:     Reduce input groups=1
11/05/02 03:26:53 INFO mapred.JobClient:     Combine output records=0
11/05/02 03:26:53 INFO mapred.JobClient:     Map input records=93
11/05/02 03:26:53 INFO mapred.JobClient:     Reduce shuffle bytes=0
11/05/02 03:26:53 INFO mapred.JobClient:     Reduce output records=93
11/05/02 03:26:53 INFO mapred.JobClient:     Spilled Records=186
11/05/02 03:26:53 INFO mapred.JobClient:     Map output bytes=837
11/05/02 03:26:53 INFO mapred.JobClient:     Combine input records=0
11/05/02 03:26:53 INFO mapred.JobClient:     Map output records=93
11/05/02 03:26:53 INFO mapred.JobClient:     Reduce input records=93
/opt/hadoop/bin/hadoop jar Im2Gray.jar  /virginia/uvagfx/lliu/out/sib-$i   1.70s user 0.13s system 0% cpu 3:09.52 total
