Inside add input path
11/04/30 11:51:11 WARN mapred.JobClient: Use GenericOptionsParser for parsing the arguments. Applications should implement Tool for the same.
11/04/30 11:51:13 INFO input.FileInputFormat: Total input paths to process : 1
11/04/30 11:51:16 INFO mapred.JobClient: Running job: job_201104211619_3008
11/04/30 11:51:17 INFO mapred.JobClient:  map 0% reduce 0%
11/04/30 11:51:46 INFO mapred.JobClient:  map 11% reduce 0%
11/04/30 11:51:47 INFO mapred.JobClient:  map 12% reduce 0%
11/04/30 11:51:55 INFO mapred.JobClient:  map 22% reduce 0%
11/04/30 11:51:56 INFO mapred.JobClient:  map 23% reduce 0%
11/04/30 11:51:57 INFO mapred.JobClient:  map 24% reduce 0%
11/04/30 11:52:04 INFO mapred.JobClient:  map 31% reduce 0%
11/04/30 11:52:05 INFO mapred.JobClient:  map 35% reduce 0%
11/04/30 11:52:06 INFO mapred.JobClient:  map 36% reduce 0%
11/04/30 11:52:12 INFO mapred.JobClient:  map 38% reduce 0%
11/04/30 11:52:13 INFO mapred.JobClient:  map 48% reduce 0%
11/04/30 11:52:17 INFO mapred.JobClient:  map 49% reduce 0%
11/04/30 11:52:22 INFO mapred.JobClient:  map 59% reduce 0%
11/04/30 11:52:23 INFO mapred.JobClient:  map 60% reduce 0%
11/04/30 11:52:24 INFO mapred.JobClient:  map 61% reduce 0%
11/04/30 11:52:28 INFO mapred.JobClient:  map 62% reduce 0%
11/04/30 11:52:30 INFO mapred.JobClient:  map 66% reduce 0%
11/04/30 11:52:32 INFO mapred.JobClient:  map 71% reduce 0%
11/04/30 11:52:34 INFO mapred.JobClient:  map 72% reduce 0%
11/04/30 11:52:37 INFO mapred.JobClient:  map 74% reduce 0%
11/04/30 11:52:38 INFO mapred.JobClient:  map 75% reduce 0%
11/04/30 11:52:39 INFO mapred.JobClient:  map 76% reduce 0%
11/04/30 11:52:40 INFO mapred.JobClient:  map 79% reduce 0%
11/04/30 11:52:41 INFO mapred.JobClient:  map 80% reduce 0%
11/04/30 11:52:46 INFO mapred.JobClient:  map 81% reduce 0%
11/04/30 11:52:47 INFO mapred.JobClient:  map 82% reduce 0%
11/04/30 11:52:48 INFO mapred.JobClient:  map 83% reduce 0%
11/04/30 11:52:49 INFO mapred.JobClient:  map 84% reduce 9%
11/04/30 11:52:50 INFO mapred.JobClient:  map 85% reduce 9%
11/04/30 11:52:56 INFO mapred.JobClient:  map 87% reduce 9%
11/04/30 11:52:58 INFO mapred.JobClient:  map 89% reduce 25%
11/04/30 11:53:05 INFO mapred.JobClient:  map 90% reduce 25%
11/04/30 11:53:06 INFO mapred.JobClient:  map 92% reduce 25%
11/04/30 11:53:08 INFO mapred.JobClient:  map 93% reduce 26%
11/04/30 11:53:14 INFO mapred.JobClient:  map 95% reduce 26%
11/04/30 11:53:15 INFO mapred.JobClient:  map 96% reduce 26%
11/04/30 11:53:24 INFO mapred.JobClient:  map 98% reduce 26%
11/04/30 11:53:34 INFO mapred.JobClient:  map 99% reduce 26%
11/04/30 11:53:44 INFO mapred.JobClient:  map 99% reduce 32%
11/04/30 11:53:52 INFO mapred.JobClient:  map 100% reduce 32%
11/04/30 11:54:20 INFO mapred.JobClient:  map 100% reduce 100%
11/04/30 11:54:29 INFO mapred.JobClient: Job complete: job_201104211619_3008
11/04/30 11:54:29 INFO mapred.JobClient: Counters: 18
11/04/30 11:54:29 INFO mapred.JobClient:   Job Counters 
11/04/30 11:54:29 INFO mapred.JobClient:     Launched reduce tasks=1
11/04/30 11:54:29 INFO mapred.JobClient:     Rack-local map tasks=43
11/04/30 11:54:29 INFO mapred.JobClient:     Launched map tasks=45
11/04/30 11:54:29 INFO mapred.JobClient:     Data-local map tasks=2
11/04/30 11:54:29 INFO mapred.JobClient:   FileSystemCounters
11/04/30 11:54:29 INFO mapred.JobClient:     FILE_BYTES_READ=102647
11/04/30 11:54:29 INFO mapred.JobClient:     HDFS_BYTES_READ=4919834808
11/04/30 11:54:29 INFO mapred.JobClient:     FILE_BYTES_WRITTEN=206694
11/04/30 11:54:29 INFO mapred.JobClient:     HDFS_BYTES_WRITTEN=144808
11/04/30 11:54:29 INFO mapred.JobClient:   Map-Reduce Framework
11/04/30 11:54:29 INFO mapred.JobClient:     Reduce input groups=1
11/04/30 11:54:29 INFO mapred.JobClient:     Combine output records=0
11/04/30 11:54:29 INFO mapred.JobClient:     Map input records=9331
11/04/30 11:54:29 INFO mapred.JobClient:     Reduce shuffle bytes=100349
11/04/30 11:54:29 INFO mapred.JobClient:     Reduce output records=9331
11/04/30 11:54:29 INFO mapred.JobClient:     Spilled Records=18662
11/04/30 11:54:29 INFO mapred.JobClient:     Map output bytes=83979
11/04/30 11:54:29 INFO mapred.JobClient:     Combine input records=0
11/04/30 11:54:29 INFO mapred.JobClient:     Map output records=9331
11/04/30 11:54:29 INFO mapred.JobClient:     Reduce input records=9331
/opt/hadoop/bin/hadoop jar Im2Gray.jar  /virginia/uvagfx/lliu/out/sib-$i   1.74s user 0.14s system 0% cpu 3:19.31 total
Inside add input path
11/05/01 22:15:09 WARN mapred.JobClient: Use GenericOptionsParser for parsing the arguments. Applications should implement Tool for the same.
11/05/01 22:15:12 INFO input.FileInputFormat: Total input paths to process : 1
11/05/01 22:15:16 INFO mapred.JobClient: Running job: job_201104211619_3349
11/05/01 22:15:17 INFO mapred.JobClient:  map 0% reduce 0%
11/05/01 22:15:47 INFO mapred.JobClient:  map 2% reduce 0%
11/05/01 22:15:48 INFO mapred.JobClient:  map 14% reduce 0%
11/05/01 22:15:50 INFO mapred.JobClient:  map 16% reduce 0%
11/05/01 22:15:56 INFO mapred.JobClient:  map 19% reduce 0%
11/05/01 22:15:57 INFO mapred.JobClient:  map 26% reduce 0%
11/05/01 22:15:58 INFO mapred.JobClient:  map 31% reduce 0%
11/05/01 22:16:05 INFO mapred.JobClient:  map 32% reduce 0%
11/05/01 22:16:06 INFO mapred.JobClient:  map 36% reduce 0%
11/05/01 22:16:07 INFO mapred.JobClient:  map 46% reduce 0%
11/05/01 22:16:14 INFO mapred.JobClient:  map 47% reduce 0%
11/05/01 22:16:15 INFO mapred.JobClient:  map 49% reduce 0%
11/05/01 22:16:16 INFO mapred.JobClient:  map 61% reduce 0%
11/05/01 22:16:17 INFO mapred.JobClient:  map 62% reduce 0%
11/05/01 22:16:23 INFO mapred.JobClient:  map 64% reduce 0%
11/05/01 22:16:25 INFO mapred.JobClient:  map 76% reduce 0%
11/05/01 22:16:26 INFO mapred.JobClient:  map 77% reduce 0%
11/05/01 22:16:32 INFO mapred.JobClient:  map 78% reduce 0%
11/05/01 22:16:33 INFO mapred.JobClient:  map 85% reduce 0%
11/05/01 22:16:34 INFO mapred.JobClient:  map 89% reduce 0%
11/05/01 22:16:36 INFO mapred.JobClient:  map 90% reduce 0%
11/05/01 22:16:42 INFO mapred.JobClient:  map 92% reduce 0%
11/05/01 22:16:43 INFO mapred.JobClient:  map 95% reduce 0%
11/05/01 22:16:48 INFO mapred.JobClient:  map 96% reduce 0%
11/05/01 22:16:51 INFO mapred.JobClient:  map 96% reduce 9%
11/05/01 22:16:52 INFO mapred.JobClient:  map 97% reduce 9%
11/05/01 22:16:57 INFO mapred.JobClient:  map 98% reduce 9%
11/05/01 22:17:00 INFO mapred.JobClient:  map 98% reduce 30%
11/05/01 22:17:04 INFO mapred.JobClient:  map 99% reduce 30%
11/05/01 22:17:12 INFO mapred.JobClient:  map 100% reduce 30%
11/05/01 22:17:18 INFO mapred.JobClient:  map 100% reduce 32%
11/05/01 22:17:37 INFO mapred.JobClient:  map 100% reduce 100%
11/05/01 22:17:45 INFO mapred.JobClient: Job complete: job_201104211619_3349
11/05/01 22:17:45 INFO mapred.JobClient: Counters: 18
11/05/01 22:17:45 INFO mapred.JobClient:   Job Counters 
11/05/01 22:17:45 INFO mapred.JobClient:     Launched reduce tasks=1
11/05/01 22:17:45 INFO mapred.JobClient:     Rack-local map tasks=36
11/05/01 22:17:45 INFO mapred.JobClient:     Launched map tasks=38
11/05/01 22:17:45 INFO mapred.JobClient:     Data-local map tasks=2
11/05/01 22:17:45 INFO mapred.JobClient:   FileSystemCounters
11/05/01 22:17:45 INFO mapred.JobClient:     FILE_BYTES_READ=102647
11/05/01 22:17:45 INFO mapred.JobClient:     HDFS_BYTES_READ=4919834808
11/05/01 22:17:45 INFO mapred.JobClient:     FILE_BYTES_WRITTEN=206694
11/05/01 22:17:45 INFO mapred.JobClient:     HDFS_BYTES_WRITTEN=144795
11/05/01 22:17:45 INFO mapred.JobClient:   Map-Reduce Framework
11/05/01 22:17:45 INFO mapred.JobClient:     Reduce input groups=1
11/05/01 22:17:45 INFO mapred.JobClient:     Combine output records=0
11/05/01 22:17:45 INFO mapred.JobClient:     Map input records=9331
11/05/01 22:17:45 INFO mapred.JobClient:     Reduce shuffle bytes=99997
11/05/01 22:17:45 INFO mapred.JobClient:     Reduce output records=9331
11/05/01 22:17:45 INFO mapred.JobClient:     Spilled Records=18662
11/05/01 22:17:45 INFO mapred.JobClient:     Map output bytes=83979
11/05/01 22:17:45 INFO mapred.JobClient:     Combine input records=0
11/05/01 22:17:45 INFO mapred.JobClient:     Map output records=9331
11/05/01 22:17:45 INFO mapred.JobClient:     Reduce input records=9331
/opt/hadoop/bin/hadoop jar Im2Gray.jar  /virginia/uvagfx/lliu/out/sib-$i   1.62s user 0.18s system 1% cpu 2:36.95 total
Inside add input path
11/05/02 00:11:43 WARN mapred.JobClient: Use GenericOptionsParser for parsing the arguments. Applications should implement Tool for the same.
11/05/02 00:11:46 INFO input.FileInputFormat: Total input paths to process : 1
11/05/02 00:11:50 INFO mapred.JobClient: Running job: job_201104211619_3373
11/05/02 00:11:51 INFO mapred.JobClient:  map 0% reduce 0%
11/05/02 00:12:19 INFO mapred.JobClient:  map 3% reduce 0%
11/05/02 00:12:20 INFO mapred.JobClient:  map 10% reduce 0%
11/05/02 00:12:22 INFO mapred.JobClient:  map 14% reduce 0%
11/05/02 00:12:28 INFO mapred.JobClient:  map 16% reduce 0%
11/05/02 00:12:29 INFO mapred.JobClient:  map 24% reduce 0%
11/05/02 00:12:30 INFO mapred.JobClient:  map 29% reduce 0%
11/05/02 00:12:38 INFO mapred.JobClient:  map 39% reduce 0%
11/05/02 00:12:39 INFO mapred.JobClient:  map 46% reduce 0%
11/05/02 00:12:47 INFO mapred.JobClient:  map 54% reduce 0%
11/05/02 00:12:48 INFO mapred.JobClient:  map 59% reduce 0%
11/05/02 00:12:50 INFO mapred.JobClient:  map 61% reduce 0%
11/05/02 00:12:56 INFO mapred.JobClient:  map 69% reduce 0%
11/05/02 00:12:57 INFO mapred.JobClient:  map 73% reduce 0%
11/05/02 00:12:58 INFO mapred.JobClient:  map 75% reduce 0%
11/05/02 00:13:05 INFO mapred.JobClient:  map 83% reduce 0%
11/05/02 00:13:06 INFO mapred.JobClient:  map 86% reduce 0%
11/05/02 00:13:07 INFO mapred.JobClient:  map 89% reduce 0%
11/05/02 00:13:14 INFO mapred.JobClient:  map 90% reduce 0%
11/05/02 00:13:15 INFO mapred.JobClient:  map 93% reduce 0%
11/05/02 00:13:16 INFO mapred.JobClient:  map 96% reduce 0%
11/05/02 00:13:24 INFO mapred.JobClient:  map 97% reduce 9%
11/05/02 00:13:25 INFO mapred.JobClient:  map 98% reduce 9%
11/05/02 00:13:32 INFO mapred.JobClient:  map 99% reduce 9%
11/05/02 00:13:34 INFO mapred.JobClient:  map 99% reduce 31%
11/05/02 00:13:42 INFO mapred.JobClient:  map 100% reduce 31%
11/05/02 00:14:00 INFO mapred.JobClient:  map 100% reduce 100%
11/05/02 00:14:08 INFO mapred.JobClient: Job complete: job_201104211619_3373
11/05/02 00:14:08 INFO mapred.JobClient: Counters: 18
11/05/02 00:14:08 INFO mapred.JobClient:   Job Counters 
11/05/02 00:14:08 INFO mapred.JobClient:     Launched reduce tasks=1
11/05/02 00:14:08 INFO mapred.JobClient:     Rack-local map tasks=39
11/05/02 00:14:08 INFO mapred.JobClient:     Launched map tasks=40
11/05/02 00:14:08 INFO mapred.JobClient:     Data-local map tasks=1
11/05/02 00:14:08 INFO mapred.JobClient:   FileSystemCounters
11/05/02 00:14:08 INFO mapred.JobClient:     FILE_BYTES_READ=102647
11/05/02 00:14:08 INFO mapred.JobClient:     HDFS_BYTES_READ=4919834808
11/05/02 00:14:08 INFO mapred.JobClient:     FILE_BYTES_WRITTEN=206694
11/05/02 00:14:08 INFO mapred.JobClient:     HDFS_BYTES_WRITTEN=144599
11/05/02 00:14:08 INFO mapred.JobClient:   Map-Reduce Framework
11/05/02 00:14:08 INFO mapred.JobClient:     Reduce input groups=1
11/05/02 00:14:08 INFO mapred.JobClient:     Combine output records=0
11/05/02 00:14:08 INFO mapred.JobClient:     Map input records=9331
11/05/02 00:14:08 INFO mapred.JobClient:     Reduce shuffle bytes=100349
11/05/02 00:14:08 INFO mapred.JobClient:     Reduce output records=9331
11/05/02 00:14:08 INFO mapred.JobClient:     Spilled Records=18662
11/05/02 00:14:08 INFO mapred.JobClient:     Map output bytes=83979
11/05/02 00:14:08 INFO mapred.JobClient:     Combine input records=0
11/05/02 00:14:08 INFO mapred.JobClient:     Map output records=9331
11/05/02 00:14:08 INFO mapred.JobClient:     Reduce input records=9331
/opt/hadoop/bin/hadoop jar Im2Gray.jar  /virginia/uvagfx/lliu/out/sib-$i   1.70s user 0.08s system 1% cpu 2:27.08 total
Inside add input path
11/05/02 02:00:51 WARN mapred.JobClient: Use GenericOptionsParser for parsing the arguments. Applications should implement Tool for the same.
11/05/02 02:00:54 INFO input.FileInputFormat: Total input paths to process : 1
11/05/02 02:00:57 INFO mapred.JobClient: Running job: job_201104211619_3404
11/05/02 02:00:58 INFO mapred.JobClient:  map 0% reduce 0%
11/05/02 02:01:26 INFO mapred.JobClient:  map 7% reduce 0%
11/05/02 02:01:35 INFO mapred.JobClient:  map 12% reduce 0%
11/05/02 02:01:36 INFO mapred.JobClient:  map 14% reduce 0%
11/05/02 02:01:37 INFO mapred.JobClient:  map 15% reduce 0%
11/05/02 02:01:44 INFO mapred.JobClient:  map 21% reduce 0%
11/05/02 02:01:45 INFO mapred.JobClient:  map 22% reduce 0%
11/05/02 02:01:53 INFO mapred.JobClient:  map 26% reduce 0%
11/05/02 02:01:54 INFO mapred.JobClient:  map 30% reduce 0%
11/05/02 02:02:02 INFO mapred.JobClient:  map 31% reduce 0%
11/05/02 02:02:03 INFO mapred.JobClient:  map 38% reduce 0%
11/05/02 02:02:04 INFO mapred.JobClient:  map 39% reduce 0%
11/05/02 02:02:05 INFO mapred.JobClient:  map 40% reduce 0%
11/05/02 02:02:12 INFO mapred.JobClient:  map 47% reduce 0%
11/05/02 02:02:14 INFO mapred.JobClient:  map 49% reduce 0%
11/05/02 02:02:17 INFO mapred.JobClient:  map 53% reduce 0%
11/05/02 02:02:19 INFO mapred.JobClient:  map 56% reduce 0%
11/05/02 02:02:20 INFO mapred.JobClient:  map 57% reduce 0%
11/05/02 02:02:21 INFO mapred.JobClient:  map 59% reduce 0%
11/05/02 02:02:23 INFO mapred.JobClient:  map 61% reduce 0%
11/05/02 02:02:26 INFO mapred.JobClient:  map 64% reduce 0%
11/05/02 02:02:27 INFO mapred.JobClient:  map 68% reduce 0%
11/05/02 02:02:30 INFO mapred.JobClient:  map 68% reduce 5%
11/05/02 02:02:32 INFO mapred.JobClient:  map 70% reduce 5%
11/05/02 02:02:35 INFO mapred.JobClient:  map 73% reduce 5%
11/05/02 02:02:37 INFO mapred.JobClient:  map 77% reduce 5%
11/05/02 02:02:38 INFO mapred.JobClient:  map 78% reduce 5%
11/05/02 02:02:39 INFO mapred.JobClient:  map 78% reduce 16%
11/05/02 02:02:41 INFO mapred.JobClient:  map 79% reduce 16%
11/05/02 02:02:44 INFO mapred.JobClient:  map 81% reduce 16%
11/05/02 02:02:46 INFO mapred.JobClient:  map 85% reduce 16%
11/05/02 02:02:47 INFO mapred.JobClient:  map 86% reduce 16%
11/05/02 02:02:53 INFO mapred.JobClient:  map 89% reduce 16%
11/05/02 02:02:54 INFO mapred.JobClient:  map 91% reduce 16%
11/05/02 02:02:55 INFO mapred.JobClient:  map 92% reduce 16%
11/05/02 02:02:57 INFO mapred.JobClient:  map 93% reduce 16%
11/05/02 02:02:58 INFO mapred.JobClient:  map 93% reduce 18%
11/05/02 02:03:02 INFO mapred.JobClient:  map 95% reduce 18%
11/05/02 02:03:04 INFO mapred.JobClient:  map 97% reduce 18%
11/05/02 02:03:05 INFO mapred.JobClient:  map 98% reduce 18%
11/05/02 02:03:06 INFO mapred.JobClient:  map 98% reduce 20%
11/05/02 02:03:12 INFO mapred.JobClient:  map 99% reduce 20%
11/05/02 02:03:15 INFO mapred.JobClient:  map 99% reduce 27%
11/05/02 02:03:24 INFO mapred.JobClient:  map 99% reduce 32%
11/05/02 02:03:32 INFO mapred.JobClient:  map 100% reduce 32%
11/05/02 02:03:52 INFO mapred.JobClient:  map 100% reduce 100%
11/05/02 02:04:00 INFO mapred.JobClient: Job complete: job_201104211619_3404
11/05/02 02:04:00 INFO mapred.JobClient: Counters: 18
11/05/02 02:04:00 INFO mapred.JobClient:   Job Counters 
11/05/02 02:04:00 INFO mapred.JobClient:     Launched reduce tasks=1
11/05/02 02:04:00 INFO mapred.JobClient:     Rack-local map tasks=51
11/05/02 02:04:00 INFO mapred.JobClient:     Launched map tasks=53
11/05/02 02:04:00 INFO mapred.JobClient:     Data-local map tasks=2
11/05/02 02:04:00 INFO mapred.JobClient:   FileSystemCounters
11/05/02 02:04:00 INFO mapred.JobClient:     FILE_BYTES_READ=102647
11/05/02 02:04:00 INFO mapred.JobClient:     HDFS_BYTES_READ=4919834808
11/05/02 02:04:00 INFO mapred.JobClient:     FILE_BYTES_WRITTEN=206694
11/05/02 02:04:00 INFO mapred.JobClient:     HDFS_BYTES_WRITTEN=144798
11/05/02 02:04:00 INFO mapred.JobClient:   Map-Reduce Framework
11/05/02 02:04:00 INFO mapred.JobClient:     Reduce input groups=1
11/05/02 02:04:00 INFO mapred.JobClient:     Combine output records=0
11/05/02 02:04:00 INFO mapred.JobClient:     Map input records=9331
11/05/02 02:04:00 INFO mapred.JobClient:     Reduce shuffle bytes=100349
11/05/02 02:04:00 INFO mapred.JobClient:     Reduce output records=9331
11/05/02 02:04:00 INFO mapred.JobClient:     Spilled Records=18662
11/05/02 02:04:00 INFO mapred.JobClient:     Map output bytes=83979
11/05/02 02:04:00 INFO mapred.JobClient:     Combine input records=0
11/05/02 02:04:00 INFO mapred.JobClient:     Map output records=9331
11/05/02 02:04:00 INFO mapred.JobClient:     Reduce input records=9331
/opt/hadoop/bin/hadoop jar Im2Gray.jar  /virginia/uvagfx/lliu/out/sib-$i   1.79s user 0.18s system 1% cpu 3:10.49 total
Inside add input path
11/05/02 03:33:34 WARN mapred.JobClient: Use GenericOptionsParser for parsing the arguments. Applications should implement Tool for the same.
11/05/02 03:33:37 INFO input.FileInputFormat: Total input paths to process : 1
11/05/02 03:33:40 INFO mapred.JobClient: Running job: job_201104211619_3426
11/05/02 03:33:41 INFO mapred.JobClient:  map 0% reduce 0%
11/05/02 03:34:10 INFO mapred.JobClient:  map 7% reduce 0%
11/05/02 03:34:12 INFO mapred.JobClient:  map 15% reduce 0%
11/05/02 03:34:13 INFO mapred.JobClient:  map 16% reduce 0%
11/05/02 03:34:19 INFO mapred.JobClient:  map 21% reduce 0%
11/05/02 03:34:20 INFO mapred.JobClient:  map 26% reduce 0%
11/05/02 03:34:21 INFO mapred.JobClient:  map 30% reduce 0%
11/05/02 03:34:23 INFO mapred.JobClient:  map 31% reduce 0%
11/05/02 03:34:28 INFO mapred.JobClient:  map 33% reduce 0%
11/05/02 03:34:29 INFO mapred.JobClient:  map 39% reduce 0%
11/05/02 03:34:30 INFO mapred.JobClient:  map 46% reduce 0%
11/05/02 03:34:38 INFO mapred.JobClient:  map 54% reduce 0%
11/05/02 03:34:39 INFO mapred.JobClient:  map 58% reduce 0%
11/05/02 03:34:40 INFO mapred.JobClient:  map 61% reduce 0%
11/05/02 03:34:47 INFO mapred.JobClient:  map 68% reduce 0%
11/05/02 03:34:48 INFO mapred.JobClient:  map 73% reduce 0%
11/05/02 03:34:49 INFO mapred.JobClient:  map 77% reduce 0%
11/05/02 03:34:55 INFO mapred.JobClient:  map 80% reduce 0%
11/05/02 03:34:56 INFO mapred.JobClient:  map 85% reduce 0%
11/05/02 03:34:57 INFO mapred.JobClient:  map 89% reduce 0%
11/05/02 03:34:59 INFO mapred.JobClient:  map 90% reduce 0%
11/05/02 03:35:05 INFO mapred.JobClient:  map 92% reduce 0%
11/05/02 03:35:06 INFO mapred.JobClient:  map 95% reduce 0%
11/05/02 03:35:07 INFO mapred.JobClient:  map 95% reduce 1%
11/05/02 03:35:14 INFO mapred.JobClient:  map 96% reduce 1%
11/05/02 03:35:15 INFO mapred.JobClient:  map 97% reduce 1%
11/05/02 03:35:16 INFO mapred.JobClient:  map 97% reduce 27%
11/05/02 03:35:24 INFO mapred.JobClient:  map 98% reduce 27%
11/05/02 03:35:25 INFO mapred.JobClient:  map 98% reduce 28%
11/05/02 03:35:26 INFO mapred.JobClient:  map 99% reduce 28%
11/05/02 03:35:35 INFO mapred.JobClient:  map 99% reduce 31%
11/05/02 03:35:52 INFO mapred.JobClient:  map 100% reduce 32%
11/05/02 03:36:11 INFO mapred.JobClient:  map 100% reduce 100%
11/05/02 03:36:19 INFO mapred.JobClient: Job complete: job_201104211619_3426
11/05/02 03:36:19 INFO mapred.JobClient: Counters: 17
11/05/02 03:36:19 INFO mapred.JobClient:   Job Counters 
11/05/02 03:36:19 INFO mapred.JobClient:     Launched reduce tasks=1
11/05/02 03:36:19 INFO mapred.JobClient:     Rack-local map tasks=41
11/05/02 03:36:19 INFO mapred.JobClient:     Launched map tasks=41
11/05/02 03:36:19 INFO mapred.JobClient:   FileSystemCounters
11/05/02 03:36:19 INFO mapred.JobClient:     FILE_BYTES_READ=102647
11/05/02 03:36:19 INFO mapred.JobClient:     HDFS_BYTES_READ=4919834808
11/05/02 03:36:19 INFO mapred.JobClient:     FILE_BYTES_WRITTEN=206694
11/05/02 03:36:19 INFO mapred.JobClient:     HDFS_BYTES_WRITTEN=144701
11/05/02 03:36:19 INFO mapred.JobClient:   Map-Reduce Framework
11/05/02 03:36:19 INFO mapred.JobClient:     Reduce input groups=1
11/05/02 03:36:19 INFO mapred.JobClient:     Combine output records=0
11/05/02 03:36:19 INFO mapred.JobClient:     Map input records=9331
11/05/02 03:36:19 INFO mapred.JobClient:     Reduce shuffle bytes=102863
11/05/02 03:36:19 INFO mapred.JobClient:     Reduce output records=9331
11/05/02 03:36:19 INFO mapred.JobClient:     Spilled Records=18662
11/05/02 03:36:19 INFO mapred.JobClient:     Map output bytes=83979
11/05/02 03:36:19 INFO mapred.JobClient:     Combine input records=0
11/05/02 03:36:19 INFO mapred.JobClient:     Map output records=9331
11/05/02 03:36:19 INFO mapred.JobClient:     Reduce input records=9331
/opt/hadoop/bin/hadoop jar Im2Gray.jar  /virginia/uvagfx/lliu/out/sib-$i   1.69s user 0.16s system 1% cpu 2:45.75 total
