Inside add input path
11/05/06 12:24:06 WARN mapred.JobClient: Use GenericOptionsParser for parsing the arguments. Applications should implement Tool for the same.
11/05/06 12:24:16 INFO input.FileInputFormat: Total input paths to process : 9
11/05/06 12:24:28 INFO mapred.JobClient: Running job: job_201105051650_0044
11/05/06 12:24:29 INFO mapred.JobClient:  map 0% reduce 0%
11/05/06 12:24:49 INFO mapred.JobClient:  map 100% reduce 0%
11/05/06 12:24:57 INFO mapred.JobClient:  map 100% reduce 14%
11/05/06 12:25:16 INFO mapred.JobClient:  map 100% reduce 100%
11/05/06 12:25:24 INFO mapred.JobClient: Job complete: job_201105051650_0044
11/05/06 12:25:24 INFO mapred.JobClient: Counters: 17
11/05/06 12:25:24 INFO mapred.JobClient:   Job Counters 
11/05/06 12:25:24 INFO mapred.JobClient:     Launched reduce tasks=1
11/05/06 12:25:24 INFO mapred.JobClient:     Rack-local map tasks=9
11/05/06 12:25:24 INFO mapred.JobClient:     Launched map tasks=9
11/05/06 12:25:24 INFO mapred.JobClient:   FileSystemCounters
11/05/06 12:25:24 INFO mapred.JobClient:     FILE_BYTES_READ=105
11/05/06 12:25:24 INFO mapred.JobClient:     HDFS_BYTES_READ=4869441
11/05/06 12:25:24 INFO mapred.JobClient:     FILE_BYTES_WRITTEN=546
11/05/06 12:25:24 INFO mapred.JobClient:     HDFS_BYTES_WRITTEN=141
11/05/06 12:25:24 INFO mapred.JobClient:   Map-Reduce Framework
11/05/06 12:25:24 INFO mapred.JobClient:     Reduce input groups=1
11/05/06 12:25:24 INFO mapred.JobClient:     Combine output records=0
11/05/06 12:25:24 INFO mapred.JobClient:     Map input records=9
11/05/06 12:25:24 INFO mapred.JobClient:     Reduce shuffle bytes=153
11/05/06 12:25:24 INFO mapred.JobClient:     Reduce output records=9
11/05/06 12:25:24 INFO mapred.JobClient:     Spilled Records=18
11/05/06 12:25:24 INFO mapred.JobClient:     Map output bytes=81
11/05/06 12:25:24 INFO mapred.JobClient:     Combine input records=0
11/05/06 12:25:24 INFO mapred.JobClient:     Map output records=9
11/05/06 12:25:24 INFO mapred.JobClient:     Reduce input records=9
/opt/hadoop/bin/hadoop jar Im2Gray.jar  /virginia/uvagfx/lliu/out/har-$i har  1.98s user 0.18s system 2% cpu 1:20.20 total
Inside add input path
11/05/06 13:12:25 WARN mapred.JobClient: Use GenericOptionsParser for parsing the arguments. Applications should implement Tool for the same.
11/05/06 13:12:35 INFO input.FileInputFormat: Total input paths to process : 9
11/05/06 13:12:48 INFO mapred.JobClient: Running job: job_201105051650_0047
11/05/06 13:12:49 INFO mapred.JobClient:  map 0% reduce 0%
11/05/06 13:13:31 INFO mapred.JobClient:  map 100% reduce 0%
11/05/06 13:13:41 INFO mapred.JobClient:  map 100% reduce 29%
11/05/06 13:14:00 INFO mapred.JobClient:  map 100% reduce 100%
11/05/06 13:14:08 INFO mapred.JobClient: Job complete: job_201105051650_0047
11/05/06 13:14:08 INFO mapred.JobClient: Counters: 17
11/05/06 13:14:08 INFO mapred.JobClient:   Job Counters 
11/05/06 13:14:08 INFO mapred.JobClient:     Launched reduce tasks=1
11/05/06 13:14:08 INFO mapred.JobClient:     Rack-local map tasks=9
11/05/06 13:14:08 INFO mapred.JobClient:     Launched map tasks=9
11/05/06 13:14:08 INFO mapred.JobClient:   FileSystemCounters
11/05/06 13:14:08 INFO mapred.JobClient:     FILE_BYTES_READ=105
11/05/06 13:14:08 INFO mapred.JobClient:     HDFS_BYTES_READ=4869441
11/05/06 13:14:08 INFO mapred.JobClient:     FILE_BYTES_WRITTEN=546
11/05/06 13:14:08 INFO mapred.JobClient:     HDFS_BYTES_WRITTEN=136
11/05/06 13:14:08 INFO mapred.JobClient:   Map-Reduce Framework
11/05/06 13:14:08 INFO mapred.JobClient:     Reduce input groups=1
11/05/06 13:14:08 INFO mapred.JobClient:     Combine output records=0
11/05/06 13:14:08 INFO mapred.JobClient:     Map input records=9
11/05/06 13:14:08 INFO mapred.JobClient:     Reduce shuffle bytes=153
11/05/06 13:14:08 INFO mapred.JobClient:     Reduce output records=9
11/05/06 13:14:08 INFO mapred.JobClient:     Spilled Records=18
11/05/06 13:14:08 INFO mapred.JobClient:     Map output bytes=81
11/05/06 13:14:08 INFO mapred.JobClient:     Combine input records=0
11/05/06 13:14:08 INFO mapred.JobClient:     Map output records=9
11/05/06 13:14:08 INFO mapred.JobClient:     Reduce input records=9
/opt/hadoop/bin/hadoop jar Im2Gray.jar  /virginia/uvagfx/lliu/out/har-$i har  1.93s user 0.15s system 1% cpu 1:45.62 total
Inside add input path
11/05/06 14:00:54 WARN mapred.JobClient: Use GenericOptionsParser for parsing the arguments. Applications should implement Tool for the same.
11/05/06 14:01:05 INFO input.FileInputFormat: Total input paths to process : 9
11/05/06 14:01:16 INFO mapred.JobClient: Running job: job_201105051650_0050
11/05/06 14:01:17 INFO mapred.JobClient:  map 0% reduce 0%
11/05/06 14:01:37 INFO mapred.JobClient:  map 100% reduce 0%
11/05/06 14:01:46 INFO mapred.JobClient:  map 100% reduce 29%
11/05/06 14:02:04 INFO mapred.JobClient:  map 100% reduce 100%
11/05/06 14:02:12 INFO mapred.JobClient: Job complete: job_201105051650_0050
11/05/06 14:02:12 INFO mapred.JobClient: Counters: 17
11/05/06 14:02:12 INFO mapred.JobClient:   Job Counters 
11/05/06 14:02:12 INFO mapred.JobClient:     Launched reduce tasks=1
11/05/06 14:02:12 INFO mapred.JobClient:     Rack-local map tasks=9
11/05/06 14:02:12 INFO mapred.JobClient:     Launched map tasks=9
11/05/06 14:02:12 INFO mapred.JobClient:   FileSystemCounters
11/05/06 14:02:12 INFO mapred.JobClient:     FILE_BYTES_READ=105
11/05/06 14:02:12 INFO mapred.JobClient:     HDFS_BYTES_READ=4869441
11/05/06 14:02:12 INFO mapred.JobClient:     FILE_BYTES_WRITTEN=546
11/05/06 14:02:12 INFO mapred.JobClient:     HDFS_BYTES_WRITTEN=141
11/05/06 14:02:12 INFO mapred.JobClient:   Map-Reduce Framework
11/05/06 14:02:12 INFO mapred.JobClient:     Reduce input groups=1
11/05/06 14:02:12 INFO mapred.JobClient:     Combine output records=0
11/05/06 14:02:12 INFO mapred.JobClient:     Map input records=9
11/05/06 14:02:12 INFO mapred.JobClient:     Reduce shuffle bytes=153
11/05/06 14:02:12 INFO mapred.JobClient:     Reduce output records=9
11/05/06 14:02:12 INFO mapred.JobClient:     Spilled Records=18
11/05/06 14:02:12 INFO mapred.JobClient:     Map output bytes=81
11/05/06 14:02:12 INFO mapred.JobClient:     Combine input records=0
11/05/06 14:02:12 INFO mapred.JobClient:     Map output records=9
11/05/06 14:02:12 INFO mapred.JobClient:     Reduce input records=9
/opt/hadoop/bin/hadoop jar Im2Gray.jar  /virginia/uvagfx/lliu/out/har-$i har  1.94s user 0.13s system 2% cpu 1:19.52 total
Inside add input path
11/05/06 15:02:38 WARN mapred.JobClient: Use GenericOptionsParser for parsing the arguments. Applications should implement Tool for the same.
11/05/06 15:02:47 INFO input.FileInputFormat: Total input paths to process : 9
11/05/06 15:03:00 INFO mapred.JobClient: Running job: job_201105051650_0060
11/05/06 15:03:01 INFO mapred.JobClient:  map 0% reduce 0%
11/05/06 15:03:21 INFO mapred.JobClient:  map 100% reduce 0%
11/05/06 15:03:30 INFO mapred.JobClient:  map 100% reduce 14%
11/05/06 15:03:48 INFO mapred.JobClient:  map 100% reduce 100%
11/05/06 15:03:56 INFO mapred.JobClient: Job complete: job_201105051650_0060
11/05/06 15:03:56 INFO mapred.JobClient: Counters: 17
11/05/06 15:03:56 INFO mapred.JobClient:   Job Counters 
11/05/06 15:03:56 INFO mapred.JobClient:     Launched reduce tasks=1
11/05/06 15:03:56 INFO mapred.JobClient:     Rack-local map tasks=9
11/05/06 15:03:56 INFO mapred.JobClient:     Launched map tasks=9
11/05/06 15:03:56 INFO mapred.JobClient:   FileSystemCounters
11/05/06 15:03:56 INFO mapred.JobClient:     FILE_BYTES_READ=105
11/05/06 15:03:56 INFO mapred.JobClient:     HDFS_BYTES_READ=4869441
11/05/06 15:03:56 INFO mapred.JobClient:     FILE_BYTES_WRITTEN=546
11/05/06 15:03:56 INFO mapred.JobClient:     HDFS_BYTES_WRITTEN=140
11/05/06 15:03:56 INFO mapred.JobClient:   Map-Reduce Framework
11/05/06 15:03:56 INFO mapred.JobClient:     Reduce input groups=1
11/05/06 15:03:56 INFO mapred.JobClient:     Combine output records=0
11/05/06 15:03:56 INFO mapred.JobClient:     Map input records=9
11/05/06 15:03:56 INFO mapred.JobClient:     Reduce shuffle bytes=153
11/05/06 15:03:56 INFO mapred.JobClient:     Reduce output records=9
11/05/06 15:03:56 INFO mapred.JobClient:     Spilled Records=18
11/05/06 15:03:56 INFO mapred.JobClient:     Map output bytes=81
11/05/06 15:03:56 INFO mapred.JobClient:     Combine input records=0
11/05/06 15:03:56 INFO mapred.JobClient:     Map output records=9
11/05/06 15:03:56 INFO mapred.JobClient:     Reduce input records=9
/opt/hadoop/bin/hadoop jar Im2Gray.jar  /virginia/uvagfx/lliu/out/har-$i har  1.89s user 0.16s system 2% cpu 1:20.65 total
Inside add input path
11/05/06 15:49:42 WARN mapred.JobClient: Use GenericOptionsParser for parsing the arguments. Applications should implement Tool for the same.
11/05/06 15:49:52 INFO input.FileInputFormat: Total input paths to process : 9
11/05/06 15:50:04 INFO mapred.JobClient: Running job: job_201105051650_0065
11/05/06 15:50:05 INFO mapred.JobClient:  map 0% reduce 0%
11/05/06 15:50:24 INFO mapred.JobClient:  map 100% reduce 0%
11/05/06 15:50:33 INFO mapred.JobClient:  map 100% reduce 22%
11/05/06 15:50:51 INFO mapred.JobClient:  map 100% reduce 100%
11/05/06 15:50:59 INFO mapred.JobClient: Job complete: job_201105051650_0065
11/05/06 15:50:59 INFO mapred.JobClient: Counters: 17
11/05/06 15:50:59 INFO mapred.JobClient:   Job Counters 
11/05/06 15:50:59 INFO mapred.JobClient:     Launched reduce tasks=1
11/05/06 15:50:59 INFO mapred.JobClient:     Rack-local map tasks=9
11/05/06 15:50:59 INFO mapred.JobClient:     Launched map tasks=9
11/05/06 15:50:59 INFO mapred.JobClient:   FileSystemCounters
11/05/06 15:50:59 INFO mapred.JobClient:     FILE_BYTES_READ=105
11/05/06 15:50:59 INFO mapred.JobClient:     HDFS_BYTES_READ=4869441
11/05/06 15:50:59 INFO mapred.JobClient:     FILE_BYTES_WRITTEN=546
11/05/06 15:50:59 INFO mapred.JobClient:     HDFS_BYTES_WRITTEN=139
11/05/06 15:50:59 INFO mapred.JobClient:   Map-Reduce Framework
11/05/06 15:50:59 INFO mapred.JobClient:     Reduce input groups=1
11/05/06 15:50:59 INFO mapred.JobClient:     Combine output records=0
11/05/06 15:50:59 INFO mapred.JobClient:     Map input records=9
11/05/06 15:50:59 INFO mapred.JobClient:     Reduce shuffle bytes=153
11/05/06 15:50:59 INFO mapred.JobClient:     Reduce output records=9
11/05/06 15:50:59 INFO mapred.JobClient:     Spilled Records=18
11/05/06 15:50:59 INFO mapred.JobClient:     Map output bytes=81
11/05/06 15:50:59 INFO mapred.JobClient:     Combine input records=0
11/05/06 15:50:59 INFO mapred.JobClient:     Map output records=9
11/05/06 15:50:59 INFO mapred.JobClient:     Reduce input records=9
/opt/hadoop/bin/hadoop jar Im2Gray.jar  /virginia/uvagfx/lliu/out/har-$i har  1.93s user 0.17s system 2% cpu 1:19.02 total
