Inside add input path
11/05/06 12:29:29 WARN mapred.JobClient: Use GenericOptionsParser for parsing the arguments. Applications should implement Tool for the same.
11/05/06 12:47:46 INFO input.FileInputFormat: Total input paths to process : 954
11/05/06 13:11:16 INFO mapred.JobClient: Running job: job_201105051650_0046
11/05/06 13:11:17 INFO mapred.JobClient:  map 0% reduce 0%
11/05/06 13:11:37 INFO mapred.JobClient:  map 1% reduce 0%
11/05/06 13:11:38 INFO mapred.JobClient:  map 11% reduce 0%
11/05/06 13:11:39 INFO mapred.JobClient:  map 23% reduce 0%
11/05/06 13:11:40 INFO mapred.JobClient:  map 34% reduce 0%
11/05/06 13:11:41 INFO mapred.JobClient:  map 45% reduce 0%
11/05/06 13:11:42 INFO mapred.JobClient:  map 55% reduce 0%
11/05/06 13:11:43 INFO mapred.JobClient:  map 64% reduce 0%
11/05/06 13:11:44 INFO mapred.JobClient:  map 76% reduce 0%
11/05/06 13:11:46 INFO mapred.JobClient:  map 85% reduce 0%
11/05/06 13:11:47 INFO mapred.JobClient:  map 95% reduce 0%
11/05/06 13:11:48 INFO mapred.JobClient:  map 97% reduce 0%
11/05/06 13:11:51 INFO mapred.JobClient:  map 98% reduce 0%
11/05/06 13:11:52 INFO mapred.JobClient:  map 99% reduce 0%
11/05/06 13:11:56 INFO mapred.JobClient:  map 99% reduce 10%
11/05/06 13:12:05 INFO mapred.JobClient:  map 99% reduce 31%
11/05/06 13:12:22 INFO mapred.JobClient: Job complete: job_201105051650_0046
11/05/06 13:12:22 INFO mapred.JobClient: Counters: 13
11/05/06 13:12:22 INFO mapred.JobClient:   Job Counters 
11/05/06 13:12:22 INFO mapred.JobClient:     Launched reduce tasks=2
11/05/06 13:12:22 INFO mapred.JobClient:     Rack-local map tasks=952
11/05/06 13:12:22 INFO mapred.JobClient:     Launched map tasks=960
11/05/06 13:12:22 INFO mapred.JobClient:     Data-local map tasks=8
11/05/06 13:12:22 INFO mapred.JobClient:     Failed map tasks=1
11/05/06 13:12:22 INFO mapred.JobClient:   FileSystemCounters
11/05/06 13:12:22 INFO mapred.JobClient:     HDFS_BYTES_READ=476377072
11/05/06 13:12:22 INFO mapred.JobClient:     FILE_BYTES_WRITTEN=46648
11/05/06 13:12:22 INFO mapred.JobClient:   Map-Reduce Framework
11/05/06 13:12:22 INFO mapred.JobClient:     Combine output records=0
11/05/06 13:12:22 INFO mapred.JobClient:     Map input records=952
11/05/06 13:12:22 INFO mapred.JobClient:     Spilled Records=952
11/05/06 13:12:22 INFO mapred.JobClient:     Map output bytes=8568
11/05/06 13:12:22 INFO mapred.JobClient:     Combine input records=0
11/05/06 13:12:22 INFO mapred.JobClient:     Map output records=952
/opt/hadoop/bin/hadoop jar Im2Gray.jar  /virginia/uvagfx/lliu/out/har-$i har  36.05s user 3.41s system 1% cpu 42:54.99 total
Inside add input path
11/05/06 13:18:16 WARN mapred.JobClient: Use GenericOptionsParser for parsing the arguments. Applications should implement Tool for the same.
11/05/06 13:35:01 INFO input.FileInputFormat: Total input paths to process : 954
11/05/06 13:59:47 INFO mapred.JobClient: Running job: job_201105051650_0049
11/05/06 13:59:48 INFO mapred.JobClient:  map 0% reduce 0%
11/05/06 14:00:08 INFO mapred.JobClient:  map 3% reduce 0%
11/05/06 14:00:09 INFO mapred.JobClient:  map 14% reduce 0%
11/05/06 14:00:10 INFO mapred.JobClient:  map 26% reduce 0%
11/05/06 14:00:11 INFO mapred.JobClient:  map 37% reduce 0%
11/05/06 14:00:12 INFO mapred.JobClient:  map 46% reduce 0%
11/05/06 14:00:13 INFO mapred.JobClient:  map 57% reduce 0%
11/05/06 14:00:14 INFO mapred.JobClient:  map 66% reduce 0%
11/05/06 14:00:15 INFO mapred.JobClient:  map 77% reduce 0%
11/05/06 14:00:16 INFO mapred.JobClient:  map 87% reduce 0%
11/05/06 14:00:17 INFO mapred.JobClient:  map 96% reduce 0%
11/05/06 14:00:18 INFO mapred.JobClient:  map 99% reduce 0%
11/05/06 14:00:27 INFO mapred.JobClient:  map 99% reduce 3%
11/05/06 14:00:36 INFO mapred.JobClient:  map 99% reduce 33%
11/05/06 14:00:52 INFO mapred.JobClient: Job complete: job_201105051650_0049
11/05/06 14:00:53 INFO mapred.JobClient: Counters: 13
11/05/06 14:00:53 INFO mapred.JobClient:   Job Counters 
11/05/06 14:00:53 INFO mapred.JobClient:     Launched reduce tasks=2
11/05/06 14:00:53 INFO mapred.JobClient:     Rack-local map tasks=954
11/05/06 14:00:53 INFO mapred.JobClient:     Launched map tasks=961
11/05/06 14:00:53 INFO mapred.JobClient:     Data-local map tasks=7
11/05/06 14:00:53 INFO mapred.JobClient:     Failed map tasks=1
11/05/06 14:00:53 INFO mapred.JobClient:   FileSystemCounters
11/05/06 14:00:53 INFO mapred.JobClient:     HDFS_BYTES_READ=476377072
11/05/06 14:00:53 INFO mapred.JobClient:     FILE_BYTES_WRITTEN=46648
11/05/06 14:00:53 INFO mapred.JobClient:   Map-Reduce Framework
11/05/06 14:00:53 INFO mapred.JobClient:     Combine output records=0
11/05/06 14:00:53 INFO mapred.JobClient:     Map input records=952
11/05/06 14:00:53 INFO mapred.JobClient:     Spilled Records=952
11/05/06 14:00:53 INFO mapred.JobClient:     Map output bytes=8568
11/05/06 14:00:53 INFO mapred.JobClient:     Combine input records=0
11/05/06 14:00:53 INFO mapred.JobClient:     Map output records=952
/opt/hadoop/bin/hadoop jar Im2Gray.jar  /virginia/uvagfx/lliu/out/har-$i har  35.24s user 3.33s system 1% cpu 42:38.72 total
Inside add input path
11/05/06 14:06:20 WARN mapred.JobClient: Use GenericOptionsParser for parsing the arguments. Applications should implement Tool for the same.
11/05/06 14:23:30 INFO input.FileInputFormat: Total input paths to process : 954
11/05/06 15:01:29 INFO mapred.JobClient: Running job: job_201105051650_0052
11/05/06 15:01:30 INFO mapred.JobClient:  map 0% reduce 0%
11/05/06 15:01:51 INFO mapred.JobClient:  map 10% reduce 0%
11/05/06 15:01:52 INFO mapred.JobClient:  map 26% reduce 0%
11/05/06 15:01:53 INFO mapred.JobClient:  map 36% reduce 0%
11/05/06 15:01:54 INFO mapred.JobClient:  map 47% reduce 0%
11/05/06 15:01:55 INFO mapred.JobClient:  map 58% reduce 0%
11/05/06 15:01:56 INFO mapred.JobClient:  map 69% reduce 0%
11/05/06 15:01:57 INFO mapred.JobClient:  map 78% reduce 0%
11/05/06 15:01:58 INFO mapred.JobClient:  map 83% reduce 0%
11/05/06 15:02:00 INFO mapred.JobClient:  map 96% reduce 0%
11/05/06 15:02:01 INFO mapred.JobClient:  map 99% reduce 0%
11/05/06 15:02:09 INFO mapred.JobClient:  map 99% reduce 2%
11/05/06 15:02:19 INFO mapred.JobClient:  map 99% reduce 31%
11/05/06 15:02:27 INFO mapred.JobClient:  map 99% reduce 33%
11/05/06 15:02:35 INFO mapred.JobClient: Job complete: job_201105051650_0052
11/05/06 15:02:35 INFO mapred.JobClient: Counters: 13
11/05/06 15:02:35 INFO mapred.JobClient:   Job Counters 
11/05/06 15:02:35 INFO mapred.JobClient:     Launched reduce tasks=2
11/05/06 15:02:35 INFO mapred.JobClient:     Rack-local map tasks=953
11/05/06 15:02:35 INFO mapred.JobClient:     Launched map tasks=961
11/05/06 15:02:35 INFO mapred.JobClient:     Data-local map tasks=8
11/05/06 15:02:35 INFO mapred.JobClient:     Failed map tasks=1
11/05/06 15:02:35 INFO mapred.JobClient:   FileSystemCounters
11/05/06 15:02:35 INFO mapred.JobClient:     HDFS_BYTES_READ=476377072
11/05/06 15:02:35 INFO mapred.JobClient:     FILE_BYTES_WRITTEN=46648
11/05/06 15:02:35 INFO mapred.JobClient:   Map-Reduce Framework
11/05/06 15:02:35 INFO mapred.JobClient:     Combine output records=0
11/05/06 15:02:35 INFO mapred.JobClient:     Map input records=952
11/05/06 15:02:35 INFO mapred.JobClient:     Spilled Records=952
11/05/06 15:02:35 INFO mapred.JobClient:     Map output bytes=8568
11/05/06 15:02:35 INFO mapred.JobClient:     Combine input records=0
11/05/06 15:02:35 INFO mapred.JobClient:     Map output records=952
/opt/hadoop/bin/hadoop jar Im2Gray.jar  /virginia/uvagfx/lliu/out/har-$i har  35.77s user 3.33s system 1% cpu 56:16.83 total
Inside add input path
11/05/06 15:08:21 WARN mapred.JobClient: Use GenericOptionsParser for parsing the arguments. Applications should implement Tool for the same.
11/05/06 15:25:16 INFO input.FileInputFormat: Total input paths to process : 954
11/05/06 15:48:34 INFO mapred.JobClient: Running job: job_201105051650_0064
11/05/06 15:48:35 INFO mapred.JobClient:  map 0% reduce 0%
11/05/06 15:48:55 INFO mapred.JobClient:  map 6% reduce 0%
11/05/06 15:48:56 INFO mapred.JobClient:  map 18% reduce 0%
11/05/06 15:48:57 INFO mapred.JobClient:  map 29% reduce 0%
11/05/06 15:48:58 INFO mapred.JobClient:  map 42% reduce 0%
11/05/06 15:48:59 INFO mapred.JobClient:  map 52% reduce 0%
11/05/06 15:49:01 INFO mapred.JobClient:  map 67% reduce 0%
11/05/06 15:49:02 INFO mapred.JobClient:  map 74% reduce 0%
11/05/06 15:49:03 INFO mapred.JobClient:  map 81% reduce 0%
11/05/06 15:49:04 INFO mapred.JobClient:  map 91% reduce 0%
11/05/06 15:49:05 INFO mapred.JobClient:  map 99% reduce 0%
11/05/06 15:49:14 INFO mapred.JobClient:  map 99% reduce 2%
11/05/06 15:49:22 INFO mapred.JobClient:  map 99% reduce 33%
11/05/06 15:49:40 INFO mapred.JobClient: Job complete: job_201105051650_0064
11/05/06 15:49:40 INFO mapred.JobClient: Counters: 13
11/05/06 15:49:40 INFO mapred.JobClient:   Job Counters 
11/05/06 15:49:40 INFO mapred.JobClient:     Launched reduce tasks=2
11/05/06 15:49:40 INFO mapred.JobClient:     Rack-local map tasks=953
11/05/06 15:49:40 INFO mapred.JobClient:     Launched map tasks=961
11/05/06 15:49:40 INFO mapred.JobClient:     Data-local map tasks=8
11/05/06 15:49:40 INFO mapred.JobClient:     Failed map tasks=1
11/05/06 15:49:40 INFO mapred.JobClient:   FileSystemCounters
11/05/06 15:49:40 INFO mapred.JobClient:     HDFS_BYTES_READ=476377072
11/05/06 15:49:40 INFO mapred.JobClient:     FILE_BYTES_WRITTEN=46648
11/05/06 15:49:40 INFO mapred.JobClient:   Map-Reduce Framework
11/05/06 15:49:40 INFO mapred.JobClient:     Combine output records=0
11/05/06 15:49:40 INFO mapred.JobClient:     Map input records=952
11/05/06 15:49:40 INFO mapred.JobClient:     Spilled Records=952
11/05/06 15:49:40 INFO mapred.JobClient:     Map output bytes=8568
11/05/06 15:49:40 INFO mapred.JobClient:     Combine input records=0
11/05/06 15:49:40 INFO mapred.JobClient:     Map output records=952
/opt/hadoop/bin/hadoop jar Im2Gray.jar  /virginia/uvagfx/lliu/out/har-$i har  35.10s user 3.15s system 1% cpu 41:23.53 total
Inside add input path
11/05/06 15:55:05 WARN mapred.JobClient: Use GenericOptionsParser for parsing the arguments. Applications should implement Tool for the same.
11/05/06 16:12:41 INFO input.FileInputFormat: Total input paths to process : 954
11/05/06 16:40:28 INFO mapred.JobClient: Running job: job_201105051650_0067
11/05/06 16:40:29 INFO mapred.JobClient:  map 0% reduce 0%
11/05/06 16:40:49 INFO mapred.JobClient:  map 6% reduce 0%
11/05/06 16:40:50 INFO mapred.JobClient:  map 16% reduce 0%
11/05/06 16:40:52 INFO mapred.JobClient:  map 29% reduce 0%
11/05/06 16:40:53 INFO mapred.JobClient:  map 41% reduce 0%
11/05/06 16:40:54 INFO mapred.JobClient:  map 50% reduce 0%
11/05/06 16:40:55 INFO mapred.JobClient:  map 63% reduce 0%
11/05/06 16:40:56 INFO mapred.JobClient:  map 69% reduce 0%
11/05/06 16:40:57 INFO mapred.JobClient:  map 80% reduce 0%
11/05/06 16:40:58 INFO mapred.JobClient:  map 90% reduce 0%
11/05/06 16:40:59 INFO mapred.JobClient:  map 99% reduce 0%
11/05/06 16:41:08 INFO mapred.JobClient:  map 99% reduce 3%
11/05/06 16:41:17 INFO mapred.JobClient:  map 99% reduce 33%
11/05/06 16:41:35 INFO mapred.JobClient: Job complete: job_201105051650_0067
11/05/06 16:41:35 INFO mapred.JobClient: Counters: 13
11/05/06 16:41:35 INFO mapred.JobClient:   Job Counters 
11/05/06 16:41:35 INFO mapred.JobClient:     Launched reduce tasks=2
11/05/06 16:41:35 INFO mapred.JobClient:     Rack-local map tasks=953
11/05/06 16:41:35 INFO mapred.JobClient:     Launched map tasks=961
11/05/06 16:41:35 INFO mapred.JobClient:     Data-local map tasks=8
11/05/06 16:41:35 INFO mapred.JobClient:     Failed map tasks=1
11/05/06 16:41:35 INFO mapred.JobClient:   FileSystemCounters
11/05/06 16:41:35 INFO mapred.JobClient:     HDFS_BYTES_READ=476377072
11/05/06 16:41:35 INFO mapred.JobClient:     FILE_BYTES_WRITTEN=46648
11/05/06 16:41:35 INFO mapred.JobClient:   Map-Reduce Framework
11/05/06 16:41:35 INFO mapred.JobClient:     Combine output records=0
11/05/06 16:41:35 INFO mapred.JobClient:     Map input records=952
11/05/06 16:41:35 INFO mapred.JobClient:     Spilled Records=952
11/05/06 16:41:35 INFO mapred.JobClient:     Map output bytes=8568
11/05/06 16:41:35 INFO mapred.JobClient:     Combine input records=0
11/05/06 16:41:35 INFO mapred.JobClient:     Map output records=952
/opt/hadoop/bin/hadoop jar Im2Gray.jar  /virginia/uvagfx/lliu/out/har-$i har  34.31s user 2.93s system 1% cpu 46:31.78 total
