Inside add input path
11/04/30 11:39:52 WARN mapred.JobClient: Use GenericOptionsParser for parsing the arguments. Applications should implement Tool for the same.
11/04/30 11:39:55 INFO input.FileInputFormat: Total input paths to process : 1
11/04/30 11:39:55 INFO imagebundle.AbstractImageBundle: Attempting to access file 10.hib with mode 1
11/04/30 11:39:55 INFO imagebundle.AbstractImageBundle: Attempting to open file 10.hib for reading
1 tasks spawned
11/04/30 11:39:58 INFO mapred.JobClient: Running job: job_201104211619_3001
11/04/30 11:39:59 INFO mapred.JobClient:  map 0% reduce 0%
11/04/30 11:40:18 INFO mapred.JobClient:  map 100% reduce 0%
11/04/30 11:40:37 INFO mapred.JobClient:  map 100% reduce 100%
11/04/30 11:40:45 INFO mapred.JobClient: Job complete: job_201104211619_3001
11/04/30 11:40:45 INFO mapred.JobClient: Counters: 17
11/04/30 11:40:45 INFO mapred.JobClient:   Job Counters 
11/04/30 11:40:45 INFO mapred.JobClient:     Launched reduce tasks=1
11/04/30 11:40:45 INFO mapred.JobClient:     Rack-local map tasks=1
11/04/30 11:40:45 INFO mapred.JobClient:     Launched map tasks=1
11/04/30 11:40:45 INFO mapred.JobClient:   FileSystemCounters
11/04/30 11:40:45 INFO mapred.JobClient:     FILE_BYTES_READ=105
11/04/30 11:40:45 INFO mapred.JobClient:     HDFS_BYTES_READ=4852692
11/04/30 11:40:45 INFO mapred.JobClient:     FILE_BYTES_WRITTEN=242
11/04/30 11:40:45 INFO mapred.JobClient:     HDFS_BYTES_WRITTEN=140
11/04/30 11:40:45 INFO mapred.JobClient:   Map-Reduce Framework
11/04/30 11:40:45 INFO mapred.JobClient:     Reduce input groups=1
11/04/30 11:40:45 INFO mapred.JobClient:     Combine output records=0
11/04/30 11:40:45 INFO mapred.JobClient:     Map input records=9
11/04/30 11:40:45 INFO mapred.JobClient:     Reduce shuffle bytes=105
11/04/30 11:40:45 INFO mapred.JobClient:     Reduce output records=9
11/04/30 11:40:45 INFO mapred.JobClient:     Spilled Records=18
11/04/30 11:40:45 INFO mapred.JobClient:     Map output bytes=81
11/04/30 11:40:45 INFO mapred.JobClient:     Combine input records=0
11/04/30 11:40:45 INFO mapred.JobClient:     Map output records=9
11/04/30 11:40:45 INFO mapred.JobClient:     Reduce input records=9
/opt/hadoop/bin/hadoop jar Im2Gray.jar  /virginia/uvagfx/lliu/out/hib-$i hib  1.44s user 0.16s system 2% cpu 54.175 total
Inside add input path
11/05/01 21:48:16 WARN mapred.JobClient: Use GenericOptionsParser for parsing the arguments. Applications should implement Tool for the same.
11/05/01 21:48:19 INFO input.FileInputFormat: Total input paths to process : 1
11/05/01 21:48:19 INFO imagebundle.AbstractImageBundle: Attempting to access file 10.hib with mode 1
11/05/01 21:48:19 INFO imagebundle.AbstractImageBundle: Attempting to open file 10.hib for reading
1 tasks spawned
11/05/01 21:48:22 INFO mapred.JobClient: Running job: job_201104211619_3341
11/05/01 21:48:24 INFO mapred.JobClient:  map 0% reduce 0%
11/05/01 21:58:20 INFO mapred.JobClient:  map 100% reduce 0%
11/05/01 21:58:48 INFO mapred.JobClient:  map 100% reduce 100%
11/05/01 21:58:56 INFO mapred.JobClient: Job complete: job_201104211619_3341
11/05/01 21:58:56 INFO mapred.JobClient: Counters: 17
11/05/01 21:58:56 INFO mapred.JobClient:   Job Counters 
11/05/01 21:58:56 INFO mapred.JobClient:     Launched reduce tasks=1
11/05/01 21:58:56 INFO mapred.JobClient:     Rack-local map tasks=1
11/05/01 21:58:56 INFO mapred.JobClient:     Launched map tasks=1
11/05/01 21:58:56 INFO mapred.JobClient:   FileSystemCounters
11/05/01 21:58:56 INFO mapred.JobClient:     FILE_BYTES_READ=105
11/05/01 21:58:56 INFO mapred.JobClient:     HDFS_BYTES_READ=4852692
11/05/01 21:58:56 INFO mapred.JobClient:     FILE_BYTES_WRITTEN=242
11/05/01 21:58:56 INFO mapred.JobClient:     HDFS_BYTES_WRITTEN=139
11/05/01 21:58:56 INFO mapred.JobClient:   Map-Reduce Framework
11/05/01 21:58:56 INFO mapred.JobClient:     Reduce input groups=1
11/05/01 21:58:56 INFO mapred.JobClient:     Combine output records=0
11/05/01 21:58:56 INFO mapred.JobClient:     Map input records=9
11/05/01 21:58:56 INFO mapred.JobClient:     Reduce shuffle bytes=105
11/05/01 21:58:56 INFO mapred.JobClient:     Reduce output records=9
11/05/01 21:58:56 INFO mapred.JobClient:     Spilled Records=18
11/05/01 21:58:56 INFO mapred.JobClient:     Map output bytes=81
11/05/01 21:58:56 INFO mapred.JobClient:     Combine input records=0
11/05/01 21:58:56 INFO mapred.JobClient:     Map output records=9
11/05/01 21:58:56 INFO mapred.JobClient:     Reduce input records=9
/opt/hadoop/bin/hadoop jar Im2Gray.jar  /virginia/uvagfx/lliu/out/hib-$i hib  2.49s user 0.29s system 0% cpu 10:42.10 total
Inside add input path
11/05/01 23:46:16 WARN mapred.JobClient: Use GenericOptionsParser for parsing the arguments. Applications should implement Tool for the same.
11/05/01 23:46:19 INFO input.FileInputFormat: Total input paths to process : 1
11/05/01 23:46:19 INFO imagebundle.AbstractImageBundle: Attempting to access file 10.hib with mode 1
11/05/01 23:46:19 INFO imagebundle.AbstractImageBundle: Attempting to open file 10.hib for reading
1 tasks spawned
11/05/01 23:46:22 INFO mapred.JobClient: Running job: job_201104211619_3364
11/05/01 23:46:23 INFO mapred.JobClient:  map 0% reduce 0%
11/05/01 23:53:49 INFO mapred.JobClient:  map 100% reduce 0%
11/05/01 23:54:15 INFO mapred.JobClient:  map 100% reduce 100%
11/05/01 23:54:24 INFO mapred.JobClient: Job complete: job_201104211619_3364
11/05/01 23:54:24 INFO mapred.JobClient: Counters: 17
11/05/01 23:54:24 INFO mapred.JobClient:   Job Counters 
11/05/01 23:54:24 INFO mapred.JobClient:     Launched reduce tasks=1
11/05/01 23:54:24 INFO mapred.JobClient:     Rack-local map tasks=1
11/05/01 23:54:24 INFO mapred.JobClient:     Launched map tasks=1
11/05/01 23:54:24 INFO mapred.JobClient:   FileSystemCounters
11/05/01 23:54:24 INFO mapred.JobClient:     FILE_BYTES_READ=105
11/05/01 23:54:24 INFO mapred.JobClient:     HDFS_BYTES_READ=4852692
11/05/01 23:54:24 INFO mapred.JobClient:     FILE_BYTES_WRITTEN=242
11/05/01 23:54:24 INFO mapred.JobClient:     HDFS_BYTES_WRITTEN=139
11/05/01 23:54:24 INFO mapred.JobClient:   Map-Reduce Framework
11/05/01 23:54:24 INFO mapred.JobClient:     Reduce input groups=1
11/05/01 23:54:24 INFO mapred.JobClient:     Combine output records=0
11/05/01 23:54:24 INFO mapred.JobClient:     Map input records=9
11/05/01 23:54:24 INFO mapred.JobClient:     Reduce shuffle bytes=0
11/05/01 23:54:24 INFO mapred.JobClient:     Reduce output records=9
11/05/01 23:54:24 INFO mapred.JobClient:     Spilled Records=18
11/05/01 23:54:24 INFO mapred.JobClient:     Map output bytes=81
11/05/01 23:54:24 INFO mapred.JobClient:     Combine input records=0
11/05/01 23:54:24 INFO mapred.JobClient:     Map output records=9
11/05/01 23:54:24 INFO mapred.JobClient:     Reduce input records=9
/opt/hadoop/bin/hadoop jar Im2Gray.jar  /virginia/uvagfx/lliu/out/hib-$i hib  2.19s user 0.24s system 0% cpu 8:09.65 total
Inside add input path
11/05/02 01:41:04 WARN mapred.JobClient: Use GenericOptionsParser for parsing the arguments. Applications should implement Tool for the same.
11/05/02 01:41:08 INFO input.FileInputFormat: Total input paths to process : 1
11/05/02 01:41:08 INFO imagebundle.AbstractImageBundle: Attempting to access file 10.hib with mode 1
11/05/02 01:41:08 INFO imagebundle.AbstractImageBundle: Attempting to open file 10.hib for reading
1 tasks spawned
11/05/02 01:41:11 INFO mapred.JobClient: Running job: job_201104211619_3395
11/05/02 01:41:12 INFO mapred.JobClient:  map 0% reduce 0%
11/05/02 01:44:19 INFO mapred.JobClient:  map 100% reduce 0%
11/05/02 01:44:43 INFO mapred.JobClient:  map 100% reduce 100%
11/05/02 01:44:51 INFO mapred.JobClient: Job complete: job_201104211619_3395
11/05/02 01:44:51 INFO mapred.JobClient: Counters: 17
11/05/02 01:44:51 INFO mapred.JobClient:   Job Counters 
11/05/02 01:44:51 INFO mapred.JobClient:     Launched reduce tasks=1
11/05/02 01:44:51 INFO mapred.JobClient:     Rack-local map tasks=1
11/05/02 01:44:51 INFO mapred.JobClient:     Launched map tasks=1
11/05/02 01:44:51 INFO mapred.JobClient:   FileSystemCounters
11/05/02 01:44:51 INFO mapred.JobClient:     FILE_BYTES_READ=105
11/05/02 01:44:51 INFO mapred.JobClient:     HDFS_BYTES_READ=4852692
11/05/02 01:44:51 INFO mapred.JobClient:     FILE_BYTES_WRITTEN=242
11/05/02 01:44:51 INFO mapred.JobClient:     HDFS_BYTES_WRITTEN=138
11/05/02 01:44:51 INFO mapred.JobClient:   Map-Reduce Framework
11/05/02 01:44:51 INFO mapred.JobClient:     Reduce input groups=1
11/05/02 01:44:51 INFO mapred.JobClient:     Combine output records=0
11/05/02 01:44:51 INFO mapred.JobClient:     Map input records=9
11/05/02 01:44:51 INFO mapred.JobClient:     Reduce shuffle bytes=0
11/05/02 01:44:51 INFO mapred.JobClient:     Reduce output records=9
11/05/02 01:44:51 INFO mapred.JobClient:     Spilled Records=18
11/05/02 01:44:51 INFO mapred.JobClient:     Map output bytes=81
11/05/02 01:44:51 INFO mapred.JobClient:     Combine input records=0
11/05/02 01:44:51 INFO mapred.JobClient:     Map output records=9
11/05/02 01:44:51 INFO mapred.JobClient:     Reduce input records=9
/opt/hadoop/bin/hadoop jar Im2Gray.jar  /virginia/uvagfx/lliu/out/hib-$i hib  1.75s user 0.14s system 0% cpu 3:48.52 total
Inside add input path
11/05/02 03:20:14 WARN mapred.JobClient: Use GenericOptionsParser for parsing the arguments. Applications should implement Tool for the same.
11/05/02 03:20:17 INFO input.FileInputFormat: Total input paths to process : 1
11/05/02 03:20:17 INFO imagebundle.AbstractImageBundle: Attempting to access file 10.hib with mode 1
11/05/02 03:20:17 INFO imagebundle.AbstractImageBundle: Attempting to open file 10.hib for reading
1 tasks spawned
11/05/02 03:20:20 INFO mapred.JobClient: Running job: job_201104211619_3419
11/05/02 03:20:21 INFO mapred.JobClient:  map 0% reduce 0%
11/05/02 03:20:41 INFO mapred.JobClient:  map 100% reduce 0%
11/05/02 03:21:09 INFO mapred.JobClient:  map 100% reduce 100%
11/05/02 03:21:17 INFO mapred.JobClient: Job complete: job_201104211619_3419
11/05/02 03:21:17 INFO mapred.JobClient: Counters: 17
11/05/02 03:21:17 INFO mapred.JobClient:   Job Counters 
11/05/02 03:21:17 INFO mapred.JobClient:     Launched reduce tasks=1
11/05/02 03:21:17 INFO mapred.JobClient:     Rack-local map tasks=1
11/05/02 03:21:17 INFO mapred.JobClient:     Launched map tasks=1
11/05/02 03:21:17 INFO mapred.JobClient:   FileSystemCounters
11/05/02 03:21:17 INFO mapred.JobClient:     FILE_BYTES_READ=105
11/05/02 03:21:17 INFO mapred.JobClient:     HDFS_BYTES_READ=4852692
11/05/02 03:21:17 INFO mapred.JobClient:     FILE_BYTES_WRITTEN=242
11/05/02 03:21:17 INFO mapred.JobClient:     HDFS_BYTES_WRITTEN=137
11/05/02 03:21:17 INFO mapred.JobClient:   Map-Reduce Framework
11/05/02 03:21:17 INFO mapred.JobClient:     Reduce input groups=1
11/05/02 03:21:17 INFO mapred.JobClient:     Combine output records=0
11/05/02 03:21:17 INFO mapred.JobClient:     Map input records=9
11/05/02 03:21:17 INFO mapred.JobClient:     Reduce shuffle bytes=0
11/05/02 03:21:17 INFO mapred.JobClient:     Reduce output records=9
11/05/02 03:21:17 INFO mapred.JobClient:     Spilled Records=18
11/05/02 03:21:17 INFO mapred.JobClient:     Map output bytes=81
11/05/02 03:21:17 INFO mapred.JobClient:     Combine input records=0
11/05/02 03:21:17 INFO mapred.JobClient:     Map output records=9
11/05/02 03:21:17 INFO mapred.JobClient:     Reduce input records=9
/opt/hadoop/bin/hadoop jar Im2Gray.jar  /virginia/uvagfx/lliu/out/hib-$i hib  1.64s user 0.06s system 2% cpu 1:04.72 total
