Inside add input path
11/04/30 11:32:08 WARN mapred.JobClient: Use GenericOptionsParser for parsing the arguments. Applications should implement Tool for the same.
starts to split
11/04/30 11:32:11 INFO input.FileInputFormat: Total input paths to process : 9
end of split
11/04/30 11:32:13 INFO mapred.JobClient: Running job: job_201104211619_2991
11/04/30 11:32:15 INFO mapred.JobClient:  map 0% reduce 0%
11/04/30 11:32:34 INFO mapred.JobClient:  map 100% reduce 0%
11/04/30 11:32:43 INFO mapred.JobClient:  map 100% reduce 7%
11/04/30 11:33:02 INFO mapred.JobClient:  map 100% reduce 100%
11/04/30 11:33:09 INFO mapred.JobClient: Job complete: job_201104211619_2991
11/04/30 11:33:10 INFO mapred.JobClient: Counters: 17
11/04/30 11:33:10 INFO mapred.JobClient:   Job Counters 
11/04/30 11:33:10 INFO mapred.JobClient:     Launched reduce tasks=1
11/04/30 11:33:10 INFO mapred.JobClient:     Rack-local map tasks=9
11/04/30 11:33:10 INFO mapred.JobClient:     Launched map tasks=9
11/04/30 11:33:10 INFO mapred.JobClient:   FileSystemCounters
11/04/30 11:33:10 INFO mapred.JobClient:     FILE_BYTES_READ=105
11/04/30 11:33:10 INFO mapred.JobClient:     HDFS_BYTES_READ=4852620
11/04/30 11:33:10 INFO mapred.JobClient:     FILE_BYTES_WRITTEN=546
11/04/30 11:33:10 INFO mapred.JobClient:     HDFS_BYTES_WRITTEN=140
11/04/30 11:33:10 INFO mapred.JobClient:   Map-Reduce Framework
11/04/30 11:33:10 INFO mapred.JobClient:     Reduce input groups=1
11/04/30 11:33:10 INFO mapred.JobClient:     Combine output records=0
11/04/30 11:33:10 INFO mapred.JobClient:     Map input records=9
11/04/30 11:33:10 INFO mapred.JobClient:     Reduce shuffle bytes=153
11/04/30 11:33:10 INFO mapred.JobClient:     Reduce output records=9
11/04/30 11:33:10 INFO mapred.JobClient:     Spilled Records=18
11/04/30 11:33:10 INFO mapred.JobClient:     Map output bytes=81
11/04/30 11:33:10 INFO mapred.JobClient:     Combine input records=0
11/04/30 11:33:10 INFO mapred.JobClient:     Map output records=9
11/04/30 11:33:10 INFO mapred.JobClient:     Reduce input records=9
/opt/hadoop/bin/hadoop jar Im2Gray.jar  /virginia/uvagfx/lliu/out/msf-$i   1.52s user 0.17s system 2% cpu 1:03.11 total
Inside add input path
11/05/01 19:49:48 WARN mapred.JobClient: Use GenericOptionsParser for parsing the arguments. Applications should implement Tool for the same.
starts to split
11/05/01 19:49:52 INFO input.FileInputFormat: Total input paths to process : 9
end of split
11/05/01 19:49:58 INFO mapred.JobClient: Running job: job_201104211619_3324
11/05/01 19:49:59 INFO mapred.JobClient:  map 0% reduce 0%
11/05/01 19:50:19 INFO mapred.JobClient:  map 11% reduce 0%
11/05/01 19:50:21 INFO mapred.JobClient:  map 55% reduce 0%
11/05/01 19:50:22 INFO mapred.JobClient:  map 77% reduce 0%
11/05/01 19:50:23 INFO mapred.JobClient:  map 88% reduce 0%
11/05/01 19:50:28 INFO mapred.JobClient: Task Id : attempt_201104211619_3324_m_000001_0, Status : FAILED
java.lang.Throwable: Child Error
	at org.apache.hadoop.mapred.TaskRunner.run(TaskRunner.java:471)
Caused by: java.io.IOException: Task process exit with nonzero status of 1.
	at org.apache.hadoop.mapred.TaskRunner.run(TaskRunner.java:458)

java.lang.Throwable: Child Error
	at org.apache.hadoop.mapred.TaskRunner.run(TaskRunner.java:471)
Caused by: java.io.IOException: Task process exit with nonzero status of 1.
	at org.apache.hadoop.mapred.TaskRunner.run(TaskRunner.java:458)

11/05/01 19:50:28 WARN mapred.JobClient: Error reading task outputvm-10-160-218-46
11/05/01 19:50:28 WARN mapred.JobClient: Error reading task outputvm-10-160-218-46
11/05/01 19:50:37 INFO mapred.JobClient:  map 88% reduce 18%
11/05/01 19:50:38 INFO mapred.JobClient:  map 100% reduce 18%
11/05/01 19:50:57 INFO mapred.JobClient:  map 100% reduce 100%
11/05/01 19:51:06 INFO mapred.JobClient: Job complete: job_201104211619_3324
11/05/01 19:51:06 INFO mapred.JobClient: Counters: 17
11/05/01 19:51:06 INFO mapred.JobClient:   Job Counters 
11/05/01 19:51:06 INFO mapred.JobClient:     Launched reduce tasks=1
11/05/01 19:51:06 INFO mapred.JobClient:     Rack-local map tasks=10
11/05/01 19:51:06 INFO mapred.JobClient:     Launched map tasks=10
11/05/01 19:51:06 INFO mapred.JobClient:   FileSystemCounters
11/05/01 19:51:06 INFO mapred.JobClient:     FILE_BYTES_READ=105
11/05/01 19:51:06 INFO mapred.JobClient:     HDFS_BYTES_READ=4852620
11/05/01 19:51:06 INFO mapred.JobClient:     FILE_BYTES_WRITTEN=546
11/05/01 19:51:06 INFO mapred.JobClient:     HDFS_BYTES_WRITTEN=142
11/05/01 19:51:06 INFO mapred.JobClient:   Map-Reduce Framework
11/05/01 19:51:06 INFO mapred.JobClient:     Reduce input groups=1
11/05/01 19:51:06 INFO mapred.JobClient:     Combine output records=0
11/05/01 19:51:06 INFO mapred.JobClient:     Map input records=9
11/05/01 19:51:06 INFO mapred.JobClient:     Reduce shuffle bytes=153
11/05/01 19:51:06 INFO mapred.JobClient:     Reduce output records=9
11/05/01 19:51:06 INFO mapred.JobClient:     Spilled Records=18
11/05/01 19:51:06 INFO mapred.JobClient:     Map output bytes=81
11/05/01 19:51:06 INFO mapred.JobClient:     Combine input records=0
11/05/01 19:51:06 INFO mapred.JobClient:     Map output records=9
11/05/01 19:51:06 INFO mapred.JobClient:     Reduce input records=9
/opt/hadoop/bin/hadoop jar Im2Gray.jar  /virginia/uvagfx/lliu/out/msf-$i   1.56s user 0.16s system 2% cpu 1:21.85 total
Inside add input path
11/05/01 22:35:07 WARN mapred.JobClient: Use GenericOptionsParser for parsing the arguments. Applications should implement Tool for the same.
starts to split
11/05/01 22:35:09 INFO input.FileInputFormat: Total input paths to process : 9
end of split
11/05/01 22:35:13 INFO mapred.JobClient: Running job: job_201104211619_3353
11/05/01 22:35:14 INFO mapred.JobClient:  map 0% reduce 0%
11/05/01 22:35:34 INFO mapred.JobClient:  map 88% reduce 0%
11/05/01 22:35:52 INFO mapred.JobClient:  map 88% reduce 29%
11/05/01 22:37:42 INFO mapred.JobClient:  map 100% reduce 29%
11/05/01 22:38:08 INFO mapred.JobClient:  map 100% reduce 100%
11/05/01 22:38:16 INFO mapred.JobClient: Job complete: job_201104211619_3353
11/05/01 22:38:16 INFO mapred.JobClient: Counters: 17
11/05/01 22:38:16 INFO mapred.JobClient:   Job Counters 
11/05/01 22:38:16 INFO mapred.JobClient:     Launched reduce tasks=1
11/05/01 22:38:16 INFO mapred.JobClient:     Rack-local map tasks=10
11/05/01 22:38:16 INFO mapred.JobClient:     Launched map tasks=10
11/05/01 22:38:16 INFO mapred.JobClient:   FileSystemCounters
11/05/01 22:38:16 INFO mapred.JobClient:     FILE_BYTES_READ=105
11/05/01 22:38:16 INFO mapred.JobClient:     HDFS_BYTES_READ=4852620
11/05/01 22:38:16 INFO mapred.JobClient:     FILE_BYTES_WRITTEN=546
11/05/01 22:38:16 INFO mapred.JobClient:     HDFS_BYTES_WRITTEN=138
11/05/01 22:38:16 INFO mapred.JobClient:   Map-Reduce Framework
11/05/01 22:38:16 INFO mapred.JobClient:     Reduce input groups=1
11/05/01 22:38:16 INFO mapred.JobClient:     Combine output records=0
11/05/01 22:38:16 INFO mapred.JobClient:     Map input records=9
11/05/01 22:38:16 INFO mapred.JobClient:     Reduce shuffle bytes=153
11/05/01 22:38:16 INFO mapred.JobClient:     Reduce output records=9
11/05/01 22:38:16 INFO mapred.JobClient:     Spilled Records=18
11/05/01 22:38:16 INFO mapred.JobClient:     Map output bytes=81
11/05/01 22:38:16 INFO mapred.JobClient:     Combine input records=0
11/05/01 22:38:16 INFO mapred.JobClient:     Map output records=9
11/05/01 22:38:16 INFO mapred.JobClient:     Reduce input records=9
/opt/hadoop/bin/hadoop jar Im2Gray.jar  /virginia/uvagfx/lliu/out/msf-$i   1.67s user 0.21s system 0% cpu 3:11.40 total
Inside add input path
11/05/02 00:29:37 WARN mapred.JobClient: Use GenericOptionsParser for parsing the arguments. Applications should implement Tool for the same.
starts to split
11/05/02 00:29:40 INFO input.FileInputFormat: Total input paths to process : 9
end of split
11/05/02 00:29:43 INFO mapred.JobClient: Running job: job_201104211619_3379
11/05/02 00:29:45 INFO mapred.JobClient:  map 0% reduce 0%
11/05/02 00:30:05 INFO mapred.JobClient:  map 88% reduce 0%
11/05/02 00:30:22 INFO mapred.JobClient:  map 88% reduce 29%
11/05/02 00:31:25 INFO mapred.JobClient:  map 100% reduce 29%
11/05/02 00:31:45 INFO mapred.JobClient:  map 100% reduce 100%
11/05/02 00:31:52 INFO mapred.JobClient: Job complete: job_201104211619_3379
11/05/02 00:31:52 INFO mapred.JobClient: Counters: 17
11/05/02 00:31:52 INFO mapred.JobClient:   Job Counters 
11/05/02 00:31:52 INFO mapred.JobClient:     Launched reduce tasks=1
11/05/02 00:31:52 INFO mapred.JobClient:     Rack-local map tasks=10
11/05/02 00:31:52 INFO mapred.JobClient:     Launched map tasks=10
11/05/02 00:31:52 INFO mapred.JobClient:   FileSystemCounters
11/05/02 00:31:52 INFO mapred.JobClient:     FILE_BYTES_READ=105
11/05/02 00:31:52 INFO mapred.JobClient:     HDFS_BYTES_READ=4852620
11/05/02 00:31:52 INFO mapred.JobClient:     FILE_BYTES_WRITTEN=546
11/05/02 00:31:52 INFO mapred.JobClient:     HDFS_BYTES_WRITTEN=139
11/05/02 00:31:52 INFO mapred.JobClient:   Map-Reduce Framework
11/05/02 00:31:52 INFO mapred.JobClient:     Reduce input groups=1
11/05/02 00:31:52 INFO mapred.JobClient:     Combine output records=0
11/05/02 00:31:52 INFO mapred.JobClient:     Map input records=9
11/05/02 00:31:52 INFO mapred.JobClient:     Reduce shuffle bytes=136
11/05/02 00:31:52 INFO mapred.JobClient:     Reduce output records=9
11/05/02 00:31:52 INFO mapred.JobClient:     Spilled Records=18
11/05/02 00:31:52 INFO mapred.JobClient:     Map output bytes=81
11/05/02 00:31:52 INFO mapred.JobClient:     Combine input records=0
11/05/02 00:31:52 INFO mapred.JobClient:     Map output records=9
11/05/02 00:31:52 INFO mapred.JobClient:     Reduce input records=9
/opt/hadoop/bin/hadoop jar Im2Gray.jar  /virginia/uvagfx/lliu/out/msf-$i   1.64s user 0.16s system 1% cpu 2:17.84 total
Inside add input path
11/05/02 02:18:33 WARN mapred.JobClient: Use GenericOptionsParser for parsing the arguments. Applications should implement Tool for the same.
starts to split
11/05/02 02:18:37 INFO input.FileInputFormat: Total input paths to process : 9
end of split
11/05/02 02:18:41 INFO mapred.JobClient: Running job: job_201104211619_3409
11/05/02 02:18:42 INFO mapred.JobClient:  map 0% reduce 0%
11/05/02 02:19:11 INFO mapred.JobClient:  map 88% reduce 0%
11/05/02 02:19:28 INFO mapred.JobClient:  map 88% reduce 29%
11/05/02 02:20:10 INFO mapred.JobClient:  map 100% reduce 29%
11/05/02 02:20:33 INFO mapred.JobClient:  map 100% reduce 100%
11/05/02 02:20:40 INFO mapred.JobClient: Job complete: job_201104211619_3409
11/05/02 02:20:40 INFO mapred.JobClient: Counters: 18
11/05/02 02:20:40 INFO mapred.JobClient:   Job Counters 
11/05/02 02:20:40 INFO mapred.JobClient:     Launched reduce tasks=1
11/05/02 02:20:40 INFO mapred.JobClient:     Rack-local map tasks=9
11/05/02 02:20:40 INFO mapred.JobClient:     Launched map tasks=10
11/05/02 02:20:40 INFO mapred.JobClient:     Data-local map tasks=1
11/05/02 02:20:40 INFO mapred.JobClient:   FileSystemCounters
11/05/02 02:20:40 INFO mapred.JobClient:     FILE_BYTES_READ=105
11/05/02 02:20:40 INFO mapred.JobClient:     HDFS_BYTES_READ=4852620
11/05/02 02:20:40 INFO mapred.JobClient:     FILE_BYTES_WRITTEN=546
11/05/02 02:20:40 INFO mapred.JobClient:     HDFS_BYTES_WRITTEN=141
11/05/02 02:20:40 INFO mapred.JobClient:   Map-Reduce Framework
11/05/02 02:20:40 INFO mapred.JobClient:     Reduce input groups=1
11/05/02 02:20:40 INFO mapred.JobClient:     Combine output records=0
11/05/02 02:20:40 INFO mapred.JobClient:     Map input records=9
11/05/02 02:20:40 INFO mapred.JobClient:     Reduce shuffle bytes=153
11/05/02 02:20:40 INFO mapred.JobClient:     Reduce output records=9
11/05/02 02:20:40 INFO mapred.JobClient:     Spilled Records=18
11/05/02 02:20:40 INFO mapred.JobClient:     Map output bytes=81
11/05/02 02:20:40 INFO mapred.JobClient:     Combine input records=0
11/05/02 02:20:40 INFO mapred.JobClient:     Map output records=9
11/05/02 02:20:40 INFO mapred.JobClient:     Reduce input records=9
/opt/hadoop/bin/hadoop jar Im2Gray.jar  /virginia/uvagfx/lliu/out/msf-$i   1.57s user 0.22s system 1% cpu 2:08.94 total
