Inside add input path
11/04/30 11:36:42 WARN mapred.JobClient: Use GenericOptionsParser for parsing the arguments. Applications should implement Tool for the same.
starts to split
11/04/30 11:36:45 INFO input.FileInputFormat: Total input paths to process : 954
end of split
11/04/30 11:37:35 INFO mapred.JobClient: Running job: job_201104211619_2995
11/04/30 11:37:36 INFO mapred.JobClient:  map 0% reduce 0%
11/04/30 11:38:01 INFO mapred.JobClient:  map 6% reduce 0%
11/04/30 11:38:02 INFO mapred.JobClient:  map 22% reduce 0%
11/04/30 11:38:03 INFO mapred.JobClient:  map 34% reduce 0%
11/04/30 11:38:04 INFO mapred.JobClient:  map 45% reduce 0%
11/04/30 11:38:05 INFO mapred.JobClient:  map 55% reduce 0%
11/04/30 11:38:06 INFO mapred.JobClient:  map 62% reduce 0%
11/04/30 11:38:07 INFO mapred.JobClient:  map 71% reduce 0%
11/04/30 11:38:08 INFO mapred.JobClient:  map 84% reduce 0%
11/04/30 11:38:09 INFO mapred.JobClient:  map 92% reduce 0%
11/04/30 11:38:11 INFO mapred.JobClient:  map 97% reduce 0%
11/04/30 11:38:12 INFO mapred.JobClient:  map 98% reduce 0%
11/04/30 11:38:21 INFO mapred.JobClient:  map 98% reduce 2%
11/04/30 11:38:30 INFO mapred.JobClient:  map 99% reduce 32%
11/04/30 11:38:48 INFO mapred.JobClient: Job complete: job_201104211619_2995
11/04/30 11:38:48 INFO mapred.JobClient: Counters: 13
11/04/30 11:38:48 INFO mapred.JobClient:   Job Counters 
11/04/30 11:38:48 INFO mapred.JobClient:     Launched reduce tasks=2
11/04/30 11:38:48 INFO mapred.JobClient:     Rack-local map tasks=320
11/04/30 11:38:48 INFO mapred.JobClient:     Launched map tasks=963
11/04/30 11:38:48 INFO mapred.JobClient:     Data-local map tasks=643
11/04/30 11:38:48 INFO mapred.JobClient:     Failed map tasks=1
11/04/30 11:38:48 INFO mapred.JobClient:   FileSystemCounters
11/04/30 11:38:48 INFO mapred.JobClient:     HDFS_BYTES_READ=399977032
11/04/30 11:38:48 INFO mapred.JobClient:     FILE_BYTES_WRITTEN=46648
11/04/30 11:38:48 INFO mapred.JobClient:   Map-Reduce Framework
11/04/30 11:38:48 INFO mapred.JobClient:     Combine output records=0
11/04/30 11:38:48 INFO mapred.JobClient:     Map input records=952
11/04/30 11:38:48 INFO mapred.JobClient:     Spilled Records=952
11/04/30 11:38:48 INFO mapred.JobClient:     Map output bytes=8568
11/04/30 11:38:48 INFO mapred.JobClient:     Combine input records=0
11/04/30 11:38:48 INFO mapred.JobClient:     Map output records=952
/opt/hadoop/bin/hadoop jar Im2Gray.jar  /virginia/uvagfx/lliu/out/msf-$i   2.80s user 0.15s system 2% cpu 2:06.90 total
Inside add input path
11/05/01 20:06:06 WARN mapred.JobClient: Use GenericOptionsParser for parsing the arguments. Applications should implement Tool for the same.
starts to split
11/05/01 20:06:10 INFO input.FileInputFormat: Total input paths to process : 954
end of split
11/05/01 20:07:16 INFO mapred.JobClient: Running job: job_201104211619_3328
11/05/01 20:07:17 INFO mapred.JobClient:  map 0% reduce 0%
11/05/01 20:07:40 INFO mapred.JobClient:  map 1% reduce 0%
11/05/01 20:07:41 INFO mapred.JobClient:  map 7% reduce 0%
11/05/01 20:07:42 INFO mapred.JobClient:  map 8% reduce 0%
11/05/01 20:07:44 INFO mapred.JobClient:  map 54% reduce 0%
11/05/01 20:07:45 INFO mapred.JobClient:  map 72% reduce 0%
11/05/01 20:07:46 INFO mapred.JobClient:  map 81% reduce 0%
11/05/01 20:07:48 INFO mapred.JobClient:  map 84% reduce 0%
11/05/01 20:07:49 INFO mapred.JobClient:  map 86% reduce 0%
11/05/01 20:07:50 INFO mapred.JobClient:  map 92% reduce 0%
11/05/01 20:07:52 INFO mapred.JobClient:  map 95% reduce 0%
11/05/01 20:07:53 INFO mapred.JobClient:  map 99% reduce 0%
11/05/01 20:07:59 INFO mapred.JobClient:  map 99% reduce 2%
11/05/01 20:08:08 INFO mapred.JobClient:  map 99% reduce 30%
11/05/01 20:08:17 INFO mapred.JobClient:  map 99% reduce 33%
11/05/01 20:08:30 INFO mapred.JobClient: Job complete: job_201104211619_3328
11/05/01 20:08:30 INFO mapred.JobClient: Counters: 13
11/05/01 20:08:30 INFO mapred.JobClient:   Job Counters 
11/05/01 20:08:30 INFO mapred.JobClient:     Launched reduce tasks=2
11/05/01 20:08:30 INFO mapred.JobClient:     Rack-local map tasks=337
11/05/01 20:08:30 INFO mapred.JobClient:     Launched map tasks=963
11/05/01 20:08:30 INFO mapred.JobClient:     Data-local map tasks=626
11/05/01 20:08:30 INFO mapred.JobClient:     Failed map tasks=1
11/05/01 20:08:30 INFO mapred.JobClient:   FileSystemCounters
11/05/01 20:08:30 INFO mapred.JobClient:     HDFS_BYTES_READ=399977032
11/05/01 20:08:30 INFO mapred.JobClient:     FILE_BYTES_WRITTEN=46648
11/05/01 20:08:30 INFO mapred.JobClient:   Map-Reduce Framework
11/05/01 20:08:30 INFO mapred.JobClient:     Combine output records=0
11/05/01 20:08:30 INFO mapred.JobClient:     Map input records=952
11/05/01 20:08:30 INFO mapred.JobClient:     Spilled Records=952
11/05/01 20:08:30 INFO mapred.JobClient:     Map output bytes=8568
11/05/01 20:08:30 INFO mapred.JobClient:     Combine input records=0
11/05/01 20:08:30 INFO mapred.JobClient:     Map output records=952
/opt/hadoop/bin/hadoop jar Im2Gray.jar  /virginia/uvagfx/lliu/out/msf-$i   2.81s user 0.22s system 2% cpu 2:26.38 total
Inside add input path
11/05/01 22:48:08 WARN mapred.JobClient: Use GenericOptionsParser for parsing the arguments. Applications should implement Tool for the same.
starts to split
11/05/01 22:48:13 INFO input.FileInputFormat: Total input paths to process : 954
end of split
11/05/01 22:49:10 INFO mapred.JobClient: Running job: job_201104211619_3359
11/05/01 22:49:11 INFO mapred.JobClient:  map 0% reduce 0%
11/05/01 22:49:34 INFO mapred.JobClient:  map 8% reduce 0%
11/05/01 22:49:35 INFO mapred.JobClient:  map 21% reduce 0%
11/05/01 22:49:36 INFO mapred.JobClient:  map 31% reduce 0%
11/05/01 22:49:38 INFO mapred.JobClient:  map 44% reduce 0%
11/05/01 22:49:39 INFO mapred.JobClient:  map 71% reduce 0%
11/05/01 22:49:40 INFO mapred.JobClient:  map 78% reduce 0%
11/05/01 22:49:41 INFO mapred.JobClient:  map 81% reduce 0%
11/05/01 22:49:42 INFO mapred.JobClient:  map 86% reduce 0%
11/05/01 22:49:44 INFO mapred.JobClient:  map 98% reduce 4%
11/05/01 22:49:47 INFO mapred.JobClient:  map 99% reduce 4%
11/05/01 22:49:53 INFO mapred.JobClient:  map 99% reduce 32%
11/05/01 22:50:01 INFO mapred.JobClient:  map 99% reduce 33%
11/05/01 22:50:20 INFO mapred.JobClient: Job complete: job_201104211619_3359
11/05/01 22:50:20 INFO mapred.JobClient: Counters: 13
11/05/01 22:50:20 INFO mapred.JobClient:   Job Counters 
11/05/01 22:50:20 INFO mapred.JobClient:     Launched reduce tasks=2
11/05/01 22:50:20 INFO mapred.JobClient:     Rack-local map tasks=339
11/05/01 22:50:20 INFO mapred.JobClient:     Launched map tasks=960
11/05/01 22:50:20 INFO mapred.JobClient:     Data-local map tasks=621
11/05/01 22:50:20 INFO mapred.JobClient:     Failed map tasks=1
11/05/01 22:50:20 INFO mapred.JobClient:   FileSystemCounters
11/05/01 22:50:20 INFO mapred.JobClient:     HDFS_BYTES_READ=399936995
11/05/01 22:50:20 INFO mapred.JobClient:     FILE_BYTES_WRITTEN=46599
11/05/01 22:50:20 INFO mapred.JobClient:   Map-Reduce Framework
11/05/01 22:50:20 INFO mapred.JobClient:     Combine output records=0
11/05/01 22:50:20 INFO mapred.JobClient:     Map input records=951
11/05/01 22:50:20 INFO mapred.JobClient:     Spilled Records=951
11/05/01 22:50:20 INFO mapred.JobClient:     Map output bytes=8559
11/05/01 22:50:20 INFO mapred.JobClient:     Combine input records=0
11/05/01 22:50:20 INFO mapred.JobClient:     Map output records=951
/opt/hadoop/bin/hadoop jar Im2Gray.jar  /virginia/uvagfx/lliu/out/msf-$i   3.05s user 0.20s system 2% cpu 2:13.68 total
Inside add input path
11/05/02 00:41:38 WARN mapred.JobClient: Use GenericOptionsParser for parsing the arguments. Applications should implement Tool for the same.
starts to split
11/05/02 00:41:41 INFO input.FileInputFormat: Total input paths to process : 954
end of split
11/05/02 00:42:43 INFO mapred.JobClient: Running job: job_201104211619_3385
11/05/02 00:42:44 INFO mapred.JobClient:  map 0% reduce 0%
11/05/02 00:43:07 INFO mapred.JobClient:  map 5% reduce 0%
11/05/02 00:43:08 INFO mapred.JobClient:  map 19% reduce 0%
11/05/02 00:43:09 INFO mapred.JobClient:  map 30% reduce 0%
11/05/02 00:43:10 INFO mapred.JobClient:  map 36% reduce 0%
11/05/02 00:43:12 INFO mapred.JobClient:  map 52% reduce 0%
11/05/02 00:43:13 INFO mapred.JobClient:  map 60% reduce 0%
11/05/02 00:43:14 INFO mapred.JobClient:  map 74% reduce 0%
11/05/02 00:43:15 INFO mapred.JobClient:  map 83% reduce 0%
11/05/02 00:43:16 INFO mapred.JobClient:  map 93% reduce 0%
11/05/02 00:43:18 INFO mapred.JobClient:  map 98% reduce 0%
11/05/02 00:43:21 INFO mapred.JobClient:  map 99% reduce 0%
11/05/02 00:43:26 INFO mapred.JobClient:  map 99% reduce 3%
11/05/02 00:43:37 INFO mapred.JobClient:  map 99% reduce 33%
11/05/02 00:43:53 INFO mapred.JobClient: Job complete: job_201104211619_3385
11/05/02 00:43:53 INFO mapred.JobClient: Counters: 13
11/05/02 00:43:53 INFO mapred.JobClient:   Job Counters 
11/05/02 00:43:53 INFO mapred.JobClient:     Launched reduce tasks=2
11/05/02 00:43:53 INFO mapred.JobClient:     Rack-local map tasks=330
11/05/02 00:43:53 INFO mapred.JobClient:     Launched map tasks=962
11/05/02 00:43:53 INFO mapred.JobClient:     Data-local map tasks=632
11/05/02 00:43:53 INFO mapred.JobClient:     Failed map tasks=1
11/05/02 00:43:53 INFO mapred.JobClient:   FileSystemCounters
11/05/02 00:43:53 INFO mapred.JobClient:     HDFS_BYTES_READ=399977032
11/05/02 00:43:53 INFO mapred.JobClient:     FILE_BYTES_WRITTEN=46648
11/05/02 00:43:53 INFO mapred.JobClient:   Map-Reduce Framework
11/05/02 00:43:53 INFO mapred.JobClient:     Combine output records=0
11/05/02 00:43:53 INFO mapred.JobClient:     Map input records=952
11/05/02 00:43:53 INFO mapred.JobClient:     Spilled Records=952
11/05/02 00:43:53 INFO mapred.JobClient:     Map output bytes=8568
11/05/02 00:43:53 INFO mapred.JobClient:     Combine input records=0
11/05/02 00:43:53 INFO mapred.JobClient:     Map output records=952
/opt/hadoop/bin/hadoop jar Im2Gray.jar  /virginia/uvagfx/lliu/out/msf-$i   2.67s user 0.29s system 2% cpu 2:17.06 total
Inside add input path
11/05/02 02:27:15 WARN mapred.JobClient: Use GenericOptionsParser for parsing the arguments. Applications should implement Tool for the same.
starts to split
11/05/02 02:27:18 INFO input.FileInputFormat: Total input paths to process : 954
end of split
11/05/02 02:28:07 INFO mapred.JobClient: Running job: job_201104211619_3413
11/05/02 02:28:09 INFO mapred.JobClient:  map 0% reduce 0%
11/05/02 02:28:31 INFO mapred.JobClient:  map 7% reduce 0%
11/05/02 02:28:32 INFO mapred.JobClient:  map 19% reduce 0%
11/05/02 02:28:33 INFO mapred.JobClient:  map 28% reduce 0%
11/05/02 02:28:34 INFO mapred.JobClient:  map 42% reduce 0%
11/05/02 02:28:35 INFO mapred.JobClient:  map 49% reduce 0%
11/05/02 02:28:36 INFO mapred.JobClient:  map 56% reduce 0%
11/05/02 02:28:37 INFO mapred.JobClient:  map 66% reduce 0%
11/05/02 02:28:38 INFO mapred.JobClient:  map 71% reduce 0%
11/05/02 02:28:39 INFO mapred.JobClient:  map 81% reduce 0%
11/05/02 02:28:40 INFO mapred.JobClient:  map 86% reduce 0%
11/05/02 02:28:49 INFO mapred.JobClient:  map 86% reduce 22%
11/05/02 02:28:58 INFO mapred.JobClient:  map 86% reduce 28%
11/05/02 02:29:08 INFO mapred.JobClient:  map 87% reduce 28%
11/05/02 02:29:16 INFO mapred.JobClient:  map 87% reduce 29%
11/05/02 02:29:20 INFO mapred.JobClient:  map 88% reduce 29%
11/05/02 02:29:21 INFO mapred.JobClient:  map 90% reduce 29%
11/05/02 02:29:22 INFO mapred.JobClient:  map 91% reduce 29%
11/05/02 02:29:24 INFO mapred.JobClient:  map 92% reduce 29%
11/05/02 02:29:25 INFO mapred.JobClient:  map 93% reduce 29%
11/05/02 02:29:26 INFO mapred.JobClient:  map 95% reduce 29%
11/05/02 02:29:27 INFO mapred.JobClient:  map 96% reduce 29%
11/05/02 02:29:29 INFO mapred.JobClient:  map 98% reduce 29%
11/05/02 02:29:30 INFO mapred.JobClient:  map 99% reduce 29%
11/05/02 02:29:34 INFO mapred.JobClient:  map 99% reduce 31%
11/05/02 02:29:54 INFO mapred.JobClient: Job complete: job_201104211619_3413
11/05/02 02:29:54 INFO mapred.JobClient: Counters: 13
11/05/02 02:29:54 INFO mapred.JobClient:   Job Counters 
11/05/02 02:29:54 INFO mapred.JobClient:     Launched reduce tasks=2
11/05/02 02:29:54 INFO mapred.JobClient:     Rack-local map tasks=421
11/05/02 02:29:54 INFO mapred.JobClient:     Launched map tasks=1055
11/05/02 02:29:54 INFO mapred.JobClient:     Data-local map tasks=634
11/05/02 02:29:54 INFO mapred.JobClient:     Failed map tasks=1
11/05/02 02:29:54 INFO mapred.JobClient:   FileSystemCounters
11/05/02 02:29:54 INFO mapred.JobClient:     HDFS_BYTES_READ=399977032
11/05/02 02:29:54 INFO mapred.JobClient:     FILE_BYTES_WRITTEN=46648
11/05/02 02:29:54 INFO mapred.JobClient:   Map-Reduce Framework
11/05/02 02:29:54 INFO mapred.JobClient:     Combine output records=0
11/05/02 02:29:54 INFO mapred.JobClient:     Map input records=952
11/05/02 02:29:54 INFO mapred.JobClient:     Spilled Records=952
11/05/02 02:29:54 INFO mapred.JobClient:     Map output bytes=8568
11/05/02 02:29:54 INFO mapred.JobClient:     Combine input records=0
11/05/02 02:29:54 INFO mapred.JobClient:     Map output records=952
/opt/hadoop/bin/hadoop jar Im2Gray.jar  /virginia/uvagfx/lliu/out/msf-$i   2.99s user 0.26s system 2% cpu 2:40.69 total
