Inside add input path
11/04/30 11:34:14 WARN mapred.JobClient: Use GenericOptionsParser for parsing the arguments. Applications should implement Tool for the same.
starts to split
11/04/30 11:34:17 INFO input.FileInputFormat: Total input paths to process : 93
end of split
11/04/30 11:34:23 INFO mapred.JobClient: Running job: job_201104211619_2993
11/04/30 11:34:24 INFO mapred.JobClient:  map 0% reduce 0%
11/04/30 11:34:44 INFO mapred.JobClient:  map 26% reduce 0%
11/04/30 11:34:45 INFO mapred.JobClient:  map 82% reduce 0%
11/04/30 11:34:46 INFO mapred.JobClient:  map 87% reduce 0%
11/04/30 11:34:47 INFO mapred.JobClient:  map 98% reduce 0%
11/04/30 11:34:53 INFO mapred.JobClient:  map 98% reduce 2%
11/04/30 11:34:53 INFO mapred.JobClient: Task Id : attempt_201104211619_2993_m_000064_0, Status : FAILED
java.lang.Throwable: Child Error
	at org.apache.hadoop.mapred.TaskRunner.run(TaskRunner.java:471)
Caused by: java.io.IOException: Task process exit with nonzero status of 1.
	at org.apache.hadoop.mapred.TaskRunner.run(TaskRunner.java:458)

java.lang.Throwable: Child Error
	at org.apache.hadoop.mapred.TaskRunner.run(TaskRunner.java:471)
Caused by: java.io.IOException: Task process exit with nonzero status of 1.
	at org.apache.hadoop.mapred.TaskRunner.run(TaskRunner.java:458)

11/04/30 11:34:53 WARN mapred.JobClient: Error reading task outputvm-10-160-3-251
11/04/30 11:34:53 WARN mapred.JobClient: Error reading task outputvm-10-160-3-251
11/04/30 11:35:03 INFO mapred.JobClient:  map 98% reduce 32%
11/04/30 11:35:04 INFO mapred.JobClient:  map 100% reduce 32%
11/04/30 11:35:30 INFO mapred.JobClient:  map 100% reduce 100%
11/04/30 11:35:38 INFO mapred.JobClient: Job complete: job_201104211619_2993
11/04/30 11:35:38 INFO mapred.JobClient: Counters: 18
11/04/30 11:35:38 INFO mapred.JobClient:   Job Counters 
11/04/30 11:35:38 INFO mapred.JobClient:     Launched reduce tasks=1
11/04/30 11:35:38 INFO mapred.JobClient:     Rack-local map tasks=87
11/04/30 11:35:38 INFO mapred.JobClient:     Launched map tasks=94
11/04/30 11:35:38 INFO mapred.JobClient:     Data-local map tasks=7
11/04/30 11:35:38 INFO mapred.JobClient:   FileSystemCounters
11/04/30 11:35:38 INFO mapred.JobClient:     FILE_BYTES_READ=1029
11/04/30 11:35:38 INFO mapred.JobClient:     HDFS_BYTES_READ=50342967
11/04/30 11:35:38 INFO mapred.JobClient:     FILE_BYTES_WRITTEN=5586
11/04/30 11:35:38 INFO mapred.JobClient:     HDFS_BYTES_WRITTEN=1446
11/04/30 11:35:38 INFO mapred.JobClient:   Map-Reduce Framework
11/04/30 11:35:38 INFO mapred.JobClient:     Reduce input groups=1
11/04/30 11:35:38 INFO mapred.JobClient:     Combine output records=0
11/04/30 11:35:38 INFO mapred.JobClient:     Map input records=93
11/04/30 11:35:38 INFO mapred.JobClient:     Reduce shuffle bytes=1564
11/04/30 11:35:38 INFO mapred.JobClient:     Reduce output records=93
11/04/30 11:35:38 INFO mapred.JobClient:     Spilled Records=186
11/04/30 11:35:38 INFO mapred.JobClient:     Map output bytes=837
11/04/30 11:35:38 INFO mapred.JobClient:     Combine input records=0
11/04/30 11:35:38 INFO mapred.JobClient:     Map output records=93
11/04/30 11:35:38 INFO mapred.JobClient:     Reduce input records=93
/opt/hadoop/bin/hadoop jar Im2Gray.jar  /virginia/uvagfx/lliu/out/msf-$i   1.72s user 0.18s system 2% cpu 1:25.71 total
Inside add input path
11/05/01 19:53:11 WARN mapred.JobClient: Use GenericOptionsParser for parsing the arguments. Applications should implement Tool for the same.
starts to split
11/05/01 19:53:17 INFO input.FileInputFormat: Total input paths to process : 93
end of split
11/05/01 19:53:27 INFO mapred.JobClient: Running job: job_201104211619_3326
11/05/01 19:53:28 INFO mapred.JobClient:  map 0% reduce 0%
11/05/01 19:53:50 INFO mapred.JobClient:  map 12% reduce 0%
11/05/01 19:53:51 INFO mapred.JobClient:  map 26% reduce 0%
11/05/01 19:53:52 INFO mapred.JobClient:  map 46% reduce 0%
11/05/01 19:53:53 INFO mapred.JobClient:  map 82% reduce 0%
11/05/01 19:53:55 INFO mapred.JobClient:  map 91% reduce 0%
11/05/01 19:54:00 INFO mapred.JobClient:  map 94% reduce 0%
11/05/01 19:54:01 INFO mapred.JobClient:  map 95% reduce 0%
11/05/01 19:54:02 INFO mapred.JobClient:  map 96% reduce 0%
11/05/01 19:54:03 INFO mapred.JobClient:  map 97% reduce 0%
11/05/01 19:54:08 INFO mapred.JobClient:  map 97% reduce 8%
11/05/01 19:54:13 INFO mapred.JobClient:  map 98% reduce 8%
11/05/01 19:54:14 INFO mapred.JobClient:  map 100% reduce 8%
11/05/01 19:54:18 INFO mapred.JobClient:  map 100% reduce 32%
11/05/01 19:54:45 INFO mapred.JobClient:  map 100% reduce 100%
11/05/01 19:54:55 INFO mapred.JobClient: Job complete: job_201104211619_3326
11/05/01 19:54:55 INFO mapred.JobClient: Counters: 18
11/05/01 19:54:55 INFO mapred.JobClient:   Job Counters 
11/05/01 19:54:55 INFO mapred.JobClient:     Launched reduce tasks=1
11/05/01 19:54:55 INFO mapred.JobClient:     Rack-local map tasks=84
11/05/01 19:54:55 INFO mapred.JobClient:     Launched map tasks=93
11/05/01 19:54:55 INFO mapred.JobClient:     Data-local map tasks=9
11/05/01 19:54:55 INFO mapred.JobClient:   FileSystemCounters
11/05/01 19:54:55 INFO mapred.JobClient:     FILE_BYTES_READ=1029
11/05/01 19:54:55 INFO mapred.JobClient:     HDFS_BYTES_READ=50342967
11/05/01 19:54:55 INFO mapred.JobClient:     FILE_BYTES_WRITTEN=5586
11/05/01 19:54:55 INFO mapred.JobClient:     HDFS_BYTES_WRITTEN=1444
11/05/01 19:54:55 INFO mapred.JobClient:   Map-Reduce Framework
11/05/01 19:54:55 INFO mapred.JobClient:     Reduce input groups=1
11/05/01 19:54:55 INFO mapred.JobClient:     Combine output records=0
11/05/01 19:54:55 INFO mapred.JobClient:     Map input records=93
11/05/01 19:54:55 INFO mapred.JobClient:     Reduce shuffle bytes=1581
11/05/01 19:54:55 INFO mapred.JobClient:     Reduce output records=93
11/05/01 19:54:55 INFO mapred.JobClient:     Spilled Records=186
11/05/01 19:54:55 INFO mapred.JobClient:     Map output bytes=837
11/05/01 19:54:55 INFO mapred.JobClient:     Combine input records=0
11/05/01 19:54:55 INFO mapred.JobClient:     Map output records=93
11/05/01 19:54:55 INFO mapred.JobClient:     Reduce input records=93
/opt/hadoop/bin/hadoop jar Im2Gray.jar  /virginia/uvagfx/lliu/out/msf-$i   1.71s user 0.16s system 1% cpu 1:48.32 total
Inside add input path
11/05/01 22:39:42 WARN mapred.JobClient: Use GenericOptionsParser for parsing the arguments. Applications should implement Tool for the same.
starts to split
11/05/01 22:39:45 INFO input.FileInputFormat: Total input paths to process : 93
end of split
11/05/01 22:39:54 INFO mapred.JobClient: Running job: job_201104211619_3356
11/05/01 22:39:55 INFO mapred.JobClient:  map 0% reduce 0%
11/05/01 22:40:16 INFO mapred.JobClient:  map 98% reduce 0%
11/05/01 22:40:35 INFO mapred.JobClient:  map 98% reduce 32%
11/05/01 22:42:36 INFO mapred.JobClient:  map 100% reduce 32%
11/05/01 22:43:01 INFO mapred.JobClient:  map 100% reduce 100%
11/05/01 22:43:09 INFO mapred.JobClient: Job complete: job_201104211619_3356
11/05/01 22:43:09 INFO mapred.JobClient: Counters: 18
11/05/01 22:43:09 INFO mapred.JobClient:   Job Counters 
11/05/01 22:43:09 INFO mapred.JobClient:     Launched reduce tasks=1
11/05/01 22:43:09 INFO mapred.JobClient:     Rack-local map tasks=87
11/05/01 22:43:09 INFO mapred.JobClient:     Launched map tasks=94
11/05/01 22:43:09 INFO mapred.JobClient:     Data-local map tasks=7
11/05/01 22:43:09 INFO mapred.JobClient:   FileSystemCounters
11/05/01 22:43:09 INFO mapred.JobClient:     FILE_BYTES_READ=1029
11/05/01 22:43:09 INFO mapred.JobClient:     HDFS_BYTES_READ=50342967
11/05/01 22:43:09 INFO mapred.JobClient:     FILE_BYTES_WRITTEN=5586
11/05/01 22:43:09 INFO mapred.JobClient:     HDFS_BYTES_WRITTEN=1454
11/05/01 22:43:09 INFO mapred.JobClient:   Map-Reduce Framework
11/05/01 22:43:09 INFO mapred.JobClient:     Reduce input groups=1
11/05/01 22:43:09 INFO mapred.JobClient:     Combine output records=0
11/05/01 22:43:09 INFO mapred.JobClient:     Map input records=93
11/05/01 22:43:09 INFO mapred.JobClient:     Reduce shuffle bytes=1564
11/05/01 22:43:09 INFO mapred.JobClient:     Reduce output records=93
11/05/01 22:43:09 INFO mapred.JobClient:     Spilled Records=186
11/05/01 22:43:09 INFO mapred.JobClient:     Map output bytes=837
11/05/01 22:43:09 INFO mapred.JobClient:     Combine input records=0
11/05/01 22:43:09 INFO mapred.JobClient:     Map output records=93
11/05/01 22:43:09 INFO mapred.JobClient:     Reduce input records=93
/opt/hadoop/bin/hadoop jar Im2Gray.jar  /virginia/uvagfx/lliu/out/msf-$i   2.02s user 0.18s system 1% cpu 3:28.39 total
Inside add input path
11/05/02 00:34:50 WARN mapred.JobClient: Use GenericOptionsParser for parsing the arguments. Applications should implement Tool for the same.
starts to split
11/05/02 00:34:52 INFO input.FileInputFormat: Total input paths to process : 93
end of split
11/05/02 00:35:00 INFO mapred.JobClient: Running job: job_201104211619_3383
11/05/02 00:35:01 INFO mapred.JobClient:  map 0% reduce 0%
11/05/02 00:35:21 INFO mapred.JobClient:  map 23% reduce 0%
11/05/02 00:35:22 INFO mapred.JobClient:  map 62% reduce 0%
11/05/02 00:35:23 INFO mapred.JobClient:  map 89% reduce 0%
11/05/02 00:35:24 INFO mapred.JobClient:  map 95% reduce 0%
11/05/02 00:35:30 INFO mapred.JobClient:  map 96% reduce 12%
11/05/02 00:35:32 INFO mapred.JobClient:  map 97% reduce 12%
11/05/02 00:35:33 INFO mapred.JobClient:  map 98% reduce 12%
11/05/02 00:35:39 INFO mapred.JobClient:  map 98% reduce 32%
11/05/02 00:35:53 INFO mapred.JobClient:  map 100% reduce 32%
11/05/02 00:36:15 INFO mapred.JobClient:  map 100% reduce 100%
11/05/02 00:36:24 INFO mapred.JobClient: Job complete: job_201104211619_3383
11/05/02 00:36:24 INFO mapred.JobClient: Counters: 18
11/05/02 00:36:24 INFO mapred.JobClient:   Job Counters 
11/05/02 00:36:24 INFO mapred.JobClient:     Launched reduce tasks=1
11/05/02 00:36:24 INFO mapred.JobClient:     Rack-local map tasks=80
11/05/02 00:36:24 INFO mapred.JobClient:     Launched map tasks=93
11/05/02 00:36:24 INFO mapred.JobClient:     Data-local map tasks=13
11/05/02 00:36:24 INFO mapred.JobClient:   FileSystemCounters
11/05/02 00:36:24 INFO mapred.JobClient:     FILE_BYTES_READ=1029
11/05/02 00:36:24 INFO mapred.JobClient:     HDFS_BYTES_READ=50342967
11/05/02 00:36:24 INFO mapred.JobClient:     FILE_BYTES_WRITTEN=5586
11/05/02 00:36:24 INFO mapred.JobClient:     HDFS_BYTES_WRITTEN=1449
11/05/02 00:36:24 INFO mapred.JobClient:   Map-Reduce Framework
11/05/02 00:36:24 INFO mapred.JobClient:     Reduce input groups=1
11/05/02 00:36:24 INFO mapred.JobClient:     Combine output records=0
11/05/02 00:36:24 INFO mapred.JobClient:     Map input records=93
11/05/02 00:36:24 INFO mapred.JobClient:     Reduce shuffle bytes=1564
11/05/02 00:36:24 INFO mapred.JobClient:     Reduce output records=93
11/05/02 00:36:24 INFO mapred.JobClient:     Spilled Records=186
11/05/02 00:36:24 INFO mapred.JobClient:     Map output bytes=837
11/05/02 00:36:24 INFO mapred.JobClient:     Combine input records=0
11/05/02 00:36:24 INFO mapred.JobClient:     Map output records=93
11/05/02 00:36:24 INFO mapred.JobClient:     Reduce input records=93
/opt/hadoop/bin/hadoop jar Im2Gray.jar  /virginia/uvagfx/lliu/out/msf-$i   1.61s user 0.26s system 1% cpu 1:36.02 total
Inside add input path
11/05/02 02:22:02 WARN mapred.JobClient: Use GenericOptionsParser for parsing the arguments. Applications should implement Tool for the same.
starts to split
11/05/02 02:22:05 INFO input.FileInputFormat: Total input paths to process : 93
end of split
11/05/02 02:22:12 INFO mapred.JobClient: Running job: job_201104211619_3411
11/05/02 02:22:13 INFO mapred.JobClient:  map 0% reduce 0%
11/05/02 02:22:32 INFO mapred.JobClient:  map 2% reduce 0%
11/05/02 02:22:34 INFO mapred.JobClient:  map 24% reduce 0%
11/05/02 02:22:35 INFO mapred.JobClient:  map 33% reduce 0%
11/05/02 02:22:36 INFO mapred.JobClient:  map 36% reduce 0%
11/05/02 02:22:37 INFO mapred.JobClient:  map 46% reduce 0%
11/05/02 02:22:38 INFO mapred.JobClient:  map 69% reduce 0%
11/05/02 02:22:39 INFO mapred.JobClient:  map 100% reduce 0%
11/05/02 02:23:00 INFO mapred.JobClient:  map 100% reduce 100%
11/05/02 02:23:09 INFO mapred.JobClient: Job complete: job_201104211619_3411
11/05/02 02:23:09 INFO mapred.JobClient: Counters: 18
11/05/02 02:23:09 INFO mapred.JobClient:   Job Counters 
11/05/02 02:23:09 INFO mapred.JobClient:     Launched reduce tasks=1
11/05/02 02:23:09 INFO mapred.JobClient:     Rack-local map tasks=80
11/05/02 02:23:09 INFO mapred.JobClient:     Launched map tasks=93
11/05/02 02:23:09 INFO mapred.JobClient:     Data-local map tasks=13
11/05/02 02:23:09 INFO mapred.JobClient:   FileSystemCounters
11/05/02 02:23:09 INFO mapred.JobClient:     FILE_BYTES_READ=1029
11/05/02 02:23:09 INFO mapred.JobClient:     HDFS_BYTES_READ=50342967
11/05/02 02:23:09 INFO mapred.JobClient:     FILE_BYTES_WRITTEN=5586
11/05/02 02:23:09 INFO mapred.JobClient:     HDFS_BYTES_WRITTEN=1445
11/05/02 02:23:09 INFO mapred.JobClient:   Map-Reduce Framework
11/05/02 02:23:09 INFO mapred.JobClient:     Reduce input groups=1
11/05/02 02:23:09 INFO mapred.JobClient:     Combine output records=0
11/05/02 02:23:09 INFO mapred.JobClient:     Map input records=93
11/05/02 02:23:09 INFO mapred.JobClient:     Reduce shuffle bytes=1581
11/05/02 02:23:09 INFO mapred.JobClient:     Reduce output records=93
11/05/02 02:23:09 INFO mapred.JobClient:     Spilled Records=186
11/05/02 02:23:09 INFO mapred.JobClient:     Map output bytes=837
11/05/02 02:23:09 INFO mapred.JobClient:     Combine input records=0
11/05/02 02:23:09 INFO mapred.JobClient:     Map output records=93
11/05/02 02:23:09 INFO mapred.JobClient:     Reduce input records=93
/opt/hadoop/bin/hadoop jar Im2Gray.jar  /virginia/uvagfx/lliu/out/msf-$i   1.75s user 0.18s system 2% cpu 1:08.26 total
